2025-08-06 10:28:08,029 - root - INFO - ++++++++++++++++ Starting at 2025-08-06 10:28:08.029435 +++++++++++++++++
2025-08-06 10:28:08,029 - src.ProcessQaoa - INFO - Using p_level:: 1
2025-08-06 10:28:10,371 - src.ProcessQaoa - INFO - Using Real Hardware
2025-08-06 10:28:12,824 - qiskit.passmanager.base_tasks - INFO - Pass: ContainsInstruction - 0.17405 (ms)
2025-08-06 10:28:12,824 - qiskit.passmanager.base_tasks - INFO - Pass: UnitarySynthesis - 0.00310 (ms)
2025-08-06 10:28:12,920 - qiskit.passmanager.base_tasks - INFO - Pass: HighLevelSynthesis - 96.04621 (ms)
2025-08-06 10:28:12,921 - qiskit.passmanager.base_tasks - INFO - Pass: BasisTranslator - 0.09084 (ms)
2025-08-06 10:28:12,921 - qiskit.passmanager.base_tasks - INFO - Pass: ElidePermutations - 0.00381 (ms)
2025-08-06 10:28:12,921 - qiskit.passmanager.base_tasks - INFO - Pass: RemoveDiagonalGatesBeforeMeasure - 0.18573 (ms)
2025-08-06 10:28:12,921 - qiskit.passmanager.base_tasks - INFO - Pass: RemoveIdentityEquivalent - 0.00882 (ms)
2025-08-06 10:28:12,921 - qiskit.passmanager.base_tasks - INFO - Pass: InverseCancellation - 0.30470 (ms)
2025-08-06 10:28:12,921 - qiskit.passmanager.base_tasks - INFO - Pass: ContractIdleWiresInControlFlow - 0.00191 (ms)
2025-08-06 10:28:12,922 - qiskit.passmanager.base_tasks - INFO - Pass: CommutativeCancellation - 0.36502 (ms)
2025-08-06 10:28:12,922 - qiskit.passmanager.base_tasks - INFO - Pass: ConsolidateBlocks - 0.18406 (ms)
2025-08-06 10:28:12,922 - qiskit.passmanager.base_tasks - INFO - Pass: Split2QUnitaries - 0.14591 (ms)
2025-08-06 10:28:12,922 - qiskit.passmanager.base_tasks - INFO - Pass: SetLayout - 0.00215 (ms)
2025-08-06 10:28:12,927 - qiskit.passmanager.base_tasks - INFO - Pass: VF2Layout - 5.00417 (ms)
2025-08-06 10:28:12,927 - qiskit.passmanager.base_tasks - INFO - Pass: BarrierBeforeFinalMeasurements - 0.00381 (ms)
2025-08-06 10:28:13,368 - qiskit.passmanager.base_tasks - INFO - Pass: SabreLayout - 441.44893 (ms)
2025-08-06 10:28:13,369 - qiskit.passmanager.base_tasks - INFO - Pass: CheckMap - 0.04911 (ms)
2025-08-06 10:28:13,377 - qiskit.passmanager.base_tasks - INFO - Pass: VF2PostLayout - 8.79216 (ms)
2025-08-06 10:28:13,378 - qiskit.passmanager.base_tasks - INFO - Pass: FilterOpNodes - 0.82898 (ms)
2025-08-06 10:28:13,378 - qiskit.passmanager.base_tasks - INFO - Pass: UnitarySynthesis - 0.00381 (ms)
2025-08-06 10:28:13,379 - qiskit.passmanager.base_tasks - INFO - Pass: HighLevelSynthesis - 0.28586 (ms)
2025-08-06 10:28:13,446 - qiskit.passmanager.base_tasks - INFO - Pass: BasisTranslator - 67.02185 (ms)
2025-08-06 10:28:13,446 - qiskit.passmanager.base_tasks - INFO - Pass: CheckGateDirection - 0.00596 (ms)
2025-08-06 10:28:13,546 - qiskit.passmanager.base_tasks - INFO - Pass: GateDirection - 100.26407 (ms)
2025-08-06 10:28:14,786 - qiskit.passmanager.base_tasks - INFO - Pass: BasisTranslator - 1239.44569 (ms)
2025-08-06 10:28:14,792 - qiskit.passmanager.base_tasks - INFO - Pass: Depth - 4.90022 (ms)
2025-08-06 10:28:14,793 - qiskit.passmanager.base_tasks - INFO - Pass: Size - 0.00405 (ms)
2025-08-06 10:28:14,793 - qiskit.passmanager.base_tasks - INFO - Pass: MinimumPoint - 0.01121 (ms)
2025-08-06 10:28:14,822 - qiskit.passmanager.base_tasks - INFO - Pass: ConsolidateBlocks - 29.12807 (ms)
2025-08-06 10:28:15,037 - qiskit.passmanager.base_tasks - INFO - Pass: UnitarySynthesis - 214.83278 (ms)
2025-08-06 10:28:15,038 - qiskit.passmanager.base_tasks - INFO - Pass: RemoveIdentityEquivalent - 1.19233 (ms)
2025-08-06 10:28:15,513 - qiskit.passmanager.base_tasks - INFO - Pass: Optimize1qGatesDecomposition - 474.57409 (ms)
2025-08-06 10:28:15,689 - qiskit.passmanager.base_tasks - INFO - Pass: CommutativeCancellation - 176.55087 (ms)
2025-08-06 10:28:15,689 - qiskit.passmanager.base_tasks - INFO - Pass: ContractIdleWiresInControlFlow - 0.00310 (ms)
2025-08-06 10:28:15,692 - qiskit.passmanager.base_tasks - INFO - Pass: GatesInBasis - 2.56276 (ms)
2025-08-06 10:28:15,695 - qiskit.passmanager.base_tasks - INFO - Pass: Depth - 2.78401 (ms)
2025-08-06 10:28:15,695 - qiskit.passmanager.base_tasks - INFO - Pass: Size - 0.00310 (ms)
2025-08-06 10:28:16,166 - qiskit.passmanager.base_tasks - INFO - Pass: MinimumPoint - 471.44508 (ms)
2025-08-06 10:28:16,186 - qiskit.passmanager.base_tasks - INFO - Pass: ConsolidateBlocks - 20.02788 (ms)
2025-08-06 10:28:16,226 - qiskit.passmanager.base_tasks - INFO - Pass: UnitarySynthesis - 39.04200 (ms)
2025-08-06 10:28:16,227 - qiskit.passmanager.base_tasks - INFO - Pass: RemoveIdentityEquivalent - 0.96893 (ms)
2025-08-06 10:28:16,235 - qiskit.passmanager.base_tasks - INFO - Pass: Optimize1qGatesDecomposition - 7.27129 (ms)
2025-08-06 10:28:16,257 - qiskit.passmanager.base_tasks - INFO - Pass: CommutativeCancellation - 22.05801 (ms)
2025-08-06 10:28:16,257 - qiskit.passmanager.base_tasks - INFO - Pass: ContractIdleWiresInControlFlow - 0.00286 (ms)
2025-08-06 10:28:16,259 - qiskit.passmanager.base_tasks - INFO - Pass: GatesInBasis - 2.53296 (ms)
2025-08-06 10:28:16,262 - qiskit.passmanager.base_tasks - INFO - Pass: Depth - 2.43020 (ms)
2025-08-06 10:28:16,262 - qiskit.passmanager.base_tasks - INFO - Pass: Size - 0.00215 (ms)
2025-08-06 10:28:16,735 - qiskit.passmanager.base_tasks - INFO - Pass: MinimumPoint - 473.19388 (ms)
2025-08-06 10:28:16,755 - qiskit.passmanager.base_tasks - INFO - Pass: ConsolidateBlocks - 19.83500 (ms)
2025-08-06 10:28:16,787 - qiskit.passmanager.base_tasks - INFO - Pass: UnitarySynthesis - 32.10211 (ms)
2025-08-06 10:28:16,789 - qiskit.passmanager.base_tasks - INFO - Pass: RemoveIdentityEquivalent - 0.89598 (ms)
2025-08-06 10:28:16,796 - qiskit.passmanager.base_tasks - INFO - Pass: Optimize1qGatesDecomposition - 7.22909 (ms)
2025-08-06 10:28:16,809 - qiskit.passmanager.base_tasks - INFO - Pass: CommutativeCancellation - 12.95781 (ms)
2025-08-06 10:28:16,809 - qiskit.passmanager.base_tasks - INFO - Pass: ContractIdleWiresInControlFlow - 0.00167 (ms)
2025-08-06 10:28:16,812 - qiskit.passmanager.base_tasks - INFO - Pass: GatesInBasis - 2.51961 (ms)
2025-08-06 10:28:16,814 - qiskit.passmanager.base_tasks - INFO - Pass: Depth - 2.41017 (ms)
2025-08-06 10:28:16,814 - qiskit.passmanager.base_tasks - INFO - Pass: Size - 0.00095 (ms)
2025-08-06 10:28:17,241 - qiskit.passmanager.base_tasks - INFO - Pass: MinimumPoint - 426.44286 (ms)
2025-08-06 10:28:17,260 - qiskit.passmanager.base_tasks - INFO - Pass: ConsolidateBlocks - 19.62018 (ms)
2025-08-06 10:28:17,289 - qiskit.passmanager.base_tasks - INFO - Pass: UnitarySynthesis - 28.62787 (ms)
2025-08-06 10:28:17,291 - qiskit.passmanager.base_tasks - INFO - Pass: RemoveIdentityEquivalent - 0.95510 (ms)
2025-08-06 10:28:17,297 - qiskit.passmanager.base_tasks - INFO - Pass: Optimize1qGatesDecomposition - 6.43516 (ms)
2025-08-06 10:28:17,305 - qiskit.passmanager.base_tasks - INFO - Pass: CommutativeCancellation - 7.62582 (ms)
2025-08-06 10:28:17,305 - qiskit.passmanager.base_tasks - INFO - Pass: ContractIdleWiresInControlFlow - 0.00310 (ms)
2025-08-06 10:28:17,307 - qiskit.passmanager.base_tasks - INFO - Pass: GatesInBasis - 2.53296 (ms)
2025-08-06 10:28:17,310 - qiskit.passmanager.base_tasks - INFO - Pass: Depth - 2.35486 (ms)
2025-08-06 10:28:17,310 - qiskit.passmanager.base_tasks - INFO - Pass: Size - 0.00215 (ms)
2025-08-06 10:28:17,310 - qiskit.passmanager.base_tasks - INFO - Pass: MinimumPoint - 0.00405 (ms)
2025-08-06 10:28:17,328 - qiskit.passmanager.base_tasks - INFO - Pass: ConsolidateBlocks - 18.30292 (ms)
2025-08-06 10:28:17,358 - qiskit.passmanager.base_tasks - INFO - Pass: UnitarySynthesis - 29.47021 (ms)
2025-08-06 10:28:17,360 - qiskit.passmanager.base_tasks - INFO - Pass: RemoveIdentityEquivalent - 1.14775 (ms)
2025-08-06 10:28:17,366 - qiskit.passmanager.base_tasks - INFO - Pass: Optimize1qGatesDecomposition - 6.37269 (ms)
2025-08-06 10:28:17,374 - qiskit.passmanager.base_tasks - INFO - Pass: CommutativeCancellation - 7.40218 (ms)
2025-08-06 10:28:17,374 - qiskit.passmanager.base_tasks - INFO - Pass: ContractIdleWiresInControlFlow - 0.00191 (ms)
2025-08-06 10:28:17,376 - qiskit.passmanager.base_tasks - INFO - Pass: GatesInBasis - 2.51889 (ms)
2025-08-06 10:28:17,378 - qiskit.passmanager.base_tasks - INFO - Pass: Depth - 2.27880 (ms)
2025-08-06 10:28:17,378 - qiskit.passmanager.base_tasks - INFO - Pass: Size - 0.00119 (ms)
2025-08-06 10:28:17,379 - qiskit.passmanager.base_tasks - INFO - Pass: MinimumPoint - 0.00405 (ms)
2025-08-06 10:28:17,397 - qiskit.passmanager.base_tasks - INFO - Pass: ConsolidateBlocks - 18.30316 (ms)
2025-08-06 10:28:17,426 - qiskit.passmanager.base_tasks - INFO - Pass: UnitarySynthesis - 28.61595 (ms)
2025-08-06 10:28:17,427 - qiskit.passmanager.base_tasks - INFO - Pass: RemoveIdentityEquivalent - 0.97990 (ms)
2025-08-06 10:28:17,434 - qiskit.passmanager.base_tasks - INFO - Pass: Optimize1qGatesDecomposition - 6.33025 (ms)
2025-08-06 10:28:17,441 - qiskit.passmanager.base_tasks - INFO - Pass: CommutativeCancellation - 7.49421 (ms)
2025-08-06 10:28:17,441 - qiskit.passmanager.base_tasks - INFO - Pass: ContractIdleWiresInControlFlow - 0.00215 (ms)
2025-08-06 10:28:17,444 - qiskit.passmanager.base_tasks - INFO - Pass: GatesInBasis - 2.49815 (ms)
2025-08-06 10:28:17,446 - qiskit.passmanager.base_tasks - INFO - Pass: Depth - 2.30694 (ms)
2025-08-06 10:28:17,446 - qiskit.passmanager.base_tasks - INFO - Pass: Size - 0.00215 (ms)
2025-08-06 10:28:17,446 - qiskit.passmanager.base_tasks - INFO - Pass: MinimumPoint - 0.00405 (ms)
2025-08-06 10:28:17,465 - qiskit.passmanager.base_tasks - INFO - Pass: ConsolidateBlocks - 19.23299 (ms)
2025-08-06 10:28:17,499 - qiskit.passmanager.base_tasks - INFO - Pass: UnitarySynthesis - 33.82087 (ms)
2025-08-06 10:28:17,501 - qiskit.passmanager.base_tasks - INFO - Pass: RemoveIdentityEquivalent - 1.20711 (ms)
2025-08-06 10:28:17,509 - qiskit.passmanager.base_tasks - INFO - Pass: Optimize1qGatesDecomposition - 7.65109 (ms)
2025-08-06 10:28:17,519 - qiskit.passmanager.base_tasks - INFO - Pass: CommutativeCancellation - 9.69386 (ms)
2025-08-06 10:28:17,519 - qiskit.passmanager.base_tasks - INFO - Pass: ContractIdleWiresInControlFlow - 0.00477 (ms)
2025-08-06 10:28:17,522 - qiskit.passmanager.base_tasks - INFO - Pass: GatesInBasis - 2.57301 (ms)
2025-08-06 10:28:17,524 - qiskit.passmanager.base_tasks - INFO - Pass: Depth - 2.56896 (ms)
2025-08-06 10:28:17,524 - qiskit.passmanager.base_tasks - INFO - Pass: Size - 0.00215 (ms)
2025-08-06 10:28:17,524 - qiskit.passmanager.base_tasks - INFO - Pass: MinimumPoint - 0.00620 (ms)
2025-08-06 10:28:17,526 - qiskit.passmanager.base_tasks - INFO - Pass: ContainsInstruction - 0.00906 (ms)
2025-08-06 10:28:17,529 - qiskit.passmanager.base_tasks - INFO - Pass: InstructionDurationCheck - 3.09491 (ms)
