2025-08-07 21:12:53,955 - root - INFO - ++++++++++++++++ Starting at 2025-08-07 21:12:53.955594 +++++++++++++++++
2025-08-07 21:12:53,955 - src.ProcessQaoa - INFO - Using p_level:: 1
2025-08-07 21:12:57,015 - src.ProcessQaoa - INFO - Using Real Hardware
2025-08-07 21:12:59,353 - qiskit.passmanager.base_tasks - INFO - Pass: ContainsInstruction - 0.87190 (ms)
2025-08-07 21:12:59,354 - qiskit.passmanager.base_tasks - INFO - Pass: UnitarySynthesis - 0.01097 (ms)
2025-08-07 21:12:59,362 - qiskit.passmanager.base_tasks - INFO - Pass: HighLevelSynthesis - 8.50511 (ms)
2025-08-07 21:12:59,362 - qiskit.passmanager.base_tasks - INFO - Pass: BasisTranslator - 0.02193 (ms)
2025-08-07 21:12:59,362 - qiskit.passmanager.base_tasks - INFO - Pass: ElidePermutations - 0.00691 (ms)
2025-08-07 21:12:59,363 - qiskit.passmanager.base_tasks - INFO - Pass: RemoveDiagonalGatesBeforeMeasure - 0.76795 (ms)
2025-08-07 21:12:59,363 - qiskit.passmanager.base_tasks - INFO - Pass: RemoveIdentityEquivalent - 0.00310 (ms)
2025-08-07 21:12:59,365 - qiskit.passmanager.base_tasks - INFO - Pass: InverseCancellation - 1.32680 (ms)
2025-08-07 21:12:59,365 - qiskit.passmanager.base_tasks - INFO - Pass: ContractIdleWiresInControlFlow - 0.00191 (ms)
2025-08-07 21:12:59,365 - qiskit.passmanager.base_tasks - INFO - Pass: CommutativeCancellation - 0.08392 (ms)
2025-08-07 21:12:59,365 - qiskit.passmanager.base_tasks - INFO - Pass: ConsolidateBlocks - 0.03099 (ms)
2025-08-07 21:12:59,365 - qiskit.passmanager.base_tasks - INFO - Pass: Split2QUnitaries - 0.60606 (ms)
2025-08-07 21:12:59,365 - qiskit.passmanager.base_tasks - INFO - Pass: SetLayout - 0.00596 (ms)
2025-08-07 21:12:59,373 - qiskit.passmanager.base_tasks - INFO - Pass: VF2Layout - 7.16329 (ms)
2025-08-07 21:12:59,373 - qiskit.passmanager.base_tasks - INFO - Pass: BarrierBeforeFinalMeasurements - 0.00477 (ms)
2025-08-07 21:12:59,387 - qiskit.passmanager.base_tasks - INFO - Pass: SabreLayout - 13.86809 (ms)
2025-08-07 21:12:59,387 - qiskit.passmanager.base_tasks - INFO - Pass: CheckMap - 0.05603 (ms)
2025-08-07 21:12:59,392 - qiskit.passmanager.base_tasks - INFO - Pass: VF2PostLayout - 4.89187 (ms)
2025-08-07 21:12:59,393 - qiskit.passmanager.base_tasks - INFO - Pass: ApplyLayout - 0.82207 (ms)
2025-08-07 21:12:59,393 - qiskit.passmanager.base_tasks - INFO - Pass: FilterOpNodes - 0.07820 (ms)
2025-08-07 21:12:59,393 - qiskit.passmanager.base_tasks - INFO - Pass: UnitarySynthesis - 0.00596 (ms)
2025-08-07 21:12:59,393 - qiskit.passmanager.base_tasks - INFO - Pass: HighLevelSynthesis - 0.07296 (ms)
2025-08-07 21:12:59,398 - qiskit.passmanager.base_tasks - INFO - Pass: BasisTranslator - 4.62842 (ms)
2025-08-07 21:12:59,398 - qiskit.passmanager.base_tasks - INFO - Pass: CheckGateDirection - 0.01287 (ms)
2025-08-07 21:12:59,398 - qiskit.passmanager.base_tasks - INFO - Pass: GateDirection - 0.35095 (ms)
2025-08-07 21:12:59,399 - qiskit.passmanager.base_tasks - INFO - Pass: BasisTranslator - 0.99468 (ms)
2025-08-07 21:12:59,400 - qiskit.passmanager.base_tasks - INFO - Pass: Depth - 0.97299 (ms)
2025-08-07 21:12:59,400 - qiskit.passmanager.base_tasks - INFO - Pass: Size - 0.00215 (ms)
2025-08-07 21:12:59,400 - qiskit.passmanager.base_tasks - INFO - Pass: MinimumPoint - 0.01502 (ms)
2025-08-07 21:12:59,402 - qiskit.passmanager.base_tasks - INFO - Pass: ConsolidateBlocks - 1.54614 (ms)
2025-08-07 21:12:59,405 - qiskit.passmanager.base_tasks - INFO - Pass: UnitarySynthesis - 3.20411 (ms)
2025-08-07 21:12:59,405 - qiskit.passmanager.base_tasks - INFO - Pass: RemoveIdentityEquivalent - 0.01192 (ms)
2025-08-07 21:12:59,405 - qiskit.passmanager.base_tasks - INFO - Pass: Optimize1qGatesDecomposition - 0.17905 (ms)
2025-08-07 21:12:59,406 - qiskit.passmanager.base_tasks - INFO - Pass: CommutativeCancellation - 0.19979 (ms)
2025-08-07 21:12:59,406 - qiskit.passmanager.base_tasks - INFO - Pass: ContractIdleWiresInControlFlow - 0.00119 (ms)
2025-08-07 21:12:59,406 - qiskit.passmanager.base_tasks - INFO - Pass: GatesInBasis - 0.02193 (ms)
2025-08-07 21:12:59,406 - qiskit.passmanager.base_tasks - INFO - Pass: Depth - 0.02503 (ms)
2025-08-07 21:12:59,406 - qiskit.passmanager.base_tasks - INFO - Pass: Size - 0.00215 (ms)
2025-08-07 21:12:59,479 - qiskit.passmanager.base_tasks - INFO - Pass: MinimumPoint - 72.69216 (ms)
2025-08-07 21:12:59,479 - qiskit.passmanager.base_tasks - INFO - Pass: ConsolidateBlocks - 0.22316 (ms)
2025-08-07 21:12:59,479 - qiskit.passmanager.base_tasks - INFO - Pass: UnitarySynthesis - 0.00620 (ms)
2025-08-07 21:12:59,479 - qiskit.passmanager.base_tasks - INFO - Pass: RemoveIdentityEquivalent - 0.01001 (ms)
2025-08-07 21:12:59,479 - qiskit.passmanager.base_tasks - INFO - Pass: Optimize1qGatesDecomposition - 0.06914 (ms)
2025-08-07 21:12:59,479 - qiskit.passmanager.base_tasks - INFO - Pass: CommutativeCancellation - 0.10324 (ms)
2025-08-07 21:12:59,479 - qiskit.passmanager.base_tasks - INFO - Pass: ContractIdleWiresInControlFlow - 0.00095 (ms)
2025-08-07 21:12:59,479 - qiskit.passmanager.base_tasks - INFO - Pass: GatesInBasis - 0.02193 (ms)
2025-08-07 21:12:59,479 - qiskit.passmanager.base_tasks - INFO - Pass: Depth - 0.02289 (ms)
2025-08-07 21:12:59,479 - qiskit.passmanager.base_tasks - INFO - Pass: Size - 0.00167 (ms)
2025-08-07 21:12:59,479 - qiskit.passmanager.base_tasks - INFO - Pass: MinimumPoint - 0.00405 (ms)
2025-08-07 21:12:59,479 - qiskit.passmanager.base_tasks - INFO - Pass: ContainsInstruction - 0.00405 (ms)
2025-08-07 21:12:59,479 - qiskit.passmanager.base_tasks - INFO - Pass: InstructionDurationCheck - 0.02885 (ms)
