2025-07-25 10:40:01,837 - root - INFO - ++++++++++++++++ Starting at 2025-07-25 10:40:01.837035 +++++++++++++++++
2025-07-25 10:40:01,837 - src.ProcessQaoa - INFO - Using p_level:: 1
2025-07-25 10:40:04,035 - src.ProcessQaoa - INFO - Using Real Hardware
2025-07-25 10:40:05,045 - qiskit.passmanager.base_tasks - INFO - Pass: ContainsInstruction - 0.17810 (ms)
2025-07-25 10:40:05,045 - qiskit.passmanager.base_tasks - INFO - Pass: UnitarySynthesis - 0.00429 (ms)
2025-07-25 10:40:05,097 - qiskit.passmanager.base_tasks - INFO - Pass: HighLevelSynthesis - 51.99313 (ms)
2025-07-25 10:40:05,097 - qiskit.passmanager.base_tasks - INFO - Pass: BasisTranslator - 0.02193 (ms)
2025-07-25 10:40:05,097 - qiskit.passmanager.base_tasks - INFO - Pass: ElidePermutations - 0.00501 (ms)
2025-07-25 10:40:05,098 - qiskit.passmanager.base_tasks - INFO - Pass: RemoveDiagonalGatesBeforeMeasure - 0.23293 (ms)
2025-07-25 10:40:05,098 - qiskit.passmanager.base_tasks - INFO - Pass: RemoveIdentityEquivalent - 0.00501 (ms)
2025-07-25 10:40:05,099 - qiskit.passmanager.base_tasks - INFO - Pass: InverseCancellation - 0.93389 (ms)
2025-07-25 10:40:05,099 - qiskit.passmanager.base_tasks - INFO - Pass: ContractIdleWiresInControlFlow - 0.00095 (ms)
2025-07-25 10:40:05,099 - qiskit.passmanager.base_tasks - INFO - Pass: CommutativeCancellation - 0.05698 (ms)
2025-07-25 10:40:05,099 - qiskit.passmanager.base_tasks - INFO - Pass: ConsolidateBlocks - 0.04411 (ms)
2025-07-25 10:40:05,099 - qiskit.passmanager.base_tasks - INFO - Pass: Split2QUnitaries - 0.17786 (ms)
2025-07-25 10:40:05,099 - qiskit.passmanager.base_tasks - INFO - Pass: SetLayout - 0.00310 (ms)
2025-07-25 10:40:05,102 - qiskit.passmanager.base_tasks - INFO - Pass: VF2Layout - 2.45786 (ms)
2025-07-25 10:40:05,102 - qiskit.passmanager.base_tasks - INFO - Pass: BarrierBeforeFinalMeasurements - 0.00596 (ms)
2025-07-25 10:40:05,121 - qiskit.passmanager.base_tasks - INFO - Pass: SabreLayout - 19.85908 (ms)
2025-07-25 10:40:05,122 - qiskit.passmanager.base_tasks - INFO - Pass: CheckMap - 0.04101 (ms)
2025-07-25 10:40:05,125 - qiskit.passmanager.base_tasks - INFO - Pass: VF2PostLayout - 3.33190 (ms)
2025-07-25 10:40:05,126 - qiskit.passmanager.base_tasks - INFO - Pass: ApplyLayout - 0.63419 (ms)
2025-07-25 10:40:05,126 - qiskit.passmanager.base_tasks - INFO - Pass: FilterOpNodes - 0.26083 (ms)
2025-07-25 10:40:05,126 - qiskit.passmanager.base_tasks - INFO - Pass: UnitarySynthesis - 0.00477 (ms)
2025-07-25 10:40:05,126 - qiskit.passmanager.base_tasks - INFO - Pass: HighLevelSynthesis - 0.02289 (ms)
2025-07-25 10:40:05,127 - qiskit.passmanager.base_tasks - INFO - Pass: BasisTranslator - 1.40285 (ms)
2025-07-25 10:40:05,127 - qiskit.passmanager.base_tasks - INFO - Pass: CheckGateDirection - 0.00501 (ms)
2025-07-25 10:40:05,129 - qiskit.passmanager.base_tasks - INFO - Pass: GateDirection - 1.53494 (ms)
2025-07-25 10:40:05,133 - qiskit.passmanager.base_tasks - INFO - Pass: BasisTranslator - 4.30083 (ms)
2025-07-25 10:40:05,134 - qiskit.passmanager.base_tasks - INFO - Pass: Depth - 0.35787 (ms)
2025-07-25 10:40:05,134 - qiskit.passmanager.base_tasks - INFO - Pass: Size - 0.00167 (ms)
2025-07-25 10:40:05,134 - qiskit.passmanager.base_tasks - INFO - Pass: MinimumPoint - 0.00501 (ms)
2025-07-25 10:40:05,136 - qiskit.passmanager.base_tasks - INFO - Pass: ConsolidateBlocks - 1.70588 (ms)
2025-07-25 10:40:05,139 - qiskit.passmanager.base_tasks - INFO - Pass: UnitarySynthesis - 3.15499 (ms)
2025-07-25 10:40:05,139 - qiskit.passmanager.base_tasks - INFO - Pass: RemoveIdentityEquivalent - 0.04292 (ms)
2025-07-25 10:40:05,140 - qiskit.passmanager.base_tasks - INFO - Pass: Optimize1qGatesDecomposition - 1.35899 (ms)
2025-07-25 10:40:05,141 - qiskit.passmanager.base_tasks - INFO - Pass: CommutativeCancellation - 0.87380 (ms)
2025-07-25 10:40:05,141 - qiskit.passmanager.base_tasks - INFO - Pass: ContractIdleWiresInControlFlow - 0.00167 (ms)
2025-07-25 10:40:05,141 - qiskit.passmanager.base_tasks - INFO - Pass: GatesInBasis - 0.10085 (ms)
2025-07-25 10:40:05,141 - qiskit.passmanager.base_tasks - INFO - Pass: Depth - 0.09418 (ms)
2025-07-25 10:40:05,141 - qiskit.passmanager.base_tasks - INFO - Pass: Size - 0.00095 (ms)
2025-07-25 10:40:05,157 - qiskit.passmanager.base_tasks - INFO - Pass: MinimumPoint - 15.82789 (ms)
2025-07-25 10:40:05,158 - qiskit.passmanager.base_tasks - INFO - Pass: ConsolidateBlocks - 0.76890 (ms)
2025-07-25 10:40:05,159 - qiskit.passmanager.base_tasks - INFO - Pass: UnitarySynthesis - 0.66185 (ms)
2025-07-25 10:40:05,159 - qiskit.passmanager.base_tasks - INFO - Pass: RemoveIdentityEquivalent - 0.03314 (ms)
2025-07-25 10:40:05,159 - qiskit.passmanager.base_tasks - INFO - Pass: Optimize1qGatesDecomposition - 0.23890 (ms)
2025-07-25 10:40:05,159 - qiskit.passmanager.base_tasks - INFO - Pass: CommutativeCancellation - 0.36502 (ms)
2025-07-25 10:40:05,159 - qiskit.passmanager.base_tasks - INFO - Pass: ContractIdleWiresInControlFlow - 0.00000 (ms)
2025-07-25 10:40:05,160 - qiskit.passmanager.base_tasks - INFO - Pass: GatesInBasis - 0.10276 (ms)
2025-07-25 10:40:05,160 - qiskit.passmanager.base_tasks - INFO - Pass: Depth - 0.08392 (ms)
2025-07-25 10:40:05,160 - qiskit.passmanager.base_tasks - INFO - Pass: Size - 0.00095 (ms)
2025-07-25 10:40:05,175 - qiskit.passmanager.base_tasks - INFO - Pass: MinimumPoint - 15.04707 (ms)
2025-07-25 10:40:05,175 - qiskit.passmanager.base_tasks - INFO - Pass: ConsolidateBlocks - 0.72026 (ms)
2025-07-25 10:40:05,176 - qiskit.passmanager.base_tasks - INFO - Pass: UnitarySynthesis - 0.51498 (ms)
2025-07-25 10:40:05,176 - qiskit.passmanager.base_tasks - INFO - Pass: RemoveIdentityEquivalent - 0.03290 (ms)
2025-07-25 10:40:05,176 - qiskit.passmanager.base_tasks - INFO - Pass: Optimize1qGatesDecomposition - 0.22888 (ms)
2025-07-25 10:40:05,177 - qiskit.passmanager.base_tasks - INFO - Pass: CommutativeCancellation - 0.48470 (ms)
2025-07-25 10:40:05,177 - qiskit.passmanager.base_tasks - INFO - Pass: ContractIdleWiresInControlFlow - 0.00000 (ms)
2025-07-25 10:40:05,177 - qiskit.passmanager.base_tasks - INFO - Pass: GatesInBasis - 0.09799 (ms)
2025-07-25 10:40:05,177 - qiskit.passmanager.base_tasks - INFO - Pass: Depth - 0.08011 (ms)
2025-07-25 10:40:05,177 - qiskit.passmanager.base_tasks - INFO - Pass: Size - 0.00095 (ms)
2025-07-25 10:40:05,192 - qiskit.passmanager.base_tasks - INFO - Pass: MinimumPoint - 15.14006 (ms)
2025-07-25 10:40:05,193 - qiskit.passmanager.base_tasks - INFO - Pass: ConsolidateBlocks - 0.76175 (ms)
2025-07-25 10:40:05,193 - qiskit.passmanager.base_tasks - INFO - Pass: UnitarySynthesis - 0.48900 (ms)
2025-07-25 10:40:05,194 - qiskit.passmanager.base_tasks - INFO - Pass: RemoveIdentityEquivalent - 0.03195 (ms)
2025-07-25 10:40:05,194 - qiskit.passmanager.base_tasks - INFO - Pass: Optimize1qGatesDecomposition - 0.22674 (ms)
2025-07-25 10:40:05,194 - qiskit.passmanager.base_tasks - INFO - Pass: CommutativeCancellation - 0.27013 (ms)
2025-07-25 10:40:05,194 - qiskit.passmanager.base_tasks - INFO - Pass: ContractIdleWiresInControlFlow - 0.00095 (ms)
2025-07-25 10:40:05,194 - qiskit.passmanager.base_tasks - INFO - Pass: GatesInBasis - 0.10180 (ms)
2025-07-25 10:40:05,194 - qiskit.passmanager.base_tasks - INFO - Pass: Depth - 0.07892 (ms)
2025-07-25 10:40:05,194 - qiskit.passmanager.base_tasks - INFO - Pass: Size - 0.00000 (ms)
2025-07-25 10:40:05,194 - qiskit.passmanager.base_tasks - INFO - Pass: MinimumPoint - 0.00215 (ms)
2025-07-25 10:40:05,195 - qiskit.passmanager.base_tasks - INFO - Pass: ConsolidateBlocks - 0.70000 (ms)
2025-07-25 10:40:05,196 - qiskit.passmanager.base_tasks - INFO - Pass: UnitarySynthesis - 0.45800 (ms)
2025-07-25 10:40:05,196 - qiskit.passmanager.base_tasks - INFO - Pass: RemoveIdentityEquivalent - 0.03099 (ms)
2025-07-25 10:40:05,196 - qiskit.passmanager.base_tasks - INFO - Pass: Optimize1qGatesDecomposition - 0.22507 (ms)
2025-07-25 10:40:05,196 - qiskit.passmanager.base_tasks - INFO - Pass: CommutativeCancellation - 0.24295 (ms)
2025-07-25 10:40:05,196 - qiskit.passmanager.base_tasks - INFO - Pass: ContractIdleWiresInControlFlow - 0.00095 (ms)
2025-07-25 10:40:05,196 - qiskit.passmanager.base_tasks - INFO - Pass: GatesInBasis - 0.09823 (ms)
2025-07-25 10:40:05,196 - qiskit.passmanager.base_tasks - INFO - Pass: Depth - 0.08035 (ms)
2025-07-25 10:40:05,196 - qiskit.passmanager.base_tasks - INFO - Pass: Size - 0.00000 (ms)
2025-07-25 10:40:05,196 - qiskit.passmanager.base_tasks - INFO - Pass: MinimumPoint - 0.00072 (ms)
2025-07-25 10:40:05,197 - qiskit.passmanager.base_tasks - INFO - Pass: ConsolidateBlocks - 0.69714 (ms)
2025-07-25 10:40:05,198 - qiskit.passmanager.base_tasks - INFO - Pass: UnitarySynthesis - 0.45609 (ms)
2025-07-25 10:40:05,198 - qiskit.passmanager.base_tasks - INFO - Pass: RemoveIdentityEquivalent - 0.03314 (ms)
2025-07-25 10:40:05,198 - qiskit.passmanager.base_tasks - INFO - Pass: Optimize1qGatesDecomposition - 0.24700 (ms)
2025-07-25 10:40:05,198 - qiskit.passmanager.base_tasks - INFO - Pass: CommutativeCancellation - 0.26989 (ms)
2025-07-25 10:40:05,198 - qiskit.passmanager.base_tasks - INFO - Pass: ContractIdleWiresInControlFlow - 0.00000 (ms)
2025-07-25 10:40:05,198 - qiskit.passmanager.base_tasks - INFO - Pass: GatesInBasis - 0.10490 (ms)
2025-07-25 10:40:05,198 - qiskit.passmanager.base_tasks - INFO - Pass: Depth - 0.08583 (ms)
2025-07-25 10:40:05,198 - qiskit.passmanager.base_tasks - INFO - Pass: Size - 0.00119 (ms)
2025-07-25 10:40:05,198 - qiskit.passmanager.base_tasks - INFO - Pass: MinimumPoint - 0.00215 (ms)
2025-07-25 10:40:05,199 - qiskit.passmanager.base_tasks - INFO - Pass: ConsolidateBlocks - 0.75388 (ms)
2025-07-25 10:40:05,200 - qiskit.passmanager.base_tasks - INFO - Pass: UnitarySynthesis - 0.48113 (ms)
2025-07-25 10:40:05,200 - qiskit.passmanager.base_tasks - INFO - Pass: RemoveIdentityEquivalent - 0.03314 (ms)
2025-07-25 10:40:05,200 - qiskit.passmanager.base_tasks - INFO - Pass: Optimize1qGatesDecomposition - 0.24080 (ms)
2025-07-25 10:40:05,200 - qiskit.passmanager.base_tasks - INFO - Pass: CommutativeCancellation - 0.26202 (ms)
2025-07-25 10:40:05,200 - qiskit.passmanager.base_tasks - INFO - Pass: ContractIdleWiresInControlFlow - 0.00095 (ms)
2025-07-25 10:40:05,200 - qiskit.passmanager.base_tasks - INFO - Pass: GatesInBasis - 0.10896 (ms)
2025-07-25 10:40:05,201 - qiskit.passmanager.base_tasks - INFO - Pass: Depth - 0.08488 (ms)
2025-07-25 10:40:05,201 - qiskit.passmanager.base_tasks - INFO - Pass: Size - 0.00095 (ms)
2025-07-25 10:40:05,201 - qiskit.passmanager.base_tasks - INFO - Pass: MinimumPoint - 0.00310 (ms)
2025-07-25 10:40:05,201 - qiskit.passmanager.base_tasks - INFO - Pass: ContainsInstruction - 0.00310 (ms)
2025-07-25 10:40:05,201 - qiskit.passmanager.base_tasks - INFO - Pass: InstructionDurationCheck - 0.11897 (ms)
