2025-08-04 21:09:50,359 - root - INFO - ++++++++++++++++ Starting at 2025-08-04 21:09:50.359508 +++++++++++++++++
2025-08-04 21:09:50,359 - src.ProcessQaoa - INFO - Using p_level:: 1
2025-08-04 21:09:51,946 - src.ProcessQaoa - INFO - Using Simulator
2025-08-04 21:09:53,915 - qiskit.passmanager.base_tasks - INFO - Pass: ContainsInstruction - 0.15903 (ms)
2025-08-04 21:09:53,915 - qiskit.passmanager.base_tasks - INFO - Pass: UnitarySynthesis - 0.00310 (ms)
2025-08-04 21:09:53,939 - qiskit.passmanager.base_tasks - INFO - Pass: HighLevelSynthesis - 23.76413 (ms)
2025-08-04 21:09:53,939 - qiskit.passmanager.base_tasks - INFO - Pass: BasisTranslator - 0.04101 (ms)
2025-08-04 21:09:53,939 - qiskit.passmanager.base_tasks - INFO - Pass: ElidePermutations - 0.00310 (ms)
2025-08-04 21:09:53,939 - qiskit.passmanager.base_tasks - INFO - Pass: RemoveDiagonalGatesBeforeMeasure - 0.21386 (ms)
2025-08-04 21:09:53,939 - qiskit.passmanager.base_tasks - INFO - Pass: RemoveIdentityEquivalent - 0.00477 (ms)
2025-08-04 21:09:53,940 - qiskit.passmanager.base_tasks - INFO - Pass: InverseCancellation - 0.27227 (ms)
2025-08-04 21:09:53,940 - qiskit.passmanager.base_tasks - INFO - Pass: ContractIdleWiresInControlFlow - 0.00095 (ms)
2025-08-04 21:09:53,940 - qiskit.passmanager.base_tasks - INFO - Pass: CommutativeCancellation - 0.16284 (ms)
2025-08-04 21:09:53,940 - qiskit.passmanager.base_tasks - INFO - Pass: ConsolidateBlocks - 0.08297 (ms)
2025-08-04 21:09:53,940 - qiskit.passmanager.base_tasks - INFO - Pass: Split2QUnitaries - 0.20576 (ms)
2025-08-04 21:09:53,940 - qiskit.passmanager.base_tasks - INFO - Pass: SetLayout - 0.00191 (ms)
2025-08-04 21:09:53,943 - qiskit.passmanager.base_tasks - INFO - Pass: VF2Layout - 2.40588 (ms)
2025-08-04 21:09:53,943 - qiskit.passmanager.base_tasks - INFO - Pass: BarrierBeforeFinalMeasurements - 0.00381 (ms)
2025-08-04 21:09:54,124 - qiskit.passmanager.base_tasks - INFO - Pass: SabreLayout - 181.82302 (ms)
2025-08-04 21:09:54,125 - qiskit.passmanager.base_tasks - INFO - Pass: CheckMap - 0.03409 (ms)
2025-08-04 21:09:54,134 - qiskit.passmanager.base_tasks - INFO - Pass: VF2PostLayout - 9.34815 (ms)
2025-08-04 21:09:54,137 - qiskit.passmanager.base_tasks - INFO - Pass: ApplyLayout - 2.19893 (ms)
2025-08-04 21:09:54,137 - qiskit.passmanager.base_tasks - INFO - Pass: FilterOpNodes - 0.29111 (ms)
2025-08-04 21:09:54,137 - qiskit.passmanager.base_tasks - INFO - Pass: UnitarySynthesis - 0.00405 (ms)
2025-08-04 21:09:54,137 - qiskit.passmanager.base_tasks - INFO - Pass: HighLevelSynthesis - 0.10395 (ms)
2025-08-04 21:09:54,145 - qiskit.passmanager.base_tasks - INFO - Pass: BasisTranslator - 7.56025 (ms)
2025-08-04 21:09:54,145 - qiskit.passmanager.base_tasks - INFO - Pass: CheckGateDirection - 0.00501 (ms)
2025-08-04 21:09:54,161 - qiskit.passmanager.base_tasks - INFO - Pass: GateDirection - 16.66284 (ms)
2025-08-04 21:09:54,276 - qiskit.passmanager.base_tasks - INFO - Pass: BasisTranslator - 114.08186 (ms)
2025-08-04 21:09:54,278 - qiskit.passmanager.base_tasks - INFO - Pass: Depth - 1.99604 (ms)
2025-08-04 21:09:54,278 - qiskit.passmanager.base_tasks - INFO - Pass: Size - 0.00405 (ms)
2025-08-04 21:09:54,278 - qiskit.passmanager.base_tasks - INFO - Pass: MinimumPoint - 0.00691 (ms)
2025-08-04 21:09:54,287 - qiskit.passmanager.base_tasks - INFO - Pass: ConsolidateBlocks - 8.54516 (ms)
2025-08-04 21:09:54,314 - qiskit.passmanager.base_tasks - INFO - Pass: UnitarySynthesis - 26.86000 (ms)
2025-08-04 21:09:54,314 - qiskit.passmanager.base_tasks - INFO - Pass: RemoveIdentityEquivalent - 0.42796 (ms)
2025-08-04 21:09:54,356 - qiskit.passmanager.base_tasks - INFO - Pass: Optimize1qGatesDecomposition - 41.68105 (ms)
2025-08-04 21:09:54,376 - qiskit.passmanager.base_tasks - INFO - Pass: CommutativeCancellation - 20.02788 (ms)
2025-08-04 21:09:54,376 - qiskit.passmanager.base_tasks - INFO - Pass: ContractIdleWiresInControlFlow - 0.00215 (ms)
2025-08-04 21:09:54,377 - qiskit.passmanager.base_tasks - INFO - Pass: GatesInBasis - 0.80800 (ms)
2025-08-04 21:09:54,378 - qiskit.passmanager.base_tasks - INFO - Pass: Depth - 0.93985 (ms)
2025-08-04 21:09:54,378 - qiskit.passmanager.base_tasks - INFO - Pass: Size - 0.00215 (ms)
2025-08-04 21:09:54,491 - qiskit.passmanager.base_tasks - INFO - Pass: MinimumPoint - 112.61606 (ms)
2025-08-04 21:09:54,497 - qiskit.passmanager.base_tasks - INFO - Pass: ConsolidateBlocks - 5.95307 (ms)
2025-08-04 21:09:54,505 - qiskit.passmanager.base_tasks - INFO - Pass: UnitarySynthesis - 8.19993 (ms)
2025-08-04 21:09:54,505 - qiskit.passmanager.base_tasks - INFO - Pass: RemoveIdentityEquivalent - 0.26584 (ms)
2025-08-04 21:09:54,507 - qiskit.passmanager.base_tasks - INFO - Pass: Optimize1qGatesDecomposition - 1.81818 (ms)
2025-08-04 21:09:54,512 - qiskit.passmanager.base_tasks - INFO - Pass: CommutativeCancellation - 4.78125 (ms)
2025-08-04 21:09:54,512 - qiskit.passmanager.base_tasks - INFO - Pass: ContractIdleWiresInControlFlow - 0.00119 (ms)
2025-08-04 21:09:54,513 - qiskit.passmanager.base_tasks - INFO - Pass: GatesInBasis - 0.73600 (ms)
2025-08-04 21:09:54,513 - qiskit.passmanager.base_tasks - INFO - Pass: Depth - 0.67210 (ms)
2025-08-04 21:09:54,513 - qiskit.passmanager.base_tasks - INFO - Pass: Size - 0.00215 (ms)
2025-08-04 21:09:54,700 - qiskit.passmanager.base_tasks - INFO - Pass: MinimumPoint - 186.38778 (ms)
2025-08-04 21:09:54,706 - qiskit.passmanager.base_tasks - INFO - Pass: ConsolidateBlocks - 5.75089 (ms)
2025-08-04 21:09:54,712 - qiskit.passmanager.base_tasks - INFO - Pass: UnitarySynthesis - 6.00505 (ms)
2025-08-04 21:09:54,712 - qiskit.passmanager.base_tasks - INFO - Pass: RemoveIdentityEquivalent - 0.26989 (ms)
2025-08-04 21:09:54,714 - qiskit.passmanager.base_tasks - INFO - Pass: Optimize1qGatesDecomposition - 1.85084 (ms)
2025-08-04 21:09:54,717 - qiskit.passmanager.base_tasks - INFO - Pass: CommutativeCancellation - 2.84123 (ms)
2025-08-04 21:09:54,717 - qiskit.passmanager.base_tasks - INFO - Pass: ContractIdleWiresInControlFlow - 0.00072 (ms)
2025-08-04 21:09:54,718 - qiskit.passmanager.base_tasks - INFO - Pass: GatesInBasis - 0.74077 (ms)
2025-08-04 21:09:54,718 - qiskit.passmanager.base_tasks - INFO - Pass: Depth - 0.62275 (ms)
2025-08-04 21:09:54,718 - qiskit.passmanager.base_tasks - INFO - Pass: Size - 0.00215 (ms)
2025-08-04 21:09:54,826 - qiskit.passmanager.base_tasks - INFO - Pass: MinimumPoint - 107.96618 (ms)
2025-08-04 21:09:54,832 - qiskit.passmanager.base_tasks - INFO - Pass: ConsolidateBlocks - 5.74112 (ms)
2025-08-04 21:09:54,838 - qiskit.passmanager.base_tasks - INFO - Pass: UnitarySynthesis - 5.41997 (ms)
2025-08-04 21:09:54,838 - qiskit.passmanager.base_tasks - INFO - Pass: RemoveIdentityEquivalent - 0.25988 (ms)
2025-08-04 21:09:54,840 - qiskit.passmanager.base_tasks - INFO - Pass: Optimize1qGatesDecomposition - 1.78885 (ms)
2025-08-04 21:09:54,842 - qiskit.passmanager.base_tasks - INFO - Pass: CommutativeCancellation - 1.98197 (ms)
2025-08-04 21:09:54,842 - qiskit.passmanager.base_tasks - INFO - Pass: ContractIdleWiresInControlFlow - 0.00119 (ms)
2025-08-04 21:09:54,843 - qiskit.passmanager.base_tasks - INFO - Pass: GatesInBasis - 0.73314 (ms)
2025-08-04 21:09:54,843 - qiskit.passmanager.base_tasks - INFO - Pass: Depth - 0.64206 (ms)
2025-08-04 21:09:54,843 - qiskit.passmanager.base_tasks - INFO - Pass: Size - 0.00191 (ms)
2025-08-04 21:09:54,844 - qiskit.passmanager.base_tasks - INFO - Pass: MinimumPoint - 0.00405 (ms)
2025-08-04 21:09:54,849 - qiskit.passmanager.base_tasks - INFO - Pass: ConsolidateBlocks - 5.48887 (ms)
2025-08-04 21:09:54,854 - qiskit.passmanager.base_tasks - INFO - Pass: UnitarySynthesis - 5.16486 (ms)
2025-08-04 21:09:54,855 - qiskit.passmanager.base_tasks - INFO - Pass: RemoveIdentityEquivalent - 0.24796 (ms)
2025-08-04 21:09:54,856 - qiskit.passmanager.base_tasks - INFO - Pass: Optimize1qGatesDecomposition - 1.75905 (ms)
2025-08-04 21:09:54,858 - qiskit.passmanager.base_tasks - INFO - Pass: CommutativeCancellation - 1.86086 (ms)
2025-08-04 21:09:54,858 - qiskit.passmanager.base_tasks - INFO - Pass: ContractIdleWiresInControlFlow - 0.00095 (ms)
2025-08-04 21:09:54,859 - qiskit.passmanager.base_tasks - INFO - Pass: GatesInBasis - 0.73600 (ms)
2025-08-04 21:09:54,860 - qiskit.passmanager.base_tasks - INFO - Pass: Depth - 0.61893 (ms)
2025-08-04 21:09:54,860 - qiskit.passmanager.base_tasks - INFO - Pass: Size - 0.00095 (ms)
2025-08-04 21:09:54,860 - qiskit.passmanager.base_tasks - INFO - Pass: MinimumPoint - 0.00191 (ms)
2025-08-04 21:09:54,865 - qiskit.passmanager.base_tasks - INFO - Pass: ConsolidateBlocks - 5.43594 (ms)
2025-08-04 21:09:54,870 - qiskit.passmanager.base_tasks - INFO - Pass: UnitarySynthesis - 5.13411 (ms)
2025-08-04 21:09:54,871 - qiskit.passmanager.base_tasks - INFO - Pass: RemoveIdentityEquivalent - 0.25415 (ms)
2025-08-04 21:09:54,873 - qiskit.passmanager.base_tasks - INFO - Pass: Optimize1qGatesDecomposition - 1.79315 (ms)
2025-08-04 21:09:54,874 - qiskit.passmanager.base_tasks - INFO - Pass: CommutativeCancellation - 1.87397 (ms)
2025-08-04 21:09:54,874 - qiskit.passmanager.base_tasks - INFO - Pass: ContractIdleWiresInControlFlow - 0.00095 (ms)
2025-08-04 21:09:54,875 - qiskit.passmanager.base_tasks - INFO - Pass: GatesInBasis - 0.73791 (ms)
2025-08-04 21:09:54,876 - qiskit.passmanager.base_tasks - INFO - Pass: Depth - 0.64707 (ms)
2025-08-04 21:09:54,876 - qiskit.passmanager.base_tasks - INFO - Pass: Size - 0.00095 (ms)
2025-08-04 21:09:54,876 - qiskit.passmanager.base_tasks - INFO - Pass: MinimumPoint - 0.00215 (ms)
2025-08-04 21:09:54,881 - qiskit.passmanager.base_tasks - INFO - Pass: ConsolidateBlocks - 5.41520 (ms)
2025-08-04 21:09:54,886 - qiskit.passmanager.base_tasks - INFO - Pass: UnitarySynthesis - 5.15413 (ms)
2025-08-04 21:09:54,887 - qiskit.passmanager.base_tasks - INFO - Pass: RemoveIdentityEquivalent - 0.24772 (ms)
2025-08-04 21:09:54,889 - qiskit.passmanager.base_tasks - INFO - Pass: Optimize1qGatesDecomposition - 1.74212 (ms)
2025-08-04 21:09:54,890 - qiskit.passmanager.base_tasks - INFO - Pass: CommutativeCancellation - 1.85108 (ms)
2025-08-04 21:09:54,890 - qiskit.passmanager.base_tasks - INFO - Pass: ContractIdleWiresInControlFlow - 0.00072 (ms)
2025-08-04 21:09:54,891 - qiskit.passmanager.base_tasks - INFO - Pass: GatesInBasis - 0.73695 (ms)
2025-08-04 21:09:54,892 - qiskit.passmanager.base_tasks - INFO - Pass: Depth - 0.63276 (ms)
2025-08-04 21:09:54,892 - qiskit.passmanager.base_tasks - INFO - Pass: Size - 0.00119 (ms)
2025-08-04 21:09:54,892 - qiskit.passmanager.base_tasks - INFO - Pass: MinimumPoint - 0.00310 (ms)
2025-08-04 21:09:54,892 - qiskit.passmanager.base_tasks - INFO - Pass: ContainsInstruction - 0.00429 (ms)
2025-08-04 21:09:54,893 - qiskit.passmanager.base_tasks - INFO - Pass: InstructionDurationCheck - 0.89812 (ms)
2025-08-04 21:09:55,347 - qiskit.passmanager.base_tasks - INFO - Pass: Optimize1qGatesDecomposition - 0.02146 (ms)
2025-08-04 21:09:55,866 - qiskit_aer.backends.aerbackend - WARNING - Simulation failed and returned the following error message:
ERROR:  [Experiment 0] a circuit requires more memory than max_memory_mb.
