2025-07-22 01:07:24,324 - root - INFO - ++++++++++++++++ Starting at 2025-07-22 01:07:24.324138 +++++++++++++++++
2025-07-22 01:07:24,324 - src.ProcessQaoa - INFO - Using p_level:: 1
2025-07-22 01:07:26,495 - src.ProcessQaoa - INFO - Using Real Hardware
2025-07-22 01:07:28,597 - qiskit.passmanager.base_tasks - INFO - Pass: ContainsInstruction - 0.18311 (ms)
2025-07-22 01:07:28,597 - qiskit.passmanager.base_tasks - INFO - Pass: UnitarySynthesis - 0.00286 (ms)
2025-07-22 01:07:28,751 - qiskit.passmanager.base_tasks - INFO - Pass: HighLevelSynthesis - 153.62501 (ms)
2025-07-22 01:07:28,751 - qiskit.passmanager.base_tasks - INFO - Pass: BasisTranslator - 0.12994 (ms)
2025-07-22 01:07:28,751 - qiskit.passmanager.base_tasks - INFO - Pass: ElidePermutations - 0.00286 (ms)
2025-07-22 01:07:28,752 - qiskit.passmanager.base_tasks - INFO - Pass: RemoveDiagonalGatesBeforeMeasure - 0.21410 (ms)
2025-07-22 01:07:28,752 - qiskit.passmanager.base_tasks - INFO - Pass: RemoveIdentityEquivalent - 0.01407 (ms)
2025-07-22 01:07:28,752 - qiskit.passmanager.base_tasks - INFO - Pass: InverseCancellation - 0.22078 (ms)
2025-07-22 01:07:28,752 - qiskit.passmanager.base_tasks - INFO - Pass: ContractIdleWiresInControlFlow - 0.00119 (ms)
2025-07-22 01:07:28,752 - qiskit.passmanager.base_tasks - INFO - Pass: CommutativeCancellation - 0.53024 (ms)
2025-07-22 01:07:28,753 - qiskit.passmanager.base_tasks - INFO - Pass: ConsolidateBlocks - 0.26608 (ms)
2025-07-22 01:07:28,753 - qiskit.passmanager.base_tasks - INFO - Pass: Split2QUnitaries - 0.17691 (ms)
2025-07-22 01:07:28,753 - qiskit.passmanager.base_tasks - INFO - Pass: SetLayout - 0.00215 (ms)
2025-07-22 01:07:28,758 - qiskit.passmanager.base_tasks - INFO - Pass: VF2Layout - 5.18703 (ms)
2025-07-22 01:07:28,758 - qiskit.passmanager.base_tasks - INFO - Pass: BarrierBeforeFinalMeasurements - 0.00381 (ms)
2025-07-22 01:07:29,424 - qiskit.passmanager.base_tasks - INFO - Pass: SabreLayout - 665.98201 (ms)
2025-07-22 01:07:29,424 - qiskit.passmanager.base_tasks - INFO - Pass: CheckMap - 0.08607 (ms)
2025-07-22 01:07:29,447 - qiskit.passmanager.base_tasks - INFO - Pass: VF2PostLayout - 22.29500 (ms)
2025-07-22 01:07:29,448 - qiskit.passmanager.base_tasks - INFO - Pass: FilterOpNodes - 1.26791 (ms)
2025-07-22 01:07:29,448 - qiskit.passmanager.base_tasks - INFO - Pass: UnitarySynthesis - 0.00381 (ms)
2025-07-22 01:07:29,448 - qiskit.passmanager.base_tasks - INFO - Pass: HighLevelSynthesis - 0.43774 (ms)
2025-07-22 01:07:29,528 - qiskit.passmanager.base_tasks - INFO - Pass: BasisTranslator - 79.17786 (ms)
2025-07-22 01:07:29,528 - qiskit.passmanager.base_tasks - INFO - Pass: CheckGateDirection - 0.00525 (ms)
2025-07-22 01:07:29,751 - qiskit.passmanager.base_tasks - INFO - Pass: GateDirection - 222.71013 (ms)
2025-07-22 01:07:32,925 - qiskit.passmanager.base_tasks - INFO - Pass: BasisTranslator - 3174.61801 (ms)
2025-07-22 01:07:32,937 - qiskit.passmanager.base_tasks - INFO - Pass: Depth - 9.05299 (ms)
2025-07-22 01:07:32,937 - qiskit.passmanager.base_tasks - INFO - Pass: Size - 0.00405 (ms)
2025-07-22 01:07:32,937 - qiskit.passmanager.base_tasks - INFO - Pass: MinimumPoint - 0.00811 (ms)
2025-07-22 01:07:32,982 - qiskit.passmanager.base_tasks - INFO - Pass: ConsolidateBlocks - 45.17603 (ms)
2025-07-22 01:07:33,479 - qiskit.passmanager.base_tasks - INFO - Pass: UnitarySynthesis - 497.22910 (ms)
2025-07-22 01:07:33,481 - qiskit.passmanager.base_tasks - INFO - Pass: RemoveIdentityEquivalent - 1.71900 (ms)
2025-07-22 01:07:34,705 - qiskit.passmanager.base_tasks - INFO - Pass: Optimize1qGatesDecomposition - 1223.49691 (ms)
2025-07-22 01:07:35,127 - qiskit.passmanager.base_tasks - INFO - Pass: CommutativeCancellation - 422.37592 (ms)
2025-07-22 01:07:35,127 - qiskit.passmanager.base_tasks - INFO - Pass: ContractIdleWiresInControlFlow - 0.00286 (ms)
2025-07-22 01:07:35,131 - qiskit.passmanager.base_tasks - INFO - Pass: GatesInBasis - 4.04119 (ms)
2025-07-22 01:07:35,136 - qiskit.passmanager.base_tasks - INFO - Pass: Depth - 4.58217 (ms)
2025-07-22 01:07:35,136 - qiskit.passmanager.base_tasks - INFO - Pass: Size - 0.00310 (ms)
2025-07-22 01:07:35,879 - qiskit.passmanager.base_tasks - INFO - Pass: MinimumPoint - 743.33596 (ms)
2025-07-22 01:07:35,911 - qiskit.passmanager.base_tasks - INFO - Pass: ConsolidateBlocks - 31.81410 (ms)
2025-07-22 01:07:35,981 - qiskit.passmanager.base_tasks - INFO - Pass: UnitarySynthesis - 69.79370 (ms)
2025-07-22 01:07:35,983 - qiskit.passmanager.base_tasks - INFO - Pass: RemoveIdentityEquivalent - 1.28102 (ms)
2025-07-22 01:07:35,996 - qiskit.passmanager.base_tasks - INFO - Pass: Optimize1qGatesDecomposition - 13.10992 (ms)
2025-07-22 01:07:36,034 - qiskit.passmanager.base_tasks - INFO - Pass: CommutativeCancellation - 37.41479 (ms)
2025-07-22 01:07:36,034 - qiskit.passmanager.base_tasks - INFO - Pass: ContractIdleWiresInControlFlow - 0.00215 (ms)
2025-07-22 01:07:36,038 - qiskit.passmanager.base_tasks - INFO - Pass: GatesInBasis - 3.96991 (ms)
2025-07-22 01:07:36,042 - qiskit.passmanager.base_tasks - INFO - Pass: Depth - 4.03285 (ms)
2025-07-22 01:07:36,042 - qiskit.passmanager.base_tasks - INFO - Pass: Size - 0.00191 (ms)
2025-07-22 01:07:36,698 - qiskit.passmanager.base_tasks - INFO - Pass: MinimumPoint - 656.31008 (ms)
2025-07-22 01:07:36,729 - qiskit.passmanager.base_tasks - INFO - Pass: ConsolidateBlocks - 30.03025 (ms)
2025-07-22 01:07:36,788 - qiskit.passmanager.base_tasks - INFO - Pass: UnitarySynthesis - 59.59296 (ms)
2025-07-22 01:07:36,791 - qiskit.passmanager.base_tasks - INFO - Pass: RemoveIdentityEquivalent - 1.80507 (ms)
2025-07-22 01:07:36,805 - qiskit.passmanager.base_tasks - INFO - Pass: Optimize1qGatesDecomposition - 13.59510 (ms)
2025-07-22 01:07:36,827 - qiskit.passmanager.base_tasks - INFO - Pass: CommutativeCancellation - 21.93403 (ms)
2025-07-22 01:07:36,827 - qiskit.passmanager.base_tasks - INFO - Pass: ContractIdleWiresInControlFlow - 0.00310 (ms)
2025-07-22 01:07:36,831 - qiskit.passmanager.base_tasks - INFO - Pass: GatesInBasis - 3.99208 (ms)
2025-07-22 01:07:36,835 - qiskit.passmanager.base_tasks - INFO - Pass: Depth - 3.97515 (ms)
2025-07-22 01:07:36,835 - qiskit.passmanager.base_tasks - INFO - Pass: Size - 0.00191 (ms)
2025-07-22 01:07:37,553 - qiskit.passmanager.base_tasks - INFO - Pass: MinimumPoint - 717.69595 (ms)
2025-07-22 01:07:37,584 - qiskit.passmanager.base_tasks - INFO - Pass: ConsolidateBlocks - 30.74217 (ms)
2025-07-22 01:07:37,637 - qiskit.passmanager.base_tasks - INFO - Pass: UnitarySynthesis - 53.10273 (ms)
2025-07-22 01:07:37,640 - qiskit.passmanager.base_tasks - INFO - Pass: RemoveIdentityEquivalent - 1.39403 (ms)
2025-07-22 01:07:37,650 - qiskit.passmanager.base_tasks - INFO - Pass: Optimize1qGatesDecomposition - 10.32186 (ms)
2025-07-22 01:07:37,661 - qiskit.passmanager.base_tasks - INFO - Pass: CommutativeCancellation - 11.38711 (ms)
2025-07-22 01:07:37,661 - qiskit.passmanager.base_tasks - INFO - Pass: ContractIdleWiresInControlFlow - 0.00310 (ms)
2025-07-22 01:07:37,665 - qiskit.passmanager.base_tasks - INFO - Pass: GatesInBasis - 3.99184 (ms)
2025-07-22 01:07:37,669 - qiskit.passmanager.base_tasks - INFO - Pass: Depth - 3.90625 (ms)
2025-07-22 01:07:37,669 - qiskit.passmanager.base_tasks - INFO - Pass: Size - 0.00310 (ms)
2025-07-22 01:07:37,669 - qiskit.passmanager.base_tasks - INFO - Pass: MinimumPoint - 0.00477 (ms)
2025-07-22 01:07:37,698 - qiskit.passmanager.base_tasks - INFO - Pass: ConsolidateBlocks - 28.95737 (ms)
2025-07-22 01:07:37,751 - qiskit.passmanager.base_tasks - INFO - Pass: UnitarySynthesis - 52.96636 (ms)
2025-07-22 01:07:37,754 - qiskit.passmanager.base_tasks - INFO - Pass: RemoveIdentityEquivalent - 1.47486 (ms)
2025-07-22 01:07:37,764 - qiskit.passmanager.base_tasks - INFO - Pass: Optimize1qGatesDecomposition - 10.10203 (ms)
2025-07-22 01:07:37,777 - qiskit.passmanager.base_tasks - INFO - Pass: CommutativeCancellation - 12.64405 (ms)
2025-07-22 01:07:37,777 - qiskit.passmanager.base_tasks - INFO - Pass: ContractIdleWiresInControlFlow - 0.00310 (ms)
2025-07-22 01:07:37,781 - qiskit.passmanager.base_tasks - INFO - Pass: GatesInBasis - 3.95489 (ms)
2025-07-22 01:07:37,785 - qiskit.passmanager.base_tasks - INFO - Pass: Depth - 4.36783 (ms)
2025-07-22 01:07:37,785 - qiskit.passmanager.base_tasks - INFO - Pass: Size - 0.00310 (ms)
2025-07-22 01:07:37,785 - qiskit.passmanager.base_tasks - INFO - Pass: MinimumPoint - 0.00501 (ms)
2025-07-22 01:07:37,816 - qiskit.passmanager.base_tasks - INFO - Pass: ConsolidateBlocks - 30.37691 (ms)
2025-07-22 01:07:37,872 - qiskit.passmanager.base_tasks - INFO - Pass: UnitarySynthesis - 56.78797 (ms)
2025-07-22 01:07:37,875 - qiskit.passmanager.base_tasks - INFO - Pass: RemoveIdentityEquivalent - 1.36399 (ms)
2025-07-22 01:07:37,885 - qiskit.passmanager.base_tasks - INFO - Pass: Optimize1qGatesDecomposition - 10.17714 (ms)
2025-07-22 01:07:37,897 - qiskit.passmanager.base_tasks - INFO - Pass: CommutativeCancellation - 11.57784 (ms)
2025-07-22 01:07:37,897 - qiskit.passmanager.base_tasks - INFO - Pass: ContractIdleWiresInControlFlow - 0.00191 (ms)
2025-07-22 01:07:37,901 - qiskit.passmanager.base_tasks - INFO - Pass: GatesInBasis - 4.00090 (ms)
2025-07-22 01:07:37,905 - qiskit.passmanager.base_tasks - INFO - Pass: Depth - 3.87788 (ms)
2025-07-22 01:07:37,905 - qiskit.passmanager.base_tasks - INFO - Pass: Size - 0.00310 (ms)
2025-07-22 01:07:37,905 - qiskit.passmanager.base_tasks - INFO - Pass: MinimumPoint - 0.00405 (ms)
2025-07-22 01:07:37,934 - qiskit.passmanager.base_tasks - INFO - Pass: ConsolidateBlocks - 29.09279 (ms)
2025-07-22 01:07:37,990 - qiskit.passmanager.base_tasks - INFO - Pass: UnitarySynthesis - 55.94277 (ms)
2025-07-22 01:07:37,993 - qiskit.passmanager.base_tasks - INFO - Pass: RemoveIdentityEquivalent - 1.37806 (ms)
2025-07-22 01:07:38,003 - qiskit.passmanager.base_tasks - INFO - Pass: Optimize1qGatesDecomposition - 10.42318 (ms)
2025-07-22 01:07:38,016 - qiskit.passmanager.base_tasks - INFO - Pass: CommutativeCancellation - 12.18820 (ms)
2025-07-22 01:07:38,016 - qiskit.passmanager.base_tasks - INFO - Pass: ContractIdleWiresInControlFlow - 0.00405 (ms)
2025-07-22 01:07:38,020 - qiskit.passmanager.base_tasks - INFO - Pass: GatesInBasis - 3.86620 (ms)
2025-07-22 01:07:38,025 - qiskit.passmanager.base_tasks - INFO - Pass: Depth - 5.20897 (ms)
2025-07-22 01:07:38,025 - qiskit.passmanager.base_tasks - INFO - Pass: Size - 0.00596 (ms)
2025-07-22 01:07:38,025 - qiskit.passmanager.base_tasks - INFO - Pass: MinimumPoint - 0.00691 (ms)
2025-07-22 01:07:38,028 - qiskit.passmanager.base_tasks - INFO - Pass: ContainsInstruction - 0.01097 (ms)
2025-07-22 01:07:38,033 - qiskit.passmanager.base_tasks - INFO - Pass: InstructionDurationCheck - 4.64678 (ms)
