2025-08-07 18:58:50,708 - root - INFO - ++++++++++++++++ Starting at 2025-08-07 18:58:50.708554 +++++++++++++++++
2025-08-07 18:58:50,708 - src.ProcessQaoa - INFO - Using p_level:: 1
2025-08-07 18:58:54,430 - src.ProcessQaoa - INFO - Using Real Hardware
2025-08-07 18:58:56,973 - qiskit.passmanager.base_tasks - INFO - Pass: ContainsInstruction - 0.18096 (ms)
2025-08-07 18:58:56,973 - qiskit.passmanager.base_tasks - INFO - Pass: UnitarySynthesis - 0.00310 (ms)
2025-08-07 18:58:57,006 - qiskit.passmanager.base_tasks - INFO - Pass: HighLevelSynthesis - 33.24318 (ms)
2025-08-07 18:58:57,006 - qiskit.passmanager.base_tasks - INFO - Pass: BasisTranslator - 0.02003 (ms)
2025-08-07 18:58:57,006 - qiskit.passmanager.base_tasks - INFO - Pass: ElidePermutations - 0.00381 (ms)
2025-08-07 18:58:57,007 - qiskit.passmanager.base_tasks - INFO - Pass: RemoveDiagonalGatesBeforeMeasure - 0.18811 (ms)
2025-08-07 18:58:57,007 - qiskit.passmanager.base_tasks - INFO - Pass: RemoveIdentityEquivalent - 0.00310 (ms)
2025-08-07 18:58:57,007 - qiskit.passmanager.base_tasks - INFO - Pass: InverseCancellation - 0.81110 (ms)
2025-08-07 18:58:57,007 - qiskit.passmanager.base_tasks - INFO - Pass: ContractIdleWiresInControlFlow - 0.00215 (ms)
2025-08-07 18:58:57,008 - qiskit.passmanager.base_tasks - INFO - Pass: CommutativeCancellation - 0.08392 (ms)
2025-08-07 18:58:57,008 - qiskit.passmanager.base_tasks - INFO - Pass: ConsolidateBlocks - 0.05603 (ms)
2025-08-07 18:58:57,008 - qiskit.passmanager.base_tasks - INFO - Pass: Split2QUnitaries - 0.03386 (ms)
2025-08-07 18:58:57,008 - qiskit.passmanager.base_tasks - INFO - Pass: SetLayout - 0.00215 (ms)
2025-08-07 18:58:57,010 - qiskit.passmanager.base_tasks - INFO - Pass: VF2Layout - 2.07114 (ms)
2025-08-07 18:58:57,010 - qiskit.passmanager.base_tasks - INFO - Pass: BarrierBeforeFinalMeasurements - 0.00429 (ms)
2025-08-07 18:58:57,029 - qiskit.passmanager.base_tasks - INFO - Pass: SabreLayout - 18.75615 (ms)
2025-08-07 18:58:57,029 - qiskit.passmanager.base_tasks - INFO - Pass: CheckMap - 0.03004 (ms)
2025-08-07 18:58:57,031 - qiskit.passmanager.base_tasks - INFO - Pass: VF2PostLayout - 2.73514 (ms)
2025-08-07 18:58:57,032 - qiskit.passmanager.base_tasks - INFO - Pass: ApplyLayout - 0.62013 (ms)
2025-08-07 18:58:57,032 - qiskit.passmanager.base_tasks - INFO - Pass: FilterOpNodes - 0.20409 (ms)
2025-08-07 18:58:57,032 - qiskit.passmanager.base_tasks - INFO - Pass: UnitarySynthesis - 0.00405 (ms)
2025-08-07 18:58:57,032 - qiskit.passmanager.base_tasks - INFO - Pass: HighLevelSynthesis - 0.02313 (ms)
2025-08-07 18:58:57,034 - qiskit.passmanager.base_tasks - INFO - Pass: BasisTranslator - 1.22499 (ms)
2025-08-07 18:58:57,034 - qiskit.passmanager.base_tasks - INFO - Pass: CheckGateDirection - 0.00310 (ms)
2025-08-07 18:58:57,035 - qiskit.passmanager.base_tasks - INFO - Pass: GateDirection - 1.33514 (ms)
2025-08-07 18:58:57,038 - qiskit.passmanager.base_tasks - INFO - Pass: BasisTranslator - 3.41511 (ms)
2025-08-07 18:58:57,039 - qiskit.passmanager.base_tasks - INFO - Pass: Depth - 0.16689 (ms)
2025-08-07 18:58:57,039 - qiskit.passmanager.base_tasks - INFO - Pass: Size - 0.00215 (ms)
2025-08-07 18:58:57,039 - qiskit.passmanager.base_tasks - INFO - Pass: MinimumPoint - 0.00501 (ms)
2025-08-07 18:58:57,040 - qiskit.passmanager.base_tasks - INFO - Pass: ConsolidateBlocks - 1.70422 (ms)
2025-08-07 18:58:57,043 - qiskit.passmanager.base_tasks - INFO - Pass: UnitarySynthesis - 3.03006 (ms)
2025-08-07 18:58:57,044 - qiskit.passmanager.base_tasks - INFO - Pass: RemoveIdentityEquivalent - 0.03791 (ms)
2025-08-07 18:58:57,045 - qiskit.passmanager.base_tasks - INFO - Pass: Optimize1qGatesDecomposition - 1.19495 (ms)
2025-08-07 18:58:57,046 - qiskit.passmanager.base_tasks - INFO - Pass: CommutativeCancellation - 0.72598 (ms)
2025-08-07 18:58:57,046 - qiskit.passmanager.base_tasks - INFO - Pass: ContractIdleWiresInControlFlow - 0.00119 (ms)
2025-08-07 18:58:57,046 - qiskit.passmanager.base_tasks - INFO - Pass: GatesInBasis - 0.10514 (ms)
2025-08-07 18:58:57,046 - qiskit.passmanager.base_tasks - INFO - Pass: Depth - 0.09322 (ms)
2025-08-07 18:58:57,046 - qiskit.passmanager.base_tasks - INFO - Pass: Size - 0.00119 (ms)
2025-08-07 18:58:57,061 - qiskit.passmanager.base_tasks - INFO - Pass: MinimumPoint - 15.00535 (ms)
2025-08-07 18:58:57,062 - qiskit.passmanager.base_tasks - INFO - Pass: ConsolidateBlocks - 0.77820 (ms)
2025-08-07 18:58:57,062 - qiskit.passmanager.base_tasks - INFO - Pass: UnitarySynthesis - 0.58794 (ms)
2025-08-07 18:58:57,062 - qiskit.passmanager.base_tasks - INFO - Pass: RemoveIdentityEquivalent - 0.03195 (ms)
2025-08-07 18:58:57,063 - qiskit.passmanager.base_tasks - INFO - Pass: Optimize1qGatesDecomposition - 0.23127 (ms)
2025-08-07 18:58:57,063 - qiskit.passmanager.base_tasks - INFO - Pass: CommutativeCancellation - 0.30613 (ms)
2025-08-07 18:58:57,063 - qiskit.passmanager.base_tasks - INFO - Pass: ContractIdleWiresInControlFlow - 0.00119 (ms)
2025-08-07 18:58:57,063 - qiskit.passmanager.base_tasks - INFO - Pass: GatesInBasis - 0.09608 (ms)
2025-08-07 18:58:57,063 - qiskit.passmanager.base_tasks - INFO - Pass: Depth - 0.08297 (ms)
2025-08-07 18:58:57,063 - qiskit.passmanager.base_tasks - INFO - Pass: Size - 0.00119 (ms)
2025-08-07 18:58:57,078 - qiskit.passmanager.base_tasks - INFO - Pass: MinimumPoint - 14.45413 (ms)
2025-08-07 18:58:57,078 - qiskit.passmanager.base_tasks - INFO - Pass: ConsolidateBlocks - 0.73195 (ms)
2025-08-07 18:58:57,079 - qiskit.passmanager.base_tasks - INFO - Pass: UnitarySynthesis - 0.51093 (ms)
2025-08-07 18:58:57,079 - qiskit.passmanager.base_tasks - INFO - Pass: RemoveIdentityEquivalent - 0.03004 (ms)
2025-08-07 18:58:57,079 - qiskit.passmanager.base_tasks - INFO - Pass: Optimize1qGatesDecomposition - 0.22793 (ms)
2025-08-07 18:58:57,079 - qiskit.passmanager.base_tasks - INFO - Pass: CommutativeCancellation - 0.27084 (ms)
2025-08-07 18:58:57,079 - qiskit.passmanager.base_tasks - INFO - Pass: ContractIdleWiresInControlFlow - 0.00095 (ms)
2025-08-07 18:58:57,080 - qiskit.passmanager.base_tasks - INFO - Pass: GatesInBasis - 0.09584 (ms)
2025-08-07 18:58:57,080 - qiskit.passmanager.base_tasks - INFO - Pass: Depth - 0.08106 (ms)
2025-08-07 18:58:57,080 - qiskit.passmanager.base_tasks - INFO - Pass: Size - 0.00000 (ms)
2025-08-07 18:58:57,094 - qiskit.passmanager.base_tasks - INFO - Pass: MinimumPoint - 14.75787 (ms)
2025-08-07 18:58:57,095 - qiskit.passmanager.base_tasks - INFO - Pass: ConsolidateBlocks - 0.71621 (ms)
2025-08-07 18:58:57,096 - qiskit.passmanager.base_tasks - INFO - Pass: UnitarySynthesis - 0.49114 (ms)
2025-08-07 18:58:57,096 - qiskit.passmanager.base_tasks - INFO - Pass: RemoveIdentityEquivalent - 0.03099 (ms)
2025-08-07 18:58:57,096 - qiskit.passmanager.base_tasks - INFO - Pass: Optimize1qGatesDecomposition - 0.22411 (ms)
2025-08-07 18:58:57,096 - qiskit.passmanager.base_tasks - INFO - Pass: CommutativeCancellation - 0.25821 (ms)
2025-08-07 18:58:57,096 - qiskit.passmanager.base_tasks - INFO - Pass: ContractIdleWiresInControlFlow - 0.00000 (ms)
2025-08-07 18:58:57,096 - qiskit.passmanager.base_tasks - INFO - Pass: GatesInBasis - 0.09513 (ms)
2025-08-07 18:58:57,097 - qiskit.passmanager.base_tasks - INFO - Pass: Depth - 0.08178 (ms)
2025-08-07 18:58:57,097 - qiskit.passmanager.base_tasks - INFO - Pass: Size - 0.00095 (ms)
2025-08-07 18:58:57,097 - qiskit.passmanager.base_tasks - INFO - Pass: MinimumPoint - 0.00167 (ms)
2025-08-07 18:58:57,097 - qiskit.passmanager.base_tasks - INFO - Pass: ConsolidateBlocks - 0.71716 (ms)
2025-08-07 18:58:57,098 - qiskit.passmanager.base_tasks - INFO - Pass: UnitarySynthesis - 0.48828 (ms)
2025-08-07 18:58:57,098 - qiskit.passmanager.base_tasks - INFO - Pass: RemoveIdentityEquivalent - 0.03028 (ms)
2025-08-07 18:58:57,098 - qiskit.passmanager.base_tasks - INFO - Pass: Optimize1qGatesDecomposition - 0.21911 (ms)
2025-08-07 18:58:57,098 - qiskit.passmanager.base_tasks - INFO - Pass: CommutativeCancellation - 0.24605 (ms)
2025-08-07 18:58:57,098 - qiskit.passmanager.base_tasks - INFO - Pass: ContractIdleWiresInControlFlow - 0.00119 (ms)
2025-08-07 18:58:57,098 - qiskit.passmanager.base_tasks - INFO - Pass: GatesInBasis - 0.09584 (ms)
2025-08-07 18:58:57,099 - qiskit.passmanager.base_tasks - INFO - Pass: Depth - 0.08011 (ms)
2025-08-07 18:58:57,099 - qiskit.passmanager.base_tasks - INFO - Pass: Size - 0.00119 (ms)
2025-08-07 18:58:57,099 - qiskit.passmanager.base_tasks - INFO - Pass: MinimumPoint - 0.00215 (ms)
2025-08-07 18:58:57,099 - qiskit.passmanager.base_tasks - INFO - Pass: ConsolidateBlocks - 0.69904 (ms)
2025-08-07 18:58:57,100 - qiskit.passmanager.base_tasks - INFO - Pass: UnitarySynthesis - 0.47684 (ms)
2025-08-07 18:58:57,100 - qiskit.passmanager.base_tasks - INFO - Pass: RemoveIdentityEquivalent - 0.03028 (ms)
2025-08-07 18:58:57,100 - qiskit.passmanager.base_tasks - INFO - Pass: Optimize1qGatesDecomposition - 0.21935 (ms)
2025-08-07 18:58:57,100 - qiskit.passmanager.base_tasks - INFO - Pass: CommutativeCancellation - 0.24891 (ms)
2025-08-07 18:58:57,100 - qiskit.passmanager.base_tasks - INFO - Pass: ContractIdleWiresInControlFlow - 0.00000 (ms)
2025-08-07 18:58:57,100 - qiskit.passmanager.base_tasks - INFO - Pass: GatesInBasis - 0.09608 (ms)
2025-08-07 18:58:57,101 - qiskit.passmanager.base_tasks - INFO - Pass: Depth - 0.07987 (ms)
2025-08-07 18:58:57,101 - qiskit.passmanager.base_tasks - INFO - Pass: Size - 0.00000 (ms)
2025-08-07 18:58:57,101 - qiskit.passmanager.base_tasks - INFO - Pass: MinimumPoint - 0.00095 (ms)
2025-08-07 18:58:57,101 - qiskit.passmanager.base_tasks - INFO - Pass: ConsolidateBlocks - 0.71502 (ms)
2025-08-07 18:58:57,102 - qiskit.passmanager.base_tasks - INFO - Pass: UnitarySynthesis - 0.47612 (ms)
2025-08-07 18:58:57,102 - qiskit.passmanager.base_tasks - INFO - Pass: RemoveIdentityEquivalent - 0.03028 (ms)
2025-08-07 18:58:57,102 - qiskit.passmanager.base_tasks - INFO - Pass: Optimize1qGatesDecomposition - 0.21911 (ms)
2025-08-07 18:58:57,102 - qiskit.passmanager.base_tasks - INFO - Pass: CommutativeCancellation - 0.24986 (ms)
2025-08-07 18:58:57,102 - qiskit.passmanager.base_tasks - INFO - Pass: ContractIdleWiresInControlFlow - 0.00191 (ms)
2025-08-07 18:58:57,102 - qiskit.passmanager.base_tasks - INFO - Pass: GatesInBasis - 0.09608 (ms)
2025-08-07 18:58:57,103 - qiskit.passmanager.base_tasks - INFO - Pass: Depth - 0.07892 (ms)
2025-08-07 18:58:57,103 - qiskit.passmanager.base_tasks - INFO - Pass: Size - 0.00095 (ms)
2025-08-07 18:58:57,103 - qiskit.passmanager.base_tasks - INFO - Pass: MinimumPoint - 0.00262 (ms)
2025-08-07 18:58:57,103 - qiskit.passmanager.base_tasks - INFO - Pass: ContainsInstruction - 0.00310 (ms)
2025-08-07 18:58:57,103 - qiskit.passmanager.base_tasks - INFO - Pass: InstructionDurationCheck - 0.12708 (ms)
