2025-08-07 17:02:14,794 - root - INFO - ++++++++++++++++ Starting at 2025-08-07 17:02:14.794954 +++++++++++++++++
2025-08-07 17:02:14,795 - src.ProcessQaoa - INFO - Using p_level:: 1
2025-08-07 17:02:17,769 - src.ProcessQaoa - INFO - Using Real Hardware
2025-08-07 17:02:19,734 - qiskit.passmanager.base_tasks - INFO - Pass: ContainsInstruction - 0.14377 (ms)
2025-08-07 17:02:19,734 - qiskit.passmanager.base_tasks - INFO - Pass: UnitarySynthesis - 0.00310 (ms)
2025-08-07 17:02:19,785 - qiskit.passmanager.base_tasks - INFO - Pass: HighLevelSynthesis - 50.75026 (ms)
2025-08-07 17:02:19,785 - qiskit.passmanager.base_tasks - INFO - Pass: BasisTranslator - 0.03910 (ms)
2025-08-07 17:02:19,785 - qiskit.passmanager.base_tasks - INFO - Pass: ElidePermutations - 0.00405 (ms)
2025-08-07 17:02:19,785 - qiskit.passmanager.base_tasks - INFO - Pass: RemoveDiagonalGatesBeforeMeasure - 0.21887 (ms)
2025-08-07 17:02:19,785 - qiskit.passmanager.base_tasks - INFO - Pass: RemoveIdentityEquivalent - 0.00501 (ms)
2025-08-07 17:02:19,785 - qiskit.passmanager.base_tasks - INFO - Pass: InverseCancellation - 0.25082 (ms)
2025-08-07 17:02:19,785 - qiskit.passmanager.base_tasks - INFO - Pass: ContractIdleWiresInControlFlow - 0.00167 (ms)
2025-08-07 17:02:19,786 - qiskit.passmanager.base_tasks - INFO - Pass: CommutativeCancellation - 0.16618 (ms)
2025-08-07 17:02:19,786 - qiskit.passmanager.base_tasks - INFO - Pass: ConsolidateBlocks - 0.08821 (ms)
2025-08-07 17:02:19,786 - qiskit.passmanager.base_tasks - INFO - Pass: Split2QUnitaries - 0.22721 (ms)
2025-08-07 17:02:19,786 - qiskit.passmanager.base_tasks - INFO - Pass: SetLayout - 0.00167 (ms)
2025-08-07 17:02:19,789 - qiskit.passmanager.base_tasks - INFO - Pass: VF2Layout - 2.91395 (ms)
2025-08-07 17:02:19,789 - qiskit.passmanager.base_tasks - INFO - Pass: BarrierBeforeFinalMeasurements - 0.00405 (ms)
2025-08-07 17:02:19,917 - qiskit.passmanager.base_tasks - INFO - Pass: SabreLayout - 128.08013 (ms)
2025-08-07 17:02:19,917 - qiskit.passmanager.base_tasks - INFO - Pass: CheckMap - 0.04292 (ms)
2025-08-07 17:02:19,926 - qiskit.passmanager.base_tasks - INFO - Pass: VF2PostLayout - 9.23300 (ms)
2025-08-07 17:02:19,929 - qiskit.passmanager.base_tasks - INFO - Pass: ApplyLayout - 2.10309 (ms)
2025-08-07 17:02:19,929 - qiskit.passmanager.base_tasks - INFO - Pass: FilterOpNodes - 0.33402 (ms)
2025-08-07 17:02:19,929 - qiskit.passmanager.base_tasks - INFO - Pass: UnitarySynthesis - 0.00429 (ms)
2025-08-07 17:02:19,929 - qiskit.passmanager.base_tasks - INFO - Pass: HighLevelSynthesis - 0.09894 (ms)
2025-08-07 17:02:19,936 - qiskit.passmanager.base_tasks - INFO - Pass: BasisTranslator - 7.03001 (ms)
2025-08-07 17:02:19,936 - qiskit.passmanager.base_tasks - INFO - Pass: CheckGateDirection - 0.00310 (ms)
2025-08-07 17:02:19,952 - qiskit.passmanager.base_tasks - INFO - Pass: GateDirection - 16.21103 (ms)
2025-08-07 17:02:20,069 - qiskit.passmanager.base_tasks - INFO - Pass: BasisTranslator - 116.73808 (ms)
2025-08-07 17:02:20,071 - qiskit.passmanager.base_tasks - INFO - Pass: Depth - 1.20282 (ms)
2025-08-07 17:02:20,071 - qiskit.passmanager.base_tasks - INFO - Pass: Size - 0.00191 (ms)
2025-08-07 17:02:20,071 - qiskit.passmanager.base_tasks - INFO - Pass: MinimumPoint - 0.00620 (ms)
2025-08-07 17:02:20,079 - qiskit.passmanager.base_tasks - INFO - Pass: ConsolidateBlocks - 8.09717 (ms)
2025-08-07 17:02:20,105 - qiskit.passmanager.base_tasks - INFO - Pass: UnitarySynthesis - 26.33929 (ms)
2025-08-07 17:02:20,106 - qiskit.passmanager.base_tasks - INFO - Pass: RemoveIdentityEquivalent - 0.28801 (ms)
2025-08-07 17:02:20,147 - qiskit.passmanager.base_tasks - INFO - Pass: Optimize1qGatesDecomposition - 41.47387 (ms)
2025-08-07 17:02:20,169 - qiskit.passmanager.base_tasks - INFO - Pass: CommutativeCancellation - 21.23618 (ms)
2025-08-07 17:02:20,169 - qiskit.passmanager.base_tasks - INFO - Pass: ContractIdleWiresInControlFlow - 0.00215 (ms)
2025-08-07 17:02:20,169 - qiskit.passmanager.base_tasks - INFO - Pass: GatesInBasis - 0.71216 (ms)
2025-08-07 17:02:20,170 - qiskit.passmanager.base_tasks - INFO - Pass: Depth - 0.76103 (ms)
2025-08-07 17:02:20,170 - qiskit.passmanager.base_tasks - INFO - Pass: Size - 0.00119 (ms)
2025-08-07 17:02:20,319 - qiskit.passmanager.base_tasks - INFO - Pass: MinimumPoint - 148.75412 (ms)
2025-08-07 17:02:20,325 - qiskit.passmanager.base_tasks - INFO - Pass: ConsolidateBlocks - 5.89895 (ms)
2025-08-07 17:02:20,332 - qiskit.passmanager.base_tasks - INFO - Pass: UnitarySynthesis - 7.01785 (ms)
2025-08-07 17:02:20,332 - qiskit.passmanager.base_tasks - INFO - Pass: RemoveIdentityEquivalent - 0.24867 (ms)
2025-08-07 17:02:20,334 - qiskit.passmanager.base_tasks - INFO - Pass: Optimize1qGatesDecomposition - 1.89734 (ms)
2025-08-07 17:02:20,339 - qiskit.passmanager.base_tasks - INFO - Pass: CommutativeCancellation - 4.43482 (ms)
2025-08-07 17:02:20,339 - qiskit.passmanager.base_tasks - INFO - Pass: ContractIdleWiresInControlFlow - 0.00095 (ms)
2025-08-07 17:02:20,340 - qiskit.passmanager.base_tasks - INFO - Pass: GatesInBasis - 0.74315 (ms)
2025-08-07 17:02:20,340 - qiskit.passmanager.base_tasks - INFO - Pass: Depth - 0.64516 (ms)
2025-08-07 17:02:20,340 - qiskit.passmanager.base_tasks - INFO - Pass: Size - 0.00095 (ms)
2025-08-07 17:02:20,493 - qiskit.passmanager.base_tasks - INFO - Pass: MinimumPoint - 152.49681 (ms)
2025-08-07 17:02:20,499 - qiskit.passmanager.base_tasks - INFO - Pass: ConsolidateBlocks - 5.66578 (ms)
2025-08-07 17:02:20,504 - qiskit.passmanager.base_tasks - INFO - Pass: UnitarySynthesis - 5.30624 (ms)
2025-08-07 17:02:20,504 - qiskit.passmanager.base_tasks - INFO - Pass: RemoveIdentityEquivalent - 0.24700 (ms)
2025-08-07 17:02:20,506 - qiskit.passmanager.base_tasks - INFO - Pass: Optimize1qGatesDecomposition - 1.83821 (ms)
2025-08-07 17:02:20,509 - qiskit.passmanager.base_tasks - INFO - Pass: CommutativeCancellation - 2.82502 (ms)
2025-08-07 17:02:20,509 - qiskit.passmanager.base_tasks - INFO - Pass: ContractIdleWiresInControlFlow - 0.00215 (ms)
2025-08-07 17:02:20,510 - qiskit.passmanager.base_tasks - INFO - Pass: GatesInBasis - 0.74506 (ms)
2025-08-07 17:02:20,511 - qiskit.passmanager.base_tasks - INFO - Pass: Depth - 0.63992 (ms)
2025-08-07 17:02:20,511 - qiskit.passmanager.base_tasks - INFO - Pass: Size - 0.00095 (ms)
2025-08-07 17:02:20,650 - qiskit.passmanager.base_tasks - INFO - Pass: MinimumPoint - 139.07623 (ms)
2025-08-07 17:02:20,655 - qiskit.passmanager.base_tasks - INFO - Pass: ConsolidateBlocks - 5.56493 (ms)
2025-08-07 17:02:20,660 - qiskit.passmanager.base_tasks - INFO - Pass: UnitarySynthesis - 4.75216 (ms)
2025-08-07 17:02:20,660 - qiskit.passmanager.base_tasks - INFO - Pass: RemoveIdentityEquivalent - 0.24509 (ms)
2025-08-07 17:02:20,662 - qiskit.passmanager.base_tasks - INFO - Pass: Optimize1qGatesDecomposition - 1.81079 (ms)
2025-08-07 17:02:20,664 - qiskit.passmanager.base_tasks - INFO - Pass: CommutativeCancellation - 1.94597 (ms)
2025-08-07 17:02:20,664 - qiskit.passmanager.base_tasks - INFO - Pass: ContractIdleWiresInControlFlow - 0.00215 (ms)
2025-08-07 17:02:20,665 - qiskit.passmanager.base_tasks - INFO - Pass: GatesInBasis - 0.74077 (ms)
2025-08-07 17:02:20,666 - qiskit.passmanager.base_tasks - INFO - Pass: Depth - 0.62490 (ms)
2025-08-07 17:02:20,666 - qiskit.passmanager.base_tasks - INFO - Pass: Size - 0.00095 (ms)
2025-08-07 17:02:20,666 - qiskit.passmanager.base_tasks - INFO - Pass: MinimumPoint - 0.00310 (ms)
2025-08-07 17:02:20,671 - qiskit.passmanager.base_tasks - INFO - Pass: ConsolidateBlocks - 5.31673 (ms)
2025-08-07 17:02:20,676 - qiskit.passmanager.base_tasks - INFO - Pass: UnitarySynthesis - 4.69017 (ms)
2025-08-07 17:02:20,676 - qiskit.passmanager.base_tasks - INFO - Pass: RemoveIdentityEquivalent - 0.23890 (ms)
2025-08-07 17:02:20,678 - qiskit.passmanager.base_tasks - INFO - Pass: Optimize1qGatesDecomposition - 1.74904 (ms)
2025-08-07 17:02:20,680 - qiskit.passmanager.base_tasks - INFO - Pass: CommutativeCancellation - 1.80316 (ms)
2025-08-07 17:02:20,680 - qiskit.passmanager.base_tasks - INFO - Pass: ContractIdleWiresInControlFlow - 0.00095 (ms)
2025-08-07 17:02:20,680 - qiskit.passmanager.base_tasks - INFO - Pass: GatesInBasis - 0.73409 (ms)
2025-08-07 17:02:20,681 - qiskit.passmanager.base_tasks - INFO - Pass: Depth - 0.60105 (ms)
2025-08-07 17:02:20,681 - qiskit.passmanager.base_tasks - INFO - Pass: Size - 0.00095 (ms)
2025-08-07 17:02:20,681 - qiskit.passmanager.base_tasks - INFO - Pass: MinimumPoint - 0.00191 (ms)
2025-08-07 17:02:20,686 - qiskit.passmanager.base_tasks - INFO - Pass: ConsolidateBlocks - 5.27906 (ms)
2025-08-07 17:02:20,691 - qiskit.passmanager.base_tasks - INFO - Pass: UnitarySynthesis - 4.69804 (ms)
2025-08-07 17:02:20,692 - qiskit.passmanager.base_tasks - INFO - Pass: RemoveIdentityEquivalent - 0.23866 (ms)
2025-08-07 17:02:20,693 - qiskit.passmanager.base_tasks - INFO - Pass: Optimize1qGatesDecomposition - 1.74999 (ms)
2025-08-07 17:02:20,695 - qiskit.passmanager.base_tasks - INFO - Pass: CommutativeCancellation - 1.82199 (ms)
2025-08-07 17:02:20,695 - qiskit.passmanager.base_tasks - INFO - Pass: ContractIdleWiresInControlFlow - 0.00000 (ms)
2025-08-07 17:02:20,696 - qiskit.passmanager.base_tasks - INFO - Pass: GatesInBasis - 0.74196 (ms)
2025-08-07 17:02:20,697 - qiskit.passmanager.base_tasks - INFO - Pass: Depth - 0.61631 (ms)
2025-08-07 17:02:20,697 - qiskit.passmanager.base_tasks - INFO - Pass: Size - 0.00095 (ms)
2025-08-07 17:02:20,697 - qiskit.passmanager.base_tasks - INFO - Pass: MinimumPoint - 0.00095 (ms)
2025-08-07 17:02:20,702 - qiskit.passmanager.base_tasks - INFO - Pass: ConsolidateBlocks - 5.57899 (ms)
2025-08-07 17:02:20,707 - qiskit.passmanager.base_tasks - INFO - Pass: UnitarySynthesis - 5.12624 (ms)
2025-08-07 17:02:20,708 - qiskit.passmanager.base_tasks - INFO - Pass: RemoveIdentityEquivalent - 0.28801 (ms)
2025-08-07 17:02:20,710 - qiskit.passmanager.base_tasks - INFO - Pass: Optimize1qGatesDecomposition - 1.95098 (ms)
2025-08-07 17:02:20,712 - qiskit.passmanager.base_tasks - INFO - Pass: CommutativeCancellation - 2.09212 (ms)
2025-08-07 17:02:20,712 - qiskit.passmanager.base_tasks - INFO - Pass: ContractIdleWiresInControlFlow - 0.00310 (ms)
2025-08-07 17:02:20,713 - qiskit.passmanager.base_tasks - INFO - Pass: GatesInBasis - 0.80919 (ms)
2025-08-07 17:02:20,714 - qiskit.passmanager.base_tasks - INFO - Pass: Depth - 0.82016 (ms)
2025-08-07 17:02:20,714 - qiskit.passmanager.base_tasks - INFO - Pass: Size - 0.00286 (ms)
2025-08-07 17:02:20,714 - qiskit.passmanager.base_tasks - INFO - Pass: MinimumPoint - 0.00691 (ms)
2025-08-07 17:02:20,714 - qiskit.passmanager.base_tasks - INFO - Pass: ContainsInstruction - 0.00596 (ms)
2025-08-07 17:02:20,715 - qiskit.passmanager.base_tasks - INFO - Pass: InstructionDurationCheck - 0.81491 (ms)
