2025-08-07 20:18:31,048 - root - INFO - ++++++++++++++++ Starting at 2025-08-07 20:18:31.048284 +++++++++++++++++
2025-08-07 20:18:31,048 - src.ProcessQaoa - INFO - Using p_level:: 1
2025-08-07 20:18:33,902 - src.ProcessQaoa - INFO - Using Real Hardware
2025-08-07 20:18:36,454 - qiskit.passmanager.base_tasks - INFO - Pass: ContainsInstruction - 0.01717 (ms)
2025-08-07 20:18:36,454 - qiskit.passmanager.base_tasks - INFO - Pass: UnitarySynthesis - 0.00286 (ms)
2025-08-07 20:18:36,506 - qiskit.passmanager.base_tasks - INFO - Pass: HighLevelSynthesis - 51.90802 (ms)
2025-08-07 20:18:36,506 - qiskit.passmanager.base_tasks - INFO - Pass: BasisTranslator - 0.03719 (ms)
2025-08-07 20:18:36,506 - qiskit.passmanager.base_tasks - INFO - Pass: ElidePermutations - 0.00405 (ms)
2025-08-07 20:18:36,507 - qiskit.passmanager.base_tasks - INFO - Pass: RemoveDiagonalGatesBeforeMeasure - 0.18716 (ms)
2025-08-07 20:18:36,507 - qiskit.passmanager.base_tasks - INFO - Pass: RemoveIdentityEquivalent - 0.00501 (ms)
2025-08-07 20:18:36,507 - qiskit.passmanager.base_tasks - INFO - Pass: InverseCancellation - 0.45729 (ms)
2025-08-07 20:18:36,507 - qiskit.passmanager.base_tasks - INFO - Pass: ContractIdleWiresInControlFlow - 0.00095 (ms)
2025-08-07 20:18:36,507 - qiskit.passmanager.base_tasks - INFO - Pass: CommutativeCancellation - 0.17214 (ms)
2025-08-07 20:18:36,507 - qiskit.passmanager.base_tasks - INFO - Pass: ConsolidateBlocks - 0.08392 (ms)
2025-08-07 20:18:36,507 - qiskit.passmanager.base_tasks - INFO - Pass: Split2QUnitaries - 0.03481 (ms)
2025-08-07 20:18:36,507 - qiskit.passmanager.base_tasks - INFO - Pass: SetLayout - 0.00215 (ms)
2025-08-07 20:18:36,510 - qiskit.passmanager.base_tasks - INFO - Pass: VF2Layout - 2.86102 (ms)
2025-08-07 20:18:36,510 - qiskit.passmanager.base_tasks - INFO - Pass: BarrierBeforeFinalMeasurements - 0.00310 (ms)
2025-08-07 20:18:36,641 - qiskit.passmanager.base_tasks - INFO - Pass: SabreLayout - 130.67126 (ms)
2025-08-07 20:18:36,641 - qiskit.passmanager.base_tasks - INFO - Pass: CheckMap - 0.03791 (ms)
2025-08-07 20:18:36,650 - qiskit.passmanager.base_tasks - INFO - Pass: VF2PostLayout - 8.66485 (ms)
2025-08-07 20:18:36,652 - qiskit.passmanager.base_tasks - INFO - Pass: ApplyLayout - 2.14601 (ms)
2025-08-07 20:18:36,652 - qiskit.passmanager.base_tasks - INFO - Pass: FilterOpNodes - 0.31281 (ms)
2025-08-07 20:18:36,652 - qiskit.passmanager.base_tasks - INFO - Pass: UnitarySynthesis - 0.00405 (ms)
2025-08-07 20:18:36,653 - qiskit.passmanager.base_tasks - INFO - Pass: HighLevelSynthesis - 0.10180 (ms)
2025-08-07 20:18:36,659 - qiskit.passmanager.base_tasks - INFO - Pass: BasisTranslator - 6.70695 (ms)
2025-08-07 20:18:36,659 - qiskit.passmanager.base_tasks - INFO - Pass: CheckGateDirection - 0.00381 (ms)
2025-08-07 20:18:36,676 - qiskit.passmanager.base_tasks - INFO - Pass: GateDirection - 16.15834 (ms)
2025-08-07 20:18:36,789 - qiskit.passmanager.base_tasks - INFO - Pass: BasisTranslator - 112.88881 (ms)
2025-08-07 20:18:36,791 - qiskit.passmanager.base_tasks - INFO - Pass: Depth - 1.90115 (ms)
2025-08-07 20:18:36,791 - qiskit.passmanager.base_tasks - INFO - Pass: Size - 0.00310 (ms)
2025-08-07 20:18:36,791 - qiskit.passmanager.base_tasks - INFO - Pass: MinimumPoint - 0.00787 (ms)
2025-08-07 20:18:36,799 - qiskit.passmanager.base_tasks - INFO - Pass: ConsolidateBlocks - 8.01396 (ms)
2025-08-07 20:18:36,824 - qiskit.passmanager.base_tasks - INFO - Pass: UnitarySynthesis - 25.01225 (ms)
2025-08-07 20:18:36,824 - qiskit.passmanager.base_tasks - INFO - Pass: RemoveIdentityEquivalent - 0.27490 (ms)
2025-08-07 20:18:36,864 - qiskit.passmanager.base_tasks - INFO - Pass: Optimize1qGatesDecomposition - 39.38627 (ms)
2025-08-07 20:18:36,883 - qiskit.passmanager.base_tasks - INFO - Pass: CommutativeCancellation - 18.75997 (ms)
2025-08-07 20:18:36,883 - qiskit.passmanager.base_tasks - INFO - Pass: ContractIdleWiresInControlFlow - 0.00119 (ms)
2025-08-07 20:18:36,883 - qiskit.passmanager.base_tasks - INFO - Pass: GatesInBasis - 0.70810 (ms)
2025-08-07 20:18:36,884 - qiskit.passmanager.base_tasks - INFO - Pass: Depth - 0.67306 (ms)
2025-08-07 20:18:36,884 - qiskit.passmanager.base_tasks - INFO - Pass: Size - 0.00095 (ms)
2025-08-07 20:18:37,028 - qiskit.passmanager.base_tasks - INFO - Pass: MinimumPoint - 143.88990 (ms)
2025-08-07 20:18:37,034 - qiskit.passmanager.base_tasks - INFO - Pass: ConsolidateBlocks - 5.75590 (ms)
2025-08-07 20:18:37,040 - qiskit.passmanager.base_tasks - INFO - Pass: UnitarySynthesis - 6.59704 (ms)
2025-08-07 20:18:37,041 - qiskit.passmanager.base_tasks - INFO - Pass: RemoveIdentityEquivalent - 0.23818 (ms)
2025-08-07 20:18:37,043 - qiskit.passmanager.base_tasks - INFO - Pass: Optimize1qGatesDecomposition - 1.91379 (ms)
2025-08-07 20:18:37,047 - qiskit.passmanager.base_tasks - INFO - Pass: CommutativeCancellation - 4.29797 (ms)
2025-08-07 20:18:37,047 - qiskit.passmanager.base_tasks - INFO - Pass: ContractIdleWiresInControlFlow - 0.00095 (ms)
2025-08-07 20:18:37,048 - qiskit.passmanager.base_tasks - INFO - Pass: GatesInBasis - 0.69308 (ms)
2025-08-07 20:18:37,049 - qiskit.passmanager.base_tasks - INFO - Pass: Depth - 0.68498 (ms)
2025-08-07 20:18:37,049 - qiskit.passmanager.base_tasks - INFO - Pass: Size - 0.00095 (ms)
2025-08-07 20:18:37,188 - qiskit.passmanager.base_tasks - INFO - Pass: MinimumPoint - 139.08982 (ms)
2025-08-07 20:18:37,194 - qiskit.passmanager.base_tasks - INFO - Pass: ConsolidateBlocks - 5.73277 (ms)
2025-08-07 20:18:37,199 - qiskit.passmanager.base_tasks - INFO - Pass: UnitarySynthesis - 5.30529 (ms)
2025-08-07 20:18:37,200 - qiskit.passmanager.base_tasks - INFO - Pass: RemoveIdentityEquivalent - 0.23818 (ms)
2025-08-07 20:18:37,201 - qiskit.passmanager.base_tasks - INFO - Pass: Optimize1qGatesDecomposition - 1.75786 (ms)
2025-08-07 20:18:37,204 - qiskit.passmanager.base_tasks - INFO - Pass: CommutativeCancellation - 2.81906 (ms)
2025-08-07 20:18:37,204 - qiskit.passmanager.base_tasks - INFO - Pass: ContractIdleWiresInControlFlow - 0.00095 (ms)
2025-08-07 20:18:37,205 - qiskit.passmanager.base_tasks - INFO - Pass: GatesInBasis - 0.73981 (ms)
2025-08-07 20:18:37,206 - qiskit.passmanager.base_tasks - INFO - Pass: Depth - 0.63109 (ms)
2025-08-07 20:18:37,206 - qiskit.passmanager.base_tasks - INFO - Pass: Size - 0.00095 (ms)
2025-08-07 20:18:37,356 - qiskit.passmanager.base_tasks - INFO - Pass: MinimumPoint - 150.16699 (ms)
2025-08-07 20:18:37,361 - qiskit.passmanager.base_tasks - INFO - Pass: ConsolidateBlocks - 5.52130 (ms)
2025-08-07 20:18:37,366 - qiskit.passmanager.base_tasks - INFO - Pass: UnitarySynthesis - 4.55403 (ms)
2025-08-07 20:18:37,366 - qiskit.passmanager.base_tasks - INFO - Pass: RemoveIdentityEquivalent - 0.23103 (ms)
2025-08-07 20:18:37,368 - qiskit.passmanager.base_tasks - INFO - Pass: Optimize1qGatesDecomposition - 1.71804 (ms)
2025-08-07 20:18:37,370 - qiskit.passmanager.base_tasks - INFO - Pass: CommutativeCancellation - 1.98293 (ms)
2025-08-07 20:18:37,370 - qiskit.passmanager.base_tasks - INFO - Pass: ContractIdleWiresInControlFlow - 0.00095 (ms)
2025-08-07 20:18:37,371 - qiskit.passmanager.base_tasks - INFO - Pass: GatesInBasis - 0.73814 (ms)
2025-08-07 20:18:37,372 - qiskit.passmanager.base_tasks - INFO - Pass: Depth - 0.64015 (ms)
2025-08-07 20:18:37,372 - qiskit.passmanager.base_tasks - INFO - Pass: Size - 0.00095 (ms)
2025-08-07 20:18:37,372 - qiskit.passmanager.base_tasks - INFO - Pass: MinimumPoint - 0.00310 (ms)
2025-08-07 20:18:37,377 - qiskit.passmanager.base_tasks - INFO - Pass: ConsolidateBlocks - 5.22113 (ms)
2025-08-07 20:18:37,381 - qiskit.passmanager.base_tasks - INFO - Pass: UnitarySynthesis - 4.45914 (ms)
2025-08-07 20:18:37,382 - qiskit.passmanager.base_tasks - INFO - Pass: RemoveIdentityEquivalent - 0.22817 (ms)
2025-08-07 20:18:37,383 - qiskit.passmanager.base_tasks - INFO - Pass: Optimize1qGatesDecomposition - 1.69587 (ms)
2025-08-07 20:18:37,385 - qiskit.passmanager.base_tasks - INFO - Pass: CommutativeCancellation - 1.91522 (ms)
2025-08-07 20:18:37,385 - qiskit.passmanager.base_tasks - INFO - Pass: ContractIdleWiresInControlFlow - 0.00095 (ms)
2025-08-07 20:18:37,386 - qiskit.passmanager.base_tasks - INFO - Pass: GatesInBasis - 0.74005 (ms)
2025-08-07 20:18:37,387 - qiskit.passmanager.base_tasks - INFO - Pass: Depth - 0.62728 (ms)
2025-08-07 20:18:37,387 - qiskit.passmanager.base_tasks - INFO - Pass: Size - 0.00095 (ms)
2025-08-07 20:18:37,387 - qiskit.passmanager.base_tasks - INFO - Pass: MinimumPoint - 0.00310 (ms)
2025-08-07 20:18:37,392 - qiskit.passmanager.base_tasks - INFO - Pass: ConsolidateBlocks - 5.28884 (ms)
2025-08-07 20:18:37,397 - qiskit.passmanager.base_tasks - INFO - Pass: UnitarySynthesis - 4.46820 (ms)
2025-08-07 20:18:37,397 - qiskit.passmanager.base_tasks - INFO - Pass: RemoveIdentityEquivalent - 0.22697 (ms)
2025-08-07 20:18:37,399 - qiskit.passmanager.base_tasks - INFO - Pass: Optimize1qGatesDecomposition - 1.72210 (ms)
2025-08-07 20:18:37,401 - qiskit.passmanager.base_tasks - INFO - Pass: CommutativeCancellation - 1.84584 (ms)
2025-08-07 20:18:37,401 - qiskit.passmanager.base_tasks - INFO - Pass: ContractIdleWiresInControlFlow - 0.00119 (ms)
2025-08-07 20:18:37,401 - qiskit.passmanager.base_tasks - INFO - Pass: GatesInBasis - 0.74482 (ms)
2025-08-07 20:18:37,402 - qiskit.passmanager.base_tasks - INFO - Pass: Depth - 0.59581 (ms)
2025-08-07 20:18:37,402 - qiskit.passmanager.base_tasks - INFO - Pass: Size - 0.00095 (ms)
2025-08-07 20:18:37,402 - qiskit.passmanager.base_tasks - INFO - Pass: MinimumPoint - 0.00095 (ms)
2025-08-07 20:18:37,407 - qiskit.passmanager.base_tasks - INFO - Pass: ConsolidateBlocks - 5.32508 (ms)
2025-08-07 20:18:37,412 - qiskit.passmanager.base_tasks - INFO - Pass: UnitarySynthesis - 4.36139 (ms)
2025-08-07 20:18:37,412 - qiskit.passmanager.base_tasks - INFO - Pass: RemoveIdentityEquivalent - 0.24414 (ms)
2025-08-07 20:18:37,414 - qiskit.passmanager.base_tasks - INFO - Pass: Optimize1qGatesDecomposition - 1.73402 (ms)
2025-08-07 20:18:37,416 - qiskit.passmanager.base_tasks - INFO - Pass: CommutativeCancellation - 1.81913 (ms)
2025-08-07 20:18:37,416 - qiskit.passmanager.base_tasks - INFO - Pass: ContractIdleWiresInControlFlow - 0.00167 (ms)
2025-08-07 20:18:37,416 - qiskit.passmanager.base_tasks - INFO - Pass: GatesInBasis - 0.74315 (ms)
2025-08-07 20:18:37,417 - qiskit.passmanager.base_tasks - INFO - Pass: Depth - 0.62299 (ms)
2025-08-07 20:18:37,417 - qiskit.passmanager.base_tasks - INFO - Pass: Size - 0.00072 (ms)
2025-08-07 20:18:37,417 - qiskit.passmanager.base_tasks - INFO - Pass: MinimumPoint - 0.00310 (ms)
2025-08-07 20:18:37,418 - qiskit.passmanager.base_tasks - INFO - Pass: ContainsInstruction - 0.00381 (ms)
2025-08-07 20:18:37,418 - qiskit.passmanager.base_tasks - INFO - Pass: InstructionDurationCheck - 0.79489 (ms)
