2025-07-25 02:48:31,075 - root - INFO - ++++++++++++++++ Starting at 2025-07-25 02:48:31.075175 +++++++++++++++++
2025-07-25 02:48:31,075 - src.ProcessQaoa - INFO - Using p_level:: 1
2025-07-25 02:48:33,054 - src.ProcessQaoa - INFO - Using Real Hardware
2025-07-25 02:48:34,469 - qiskit.passmanager.base_tasks - INFO - Pass: ContainsInstruction - 0.01836 (ms)
2025-07-25 02:48:34,469 - qiskit.passmanager.base_tasks - INFO - Pass: UnitarySynthesis - 0.00310 (ms)
2025-07-25 02:48:34,472 - qiskit.passmanager.base_tasks - INFO - Pass: HighLevelSynthesis - 3.11494 (ms)
2025-07-25 02:48:34,472 - qiskit.passmanager.base_tasks - INFO - Pass: BasisTranslator - 0.01502 (ms)
2025-07-25 02:48:34,472 - qiskit.passmanager.base_tasks - INFO - Pass: ElidePermutations - 0.00381 (ms)
2025-07-25 02:48:34,472 - qiskit.passmanager.base_tasks - INFO - Pass: RemoveDiagonalGatesBeforeMeasure - 0.17786 (ms)
2025-07-25 02:48:34,472 - qiskit.passmanager.base_tasks - INFO - Pass: RemoveIdentityEquivalent - 0.00215 (ms)
2025-07-25 02:48:34,473 - qiskit.passmanager.base_tasks - INFO - Pass: InverseCancellation - 0.20123 (ms)
2025-07-25 02:48:34,473 - qiskit.passmanager.base_tasks - INFO - Pass: ContractIdleWiresInControlFlow - 0.00215 (ms)
2025-07-25 02:48:34,473 - qiskit.passmanager.base_tasks - INFO - Pass: CommutativeCancellation - 0.06580 (ms)
2025-07-25 02:48:34,473 - qiskit.passmanager.base_tasks - INFO - Pass: ConsolidateBlocks - 0.05579 (ms)
2025-07-25 02:48:34,473 - qiskit.passmanager.base_tasks - INFO - Pass: Split2QUnitaries - 0.07415 (ms)
2025-07-25 02:48:34,473 - qiskit.passmanager.base_tasks - INFO - Pass: SetLayout - 0.00215 (ms)
2025-07-25 02:48:34,475 - qiskit.passmanager.base_tasks - INFO - Pass: VF2Layout - 1.96505 (ms)
2025-07-25 02:48:34,475 - qiskit.passmanager.base_tasks - INFO - Pass: BarrierBeforeFinalMeasurements - 0.00310 (ms)
2025-07-25 02:48:34,481 - qiskit.passmanager.base_tasks - INFO - Pass: SabreLayout - 5.57995 (ms)
2025-07-25 02:48:34,481 - qiskit.passmanager.base_tasks - INFO - Pass: CheckMap - 0.02313 (ms)
2025-07-25 02:48:34,483 - qiskit.passmanager.base_tasks - INFO - Pass: VF2PostLayout - 2.68698 (ms)
2025-07-25 02:48:34,484 - qiskit.passmanager.base_tasks - INFO - Pass: ApplyLayout - 0.43607 (ms)
2025-07-25 02:48:34,484 - qiskit.passmanager.base_tasks - INFO - Pass: FilterOpNodes - 0.06485 (ms)
2025-07-25 02:48:34,484 - qiskit.passmanager.base_tasks - INFO - Pass: UnitarySynthesis - 0.00310 (ms)
2025-07-25 02:48:34,484 - qiskit.passmanager.base_tasks - INFO - Pass: HighLevelSynthesis - 0.01097 (ms)
2025-07-25 02:48:34,485 - qiskit.passmanager.base_tasks - INFO - Pass: BasisTranslator - 0.79012 (ms)
2025-07-25 02:48:34,485 - qiskit.passmanager.base_tasks - INFO - Pass: CheckGateDirection - 0.00310 (ms)
2025-07-25 02:48:34,485 - qiskit.passmanager.base_tasks - INFO - Pass: GateDirection - 0.36097 (ms)
2025-07-25 02:48:34,486 - qiskit.passmanager.base_tasks - INFO - Pass: BasisTranslator - 0.93293 (ms)
2025-07-25 02:48:34,486 - qiskit.passmanager.base_tasks - INFO - Pass: Depth - 0.22006 (ms)
2025-07-25 02:48:34,486 - qiskit.passmanager.base_tasks - INFO - Pass: Size - 0.00095 (ms)
2025-07-25 02:48:34,486 - qiskit.passmanager.base_tasks - INFO - Pass: MinimumPoint - 0.00501 (ms)
2025-07-25 02:48:34,487 - qiskit.passmanager.base_tasks - INFO - Pass: ConsolidateBlocks - 0.75579 (ms)
2025-07-25 02:48:34,489 - qiskit.passmanager.base_tasks - INFO - Pass: UnitarySynthesis - 1.36805 (ms)
2025-07-25 02:48:34,489 - qiskit.passmanager.base_tasks - INFO - Pass: RemoveIdentityEquivalent - 0.01121 (ms)
2025-07-25 02:48:34,489 - qiskit.passmanager.base_tasks - INFO - Pass: Optimize1qGatesDecomposition - 0.19217 (ms)
2025-07-25 02:48:34,489 - qiskit.passmanager.base_tasks - INFO - Pass: CommutativeCancellation - 0.25487 (ms)
2025-07-25 02:48:34,489 - qiskit.passmanager.base_tasks - INFO - Pass: ContractIdleWiresInControlFlow - 0.00095 (ms)
2025-07-25 02:48:34,489 - qiskit.passmanager.base_tasks - INFO - Pass: GatesInBasis - 0.02313 (ms)
2025-07-25 02:48:34,489 - qiskit.passmanager.base_tasks - INFO - Pass: Depth - 0.02575 (ms)
2025-07-25 02:48:34,489 - qiskit.passmanager.base_tasks - INFO - Pass: Size - 0.00119 (ms)
2025-07-25 02:48:34,519 - qiskit.passmanager.base_tasks - INFO - Pass: MinimumPoint - 29.49905 (ms)
2025-07-25 02:48:34,519 - qiskit.passmanager.base_tasks - INFO - Pass: ConsolidateBlocks - 0.15998 (ms)
2025-07-25 02:48:34,519 - qiskit.passmanager.base_tasks - INFO - Pass: UnitarySynthesis - 0.00286 (ms)
2025-07-25 02:48:34,519 - qiskit.passmanager.base_tasks - INFO - Pass: RemoveIdentityEquivalent - 0.00787 (ms)
2025-07-25 02:48:34,519 - qiskit.passmanager.base_tasks - INFO - Pass: Optimize1qGatesDecomposition - 0.05698 (ms)
2025-07-25 02:48:34,519 - qiskit.passmanager.base_tasks - INFO - Pass: CommutativeCancellation - 0.07796 (ms)
2025-07-25 02:48:34,519 - qiskit.passmanager.base_tasks - INFO - Pass: ContractIdleWiresInControlFlow - 0.00095 (ms)
2025-07-25 02:48:34,519 - qiskit.passmanager.base_tasks - INFO - Pass: GatesInBasis - 0.01979 (ms)
2025-07-25 02:48:34,519 - qiskit.passmanager.base_tasks - INFO - Pass: Depth - 0.02217 (ms)
2025-07-25 02:48:34,519 - qiskit.passmanager.base_tasks - INFO - Pass: Size - 0.00119 (ms)
2025-07-25 02:48:34,519 - qiskit.passmanager.base_tasks - INFO - Pass: MinimumPoint - 0.00310 (ms)
2025-07-25 02:48:34,519 - qiskit.passmanager.base_tasks - INFO - Pass: ContainsInstruction - 0.00310 (ms)
2025-07-25 02:48:34,519 - qiskit.passmanager.base_tasks - INFO - Pass: InstructionDurationCheck - 0.02694 (ms)
