2025-08-06 19:25:39,020 - root - INFO - ++++++++++++++++ Starting at 2025-08-06 19:25:39.020235 +++++++++++++++++
2025-08-06 19:25:39,020 - src.ProcessQaoa - INFO - Using p_level:: 1
2025-08-06 19:25:42,117 - src.ProcessQaoa - INFO - Using Real Hardware
2025-08-06 19:25:45,117 - qiskit.passmanager.base_tasks - INFO - Pass: ContainsInstruction - 0.15688 (ms)
2025-08-06 19:25:45,117 - qiskit.passmanager.base_tasks - INFO - Pass: UnitarySynthesis - 0.00286 (ms)
2025-08-06 19:25:45,268 - qiskit.passmanager.base_tasks - INFO - Pass: HighLevelSynthesis - 150.90704 (ms)
2025-08-06 19:25:45,269 - qiskit.passmanager.base_tasks - INFO - Pass: BasisTranslator - 0.12994 (ms)
2025-08-06 19:25:45,269 - qiskit.passmanager.base_tasks - INFO - Pass: ElidePermutations - 0.00286 (ms)
2025-08-06 19:25:45,269 - qiskit.passmanager.base_tasks - INFO - Pass: RemoveDiagonalGatesBeforeMeasure - 0.18811 (ms)
2025-08-06 19:25:45,269 - qiskit.passmanager.base_tasks - INFO - Pass: RemoveIdentityEquivalent - 0.01097 (ms)
2025-08-06 19:25:45,270 - qiskit.passmanager.base_tasks - INFO - Pass: InverseCancellation - 0.62895 (ms)
2025-08-06 19:25:45,270 - qiskit.passmanager.base_tasks - INFO - Pass: ContractIdleWiresInControlFlow - 0.00095 (ms)
2025-08-06 19:25:45,270 - qiskit.passmanager.base_tasks - INFO - Pass: CommutativeCancellation - 0.57817 (ms)
2025-08-06 19:25:45,270 - qiskit.passmanager.base_tasks - INFO - Pass: ConsolidateBlocks - 0.25511 (ms)
2025-08-06 19:25:45,271 - qiskit.passmanager.base_tasks - INFO - Pass: Split2QUnitaries - 0.20671 (ms)
2025-08-06 19:25:45,271 - qiskit.passmanager.base_tasks - INFO - Pass: SetLayout - 0.00215 (ms)
2025-08-06 19:25:45,276 - qiskit.passmanager.base_tasks - INFO - Pass: VF2Layout - 5.16200 (ms)
2025-08-06 19:25:45,276 - qiskit.passmanager.base_tasks - INFO - Pass: BarrierBeforeFinalMeasurements - 0.00477 (ms)
2025-08-06 19:25:45,959 - qiskit.passmanager.base_tasks - INFO - Pass: SabreLayout - 682.83296 (ms)
2025-08-06 19:25:45,959 - qiskit.passmanager.base_tasks - INFO - Pass: CheckMap - 0.06080 (ms)
2025-08-06 19:25:45,982 - qiskit.passmanager.base_tasks - INFO - Pass: VF2PostLayout - 22.77493 (ms)
2025-08-06 19:25:45,983 - qiskit.passmanager.base_tasks - INFO - Pass: FilterOpNodes - 1.33705 (ms)
2025-08-06 19:25:45,983 - qiskit.passmanager.base_tasks - INFO - Pass: UnitarySynthesis - 0.00381 (ms)
2025-08-06 19:25:45,984 - qiskit.passmanager.base_tasks - INFO - Pass: HighLevelSynthesis - 0.43321 (ms)
2025-08-06 19:25:46,063 - qiskit.passmanager.base_tasks - INFO - Pass: BasisTranslator - 78.96709 (ms)
2025-08-06 19:25:46,063 - qiskit.passmanager.base_tasks - INFO - Pass: CheckGateDirection - 0.00381 (ms)
2025-08-06 19:25:46,316 - qiskit.passmanager.base_tasks - INFO - Pass: GateDirection - 253.36909 (ms)
2025-08-06 19:25:49,638 - qiskit.passmanager.base_tasks - INFO - Pass: BasisTranslator - 3321.02513 (ms)
2025-08-06 19:25:49,648 - qiskit.passmanager.base_tasks - INFO - Pass: Depth - 9.20010 (ms)
2025-08-06 19:25:49,648 - qiskit.passmanager.base_tasks - INFO - Pass: Size - 0.00310 (ms)
2025-08-06 19:25:49,648 - qiskit.passmanager.base_tasks - INFO - Pass: MinimumPoint - 0.00787 (ms)
2025-08-06 19:25:49,693 - qiskit.passmanager.base_tasks - INFO - Pass: ConsolidateBlocks - 44.50989 (ms)
2025-08-06 19:25:50,209 - qiskit.passmanager.base_tasks - INFO - Pass: UnitarySynthesis - 516.37197 (ms)
2025-08-06 19:25:50,211 - qiskit.passmanager.base_tasks - INFO - Pass: RemoveIdentityEquivalent - 1.65081 (ms)
2025-08-06 19:25:51,467 - qiskit.passmanager.base_tasks - INFO - Pass: Optimize1qGatesDecomposition - 1255.99504 (ms)
2025-08-06 19:25:51,916 - qiskit.passmanager.base_tasks - INFO - Pass: CommutativeCancellation - 448.08388 (ms)
2025-08-06 19:25:51,916 - qiskit.passmanager.base_tasks - INFO - Pass: ContractIdleWiresInControlFlow - 0.00381 (ms)
2025-08-06 19:25:51,920 - qiskit.passmanager.base_tasks - INFO - Pass: GatesInBasis - 4.00686 (ms)
2025-08-06 19:25:51,925 - qiskit.passmanager.base_tasks - INFO - Pass: Depth - 4.92978 (ms)
2025-08-06 19:25:51,925 - qiskit.passmanager.base_tasks - INFO - Pass: Size - 0.00310 (ms)
2025-08-06 19:25:52,679 - qiskit.passmanager.base_tasks - INFO - Pass: MinimumPoint - 754.58622 (ms)
2025-08-06 19:25:52,711 - qiskit.passmanager.base_tasks - INFO - Pass: ConsolidateBlocks - 31.65412 (ms)
2025-08-06 19:25:52,781 - qiskit.passmanager.base_tasks - INFO - Pass: UnitarySynthesis - 70.23811 (ms)
2025-08-06 19:25:52,784 - qiskit.passmanager.base_tasks - INFO - Pass: RemoveIdentityEquivalent - 1.65892 (ms)
2025-08-06 19:25:52,798 - qiskit.passmanager.base_tasks - INFO - Pass: Optimize1qGatesDecomposition - 13.48710 (ms)
2025-08-06 19:25:52,835 - qiskit.passmanager.base_tasks - INFO - Pass: CommutativeCancellation - 37.32014 (ms)
2025-08-06 19:25:52,835 - qiskit.passmanager.base_tasks - INFO - Pass: ContractIdleWiresInControlFlow - 0.00310 (ms)
2025-08-06 19:25:52,839 - qiskit.passmanager.base_tasks - INFO - Pass: GatesInBasis - 3.97396 (ms)
2025-08-06 19:25:52,843 - qiskit.passmanager.base_tasks - INFO - Pass: Depth - 4.06504 (ms)
2025-08-06 19:25:52,843 - qiskit.passmanager.base_tasks - INFO - Pass: Size - 0.00310 (ms)
2025-08-06 19:25:53,500 - qiskit.passmanager.base_tasks - INFO - Pass: MinimumPoint - 656.88491 (ms)
2025-08-06 19:25:53,531 - qiskit.passmanager.base_tasks - INFO - Pass: ConsolidateBlocks - 30.28989 (ms)
2025-08-06 19:25:53,590 - qiskit.passmanager.base_tasks - INFO - Pass: UnitarySynthesis - 59.61514 (ms)
2025-08-06 19:25:53,593 - qiskit.passmanager.base_tasks - INFO - Pass: RemoveIdentityEquivalent - 1.68085 (ms)
2025-08-06 19:25:53,606 - qiskit.passmanager.base_tasks - INFO - Pass: Optimize1qGatesDecomposition - 13.26990 (ms)
2025-08-06 19:25:53,629 - qiskit.passmanager.base_tasks - INFO - Pass: CommutativeCancellation - 23.08202 (ms)
2025-08-06 19:25:53,629 - qiskit.passmanager.base_tasks - INFO - Pass: ContractIdleWiresInControlFlow - 0.00191 (ms)
2025-08-06 19:25:53,633 - qiskit.passmanager.base_tasks - INFO - Pass: GatesInBasis - 3.96490 (ms)
2025-08-06 19:25:53,638 - qiskit.passmanager.base_tasks - INFO - Pass: Depth - 4.13370 (ms)
2025-08-06 19:25:53,638 - qiskit.passmanager.base_tasks - INFO - Pass: Size - 0.00191 (ms)
2025-08-06 19:25:54,358 - qiskit.passmanager.base_tasks - INFO - Pass: MinimumPoint - 720.29805 (ms)
2025-08-06 19:25:54,388 - qiskit.passmanager.base_tasks - INFO - Pass: ConsolidateBlocks - 30.28131 (ms)
2025-08-06 19:25:54,442 - qiskit.passmanager.base_tasks - INFO - Pass: UnitarySynthesis - 53.33591 (ms)
2025-08-06 19:25:54,445 - qiskit.passmanager.base_tasks - INFO - Pass: RemoveIdentityEquivalent - 1.41096 (ms)
2025-08-06 19:25:54,455 - qiskit.passmanager.base_tasks - INFO - Pass: Optimize1qGatesDecomposition - 10.46586 (ms)
2025-08-06 19:25:54,467 - qiskit.passmanager.base_tasks - INFO - Pass: CommutativeCancellation - 12.02989 (ms)
2025-08-06 19:25:54,467 - qiskit.passmanager.base_tasks - INFO - Pass: ContractIdleWiresInControlFlow - 0.00310 (ms)
2025-08-06 19:25:54,471 - qiskit.passmanager.base_tasks - INFO - Pass: GatesInBasis - 3.96395 (ms)
2025-08-06 19:25:54,475 - qiskit.passmanager.base_tasks - INFO - Pass: Depth - 4.05717 (ms)
2025-08-06 19:25:54,475 - qiskit.passmanager.base_tasks - INFO - Pass: Size - 0.00191 (ms)
2025-08-06 19:25:54,475 - qiskit.passmanager.base_tasks - INFO - Pass: MinimumPoint - 0.00501 (ms)
2025-08-06 19:25:54,504 - qiskit.passmanager.base_tasks - INFO - Pass: ConsolidateBlocks - 28.52893 (ms)
2025-08-06 19:25:54,558 - qiskit.passmanager.base_tasks - INFO - Pass: UnitarySynthesis - 53.57099 (ms)
2025-08-06 19:25:54,560 - qiskit.passmanager.base_tasks - INFO - Pass: RemoveIdentityEquivalent - 1.57905 (ms)
2025-08-06 19:25:54,571 - qiskit.passmanager.base_tasks - INFO - Pass: Optimize1qGatesDecomposition - 10.40578 (ms)
2025-08-06 19:25:54,584 - qiskit.passmanager.base_tasks - INFO - Pass: CommutativeCancellation - 12.96306 (ms)
2025-08-06 19:25:54,584 - qiskit.passmanager.base_tasks - INFO - Pass: ContractIdleWiresInControlFlow - 0.00310 (ms)
2025-08-06 19:25:54,588 - qiskit.passmanager.base_tasks - INFO - Pass: GatesInBasis - 3.99113 (ms)
2025-08-06 19:25:54,592 - qiskit.passmanager.base_tasks - INFO - Pass: Depth - 4.43482 (ms)
2025-08-06 19:25:54,592 - qiskit.passmanager.base_tasks - INFO - Pass: Size - 0.00310 (ms)
2025-08-06 19:25:54,592 - qiskit.passmanager.base_tasks - INFO - Pass: MinimumPoint - 0.00477 (ms)
2025-08-06 19:25:54,622 - qiskit.passmanager.base_tasks - INFO - Pass: ConsolidateBlocks - 29.79612 (ms)
2025-08-06 19:25:54,679 - qiskit.passmanager.base_tasks - INFO - Pass: UnitarySynthesis - 56.40817 (ms)
2025-08-06 19:25:54,682 - qiskit.passmanager.base_tasks - INFO - Pass: RemoveIdentityEquivalent - 1.58000 (ms)
2025-08-06 19:25:54,692 - qiskit.passmanager.base_tasks - INFO - Pass: Optimize1qGatesDecomposition - 10.12588 (ms)
2025-08-06 19:25:54,703 - qiskit.passmanager.base_tasks - INFO - Pass: CommutativeCancellation - 11.49201 (ms)
2025-08-06 19:25:54,703 - qiskit.passmanager.base_tasks - INFO - Pass: ContractIdleWiresInControlFlow - 0.00310 (ms)
2025-08-06 19:25:54,707 - qiskit.passmanager.base_tasks - INFO - Pass: GatesInBasis - 3.93772 (ms)
2025-08-06 19:25:54,711 - qiskit.passmanager.base_tasks - INFO - Pass: Depth - 3.87502 (ms)
2025-08-06 19:25:54,711 - qiskit.passmanager.base_tasks - INFO - Pass: Size - 0.00215 (ms)
2025-08-06 19:25:54,711 - qiskit.passmanager.base_tasks - INFO - Pass: MinimumPoint - 0.00405 (ms)
2025-08-06 19:25:54,740 - qiskit.passmanager.base_tasks - INFO - Pass: ConsolidateBlocks - 28.62406 (ms)
2025-08-06 19:25:54,796 - qiskit.passmanager.base_tasks - INFO - Pass: UnitarySynthesis - 55.79090 (ms)
2025-08-06 19:25:54,799 - qiskit.passmanager.base_tasks - INFO - Pass: RemoveIdentityEquivalent - 1.50394 (ms)
2025-08-06 19:25:54,809 - qiskit.passmanager.base_tasks - INFO - Pass: Optimize1qGatesDecomposition - 10.29301 (ms)
2025-08-06 19:25:54,822 - qiskit.passmanager.base_tasks - INFO - Pass: CommutativeCancellation - 13.23891 (ms)
2025-08-06 19:25:54,822 - qiskit.passmanager.base_tasks - INFO - Pass: ContractIdleWiresInControlFlow - 0.00501 (ms)
2025-08-06 19:25:54,826 - qiskit.passmanager.base_tasks - INFO - Pass: GatesInBasis - 3.94702 (ms)
2025-08-06 19:25:54,831 - qiskit.passmanager.base_tasks - INFO - Pass: Depth - 4.44078 (ms)
2025-08-06 19:25:54,831 - qiskit.passmanager.base_tasks - INFO - Pass: Size - 0.00405 (ms)
2025-08-06 19:25:54,831 - qiskit.passmanager.base_tasks - INFO - Pass: MinimumPoint - 0.00715 (ms)
2025-08-06 19:25:54,834 - qiskit.passmanager.base_tasks - INFO - Pass: ContainsInstruction - 0.00906 (ms)
2025-08-06 19:25:54,838 - qiskit.passmanager.base_tasks - INFO - Pass: InstructionDurationCheck - 4.56190 (ms)
