2025-07-22 01:24:51,307 - root - INFO - ++++++++++++++++ Starting at 2025-07-22 01:24:51.307300 +++++++++++++++++
2025-07-22 01:24:51,307 - src.ProcessQaoa - INFO - Using p_level:: 1
2025-07-22 01:24:54,058 - src.ProcessQaoa - INFO - Using Real Hardware
2025-07-22 01:24:55,506 - qiskit.passmanager.base_tasks - INFO - Pass: ContainsInstruction - 0.16809 (ms)
2025-07-22 01:24:55,506 - qiskit.passmanager.base_tasks - INFO - Pass: UnitarySynthesis - 0.00286 (ms)
2025-07-22 01:24:55,656 - qiskit.passmanager.base_tasks - INFO - Pass: HighLevelSynthesis - 149.70708 (ms)
2025-07-22 01:24:55,656 - qiskit.passmanager.base_tasks - INFO - Pass: BasisTranslator - 0.12803 (ms)
2025-07-22 01:24:55,656 - qiskit.passmanager.base_tasks - INFO - Pass: ElidePermutations - 0.00405 (ms)
2025-07-22 01:24:55,657 - qiskit.passmanager.base_tasks - INFO - Pass: RemoveDiagonalGatesBeforeMeasure - 0.20099 (ms)
2025-07-22 01:24:55,657 - qiskit.passmanager.base_tasks - INFO - Pass: RemoveIdentityEquivalent - 0.01407 (ms)
2025-07-22 01:24:55,657 - qiskit.passmanager.base_tasks - INFO - Pass: InverseCancellation - 0.20623 (ms)
2025-07-22 01:24:55,657 - qiskit.passmanager.base_tasks - INFO - Pass: ContractIdleWiresInControlFlow - 0.00119 (ms)
2025-07-22 01:24:55,657 - qiskit.passmanager.base_tasks - INFO - Pass: CommutativeCancellation - 0.52714 (ms)
2025-07-22 01:24:55,658 - qiskit.passmanager.base_tasks - INFO - Pass: ConsolidateBlocks - 0.25797 (ms)
2025-07-22 01:24:55,658 - qiskit.passmanager.base_tasks - INFO - Pass: Split2QUnitaries - 0.16809 (ms)
2025-07-22 01:24:55,658 - qiskit.passmanager.base_tasks - INFO - Pass: SetLayout - 0.00072 (ms)
2025-07-22 01:24:55,663 - qiskit.passmanager.base_tasks - INFO - Pass: VF2Layout - 4.71830 (ms)
2025-07-22 01:24:55,663 - qiskit.passmanager.base_tasks - INFO - Pass: BarrierBeforeFinalMeasurements - 0.00596 (ms)
2025-07-22 01:24:56,320 - qiskit.passmanager.base_tasks - INFO - Pass: SabreLayout - 656.90899 (ms)
2025-07-22 01:24:56,320 - qiskit.passmanager.base_tasks - INFO - Pass: CheckMap - 0.05794 (ms)
2025-07-22 01:24:56,341 - qiskit.passmanager.base_tasks - INFO - Pass: VF2PostLayout - 21.68512 (ms)
2025-07-22 01:24:56,343 - qiskit.passmanager.base_tasks - INFO - Pass: FilterOpNodes - 1.26386 (ms)
2025-07-22 01:24:56,343 - qiskit.passmanager.base_tasks - INFO - Pass: UnitarySynthesis - 0.00310 (ms)
2025-07-22 01:24:56,343 - qiskit.passmanager.base_tasks - INFO - Pass: HighLevelSynthesis - 0.46182 (ms)
2025-07-22 01:24:56,418 - qiskit.passmanager.base_tasks - INFO - Pass: BasisTranslator - 75.09089 (ms)
2025-07-22 01:24:56,419 - qiskit.passmanager.base_tasks - INFO - Pass: CheckGateDirection - 0.00405 (ms)
2025-07-22 01:24:56,642 - qiskit.passmanager.base_tasks - INFO - Pass: GateDirection - 223.77920 (ms)
2025-07-22 01:24:59,798 - qiskit.passmanager.base_tasks - INFO - Pass: BasisTranslator - 3155.67684 (ms)
2025-07-22 01:24:59,808 - qiskit.passmanager.base_tasks - INFO - Pass: Depth - 7.99894 (ms)
2025-07-22 01:24:59,808 - qiskit.passmanager.base_tasks - INFO - Pass: Size - 0.00310 (ms)
2025-07-22 01:24:59,808 - qiskit.passmanager.base_tasks - INFO - Pass: MinimumPoint - 0.00715 (ms)
2025-07-22 01:24:59,851 - qiskit.passmanager.base_tasks - INFO - Pass: ConsolidateBlocks - 42.91177 (ms)
2025-07-22 01:25:00,341 - qiskit.passmanager.base_tasks - INFO - Pass: UnitarySynthesis - 490.33499 (ms)
2025-07-22 01:25:00,343 - qiskit.passmanager.base_tasks - INFO - Pass: RemoveIdentityEquivalent - 1.70398 (ms)
2025-07-22 01:25:01,525 - qiskit.passmanager.base_tasks - INFO - Pass: Optimize1qGatesDecomposition - 1181.78773 (ms)
2025-07-22 01:25:01,943 - qiskit.passmanager.base_tasks - INFO - Pass: CommutativeCancellation - 418.22481 (ms)
2025-07-22 01:25:01,943 - qiskit.passmanager.base_tasks - INFO - Pass: ContractIdleWiresInControlFlow - 0.00310 (ms)
2025-07-22 01:25:01,947 - qiskit.passmanager.base_tasks - INFO - Pass: GatesInBasis - 4.06599 (ms)
2025-07-22 01:25:01,952 - qiskit.passmanager.base_tasks - INFO - Pass: Depth - 4.78005 (ms)
2025-07-22 01:25:01,952 - qiskit.passmanager.base_tasks - INFO - Pass: Size - 0.00191 (ms)
2025-07-22 01:25:02,684 - qiskit.passmanager.base_tasks - INFO - Pass: MinimumPoint - 731.87399 (ms)
2025-07-22 01:25:02,715 - qiskit.passmanager.base_tasks - INFO - Pass: ConsolidateBlocks - 30.53427 (ms)
2025-07-22 01:25:02,782 - qiskit.passmanager.base_tasks - INFO - Pass: UnitarySynthesis - 67.00897 (ms)
2025-07-22 01:25:02,785 - qiskit.passmanager.base_tasks - INFO - Pass: RemoveIdentityEquivalent - 1.39403 (ms)
2025-07-22 01:25:02,797 - qiskit.passmanager.base_tasks - INFO - Pass: Optimize1qGatesDecomposition - 12.94017 (ms)
2025-07-22 01:25:02,834 - qiskit.passmanager.base_tasks - INFO - Pass: CommutativeCancellation - 36.53717 (ms)
2025-07-22 01:25:02,834 - qiskit.passmanager.base_tasks - INFO - Pass: ContractIdleWiresInControlFlow - 0.00167 (ms)
2025-07-22 01:25:02,838 - qiskit.passmanager.base_tasks - INFO - Pass: GatesInBasis - 3.95989 (ms)
2025-07-22 01:25:02,842 - qiskit.passmanager.base_tasks - INFO - Pass: Depth - 4.08196 (ms)
2025-07-22 01:25:02,842 - qiskit.passmanager.base_tasks - INFO - Pass: Size - 0.00215 (ms)
2025-07-22 01:25:03,494 - qiskit.passmanager.base_tasks - INFO - Pass: MinimumPoint - 651.59297 (ms)
2025-07-22 01:25:03,524 - qiskit.passmanager.base_tasks - INFO - Pass: ConsolidateBlocks - 29.64997 (ms)
2025-07-22 01:25:03,585 - qiskit.passmanager.base_tasks - INFO - Pass: UnitarySynthesis - 61.16986 (ms)
2025-07-22 01:25:03,587 - qiskit.passmanager.base_tasks - INFO - Pass: RemoveIdentityEquivalent - 1.39308 (ms)
2025-07-22 01:25:03,601 - qiskit.passmanager.base_tasks - INFO - Pass: Optimize1qGatesDecomposition - 13.35692 (ms)
2025-07-22 01:25:03,622 - qiskit.passmanager.base_tasks - INFO - Pass: CommutativeCancellation - 21.35396 (ms)
2025-07-22 01:25:03,622 - qiskit.passmanager.base_tasks - INFO - Pass: ContractIdleWiresInControlFlow - 0.00310 (ms)
2025-07-22 01:25:03,626 - qiskit.passmanager.base_tasks - INFO - Pass: GatesInBasis - 4.09317 (ms)
2025-07-22 01:25:03,631 - qiskit.passmanager.base_tasks - INFO - Pass: Depth - 4.48418 (ms)
2025-07-22 01:25:03,631 - qiskit.passmanager.base_tasks - INFO - Pass: Size - 0.00191 (ms)
2025-07-22 01:25:04,366 - qiskit.passmanager.base_tasks - INFO - Pass: MinimumPoint - 735.46386 (ms)
2025-07-22 01:25:04,395 - qiskit.passmanager.base_tasks - INFO - Pass: ConsolidateBlocks - 28.89705 (ms)
2025-07-22 01:25:04,445 - qiskit.passmanager.base_tasks - INFO - Pass: UnitarySynthesis - 49.98469 (ms)
2025-07-22 01:25:04,448 - qiskit.passmanager.base_tasks - INFO - Pass: RemoveIdentityEquivalent - 1.38783 (ms)
2025-07-22 01:25:04,459 - qiskit.passmanager.base_tasks - INFO - Pass: Optimize1qGatesDecomposition - 10.61606 (ms)
2025-07-22 01:25:04,470 - qiskit.passmanager.base_tasks - INFO - Pass: CommutativeCancellation - 11.39593 (ms)
2025-07-22 01:25:04,470 - qiskit.passmanager.base_tasks - INFO - Pass: ContractIdleWiresInControlFlow - 0.00310 (ms)
2025-07-22 01:25:04,474 - qiskit.passmanager.base_tasks - INFO - Pass: GatesInBasis - 4.13203 (ms)
2025-07-22 01:25:04,479 - qiskit.passmanager.base_tasks - INFO - Pass: Depth - 4.24099 (ms)
2025-07-22 01:25:04,479 - qiskit.passmanager.base_tasks - INFO - Pass: Size - 0.00191 (ms)
2025-07-22 01:25:04,479 - qiskit.passmanager.base_tasks - INFO - Pass: MinimumPoint - 0.00525 (ms)
2025-07-22 01:25:04,508 - qiskit.passmanager.base_tasks - INFO - Pass: ConsolidateBlocks - 29.01483 (ms)
2025-07-22 01:25:04,557 - qiskit.passmanager.base_tasks - INFO - Pass: UnitarySynthesis - 49.31521 (ms)
2025-07-22 01:25:04,559 - qiskit.passmanager.base_tasks - INFO - Pass: RemoveIdentityEquivalent - 1.43909 (ms)
2025-07-22 01:25:04,570 - qiskit.passmanager.base_tasks - INFO - Pass: Optimize1qGatesDecomposition - 10.82611 (ms)
2025-07-22 01:25:04,584 - qiskit.passmanager.base_tasks - INFO - Pass: CommutativeCancellation - 13.58414 (ms)
2025-07-22 01:25:04,584 - qiskit.passmanager.base_tasks - INFO - Pass: ContractIdleWiresInControlFlow - 0.00310 (ms)
2025-07-22 01:25:04,588 - qiskit.passmanager.base_tasks - INFO - Pass: GatesInBasis - 4.04406 (ms)
2025-07-22 01:25:04,593 - qiskit.passmanager.base_tasks - INFO - Pass: Depth - 4.68516 (ms)
2025-07-22 01:25:04,593 - qiskit.passmanager.base_tasks - INFO - Pass: Size - 0.00310 (ms)
2025-07-22 01:25:04,593 - qiskit.passmanager.base_tasks - INFO - Pass: MinimumPoint - 0.00525 (ms)
2025-07-22 01:25:04,623 - qiskit.passmanager.base_tasks - INFO - Pass: ConsolidateBlocks - 29.93584 (ms)
2025-07-22 01:25:04,678 - qiskit.passmanager.base_tasks - INFO - Pass: UnitarySynthesis - 54.83484 (ms)
2025-07-22 01:25:04,680 - qiskit.passmanager.base_tasks - INFO - Pass: RemoveIdentityEquivalent - 1.37186 (ms)
2025-07-22 01:25:04,691 - qiskit.passmanager.base_tasks - INFO - Pass: Optimize1qGatesDecomposition - 10.26678 (ms)
2025-07-22 01:25:04,702 - qiskit.passmanager.base_tasks - INFO - Pass: CommutativeCancellation - 11.37877 (ms)
2025-07-22 01:25:04,702 - qiskit.passmanager.base_tasks - INFO - Pass: ContractIdleWiresInControlFlow - 0.00191 (ms)
2025-07-22 01:25:04,706 - qiskit.passmanager.base_tasks - INFO - Pass: GatesInBasis - 3.92103 (ms)
2025-07-22 01:25:04,710 - qiskit.passmanager.base_tasks - INFO - Pass: Depth - 3.96013 (ms)
2025-07-22 01:25:04,710 - qiskit.passmanager.base_tasks - INFO - Pass: Size - 0.00215 (ms)
2025-07-22 01:25:04,710 - qiskit.passmanager.base_tasks - INFO - Pass: MinimumPoint - 0.00477 (ms)
2025-07-22 01:25:04,739 - qiskit.passmanager.base_tasks - INFO - Pass: ConsolidateBlocks - 28.56088 (ms)
2025-07-22 01:25:04,791 - qiskit.passmanager.base_tasks - INFO - Pass: UnitarySynthesis - 51.67580 (ms)
2025-07-22 01:25:04,794 - qiskit.passmanager.base_tasks - INFO - Pass: RemoveIdentityEquivalent - 1.68705 (ms)
2025-07-22 01:25:04,806 - qiskit.passmanager.base_tasks - INFO - Pass: Optimize1qGatesDecomposition - 11.81126 (ms)
2025-07-22 01:25:04,819 - qiskit.passmanager.base_tasks - INFO - Pass: CommutativeCancellation - 12.94708 (ms)
2025-07-22 01:25:04,819 - qiskit.passmanager.base_tasks - INFO - Pass: ContractIdleWiresInControlFlow - 0.00405 (ms)
2025-07-22 01:25:04,823 - qiskit.passmanager.base_tasks - INFO - Pass: GatesInBasis - 4.13704 (ms)
2025-07-22 01:25:04,828 - qiskit.passmanager.base_tasks - INFO - Pass: Depth - 4.78697 (ms)
2025-07-22 01:25:04,828 - qiskit.passmanager.base_tasks - INFO - Pass: Size - 0.00262 (ms)
2025-07-22 01:25:04,828 - qiskit.passmanager.base_tasks - INFO - Pass: MinimumPoint - 0.00811 (ms)
2025-07-22 01:25:04,832 - qiskit.passmanager.base_tasks - INFO - Pass: ContainsInstruction - 0.01597 (ms)
2025-07-22 01:25:04,836 - qiskit.passmanager.base_tasks - INFO - Pass: InstructionDurationCheck - 4.46916 (ms)
