2025-08-06 21:35:48,577 - root - INFO - ++++++++++++++++ Starting at 2025-08-06 21:35:48.577700 +++++++++++++++++
2025-08-06 21:35:48,577 - src.ProcessQaoa - INFO - Using p_level:: 1
2025-08-06 21:35:50,981 - src.ProcessQaoa - INFO - Using Real Hardware
2025-08-06 21:35:54,196 - qiskit.passmanager.base_tasks - INFO - Pass: ContainsInstruction - 0.17095 (ms)
2025-08-06 21:35:54,196 - qiskit.passmanager.base_tasks - INFO - Pass: UnitarySynthesis - 0.00310 (ms)
2025-08-06 21:35:54,229 - qiskit.passmanager.base_tasks - INFO - Pass: HighLevelSynthesis - 33.00691 (ms)
2025-08-06 21:35:54,229 - qiskit.passmanager.base_tasks - INFO - Pass: BasisTranslator - 0.01884 (ms)
2025-08-06 21:35:54,229 - qiskit.passmanager.base_tasks - INFO - Pass: ElidePermutations - 0.00405 (ms)
2025-08-06 21:35:54,230 - qiskit.passmanager.base_tasks - INFO - Pass: RemoveDiagonalGatesBeforeMeasure - 0.22578 (ms)
2025-08-06 21:35:54,230 - qiskit.passmanager.base_tasks - INFO - Pass: RemoveIdentityEquivalent - 0.00286 (ms)
2025-08-06 21:35:54,230 - qiskit.passmanager.base_tasks - INFO - Pass: InverseCancellation - 0.39816 (ms)
2025-08-06 21:35:54,230 - qiskit.passmanager.base_tasks - INFO - Pass: ContractIdleWiresInControlFlow - 0.00095 (ms)
2025-08-06 21:35:54,230 - qiskit.passmanager.base_tasks - INFO - Pass: CommutativeCancellation - 0.05198 (ms)
2025-08-06 21:35:54,230 - qiskit.passmanager.base_tasks - INFO - Pass: ConsolidateBlocks - 0.03481 (ms)
2025-08-06 21:35:54,230 - qiskit.passmanager.base_tasks - INFO - Pass: Split2QUnitaries - 0.18215 (ms)
2025-08-06 21:35:54,230 - qiskit.passmanager.base_tasks - INFO - Pass: SetLayout - 0.00191 (ms)
2025-08-06 21:35:54,233 - qiskit.passmanager.base_tasks - INFO - Pass: VF2Layout - 2.67911 (ms)
2025-08-06 21:35:54,233 - qiskit.passmanager.base_tasks - INFO - Pass: BarrierBeforeFinalMeasurements - 0.00405 (ms)
2025-08-06 21:35:54,254 - qiskit.passmanager.base_tasks - INFO - Pass: SabreLayout - 21.05808 (ms)
2025-08-06 21:35:54,254 - qiskit.passmanager.base_tasks - INFO - Pass: CheckMap - 0.01788 (ms)
2025-08-06 21:35:54,257 - qiskit.passmanager.base_tasks - INFO - Pass: VF2PostLayout - 2.72202 (ms)
2025-08-06 21:35:54,258 - qiskit.passmanager.base_tasks - INFO - Pass: ApplyLayout - 0.61727 (ms)
2025-08-06 21:35:54,258 - qiskit.passmanager.base_tasks - INFO - Pass: FilterOpNodes - 0.05722 (ms)
2025-08-06 21:35:54,258 - qiskit.passmanager.base_tasks - INFO - Pass: UnitarySynthesis - 0.00310 (ms)
2025-08-06 21:35:54,258 - qiskit.passmanager.base_tasks - INFO - Pass: HighLevelSynthesis - 0.02098 (ms)
2025-08-06 21:35:54,259 - qiskit.passmanager.base_tasks - INFO - Pass: BasisTranslator - 1.26314 (ms)
2025-08-06 21:35:54,259 - qiskit.passmanager.base_tasks - INFO - Pass: CheckGateDirection - 0.00310 (ms)
2025-08-06 21:35:54,260 - qiskit.passmanager.base_tasks - INFO - Pass: GateDirection - 1.30987 (ms)
2025-08-06 21:35:54,264 - qiskit.passmanager.base_tasks - INFO - Pass: BasisTranslator - 3.43442 (ms)
2025-08-06 21:35:54,264 - qiskit.passmanager.base_tasks - INFO - Pass: Depth - 0.19312 (ms)
2025-08-06 21:35:54,264 - qiskit.passmanager.base_tasks - INFO - Pass: Size - 0.00215 (ms)
2025-08-06 21:35:54,264 - qiskit.passmanager.base_tasks - INFO - Pass: MinimumPoint - 0.00525 (ms)
2025-08-06 21:35:54,266 - qiskit.passmanager.base_tasks - INFO - Pass: ConsolidateBlocks - 1.75095 (ms)
2025-08-06 21:35:54,268 - qiskit.passmanager.base_tasks - INFO - Pass: UnitarySynthesis - 2.32339 (ms)
2025-08-06 21:35:54,268 - qiskit.passmanager.base_tasks - INFO - Pass: RemoveIdentityEquivalent - 0.03815 (ms)
2025-08-06 21:35:54,270 - qiskit.passmanager.base_tasks - INFO - Pass: Optimize1qGatesDecomposition - 1.14202 (ms)
2025-08-06 21:35:54,270 - qiskit.passmanager.base_tasks - INFO - Pass: CommutativeCancellation - 0.70405 (ms)
2025-08-06 21:35:54,270 - qiskit.passmanager.base_tasks - INFO - Pass: ContractIdleWiresInControlFlow - 0.00119 (ms)
2025-08-06 21:35:54,270 - qiskit.passmanager.base_tasks - INFO - Pass: GatesInBasis - 0.09894 (ms)
2025-08-06 21:35:54,271 - qiskit.passmanager.base_tasks - INFO - Pass: Depth - 0.09322 (ms)
2025-08-06 21:35:54,271 - qiskit.passmanager.base_tasks - INFO - Pass: Size - 0.00119 (ms)
2025-08-06 21:35:54,286 - qiskit.passmanager.base_tasks - INFO - Pass: MinimumPoint - 15.18607 (ms)
2025-08-06 21:35:54,287 - qiskit.passmanager.base_tasks - INFO - Pass: ConsolidateBlocks - 0.72289 (ms)
2025-08-06 21:35:54,287 - qiskit.passmanager.base_tasks - INFO - Pass: UnitarySynthesis - 0.53787 (ms)
2025-08-06 21:35:54,287 - qiskit.passmanager.base_tasks - INFO - Pass: RemoveIdentityEquivalent - 0.03099 (ms)
2025-08-06 21:35:54,287 - qiskit.passmanager.base_tasks - INFO - Pass: Optimize1qGatesDecomposition - 0.22817 (ms)
2025-08-06 21:35:54,288 - qiskit.passmanager.base_tasks - INFO - Pass: CommutativeCancellation - 0.28419 (ms)
2025-08-06 21:35:54,288 - qiskit.passmanager.base_tasks - INFO - Pass: ContractIdleWiresInControlFlow - 0.00095 (ms)
2025-08-06 21:35:54,288 - qiskit.passmanager.base_tasks - INFO - Pass: GatesInBasis - 0.09704 (ms)
2025-08-06 21:35:54,288 - qiskit.passmanager.base_tasks - INFO - Pass: Depth - 0.08202 (ms)
2025-08-06 21:35:54,288 - qiskit.passmanager.base_tasks - INFO - Pass: Size - 0.00000 (ms)
2025-08-06 21:35:54,303 - qiskit.passmanager.base_tasks - INFO - Pass: MinimumPoint - 14.71019 (ms)
2025-08-06 21:35:54,303 - qiskit.passmanager.base_tasks - INFO - Pass: ConsolidateBlocks - 0.74792 (ms)
2025-08-06 21:35:54,304 - qiskit.passmanager.base_tasks - INFO - Pass: UnitarySynthesis - 0.48590 (ms)
2025-08-06 21:35:54,304 - qiskit.passmanager.base_tasks - INFO - Pass: RemoveIdentityEquivalent - 0.03099 (ms)
2025-08-06 21:35:54,304 - qiskit.passmanager.base_tasks - INFO - Pass: Optimize1qGatesDecomposition - 0.22030 (ms)
2025-08-06 21:35:54,304 - qiskit.passmanager.base_tasks - INFO - Pass: CommutativeCancellation - 0.26584 (ms)
2025-08-06 21:35:54,305 - qiskit.passmanager.base_tasks - INFO - Pass: ContractIdleWiresInControlFlow - 0.00000 (ms)
2025-08-06 21:35:54,305 - qiskit.passmanager.base_tasks - INFO - Pass: GatesInBasis - 0.09680 (ms)
2025-08-06 21:35:54,305 - qiskit.passmanager.base_tasks - INFO - Pass: Depth - 0.08011 (ms)
2025-08-06 21:35:54,305 - qiskit.passmanager.base_tasks - INFO - Pass: Size - 0.00095 (ms)
2025-08-06 21:35:54,319 - qiskit.passmanager.base_tasks - INFO - Pass: MinimumPoint - 14.68110 (ms)
2025-08-06 21:35:54,320 - qiskit.passmanager.base_tasks - INFO - Pass: ConsolidateBlocks - 0.74983 (ms)
2025-08-06 21:35:54,321 - qiskit.passmanager.base_tasks - INFO - Pass: UnitarySynthesis - 0.51785 (ms)
2025-08-06 21:35:54,321 - qiskit.passmanager.base_tasks - INFO - Pass: RemoveIdentityEquivalent - 0.03290 (ms)
2025-08-06 21:35:54,321 - qiskit.passmanager.base_tasks - INFO - Pass: Optimize1qGatesDecomposition - 0.23603 (ms)
2025-08-06 21:35:54,321 - qiskit.passmanager.base_tasks - INFO - Pass: CommutativeCancellation - 0.26798 (ms)
2025-08-06 21:35:54,321 - qiskit.passmanager.base_tasks - INFO - Pass: ContractIdleWiresInControlFlow - 0.00095 (ms)
2025-08-06 21:35:54,321 - qiskit.passmanager.base_tasks - INFO - Pass: GatesInBasis - 0.09608 (ms)
2025-08-06 21:35:54,322 - qiskit.passmanager.base_tasks - INFO - Pass: Depth - 0.07915 (ms)
2025-08-06 21:35:54,322 - qiskit.passmanager.base_tasks - INFO - Pass: Size - 0.00072 (ms)
2025-08-06 21:35:54,322 - qiskit.passmanager.base_tasks - INFO - Pass: MinimumPoint - 0.00215 (ms)
2025-08-06 21:35:54,322 - qiskit.passmanager.base_tasks - INFO - Pass: ConsolidateBlocks - 0.68903 (ms)
2025-08-06 21:35:54,323 - qiskit.passmanager.base_tasks - INFO - Pass: UnitarySynthesis - 0.47588 (ms)
2025-08-06 21:35:54,323 - qiskit.passmanager.base_tasks - INFO - Pass: RemoveIdentityEquivalent - 0.03004 (ms)
2025-08-06 21:35:54,323 - qiskit.passmanager.base_tasks - INFO - Pass: Optimize1qGatesDecomposition - 0.21982 (ms)
2025-08-06 21:35:54,323 - qiskit.passmanager.base_tasks - INFO - Pass: CommutativeCancellation - 0.25082 (ms)
2025-08-06 21:35:54,323 - qiskit.passmanager.base_tasks - INFO - Pass: ContractIdleWiresInControlFlow - 0.00095 (ms)
2025-08-06 21:35:54,323 - qiskit.passmanager.base_tasks - INFO - Pass: GatesInBasis - 0.09704 (ms)
2025-08-06 21:35:54,324 - qiskit.passmanager.base_tasks - INFO - Pass: Depth - 0.07915 (ms)
2025-08-06 21:35:54,324 - qiskit.passmanager.base_tasks - INFO - Pass: Size - 0.00000 (ms)
2025-08-06 21:35:54,324 - qiskit.passmanager.base_tasks - INFO - Pass: MinimumPoint - 0.00095 (ms)
2025-08-06 21:35:54,324 - qiskit.passmanager.base_tasks - INFO - Pass: ConsolidateBlocks - 0.69618 (ms)
2025-08-06 21:35:54,325 - qiskit.passmanager.base_tasks - INFO - Pass: UnitarySynthesis - 0.47088 (ms)
2025-08-06 21:35:54,325 - qiskit.passmanager.base_tasks - INFO - Pass: RemoveIdentityEquivalent - 0.03004 (ms)
2025-08-06 21:35:54,325 - qiskit.passmanager.base_tasks - INFO - Pass: Optimize1qGatesDecomposition - 0.22078 (ms)
2025-08-06 21:35:54,325 - qiskit.passmanager.base_tasks - INFO - Pass: CommutativeCancellation - 0.26608 (ms)
2025-08-06 21:35:54,325 - qiskit.passmanager.base_tasks - INFO - Pass: ContractIdleWiresInControlFlow - 0.00000 (ms)
2025-08-06 21:35:54,325 - qiskit.passmanager.base_tasks - INFO - Pass: GatesInBasis - 0.09608 (ms)
2025-08-06 21:35:54,326 - qiskit.passmanager.base_tasks - INFO - Pass: Depth - 0.07796 (ms)
2025-08-06 21:35:54,326 - qiskit.passmanager.base_tasks - INFO - Pass: Size - 0.00072 (ms)
2025-08-06 21:35:54,326 - qiskit.passmanager.base_tasks - INFO - Pass: MinimumPoint - 0.00191 (ms)
2025-08-06 21:35:54,326 - qiskit.passmanager.base_tasks - INFO - Pass: ConsolidateBlocks - 0.69404 (ms)
2025-08-06 21:35:54,327 - qiskit.passmanager.base_tasks - INFO - Pass: UnitarySynthesis - 0.48304 (ms)
2025-08-06 21:35:54,327 - qiskit.passmanager.base_tasks - INFO - Pass: RemoveIdentityEquivalent - 0.03195 (ms)
2025-08-06 21:35:54,327 - qiskit.passmanager.base_tasks - INFO - Pass: Optimize1qGatesDecomposition - 0.23198 (ms)
2025-08-06 21:35:54,327 - qiskit.passmanager.base_tasks - INFO - Pass: CommutativeCancellation - 0.26488 (ms)
2025-08-06 21:35:54,327 - qiskit.passmanager.base_tasks - INFO - Pass: ContractIdleWiresInControlFlow - 0.00095 (ms)
2025-08-06 21:35:54,328 - qiskit.passmanager.base_tasks - INFO - Pass: GatesInBasis - 0.10204 (ms)
2025-08-06 21:35:54,328 - qiskit.passmanager.base_tasks - INFO - Pass: Depth - 0.08702 (ms)
2025-08-06 21:35:54,328 - qiskit.passmanager.base_tasks - INFO - Pass: Size - 0.00095 (ms)
2025-08-06 21:35:54,328 - qiskit.passmanager.base_tasks - INFO - Pass: MinimumPoint - 0.00286 (ms)
2025-08-06 21:35:54,328 - qiskit.passmanager.base_tasks - INFO - Pass: ContainsInstruction - 0.00405 (ms)
2025-08-06 21:35:54,328 - qiskit.passmanager.base_tasks - INFO - Pass: InstructionDurationCheck - 0.12183 (ms)
