2025-08-07 19:43:09,339 - root - INFO - ++++++++++++++++ Starting at 2025-08-07 19:43:09.339126 +++++++++++++++++
2025-08-07 19:43:09,339 - src.ProcessQaoa - INFO - Using p_level:: 1
2025-08-07 19:43:12,758 - src.ProcessQaoa - INFO - Using Real Hardware
2025-08-07 19:43:15,059 - qiskit.passmanager.base_tasks - INFO - Pass: ContainsInstruction - 0.01693 (ms)
2025-08-07 19:43:15,059 - qiskit.passmanager.base_tasks - INFO - Pass: UnitarySynthesis - 0.00167 (ms)
2025-08-07 19:43:15,151 - qiskit.passmanager.base_tasks - INFO - Pass: HighLevelSynthesis - 92.40794 (ms)
2025-08-07 19:43:15,152 - qiskit.passmanager.base_tasks - INFO - Pass: BasisTranslator - 0.08607 (ms)
2025-08-07 19:43:15,152 - qiskit.passmanager.base_tasks - INFO - Pass: ElidePermutations - 0.00405 (ms)
2025-08-07 19:43:15,152 - qiskit.passmanager.base_tasks - INFO - Pass: RemoveDiagonalGatesBeforeMeasure - 0.19717 (ms)
2025-08-07 19:43:15,152 - qiskit.passmanager.base_tasks - INFO - Pass: RemoveIdentityEquivalent - 0.00882 (ms)
2025-08-07 19:43:15,153 - qiskit.passmanager.base_tasks - INFO - Pass: InverseCancellation - 0.58293 (ms)
2025-08-07 19:43:15,153 - qiskit.passmanager.base_tasks - INFO - Pass: ContractIdleWiresInControlFlow - 0.00215 (ms)
2025-08-07 19:43:15,153 - qiskit.passmanager.base_tasks - INFO - Pass: CommutativeCancellation - 0.40793 (ms)
2025-08-07 19:43:15,153 - qiskit.passmanager.base_tasks - INFO - Pass: ConsolidateBlocks - 0.21505 (ms)
2025-08-07 19:43:15,153 - qiskit.passmanager.base_tasks - INFO - Pass: Split2QUnitaries - 0.03099 (ms)
2025-08-07 19:43:15,153 - qiskit.passmanager.base_tasks - INFO - Pass: SetLayout - 0.00095 (ms)
2025-08-07 19:43:15,158 - qiskit.passmanager.base_tasks - INFO - Pass: VF2Layout - 4.68588 (ms)
2025-08-07 19:43:15,158 - qiskit.passmanager.base_tasks - INFO - Pass: BarrierBeforeFinalMeasurements - 0.00477 (ms)
2025-08-07 19:43:15,585 - qiskit.passmanager.base_tasks - INFO - Pass: SabreLayout - 426.56803 (ms)
2025-08-07 19:43:15,585 - qiskit.passmanager.base_tasks - INFO - Pass: CheckMap - 0.07010 (ms)
2025-08-07 19:43:15,594 - qiskit.passmanager.base_tasks - INFO - Pass: VF2PostLayout - 8.63481 (ms)
2025-08-07 19:43:15,595 - qiskit.passmanager.base_tasks - INFO - Pass: FilterOpNodes - 0.98586 (ms)
2025-08-07 19:43:15,595 - qiskit.passmanager.base_tasks - INFO - Pass: UnitarySynthesis - 0.00405 (ms)
2025-08-07 19:43:15,595 - qiskit.passmanager.base_tasks - INFO - Pass: HighLevelSynthesis - 0.28515 (ms)
2025-08-07 19:43:15,662 - qiskit.passmanager.base_tasks - INFO - Pass: BasisTranslator - 66.77604 (ms)
2025-08-07 19:43:15,662 - qiskit.passmanager.base_tasks - INFO - Pass: CheckGateDirection - 0.00572 (ms)
2025-08-07 19:43:15,763 - qiskit.passmanager.base_tasks - INFO - Pass: GateDirection - 101.19486 (ms)
2025-08-07 19:43:16,987 - qiskit.passmanager.base_tasks - INFO - Pass: BasisTranslator - 1223.64187 (ms)
2025-08-07 19:43:16,992 - qiskit.passmanager.base_tasks - INFO - Pass: Depth - 4.41694 (ms)
2025-08-07 19:43:16,992 - qiskit.passmanager.base_tasks - INFO - Pass: Size - 0.00310 (ms)
2025-08-07 19:43:16,992 - qiskit.passmanager.base_tasks - INFO - Pass: MinimumPoint - 0.00691 (ms)
2025-08-07 19:43:17,020 - qiskit.passmanager.base_tasks - INFO - Pass: ConsolidateBlocks - 27.83394 (ms)
2025-08-07 19:43:17,239 - qiskit.passmanager.base_tasks - INFO - Pass: UnitarySynthesis - 218.33301 (ms)
2025-08-07 19:43:17,240 - qiskit.passmanager.base_tasks - INFO - Pass: RemoveIdentityEquivalent - 0.99897 (ms)
2025-08-07 19:43:17,715 - qiskit.passmanager.base_tasks - INFO - Pass: Optimize1qGatesDecomposition - 475.05617 (ms)
2025-08-07 19:43:17,891 - qiskit.passmanager.base_tasks - INFO - Pass: CommutativeCancellation - 175.56405 (ms)
2025-08-07 19:43:17,891 - qiskit.passmanager.base_tasks - INFO - Pass: ContractIdleWiresInControlFlow - 0.00191 (ms)
2025-08-07 19:43:17,893 - qiskit.passmanager.base_tasks - INFO - Pass: GatesInBasis - 2.56205 (ms)
2025-08-07 19:43:17,896 - qiskit.passmanager.base_tasks - INFO - Pass: Depth - 2.65908 (ms)
2025-08-07 19:43:17,896 - qiskit.passmanager.base_tasks - INFO - Pass: Size - 0.00215 (ms)
2025-08-07 19:43:18,350 - qiskit.passmanager.base_tasks - INFO - Pass: MinimumPoint - 454.29921 (ms)
2025-08-07 19:43:18,370 - qiskit.passmanager.base_tasks - INFO - Pass: ConsolidateBlocks - 19.67525 (ms)
2025-08-07 19:43:18,410 - qiskit.passmanager.base_tasks - INFO - Pass: UnitarySynthesis - 39.98590 (ms)
2025-08-07 19:43:18,412 - qiskit.passmanager.base_tasks - INFO - Pass: RemoveIdentityEquivalent - 0.93126 (ms)
2025-08-07 19:43:18,419 - qiskit.passmanager.base_tasks - INFO - Pass: Optimize1qGatesDecomposition - 7.35998 (ms)
2025-08-07 19:43:18,441 - qiskit.passmanager.base_tasks - INFO - Pass: CommutativeCancellation - 21.82412 (ms)
2025-08-07 19:43:18,441 - qiskit.passmanager.base_tasks - INFO - Pass: ContractIdleWiresInControlFlow - 0.00215 (ms)
2025-08-07 19:43:18,444 - qiskit.passmanager.base_tasks - INFO - Pass: GatesInBasis - 2.55799 (ms)
2025-08-07 19:43:18,446 - qiskit.passmanager.base_tasks - INFO - Pass: Depth - 2.46382 (ms)
2025-08-07 19:43:18,446 - qiskit.passmanager.base_tasks - INFO - Pass: Size - 0.00215 (ms)
2025-08-07 19:43:18,916 - qiskit.passmanager.base_tasks - INFO - Pass: MinimumPoint - 470.30568 (ms)
2025-08-07 19:43:18,937 - qiskit.passmanager.base_tasks - INFO - Pass: ConsolidateBlocks - 19.79089 (ms)
2025-08-07 19:43:18,969 - qiskit.passmanager.base_tasks - INFO - Pass: UnitarySynthesis - 32.47404 (ms)
2025-08-07 19:43:18,971 - qiskit.passmanager.base_tasks - INFO - Pass: RemoveIdentityEquivalent - 1.01519 (ms)
2025-08-07 19:43:18,978 - qiskit.passmanager.base_tasks - INFO - Pass: Optimize1qGatesDecomposition - 7.42292 (ms)
2025-08-07 19:43:18,991 - qiskit.passmanager.base_tasks - INFO - Pass: CommutativeCancellation - 12.91203 (ms)
2025-08-07 19:43:18,991 - qiskit.passmanager.base_tasks - INFO - Pass: ContractIdleWiresInControlFlow - 0.00215 (ms)
2025-08-07 19:43:18,994 - qiskit.passmanager.base_tasks - INFO - Pass: GatesInBasis - 2.55895 (ms)
2025-08-07 19:43:18,996 - qiskit.passmanager.base_tasks - INFO - Pass: Depth - 2.52914 (ms)
2025-08-07 19:43:18,996 - qiskit.passmanager.base_tasks - INFO - Pass: Size - 0.00191 (ms)
2025-08-07 19:43:19,422 - qiskit.passmanager.base_tasks - INFO - Pass: MinimumPoint - 425.43721 (ms)
2025-08-07 19:43:19,442 - qiskit.passmanager.base_tasks - INFO - Pass: ConsolidateBlocks - 19.59586 (ms)
2025-08-07 19:43:19,470 - qiskit.passmanager.base_tasks - INFO - Pass: UnitarySynthesis - 28.55897 (ms)
2025-08-07 19:43:19,472 - qiskit.passmanager.base_tasks - INFO - Pass: RemoveIdentityEquivalent - 0.88286 (ms)
2025-08-07 19:43:19,478 - qiskit.passmanager.base_tasks - INFO - Pass: Optimize1qGatesDecomposition - 6.46806 (ms)
2025-08-07 19:43:19,486 - qiskit.passmanager.base_tasks - INFO - Pass: CommutativeCancellation - 7.57313 (ms)
2025-08-07 19:43:19,486 - qiskit.passmanager.base_tasks - INFO - Pass: ContractIdleWiresInControlFlow - 0.00310 (ms)
2025-08-07 19:43:19,489 - qiskit.passmanager.base_tasks - INFO - Pass: GatesInBasis - 2.56324 (ms)
2025-08-07 19:43:19,491 - qiskit.passmanager.base_tasks - INFO - Pass: Depth - 2.37703 (ms)
2025-08-07 19:43:19,491 - qiskit.passmanager.base_tasks - INFO - Pass: Size - 0.00215 (ms)
2025-08-07 19:43:19,491 - qiskit.passmanager.base_tasks - INFO - Pass: MinimumPoint - 0.00405 (ms)
2025-08-07 19:43:19,509 - qiskit.passmanager.base_tasks - INFO - Pass: ConsolidateBlocks - 18.36705 (ms)
2025-08-07 19:43:19,538 - qiskit.passmanager.base_tasks - INFO - Pass: UnitarySynthesis - 28.52798 (ms)
2025-08-07 19:43:19,540 - qiskit.passmanager.base_tasks - INFO - Pass: RemoveIdentityEquivalent - 0.98896 (ms)
2025-08-07 19:43:19,546 - qiskit.passmanager.base_tasks - INFO - Pass: Optimize1qGatesDecomposition - 6.49500 (ms)
2025-08-07 19:43:19,553 - qiskit.passmanager.base_tasks - INFO - Pass: CommutativeCancellation - 7.29394 (ms)
2025-08-07 19:43:19,553 - qiskit.passmanager.base_tasks - INFO - Pass: ContractIdleWiresInControlFlow - 0.00191 (ms)
2025-08-07 19:43:19,556 - qiskit.passmanager.base_tasks - INFO - Pass: GatesInBasis - 2.53987 (ms)
2025-08-07 19:43:19,558 - qiskit.passmanager.base_tasks - INFO - Pass: Depth - 2.40088 (ms)
2025-08-07 19:43:19,558 - qiskit.passmanager.base_tasks - INFO - Pass: Size - 0.00095 (ms)
2025-08-07 19:43:19,558 - qiskit.passmanager.base_tasks - INFO - Pass: MinimumPoint - 0.00501 (ms)
2025-08-07 19:43:19,577 - qiskit.passmanager.base_tasks - INFO - Pass: ConsolidateBlocks - 18.52107 (ms)
2025-08-07 19:43:19,606 - qiskit.passmanager.base_tasks - INFO - Pass: UnitarySynthesis - 28.65672 (ms)
2025-08-07 19:43:19,607 - qiskit.passmanager.base_tasks - INFO - Pass: RemoveIdentityEquivalent - 0.94104 (ms)
2025-08-07 19:43:19,614 - qiskit.passmanager.base_tasks - INFO - Pass: Optimize1qGatesDecomposition - 6.42371 (ms)
2025-08-07 19:43:19,621 - qiskit.passmanager.base_tasks - INFO - Pass: CommutativeCancellation - 7.34210 (ms)
2025-08-07 19:43:19,621 - qiskit.passmanager.base_tasks - INFO - Pass: ContractIdleWiresInControlFlow - 0.00191 (ms)
2025-08-07 19:43:19,624 - qiskit.passmanager.base_tasks - INFO - Pass: GatesInBasis - 2.55203 (ms)
2025-08-07 19:43:19,626 - qiskit.passmanager.base_tasks - INFO - Pass: Depth - 2.37393 (ms)
2025-08-07 19:43:19,626 - qiskit.passmanager.base_tasks - INFO - Pass: Size - 0.00215 (ms)
2025-08-07 19:43:19,626 - qiskit.passmanager.base_tasks - INFO - Pass: MinimumPoint - 0.00525 (ms)
2025-08-07 19:43:19,645 - qiskit.passmanager.base_tasks - INFO - Pass: ConsolidateBlocks - 18.96596 (ms)
2025-08-07 19:43:19,676 - qiskit.passmanager.base_tasks - INFO - Pass: UnitarySynthesis - 30.60317 (ms)
2025-08-07 19:43:19,678 - qiskit.passmanager.base_tasks - INFO - Pass: RemoveIdentityEquivalent - 1.12319 (ms)
2025-08-07 19:43:19,685 - qiskit.passmanager.base_tasks - INFO - Pass: Optimize1qGatesDecomposition - 7.09915 (ms)
2025-08-07 19:43:19,697 - qiskit.passmanager.base_tasks - INFO - Pass: CommutativeCancellation - 12.03108 (ms)
2025-08-07 19:43:19,698 - qiskit.passmanager.base_tasks - INFO - Pass: ContractIdleWiresInControlFlow - 0.00525 (ms)
2025-08-07 19:43:19,700 - qiskit.passmanager.base_tasks - INFO - Pass: GatesInBasis - 2.49815 (ms)
2025-08-07 19:43:19,703 - qiskit.passmanager.base_tasks - INFO - Pass: Depth - 2.61283 (ms)
2025-08-07 19:43:19,703 - qiskit.passmanager.base_tasks - INFO - Pass: Size - 0.00215 (ms)
2025-08-07 19:43:19,703 - qiskit.passmanager.base_tasks - INFO - Pass: MinimumPoint - 0.00787 (ms)
2025-08-07 19:43:19,705 - qiskit.passmanager.base_tasks - INFO - Pass: ContainsInstruction - 0.01287 (ms)
2025-08-07 19:43:19,708 - qiskit.passmanager.base_tasks - INFO - Pass: InstructionDurationCheck - 2.84600 (ms)
