2025-08-04 21:12:13,657 - root - INFO - ++++++++++++++++ Starting at 2025-08-04 21:12:13.657966 +++++++++++++++++
2025-08-04 21:12:13,658 - src.ProcessQaoa - INFO - Using p_level:: 1
2025-08-04 21:12:14,836 - src.ProcessQaoa - INFO - Using Simulator
2025-08-04 21:12:17,497 - qiskit.passmanager.base_tasks - INFO - Pass: ContainsInstruction - 0.16475 (ms)
2025-08-04 21:12:17,497 - qiskit.passmanager.base_tasks - INFO - Pass: UnitarySynthesis - 0.00191 (ms)
2025-08-04 21:12:17,521 - qiskit.passmanager.base_tasks - INFO - Pass: HighLevelSynthesis - 23.74339 (ms)
2025-08-04 21:12:17,521 - qiskit.passmanager.base_tasks - INFO - Pass: BasisTranslator - 0.03886 (ms)
2025-08-04 21:12:17,521 - qiskit.passmanager.base_tasks - INFO - Pass: ElidePermutations - 0.00310 (ms)
2025-08-04 21:12:17,521 - qiskit.passmanager.base_tasks - INFO - Pass: RemoveDiagonalGatesBeforeMeasure - 0.20194 (ms)
2025-08-04 21:12:17,521 - qiskit.passmanager.base_tasks - INFO - Pass: RemoveIdentityEquivalent - 0.00405 (ms)
2025-08-04 21:12:17,521 - qiskit.passmanager.base_tasks - INFO - Pass: InverseCancellation - 0.11182 (ms)
2025-08-04 21:12:17,522 - qiskit.passmanager.base_tasks - INFO - Pass: ContractIdleWiresInControlFlow - 0.00215 (ms)
2025-08-04 21:12:17,522 - qiskit.passmanager.base_tasks - INFO - Pass: CommutativeCancellation - 0.16093 (ms)
2025-08-04 21:12:17,522 - qiskit.passmanager.base_tasks - INFO - Pass: ConsolidateBlocks - 0.08702 (ms)
2025-08-04 21:12:17,522 - qiskit.passmanager.base_tasks - INFO - Pass: Split2QUnitaries - 0.20003 (ms)
2025-08-04 21:12:17,522 - qiskit.passmanager.base_tasks - INFO - Pass: SetLayout - 0.00191 (ms)
2025-08-04 21:12:17,525 - qiskit.passmanager.base_tasks - INFO - Pass: VF2Layout - 2.49100 (ms)
2025-08-04 21:12:17,525 - qiskit.passmanager.base_tasks - INFO - Pass: BarrierBeforeFinalMeasurements - 0.00381 (ms)
2025-08-04 21:12:17,657 - qiskit.passmanager.base_tasks - INFO - Pass: SabreLayout - 132.55119 (ms)
2025-08-04 21:12:17,657 - qiskit.passmanager.base_tasks - INFO - Pass: CheckMap - 0.02813 (ms)
2025-08-04 21:12:17,667 - qiskit.passmanager.base_tasks - INFO - Pass: VF2PostLayout - 9.32884 (ms)
2025-08-04 21:12:17,669 - qiskit.passmanager.base_tasks - INFO - Pass: ApplyLayout - 2.15483 (ms)
2025-08-04 21:12:17,669 - qiskit.passmanager.base_tasks - INFO - Pass: FilterOpNodes - 0.27537 (ms)
2025-08-04 21:12:17,669 - qiskit.passmanager.base_tasks - INFO - Pass: UnitarySynthesis - 0.00477 (ms)
2025-08-04 21:12:17,669 - qiskit.passmanager.base_tasks - INFO - Pass: HighLevelSynthesis - 0.09871 (ms)
2025-08-04 21:12:17,677 - qiskit.passmanager.base_tasks - INFO - Pass: BasisTranslator - 7.19380 (ms)
2025-08-04 21:12:17,677 - qiskit.passmanager.base_tasks - INFO - Pass: CheckGateDirection - 0.00381 (ms)
2025-08-04 21:12:17,694 - qiskit.passmanager.base_tasks - INFO - Pass: GateDirection - 17.20881 (ms)
2025-08-04 21:12:17,809 - qiskit.passmanager.base_tasks - INFO - Pass: BasisTranslator - 115.60798 (ms)
2025-08-04 21:12:17,812 - qiskit.passmanager.base_tasks - INFO - Pass: Depth - 1.86801 (ms)
2025-08-04 21:12:17,812 - qiskit.passmanager.base_tasks - INFO - Pass: Size - 0.00286 (ms)
2025-08-04 21:12:17,812 - qiskit.passmanager.base_tasks - INFO - Pass: MinimumPoint - 0.00691 (ms)
2025-08-04 21:12:17,820 - qiskit.passmanager.base_tasks - INFO - Pass: ConsolidateBlocks - 8.34084 (ms)
2025-08-04 21:12:17,846 - qiskit.passmanager.base_tasks - INFO - Pass: UnitarySynthesis - 26.15380 (ms)
2025-08-04 21:12:17,847 - qiskit.passmanager.base_tasks - INFO - Pass: RemoveIdentityEquivalent - 0.30208 (ms)
2025-08-04 21:12:17,938 - qiskit.passmanager.base_tasks - INFO - Pass: Optimize1qGatesDecomposition - 91.44497 (ms)
2025-08-04 21:12:17,957 - qiskit.passmanager.base_tasks - INFO - Pass: CommutativeCancellation - 18.82601 (ms)
2025-08-04 21:12:17,957 - qiskit.passmanager.base_tasks - INFO - Pass: ContractIdleWiresInControlFlow - 0.00191 (ms)
2025-08-04 21:12:17,958 - qiskit.passmanager.base_tasks - INFO - Pass: GatesInBasis - 0.74697 (ms)
2025-08-04 21:12:17,959 - qiskit.passmanager.base_tasks - INFO - Pass: Depth - 0.73314 (ms)
2025-08-04 21:12:17,959 - qiskit.passmanager.base_tasks - INFO - Pass: Size - 0.00095 (ms)
2025-08-04 21:12:18,068 - qiskit.passmanager.base_tasks - INFO - Pass: MinimumPoint - 109.67398 (ms)
2025-08-04 21:12:18,075 - qiskit.passmanager.base_tasks - INFO - Pass: ConsolidateBlocks - 6.15501 (ms)
2025-08-04 21:12:18,083 - qiskit.passmanager.base_tasks - INFO - Pass: UnitarySynthesis - 7.94601 (ms)
2025-08-04 21:12:18,083 - qiskit.passmanager.base_tasks - INFO - Pass: RemoveIdentityEquivalent - 0.25892 (ms)
2025-08-04 21:12:18,085 - qiskit.passmanager.base_tasks - INFO - Pass: Optimize1qGatesDecomposition - 1.76001 (ms)
2025-08-04 21:12:18,090 - qiskit.passmanager.base_tasks - INFO - Pass: CommutativeCancellation - 4.89807 (ms)
2025-08-04 21:12:18,090 - qiskit.passmanager.base_tasks - INFO - Pass: ContractIdleWiresInControlFlow - 0.00167 (ms)
2025-08-04 21:12:18,091 - qiskit.passmanager.base_tasks - INFO - Pass: GatesInBasis - 0.75006 (ms)
2025-08-04 21:12:18,091 - qiskit.passmanager.base_tasks - INFO - Pass: Depth - 0.69928 (ms)
2025-08-04 21:12:18,091 - qiskit.passmanager.base_tasks - INFO - Pass: Size - 0.00215 (ms)
2025-08-04 21:12:18,261 - qiskit.passmanager.base_tasks - INFO - Pass: MinimumPoint - 169.58904 (ms)
2025-08-04 21:12:18,267 - qiskit.passmanager.base_tasks - INFO - Pass: ConsolidateBlocks - 5.79786 (ms)
2025-08-04 21:12:18,273 - qiskit.passmanager.base_tasks - INFO - Pass: UnitarySynthesis - 5.61690 (ms)
2025-08-04 21:12:18,273 - qiskit.passmanager.base_tasks - INFO - Pass: RemoveIdentityEquivalent - 0.25606 (ms)
2025-08-04 21:12:18,275 - qiskit.passmanager.base_tasks - INFO - Pass: Optimize1qGatesDecomposition - 1.78099 (ms)
2025-08-04 21:12:18,278 - qiskit.passmanager.base_tasks - INFO - Pass: CommutativeCancellation - 2.96497 (ms)
2025-08-04 21:12:18,278 - qiskit.passmanager.base_tasks - INFO - Pass: ContractIdleWiresInControlFlow - 0.00119 (ms)
2025-08-04 21:12:18,279 - qiskit.passmanager.base_tasks - INFO - Pass: GatesInBasis - 0.74387 (ms)
2025-08-04 21:12:18,279 - qiskit.passmanager.base_tasks - INFO - Pass: Depth - 0.73433 (ms)
2025-08-04 21:12:18,279 - qiskit.passmanager.base_tasks - INFO - Pass: Size - 0.00095 (ms)
2025-08-04 21:12:18,389 - qiskit.passmanager.base_tasks - INFO - Pass: MinimumPoint - 109.32899 (ms)
2025-08-04 21:12:18,395 - qiskit.passmanager.base_tasks - INFO - Pass: ConsolidateBlocks - 5.79715 (ms)
2025-08-04 21:12:18,400 - qiskit.passmanager.base_tasks - INFO - Pass: UnitarySynthesis - 5.31006 (ms)
2025-08-04 21:12:18,400 - qiskit.passmanager.base_tasks - INFO - Pass: RemoveIdentityEquivalent - 0.25988 (ms)
2025-08-04 21:12:18,402 - qiskit.passmanager.base_tasks - INFO - Pass: Optimize1qGatesDecomposition - 1.76215 (ms)
2025-08-04 21:12:18,404 - qiskit.passmanager.base_tasks - INFO - Pass: CommutativeCancellation - 1.91593 (ms)
2025-08-04 21:12:18,404 - qiskit.passmanager.base_tasks - INFO - Pass: ContractIdleWiresInControlFlow - 0.00119 (ms)
2025-08-04 21:12:18,405 - qiskit.passmanager.base_tasks - INFO - Pass: GatesInBasis - 0.74220 (ms)
2025-08-04 21:12:18,405 - qiskit.passmanager.base_tasks - INFO - Pass: Depth - 0.63109 (ms)
2025-08-04 21:12:18,406 - qiskit.passmanager.base_tasks - INFO - Pass: Size - 0.00095 (ms)
2025-08-04 21:12:18,406 - qiskit.passmanager.base_tasks - INFO - Pass: MinimumPoint - 0.00405 (ms)
2025-08-04 21:12:18,411 - qiskit.passmanager.base_tasks - INFO - Pass: ConsolidateBlocks - 5.47409 (ms)
2025-08-04 21:12:18,416 - qiskit.passmanager.base_tasks - INFO - Pass: UnitarySynthesis - 5.12195 (ms)
2025-08-04 21:12:18,417 - qiskit.passmanager.base_tasks - INFO - Pass: RemoveIdentityEquivalent - 0.25296 (ms)
2025-08-04 21:12:18,418 - qiskit.passmanager.base_tasks - INFO - Pass: Optimize1qGatesDecomposition - 1.70493 (ms)
2025-08-04 21:12:18,420 - qiskit.passmanager.base_tasks - INFO - Pass: CommutativeCancellation - 1.84393 (ms)
2025-08-04 21:12:18,420 - qiskit.passmanager.base_tasks - INFO - Pass: ContractIdleWiresInControlFlow - 0.00572 (ms)
2025-08-04 21:12:18,421 - qiskit.passmanager.base_tasks - INFO - Pass: GatesInBasis - 0.74100 (ms)
2025-08-04 21:12:18,422 - qiskit.passmanager.base_tasks - INFO - Pass: Depth - 0.60606 (ms)
2025-08-04 21:12:18,422 - qiskit.passmanager.base_tasks - INFO - Pass: Size - 0.00095 (ms)
2025-08-04 21:12:18,422 - qiskit.passmanager.base_tasks - INFO - Pass: MinimumPoint - 0.00215 (ms)
2025-08-04 21:12:18,427 - qiskit.passmanager.base_tasks - INFO - Pass: ConsolidateBlocks - 5.45001 (ms)
2025-08-04 21:12:18,432 - qiskit.passmanager.base_tasks - INFO - Pass: UnitarySynthesis - 5.12409 (ms)
2025-08-04 21:12:18,433 - qiskit.passmanager.base_tasks - INFO - Pass: RemoveIdentityEquivalent - 0.25511 (ms)
2025-08-04 21:12:18,434 - qiskit.passmanager.base_tasks - INFO - Pass: Optimize1qGatesDecomposition - 1.70207 (ms)
2025-08-04 21:12:18,436 - qiskit.passmanager.base_tasks - INFO - Pass: CommutativeCancellation - 1.80101 (ms)
2025-08-04 21:12:18,436 - qiskit.passmanager.base_tasks - INFO - Pass: ContractIdleWiresInControlFlow - 0.00095 (ms)
2025-08-04 21:12:18,437 - qiskit.passmanager.base_tasks - INFO - Pass: GatesInBasis - 0.73099 (ms)
2025-08-04 21:12:18,437 - qiskit.passmanager.base_tasks - INFO - Pass: Depth - 0.59605 (ms)
2025-08-04 21:12:18,437 - qiskit.passmanager.base_tasks - INFO - Pass: Size - 0.00095 (ms)
2025-08-04 21:12:18,437 - qiskit.passmanager.base_tasks - INFO - Pass: MinimumPoint - 0.00215 (ms)
2025-08-04 21:12:18,443 - qiskit.passmanager.base_tasks - INFO - Pass: ConsolidateBlocks - 5.39517 (ms)
2025-08-04 21:12:18,448 - qiskit.passmanager.base_tasks - INFO - Pass: UnitarySynthesis - 5.04804 (ms)
2025-08-04 21:12:18,448 - qiskit.passmanager.base_tasks - INFO - Pass: RemoveIdentityEquivalent - 0.25177 (ms)
2025-08-04 21:12:18,450 - qiskit.passmanager.base_tasks - INFO - Pass: Optimize1qGatesDecomposition - 1.73807 (ms)
2025-08-04 21:12:18,452 - qiskit.passmanager.base_tasks - INFO - Pass: CommutativeCancellation - 1.82199 (ms)
2025-08-04 21:12:18,452 - qiskit.passmanager.base_tasks - INFO - Pass: ContractIdleWiresInControlFlow - 0.00191 (ms)
2025-08-04 21:12:18,453 - qiskit.passmanager.base_tasks - INFO - Pass: GatesInBasis - 0.73195 (ms)
2025-08-04 21:12:18,453 - qiskit.passmanager.base_tasks - INFO - Pass: Depth - 0.61226 (ms)
2025-08-04 21:12:18,453 - qiskit.passmanager.base_tasks - INFO - Pass: Size - 0.00119 (ms)
2025-08-04 21:12:18,453 - qiskit.passmanager.base_tasks - INFO - Pass: MinimumPoint - 0.00286 (ms)
2025-08-04 21:12:18,454 - qiskit.passmanager.base_tasks - INFO - Pass: ContainsInstruction - 0.00405 (ms)
2025-08-04 21:12:18,455 - qiskit.passmanager.base_tasks - INFO - Pass: InstructionDurationCheck - 0.86594 (ms)
2025-08-04 21:12:18,902 - qiskit.passmanager.base_tasks - INFO - Pass: Optimize1qGatesDecomposition - 0.01812 (ms)
