2025-08-06 10:16:28,287 - root - INFO - ++++++++++++++++ Starting at 2025-08-06 10:16:28.287676 +++++++++++++++++
2025-08-06 10:16:28,287 - src.ProcessQaoa - INFO - Using p_level:: 1
2025-08-06 10:16:32,044 - src.ProcessQaoa - INFO - Using Real Hardware
2025-08-06 10:16:34,631 - qiskit.passmanager.base_tasks - INFO - Pass: ContainsInstruction - 0.13995 (ms)
2025-08-06 10:16:34,631 - qiskit.passmanager.base_tasks - INFO - Pass: UnitarySynthesis - 0.00381 (ms)
2025-08-06 10:16:34,701 - qiskit.passmanager.base_tasks - INFO - Pass: HighLevelSynthesis - 69.58318 (ms)
2025-08-06 10:16:34,701 - qiskit.passmanager.base_tasks - INFO - Pass: BasisTranslator - 0.06318 (ms)
2025-08-06 10:16:34,701 - qiskit.passmanager.base_tasks - INFO - Pass: ElidePermutations - 0.00381 (ms)
2025-08-06 10:16:34,701 - qiskit.passmanager.base_tasks - INFO - Pass: RemoveDiagonalGatesBeforeMeasure - 0.26536 (ms)
2025-08-06 10:16:34,702 - qiskit.passmanager.base_tasks - INFO - Pass: RemoveIdentityEquivalent - 0.00811 (ms)
2025-08-06 10:16:34,702 - qiskit.passmanager.base_tasks - INFO - Pass: InverseCancellation - 0.56601 (ms)
2025-08-06 10:16:34,702 - qiskit.passmanager.base_tasks - INFO - Pass: ContractIdleWiresInControlFlow - 0.00215 (ms)
2025-08-06 10:16:34,702 - qiskit.passmanager.base_tasks - INFO - Pass: CommutativeCancellation - 0.23985 (ms)
2025-08-06 10:16:34,703 - qiskit.passmanager.base_tasks - INFO - Pass: ConsolidateBlocks - 0.12422 (ms)
2025-08-06 10:16:34,703 - qiskit.passmanager.base_tasks - INFO - Pass: Split2QUnitaries - 0.23389 (ms)
2025-08-06 10:16:34,703 - qiskit.passmanager.base_tasks - INFO - Pass: SetLayout - 0.00191 (ms)
2025-08-06 10:16:34,706 - qiskit.passmanager.base_tasks - INFO - Pass: VF2Layout - 3.59297 (ms)
2025-08-06 10:16:34,706 - qiskit.passmanager.base_tasks - INFO - Pass: BarrierBeforeFinalMeasurements - 0.00381 (ms)
2025-08-06 10:16:34,972 - qiskit.passmanager.base_tasks - INFO - Pass: SabreLayout - 265.43999 (ms)
2025-08-06 10:16:34,972 - qiskit.passmanager.base_tasks - INFO - Pass: CheckMap - 0.06914 (ms)
2025-08-06 10:16:34,980 - qiskit.passmanager.base_tasks - INFO - Pass: VF2PostLayout - 7.71999 (ms)
2025-08-06 10:16:34,984 - qiskit.passmanager.base_tasks - INFO - Pass: ApplyLayout - 3.70288 (ms)
2025-08-06 10:16:34,984 - qiskit.passmanager.base_tasks - INFO - Pass: FilterOpNodes - 0.60987 (ms)
2025-08-06 10:16:34,984 - qiskit.passmanager.base_tasks - INFO - Pass: UnitarySynthesis - 0.00572 (ms)
2025-08-06 10:16:34,985 - qiskit.passmanager.base_tasks - INFO - Pass: HighLevelSynthesis - 0.18716 (ms)
2025-08-06 10:16:35,002 - qiskit.passmanager.base_tasks - INFO - Pass: BasisTranslator - 17.59624 (ms)
2025-08-06 10:16:35,002 - qiskit.passmanager.base_tasks - INFO - Pass: CheckGateDirection - 0.00501 (ms)
2025-08-06 10:16:35,047 - qiskit.passmanager.base_tasks - INFO - Pass: GateDirection - 44.36684 (ms)
2025-08-06 10:16:35,553 - qiskit.passmanager.base_tasks - INFO - Pass: BasisTranslator - 506.32381 (ms)
2025-08-06 10:16:35,557 - qiskit.passmanager.base_tasks - INFO - Pass: Depth - 3.49498 (ms)
2025-08-06 10:16:35,557 - qiskit.passmanager.base_tasks - INFO - Pass: Size - 0.00405 (ms)
2025-08-06 10:16:35,558 - qiskit.passmanager.base_tasks - INFO - Pass: MinimumPoint - 0.01216 (ms)
2025-08-06 10:16:35,577 - qiskit.passmanager.base_tasks - INFO - Pass: ConsolidateBlocks - 18.96405 (ms)
2025-08-06 10:16:35,665 - qiskit.passmanager.base_tasks - INFO - Pass: UnitarySynthesis - 87.88180 (ms)
2025-08-06 10:16:35,665 - qiskit.passmanager.base_tasks - INFO - Pass: RemoveIdentityEquivalent - 0.69690 (ms)
2025-08-06 10:16:35,835 - qiskit.passmanager.base_tasks - INFO - Pass: Optimize1qGatesDecomposition - 169.89303 (ms)
2025-08-06 10:16:35,904 - qiskit.passmanager.base_tasks - INFO - Pass: CommutativeCancellation - 69.10372 (ms)
2025-08-06 10:16:35,905 - qiskit.passmanager.base_tasks - INFO - Pass: ContractIdleWiresInControlFlow - 0.00501 (ms)
2025-08-06 10:16:35,906 - qiskit.passmanager.base_tasks - INFO - Pass: GatesInBasis - 1.62387 (ms)
2025-08-06 10:16:35,908 - qiskit.passmanager.base_tasks - INFO - Pass: Depth - 1.71018 (ms)
2025-08-06 10:16:35,908 - qiskit.passmanager.base_tasks - INFO - Pass: Size - 0.00215 (ms)
2025-08-06 10:16:36,217 - qiskit.passmanager.base_tasks - INFO - Pass: MinimumPoint - 309.01694 (ms)
2025-08-06 10:16:36,229 - qiskit.passmanager.base_tasks - INFO - Pass: ConsolidateBlocks - 11.46388 (ms)
2025-08-06 10:16:36,245 - qiskit.passmanager.base_tasks - INFO - Pass: UnitarySynthesis - 16.34264 (ms)
2025-08-06 10:16:36,246 - qiskit.passmanager.base_tasks - INFO - Pass: RemoveIdentityEquivalent - 0.48709 (ms)
2025-08-06 10:16:36,250 - qiskit.passmanager.base_tasks - INFO - Pass: Optimize1qGatesDecomposition - 3.91006 (ms)
2025-08-06 10:16:36,259 - qiskit.passmanager.base_tasks - INFO - Pass: CommutativeCancellation - 9.52601 (ms)
2025-08-06 10:16:36,259 - qiskit.passmanager.base_tasks - INFO - Pass: ContractIdleWiresInControlFlow - 0.00215 (ms)
2025-08-06 10:16:36,261 - qiskit.passmanager.base_tasks - INFO - Pass: GatesInBasis - 1.44792 (ms)
2025-08-06 10:16:36,262 - qiskit.passmanager.base_tasks - INFO - Pass: Depth - 1.44911 (ms)
2025-08-06 10:16:36,262 - qiskit.passmanager.base_tasks - INFO - Pass: Size - 0.00191 (ms)
2025-08-06 10:16:36,524 - qiskit.passmanager.base_tasks - INFO - Pass: MinimumPoint - 261.52515 (ms)
2025-08-06 10:16:36,535 - qiskit.passmanager.base_tasks - INFO - Pass: ConsolidateBlocks - 11.22808 (ms)
2025-08-06 10:16:36,549 - qiskit.passmanager.base_tasks - INFO - Pass: UnitarySynthesis - 13.86189 (ms)
2025-08-06 10:16:36,550 - qiskit.passmanager.base_tasks - INFO - Pass: RemoveIdentityEquivalent - 0.51785 (ms)
2025-08-06 10:16:36,554 - qiskit.passmanager.base_tasks - INFO - Pass: Optimize1qGatesDecomposition - 3.94607 (ms)
2025-08-06 10:16:36,561 - qiskit.passmanager.base_tasks - INFO - Pass: CommutativeCancellation - 6.24394 (ms)
2025-08-06 10:16:36,561 - qiskit.passmanager.base_tasks - INFO - Pass: ContractIdleWiresInControlFlow - 0.00215 (ms)
2025-08-06 10:16:36,562 - qiskit.passmanager.base_tasks - INFO - Pass: GatesInBasis - 1.53518 (ms)
2025-08-06 10:16:36,564 - qiskit.passmanager.base_tasks - INFO - Pass: Depth - 1.62196 (ms)
2025-08-06 10:16:36,564 - qiskit.passmanager.base_tasks - INFO - Pass: Size - 0.00191 (ms)
2025-08-06 10:16:36,846 - qiskit.passmanager.base_tasks - INFO - Pass: MinimumPoint - 281.59595 (ms)
2025-08-06 10:16:36,857 - qiskit.passmanager.base_tasks - INFO - Pass: ConsolidateBlocks - 11.66701 (ms)
2025-08-06 10:16:36,872 - qiskit.passmanager.base_tasks - INFO - Pass: UnitarySynthesis - 14.70113 (ms)
2025-08-06 10:16:36,873 - qiskit.passmanager.base_tasks - INFO - Pass: RemoveIdentityEquivalent - 0.66590 (ms)
2025-08-06 10:16:36,878 - qiskit.passmanager.base_tasks - INFO - Pass: Optimize1qGatesDecomposition - 4.13704 (ms)
2025-08-06 10:16:36,884 - qiskit.passmanager.base_tasks - INFO - Pass: CommutativeCancellation - 6.39105 (ms)
2025-08-06 10:16:36,884 - qiskit.passmanager.base_tasks - INFO - Pass: ContractIdleWiresInControlFlow - 0.00405 (ms)
2025-08-06 10:16:36,886 - qiskit.passmanager.base_tasks - INFO - Pass: GatesInBasis - 1.74689 (ms)
2025-08-06 10:16:36,889 - qiskit.passmanager.base_tasks - INFO - Pass: Depth - 2.64502 (ms)
2025-08-06 10:16:36,889 - qiskit.passmanager.base_tasks - INFO - Pass: Size - 0.00620 (ms)
2025-08-06 10:16:36,889 - qiskit.passmanager.base_tasks - INFO - Pass: MinimumPoint - 0.00596 (ms)
2025-08-06 10:16:36,901 - qiskit.passmanager.base_tasks - INFO - Pass: ConsolidateBlocks - 12.36606 (ms)
2025-08-06 10:16:36,916 - qiskit.passmanager.base_tasks - INFO - Pass: UnitarySynthesis - 14.87374 (ms)
2025-08-06 10:16:36,918 - qiskit.passmanager.base_tasks - INFO - Pass: RemoveIdentityEquivalent - 0.69404 (ms)
2025-08-06 10:16:36,923 - qiskit.passmanager.base_tasks - INFO - Pass: Optimize1qGatesDecomposition - 4.87685 (ms)
2025-08-06 10:16:36,929 - qiskit.passmanager.base_tasks - INFO - Pass: CommutativeCancellation - 5.51391 (ms)
2025-08-06 10:16:36,929 - qiskit.passmanager.base_tasks - INFO - Pass: ContractIdleWiresInControlFlow - 0.00310 (ms)
2025-08-06 10:16:36,930 - qiskit.passmanager.base_tasks - INFO - Pass: GatesInBasis - 1.55187 (ms)
2025-08-06 10:16:36,932 - qiskit.passmanager.base_tasks - INFO - Pass: Depth - 2.09212 (ms)
2025-08-06 10:16:36,933 - qiskit.passmanager.base_tasks - INFO - Pass: Size - 0.00429 (ms)
2025-08-06 10:16:36,933 - qiskit.passmanager.base_tasks - INFO - Pass: MinimumPoint - 0.00596 (ms)
2025-08-06 10:16:36,945 - qiskit.passmanager.base_tasks - INFO - Pass: ConsolidateBlocks - 11.90090 (ms)
2025-08-06 10:16:36,960 - qiskit.passmanager.base_tasks - INFO - Pass: UnitarySynthesis - 15.40470 (ms)
2025-08-06 10:16:36,961 - qiskit.passmanager.base_tasks - INFO - Pass: RemoveIdentityEquivalent - 0.72122 (ms)
2025-08-06 10:16:36,965 - qiskit.passmanager.base_tasks - INFO - Pass: Optimize1qGatesDecomposition - 3.96419 (ms)
2025-08-06 10:16:36,971 - qiskit.passmanager.base_tasks - INFO - Pass: CommutativeCancellation - 5.27215 (ms)
2025-08-06 10:16:36,971 - qiskit.passmanager.base_tasks - INFO - Pass: ContractIdleWiresInControlFlow - 0.00191 (ms)
2025-08-06 10:16:36,972 - qiskit.passmanager.base_tasks - INFO - Pass: GatesInBasis - 1.54185 (ms)
2025-08-06 10:16:36,974 - qiskit.passmanager.base_tasks - INFO - Pass: Depth - 1.78170 (ms)
2025-08-06 10:16:36,974 - qiskit.passmanager.base_tasks - INFO - Pass: Size - 0.00262 (ms)
2025-08-06 10:16:36,974 - qiskit.passmanager.base_tasks - INFO - Pass: MinimumPoint - 0.00405 (ms)
2025-08-06 10:16:36,987 - qiskit.passmanager.base_tasks - INFO - Pass: ConsolidateBlocks - 12.69412 (ms)
2025-08-06 10:16:37,005 - qiskit.passmanager.base_tasks - INFO - Pass: UnitarySynthesis - 17.81297 (ms)
2025-08-06 10:16:37,006 - qiskit.passmanager.base_tasks - INFO - Pass: RemoveIdentityEquivalent - 0.65398 (ms)
2025-08-06 10:16:37,010 - qiskit.passmanager.base_tasks - INFO - Pass: Optimize1qGatesDecomposition - 3.84521 (ms)
2025-08-06 10:16:37,015 - qiskit.passmanager.base_tasks - INFO - Pass: CommutativeCancellation - 5.02586 (ms)
2025-08-06 10:16:37,015 - qiskit.passmanager.base_tasks - INFO - Pass: ContractIdleWiresInControlFlow - 0.00501 (ms)
2025-08-06 10:16:37,017 - qiskit.passmanager.base_tasks - INFO - Pass: GatesInBasis - 1.50013 (ms)
2025-08-06 10:16:37,019 - qiskit.passmanager.base_tasks - INFO - Pass: Depth - 1.76835 (ms)
2025-08-06 10:16:37,019 - qiskit.passmanager.base_tasks - INFO - Pass: Size - 0.00477 (ms)
2025-08-06 10:16:37,019 - qiskit.passmanager.base_tasks - INFO - Pass: MinimumPoint - 0.00787 (ms)
2025-08-06 10:16:37,020 - qiskit.passmanager.base_tasks - INFO - Pass: ContainsInstruction - 0.00882 (ms)
2025-08-06 10:16:37,022 - qiskit.passmanager.base_tasks - INFO - Pass: InstructionDurationCheck - 1.80006 (ms)
