2025-08-04 21:13:07,620 - root - INFO - ++++++++++++++++ Starting at 2025-08-04 21:13:07.620170 +++++++++++++++++
2025-08-04 21:13:07,620 - src.ProcessQaoa - INFO - Using p_level:: 1
2025-08-04 21:13:08,865 - src.ProcessQaoa - INFO - Using Simulator
2025-08-04 21:13:11,386 - qiskit.passmanager.base_tasks - INFO - Pass: ContainsInstruction - 0.48709 (ms)
2025-08-04 21:13:11,387 - qiskit.passmanager.base_tasks - INFO - Pass: UnitarySynthesis - 0.00310 (ms)
2025-08-04 21:13:11,414 - qiskit.passmanager.base_tasks - INFO - Pass: HighLevelSynthesis - 26.75796 (ms)
2025-08-04 21:13:11,414 - qiskit.passmanager.base_tasks - INFO - Pass: BasisTranslator - 0.04101 (ms)
2025-08-04 21:13:11,414 - qiskit.passmanager.base_tasks - INFO - Pass: ElidePermutations - 0.00262 (ms)
2025-08-04 21:13:11,414 - qiskit.passmanager.base_tasks - INFO - Pass: RemoveDiagonalGatesBeforeMeasure - 0.15998 (ms)
2025-08-04 21:13:11,415 - qiskit.passmanager.base_tasks - INFO - Pass: RemoveIdentityEquivalent - 0.00525 (ms)
2025-08-04 21:13:11,415 - qiskit.passmanager.base_tasks - INFO - Pass: InverseCancellation - 0.83685 (ms)
2025-08-04 21:13:11,415 - qiskit.passmanager.base_tasks - INFO - Pass: ContractIdleWiresInControlFlow - 0.00095 (ms)
2025-08-04 21:13:11,416 - qiskit.passmanager.base_tasks - INFO - Pass: CommutativeCancellation - 0.24724 (ms)
2025-08-04 21:13:11,416 - qiskit.passmanager.base_tasks - INFO - Pass: ConsolidateBlocks - 0.20218 (ms)
2025-08-04 21:13:11,416 - qiskit.passmanager.base_tasks - INFO - Pass: Split2QUnitaries - 0.09489 (ms)
2025-08-04 21:13:11,416 - qiskit.passmanager.base_tasks - INFO - Pass: SetLayout - 0.00215 (ms)
2025-08-04 21:13:11,420 - qiskit.passmanager.base_tasks - INFO - Pass: VF2Layout - 4.03595 (ms)
2025-08-04 21:13:11,420 - qiskit.passmanager.base_tasks - INFO - Pass: BarrierBeforeFinalMeasurements - 0.00381 (ms)
2025-08-04 21:13:11,572 - qiskit.passmanager.base_tasks - INFO - Pass: SabreLayout - 151.73006 (ms)
2025-08-04 21:13:11,572 - qiskit.passmanager.base_tasks - INFO - Pass: CheckMap - 0.02718 (ms)
2025-08-04 21:13:11,581 - qiskit.passmanager.base_tasks - INFO - Pass: VF2PostLayout - 8.76904 (ms)
2025-08-04 21:13:11,583 - qiskit.passmanager.base_tasks - INFO - Pass: ApplyLayout - 2.32100 (ms)
2025-08-04 21:13:11,584 - qiskit.passmanager.base_tasks - INFO - Pass: FilterOpNodes - 0.47588 (ms)
2025-08-04 21:13:11,584 - qiskit.passmanager.base_tasks - INFO - Pass: UnitarySynthesis - 0.00262 (ms)
2025-08-04 21:13:11,584 - qiskit.passmanager.base_tasks - INFO - Pass: HighLevelSynthesis - 0.10085 (ms)
2025-08-04 21:13:11,591 - qiskit.passmanager.base_tasks - INFO - Pass: BasisTranslator - 7.17282 (ms)
2025-08-04 21:13:11,591 - qiskit.passmanager.base_tasks - INFO - Pass: CheckGateDirection - 0.00501 (ms)
2025-08-04 21:13:11,608 - qiskit.passmanager.base_tasks - INFO - Pass: GateDirection - 16.76393 (ms)
2025-08-04 21:13:11,723 - qiskit.passmanager.base_tasks - INFO - Pass: BasisTranslator - 115.18502 (ms)
2025-08-04 21:13:11,725 - qiskit.passmanager.base_tasks - INFO - Pass: Depth - 1.36590 (ms)
2025-08-04 21:13:11,725 - qiskit.passmanager.base_tasks - INFO - Pass: Size - 0.00310 (ms)
2025-08-04 21:13:11,725 - qiskit.passmanager.base_tasks - INFO - Pass: MinimumPoint - 0.00715 (ms)
2025-08-04 21:13:11,734 - qiskit.passmanager.base_tasks - INFO - Pass: ConsolidateBlocks - 9.21988 (ms)
2025-08-04 21:13:11,764 - qiskit.passmanager.base_tasks - INFO - Pass: UnitarySynthesis - 29.88219 (ms)
2025-08-04 21:13:11,765 - qiskit.passmanager.base_tasks - INFO - Pass: RemoveIdentityEquivalent - 0.32568 (ms)
2025-08-04 21:13:11,876 - qiskit.passmanager.base_tasks - INFO - Pass: Optimize1qGatesDecomposition - 111.13286 (ms)
2025-08-04 21:13:12,223 - qiskit.passmanager.base_tasks - INFO - Pass: CommutativeCancellation - 24.45197 (ms)
2025-08-04 21:13:12,240 - qiskit.passmanager.base_tasks - INFO - Pass: ContractIdleWiresInControlFlow - 0.00691 (ms)
2025-08-04 21:13:12,241 - qiskit.passmanager.base_tasks - INFO - Pass: GatesInBasis - 1.01876 (ms)
2025-08-04 21:13:12,242 - qiskit.passmanager.base_tasks - INFO - Pass: Depth - 0.94914 (ms)
2025-08-04 21:13:12,242 - qiskit.passmanager.base_tasks - INFO - Pass: Size - 0.00286 (ms)
2025-08-04 21:13:12,355 - qiskit.passmanager.base_tasks - INFO - Pass: MinimumPoint - 112.92410 (ms)
2025-08-04 21:13:12,361 - qiskit.passmanager.base_tasks - INFO - Pass: ConsolidateBlocks - 6.34861 (ms)
2025-08-04 21:13:12,369 - qiskit.passmanager.base_tasks - INFO - Pass: UnitarySynthesis - 8.05402 (ms)
2025-08-04 21:13:12,370 - qiskit.passmanager.base_tasks - INFO - Pass: RemoveIdentityEquivalent - 0.30184 (ms)
2025-08-04 21:13:12,372 - qiskit.passmanager.base_tasks - INFO - Pass: Optimize1qGatesDecomposition - 1.85776 (ms)
2025-08-04 21:13:12,377 - qiskit.passmanager.base_tasks - INFO - Pass: CommutativeCancellation - 5.06115 (ms)
2025-08-04 21:13:12,377 - qiskit.passmanager.base_tasks - INFO - Pass: ContractIdleWiresInControlFlow - 0.00095 (ms)
2025-08-04 21:13:12,378 - qiskit.passmanager.base_tasks - INFO - Pass: GatesInBasis - 0.79298 (ms)
2025-08-04 21:13:12,378 - qiskit.passmanager.base_tasks - INFO - Pass: Depth - 0.68188 (ms)
2025-08-04 21:13:12,378 - qiskit.passmanager.base_tasks - INFO - Pass: Size - 0.00191 (ms)
2025-08-04 21:13:12,573 - qiskit.passmanager.base_tasks - INFO - Pass: MinimumPoint - 194.47517 (ms)
2025-08-04 21:13:12,579 - qiskit.passmanager.base_tasks - INFO - Pass: ConsolidateBlocks - 5.71704 (ms)
2025-08-04 21:13:12,584 - qiskit.passmanager.base_tasks - INFO - Pass: UnitarySynthesis - 5.79524 (ms)
2025-08-04 21:13:12,585 - qiskit.passmanager.base_tasks - INFO - Pass: RemoveIdentityEquivalent - 0.26202 (ms)
2025-08-04 21:13:12,587 - qiskit.passmanager.base_tasks - INFO - Pass: Optimize1qGatesDecomposition - 1.76191 (ms)
2025-08-04 21:13:12,590 - qiskit.passmanager.base_tasks - INFO - Pass: CommutativeCancellation - 2.81382 (ms)
2025-08-04 21:13:12,590 - qiskit.passmanager.base_tasks - INFO - Pass: ContractIdleWiresInControlFlow - 0.00072 (ms)
2025-08-04 21:13:12,590 - qiskit.passmanager.base_tasks - INFO - Pass: GatesInBasis - 0.73099 (ms)
2025-08-04 21:13:12,591 - qiskit.passmanager.base_tasks - INFO - Pass: Depth - 0.62180 (ms)
2025-08-04 21:13:12,591 - qiskit.passmanager.base_tasks - INFO - Pass: Size - 0.00095 (ms)
2025-08-04 21:13:12,696 - qiskit.passmanager.base_tasks - INFO - Pass: MinimumPoint - 104.92587 (ms)
2025-08-04 21:13:12,702 - qiskit.passmanager.base_tasks - INFO - Pass: ConsolidateBlocks - 5.70703 (ms)
2025-08-04 21:13:12,707 - qiskit.passmanager.base_tasks - INFO - Pass: UnitarySynthesis - 5.33080 (ms)
2025-08-04 21:13:12,707 - qiskit.passmanager.base_tasks - INFO - Pass: RemoveIdentityEquivalent - 0.25606 (ms)
2025-08-04 21:13:12,709 - qiskit.passmanager.base_tasks - INFO - Pass: Optimize1qGatesDecomposition - 1.78480 (ms)
2025-08-04 21:13:12,711 - qiskit.passmanager.base_tasks - INFO - Pass: CommutativeCancellation - 1.87492 (ms)
2025-08-04 21:13:12,711 - qiskit.passmanager.base_tasks - INFO - Pass: ContractIdleWiresInControlFlow - 0.00095 (ms)
2025-08-04 21:13:12,712 - qiskit.passmanager.base_tasks - INFO - Pass: GatesInBasis - 0.74291 (ms)
2025-08-04 21:13:12,713 - qiskit.passmanager.base_tasks - INFO - Pass: Depth - 0.64278 (ms)
2025-08-04 21:13:12,713 - qiskit.passmanager.base_tasks - INFO - Pass: Size - 0.00095 (ms)
2025-08-04 21:13:12,713 - qiskit.passmanager.base_tasks - INFO - Pass: MinimumPoint - 0.00310 (ms)
2025-08-04 21:13:12,718 - qiskit.passmanager.base_tasks - INFO - Pass: ConsolidateBlocks - 5.33390 (ms)
2025-08-04 21:13:12,723 - qiskit.passmanager.base_tasks - INFO - Pass: UnitarySynthesis - 5.26500 (ms)
2025-08-04 21:13:12,724 - qiskit.passmanager.base_tasks - INFO - Pass: RemoveIdentityEquivalent - 0.24915 (ms)
2025-08-04 21:13:12,725 - qiskit.passmanager.base_tasks - INFO - Pass: Optimize1qGatesDecomposition - 1.70231 (ms)
2025-08-04 21:13:12,727 - qiskit.passmanager.base_tasks - INFO - Pass: CommutativeCancellation - 1.83606 (ms)
2025-08-04 21:13:12,727 - qiskit.passmanager.base_tasks - INFO - Pass: ContractIdleWiresInControlFlow - 0.00095 (ms)
2025-08-04 21:13:12,728 - qiskit.passmanager.base_tasks - INFO - Pass: GatesInBasis - 0.73695 (ms)
2025-08-04 21:13:12,729 - qiskit.passmanager.base_tasks - INFO - Pass: Depth - 0.58007 (ms)
2025-08-04 21:13:12,729 - qiskit.passmanager.base_tasks - INFO - Pass: Size - 0.00072 (ms)
2025-08-04 21:13:12,729 - qiskit.passmanager.base_tasks - INFO - Pass: MinimumPoint - 0.00215 (ms)
2025-08-04 21:13:12,734 - qiskit.passmanager.base_tasks - INFO - Pass: ConsolidateBlocks - 5.32889 (ms)
2025-08-04 21:13:12,739 - qiskit.passmanager.base_tasks - INFO - Pass: UnitarySynthesis - 5.23925 (ms)
2025-08-04 21:13:12,740 - qiskit.passmanager.base_tasks - INFO - Pass: RemoveIdentityEquivalent - 0.24819 (ms)
2025-08-04 21:13:12,741 - qiskit.passmanager.base_tasks - INFO - Pass: Optimize1qGatesDecomposition - 1.71614 (ms)
2025-08-04 21:13:12,743 - qiskit.passmanager.base_tasks - INFO - Pass: CommutativeCancellation - 1.87230 (ms)
2025-08-04 21:13:12,743 - qiskit.passmanager.base_tasks - INFO - Pass: ContractIdleWiresInControlFlow - 0.00000 (ms)
2025-08-04 21:13:12,744 - qiskit.passmanager.base_tasks - INFO - Pass: GatesInBasis - 0.75102 (ms)
2025-08-04 21:13:12,745 - qiskit.passmanager.base_tasks - INFO - Pass: Depth - 0.61321 (ms)
2025-08-04 21:13:12,745 - qiskit.passmanager.base_tasks - INFO - Pass: Size - 0.00095 (ms)
2025-08-04 21:13:12,745 - qiskit.passmanager.base_tasks - INFO - Pass: MinimumPoint - 0.00191 (ms)
2025-08-04 21:13:12,750 - qiskit.passmanager.base_tasks - INFO - Pass: ConsolidateBlocks - 5.33414 (ms)
2025-08-04 21:13:12,755 - qiskit.passmanager.base_tasks - INFO - Pass: UnitarySynthesis - 5.24902 (ms)
2025-08-04 21:13:12,756 - qiskit.passmanager.base_tasks - INFO - Pass: RemoveIdentityEquivalent - 0.24986 (ms)
2025-08-04 21:13:12,758 - qiskit.passmanager.base_tasks - INFO - Pass: Optimize1qGatesDecomposition - 1.72281 (ms)
2025-08-04 21:13:12,759 - qiskit.passmanager.base_tasks - INFO - Pass: CommutativeCancellation - 1.82724 (ms)
2025-08-04 21:13:12,759 - qiskit.passmanager.base_tasks - INFO - Pass: ContractIdleWiresInControlFlow - 0.00095 (ms)
2025-08-04 21:13:12,760 - qiskit.passmanager.base_tasks - INFO - Pass: GatesInBasis - 0.73290 (ms)
2025-08-04 21:13:12,761 - qiskit.passmanager.base_tasks - INFO - Pass: Depth - 0.60487 (ms)
2025-08-04 21:13:12,761 - qiskit.passmanager.base_tasks - INFO - Pass: Size - 0.00072 (ms)
2025-08-04 21:13:12,761 - qiskit.passmanager.base_tasks - INFO - Pass: MinimumPoint - 0.00405 (ms)
2025-08-04 21:13:12,761 - qiskit.passmanager.base_tasks - INFO - Pass: ContainsInstruction - 0.00405 (ms)
2025-08-04 21:13:12,762 - qiskit.passmanager.base_tasks - INFO - Pass: InstructionDurationCheck - 0.85306 (ms)
2025-08-04 21:13:13,241 - qiskit.passmanager.base_tasks - INFO - Pass: Optimize1qGatesDecomposition - 0.01907 (ms)
2025-08-04 21:13:13,828 - qiskit_aer.backends.aerbackend - WARNING - Simulation failed and returned the following error message:
ERROR:  [Experiment 0] Insufficient memory to run circuit QAOA-10220 using the statevector simulator. Required memory: 16384M, max memory: 8192M
