2025-08-07 20:59:04,760 - root - INFO - ++++++++++++++++ Starting at 2025-08-07 20:59:04.760928 +++++++++++++++++
2025-08-07 20:59:04,760 - src.ProcessQaoa - INFO - Using p_level:: 1
2025-08-07 20:59:08,047 - src.ProcessQaoa - INFO - Using Real Hardware
2025-08-07 20:59:10,241 - qiskit.passmanager.base_tasks - INFO - Pass: ContainsInstruction - 0.12589 (ms)
2025-08-07 20:59:10,241 - qiskit.passmanager.base_tasks - INFO - Pass: UnitarySynthesis - 0.00310 (ms)
2025-08-07 20:59:10,244 - qiskit.passmanager.base_tasks - INFO - Pass: HighLevelSynthesis - 3.03102 (ms)
2025-08-07 20:59:10,244 - qiskit.passmanager.base_tasks - INFO - Pass: BasisTranslator - 0.01502 (ms)
2025-08-07 20:59:10,245 - qiskit.passmanager.base_tasks - INFO - Pass: ElidePermutations - 0.00715 (ms)
2025-08-07 20:59:10,245 - qiskit.passmanager.base_tasks - INFO - Pass: RemoveDiagonalGatesBeforeMeasure - 0.12517 (ms)
2025-08-07 20:59:10,245 - qiskit.passmanager.base_tasks - INFO - Pass: RemoveIdentityEquivalent - 0.00286 (ms)
2025-08-07 20:59:10,245 - qiskit.passmanager.base_tasks - INFO - Pass: InverseCancellation - 0.64802 (ms)
2025-08-07 20:59:10,245 - qiskit.passmanager.base_tasks - INFO - Pass: ContractIdleWiresInControlFlow - 0.00095 (ms)
2025-08-07 20:59:10,245 - qiskit.passmanager.base_tasks - INFO - Pass: CommutativeCancellation - 0.03290 (ms)
2025-08-07 20:59:10,246 - qiskit.passmanager.base_tasks - INFO - Pass: ConsolidateBlocks - 0.02599 (ms)
2025-08-07 20:59:10,246 - qiskit.passmanager.base_tasks - INFO - Pass: Split2QUnitaries - 0.35787 (ms)
2025-08-07 20:59:10,246 - qiskit.passmanager.base_tasks - INFO - Pass: SetLayout - 0.00215 (ms)
2025-08-07 20:59:10,248 - qiskit.passmanager.base_tasks - INFO - Pass: VF2Layout - 1.78504 (ms)
2025-08-07 20:59:10,248 - qiskit.passmanager.base_tasks - INFO - Pass: BarrierBeforeFinalMeasurements - 0.00381 (ms)
2025-08-07 20:59:10,254 - qiskit.passmanager.base_tasks - INFO - Pass: SabreLayout - 6.19984 (ms)
2025-08-07 20:59:10,254 - qiskit.passmanager.base_tasks - INFO - Pass: CheckMap - 0.03028 (ms)
2025-08-07 20:59:10,257 - qiskit.passmanager.base_tasks - INFO - Pass: VF2PostLayout - 2.64287 (ms)
2025-08-07 20:59:10,257 - qiskit.passmanager.base_tasks - INFO - Pass: ApplyLayout - 0.42605 (ms)
2025-08-07 20:59:10,257 - qiskit.passmanager.base_tasks - INFO - Pass: FilterOpNodes - 0.16117 (ms)
2025-08-07 20:59:10,257 - qiskit.passmanager.base_tasks - INFO - Pass: UnitarySynthesis - 0.00381 (ms)
2025-08-07 20:59:10,257 - qiskit.passmanager.base_tasks - INFO - Pass: HighLevelSynthesis - 0.01407 (ms)
2025-08-07 20:59:10,258 - qiskit.passmanager.base_tasks - INFO - Pass: BasisTranslator - 0.90170 (ms)
2025-08-07 20:59:10,258 - qiskit.passmanager.base_tasks - INFO - Pass: CheckGateDirection - 0.00405 (ms)
2025-08-07 20:59:10,259 - qiskit.passmanager.base_tasks - INFO - Pass: GateDirection - 0.40984 (ms)
2025-08-07 20:59:10,260 - qiskit.passmanager.base_tasks - INFO - Pass: BasisTranslator - 0.76318 (ms)
2025-08-07 20:59:10,260 - qiskit.passmanager.base_tasks - INFO - Pass: Depth - 0.08011 (ms)
2025-08-07 20:59:10,260 - qiskit.passmanager.base_tasks - INFO - Pass: Size - 0.00119 (ms)
2025-08-07 20:59:10,260 - qiskit.passmanager.base_tasks - INFO - Pass: MinimumPoint - 0.00501 (ms)
2025-08-07 20:59:10,261 - qiskit.passmanager.base_tasks - INFO - Pass: ConsolidateBlocks - 0.91815 (ms)
2025-08-07 20:59:10,262 - qiskit.passmanager.base_tasks - INFO - Pass: UnitarySynthesis - 1.09220 (ms)
2025-08-07 20:59:10,262 - qiskit.passmanager.base_tasks - INFO - Pass: RemoveIdentityEquivalent - 0.00906 (ms)
2025-08-07 20:59:10,262 - qiskit.passmanager.base_tasks - INFO - Pass: Optimize1qGatesDecomposition - 0.28396 (ms)
2025-08-07 20:59:10,262 - qiskit.passmanager.base_tasks - INFO - Pass: CommutativeCancellation - 0.19789 (ms)
2025-08-07 20:59:10,262 - qiskit.passmanager.base_tasks - INFO - Pass: ContractIdleWiresInControlFlow - 0.00095 (ms)
2025-08-07 20:59:10,262 - qiskit.passmanager.base_tasks - INFO - Pass: GatesInBasis - 0.02098 (ms)
2025-08-07 20:59:10,262 - qiskit.passmanager.base_tasks - INFO - Pass: Depth - 0.02503 (ms)
2025-08-07 20:59:10,262 - qiskit.passmanager.base_tasks - INFO - Pass: Size - 0.00167 (ms)
2025-08-07 20:59:10,302 - qiskit.passmanager.base_tasks - INFO - Pass: MinimumPoint - 39.08920 (ms)
2025-08-07 20:59:10,302 - qiskit.passmanager.base_tasks - INFO - Pass: ConsolidateBlocks - 0.27990 (ms)
2025-08-07 20:59:10,302 - qiskit.passmanager.base_tasks - INFO - Pass: UnitarySynthesis - 0.00525 (ms)
2025-08-07 20:59:10,302 - qiskit.passmanager.base_tasks - INFO - Pass: RemoveIdentityEquivalent - 0.00906 (ms)
2025-08-07 20:59:10,302 - qiskit.passmanager.base_tasks - INFO - Pass: Optimize1qGatesDecomposition - 0.05770 (ms)
2025-08-07 20:59:10,302 - qiskit.passmanager.base_tasks - INFO - Pass: CommutativeCancellation - 0.07677 (ms)
2025-08-07 20:59:10,302 - qiskit.passmanager.base_tasks - INFO - Pass: ContractIdleWiresInControlFlow - 0.00095 (ms)
2025-08-07 20:59:10,302 - qiskit.passmanager.base_tasks - INFO - Pass: GatesInBasis - 0.01884 (ms)
2025-08-07 20:59:10,302 - qiskit.passmanager.base_tasks - INFO - Pass: Depth - 0.02289 (ms)
2025-08-07 20:59:10,302 - qiskit.passmanager.base_tasks - INFO - Pass: Size - 0.00191 (ms)
2025-08-07 20:59:10,302 - qiskit.passmanager.base_tasks - INFO - Pass: MinimumPoint - 0.00286 (ms)
2025-08-07 20:59:10,302 - qiskit.passmanager.base_tasks - INFO - Pass: ContainsInstruction - 0.00286 (ms)
2025-08-07 20:59:10,302 - qiskit.passmanager.base_tasks - INFO - Pass: InstructionDurationCheck - 0.02480 (ms)
