2025-08-06 23:06:02,950 - root - INFO - ++++++++++++++++ Starting at 2025-08-06 23:06:02.950778 +++++++++++++++++
2025-08-06 23:06:02,950 - src.ProcessQaoa - INFO - Using p_level:: 1
2025-08-06 23:06:06,828 - src.ProcessQaoa - INFO - Using Real Hardware
2025-08-06 23:06:10,156 - qiskit.passmanager.base_tasks - INFO - Pass: ContainsInstruction - 0.13280 (ms)
2025-08-06 23:06:10,156 - qiskit.passmanager.base_tasks - INFO - Pass: UnitarySynthesis - 0.00310 (ms)
2025-08-06 23:06:10,205 - qiskit.passmanager.base_tasks - INFO - Pass: HighLevelSynthesis - 49.02101 (ms)
2025-08-06 23:06:10,205 - qiskit.passmanager.base_tasks - INFO - Pass: BasisTranslator - 0.03791 (ms)
2025-08-06 23:06:10,206 - qiskit.passmanager.base_tasks - INFO - Pass: ElidePermutations - 0.00405 (ms)
2025-08-06 23:06:10,206 - qiskit.passmanager.base_tasks - INFO - Pass: RemoveDiagonalGatesBeforeMeasure - 0.20576 (ms)
2025-08-06 23:06:10,206 - qiskit.passmanager.base_tasks - INFO - Pass: RemoveIdentityEquivalent - 0.00405 (ms)
2025-08-06 23:06:10,207 - qiskit.passmanager.base_tasks - INFO - Pass: InverseCancellation - 0.94104 (ms)
2025-08-06 23:06:10,207 - qiskit.passmanager.base_tasks - INFO - Pass: ContractIdleWiresInControlFlow - 0.00191 (ms)
2025-08-06 23:06:10,207 - qiskit.passmanager.base_tasks - INFO - Pass: CommutativeCancellation - 0.20003 (ms)
2025-08-06 23:06:10,207 - qiskit.passmanager.base_tasks - INFO - Pass: ConsolidateBlocks - 0.12422 (ms)
2025-08-06 23:06:10,207 - qiskit.passmanager.base_tasks - INFO - Pass: Split2QUnitaries - 0.07820 (ms)
2025-08-06 23:06:10,207 - qiskit.passmanager.base_tasks - INFO - Pass: SetLayout - 0.00215 (ms)
2025-08-06 23:06:10,211 - qiskit.passmanager.base_tasks - INFO - Pass: VF2Layout - 3.71408 (ms)
2025-08-06 23:06:10,211 - qiskit.passmanager.base_tasks - INFO - Pass: BarrierBeforeFinalMeasurements - 0.00405 (ms)
2025-08-06 23:06:10,344 - qiskit.passmanager.base_tasks - INFO - Pass: SabreLayout - 132.60126 (ms)
2025-08-06 23:06:10,344 - qiskit.passmanager.base_tasks - INFO - Pass: CheckMap - 0.03099 (ms)
2025-08-06 23:06:10,352 - qiskit.passmanager.base_tasks - INFO - Pass: VF2PostLayout - 8.50892 (ms)
2025-08-06 23:06:10,354 - qiskit.passmanager.base_tasks - INFO - Pass: ApplyLayout - 2.13099 (ms)
2025-08-06 23:06:10,355 - qiskit.passmanager.base_tasks - INFO - Pass: FilterOpNodes - 0.32067 (ms)
2025-08-06 23:06:10,355 - qiskit.passmanager.base_tasks - INFO - Pass: UnitarySynthesis - 0.00381 (ms)
2025-08-06 23:06:10,355 - qiskit.passmanager.base_tasks - INFO - Pass: HighLevelSynthesis - 0.09799 (ms)
2025-08-06 23:06:10,362 - qiskit.passmanager.base_tasks - INFO - Pass: BasisTranslator - 7.09915 (ms)
2025-08-06 23:06:10,362 - qiskit.passmanager.base_tasks - INFO - Pass: CheckGateDirection - 0.00405 (ms)
2025-08-06 23:06:10,378 - qiskit.passmanager.base_tasks - INFO - Pass: GateDirection - 16.17479 (ms)
2025-08-06 23:06:10,491 - qiskit.passmanager.base_tasks - INFO - Pass: BasisTranslator - 112.22124 (ms)
2025-08-06 23:06:10,493 - qiskit.passmanager.base_tasks - INFO - Pass: Depth - 1.78695 (ms)
2025-08-06 23:06:10,493 - qiskit.passmanager.base_tasks - INFO - Pass: Size - 0.00286 (ms)
2025-08-06 23:06:10,493 - qiskit.passmanager.base_tasks - INFO - Pass: MinimumPoint - 0.00691 (ms)
2025-08-06 23:06:10,502 - qiskit.passmanager.base_tasks - INFO - Pass: ConsolidateBlocks - 8.52394 (ms)
2025-08-06 23:06:10,527 - qiskit.passmanager.base_tasks - INFO - Pass: UnitarySynthesis - 25.26212 (ms)
2025-08-06 23:06:10,527 - qiskit.passmanager.base_tasks - INFO - Pass: RemoveIdentityEquivalent - 0.27800 (ms)
2025-08-06 23:06:10,567 - qiskit.passmanager.base_tasks - INFO - Pass: Optimize1qGatesDecomposition - 39.40821 (ms)
2025-08-06 23:06:10,587 - qiskit.passmanager.base_tasks - INFO - Pass: CommutativeCancellation - 20.77103 (ms)
2025-08-06 23:06:10,587 - qiskit.passmanager.base_tasks - INFO - Pass: ContractIdleWiresInControlFlow - 0.00310 (ms)
2025-08-06 23:06:10,588 - qiskit.passmanager.base_tasks - INFO - Pass: GatesInBasis - 0.73814 (ms)
2025-08-06 23:06:10,589 - qiskit.passmanager.base_tasks - INFO - Pass: Depth - 0.91219 (ms)
2025-08-06 23:06:10,589 - qiskit.passmanager.base_tasks - INFO - Pass: Size - 0.00215 (ms)
2025-08-06 23:06:10,734 - qiskit.passmanager.base_tasks - INFO - Pass: MinimumPoint - 144.58108 (ms)
2025-08-06 23:06:10,740 - qiskit.passmanager.base_tasks - INFO - Pass: ConsolidateBlocks - 5.79405 (ms)
2025-08-06 23:06:10,746 - qiskit.passmanager.base_tasks - INFO - Pass: UnitarySynthesis - 6.50692 (ms)
2025-08-06 23:06:10,747 - qiskit.passmanager.base_tasks - INFO - Pass: RemoveIdentityEquivalent - 0.22912 (ms)
2025-08-06 23:06:10,748 - qiskit.passmanager.base_tasks - INFO - Pass: Optimize1qGatesDecomposition - 1.74093 (ms)
2025-08-06 23:06:10,753 - qiskit.passmanager.base_tasks - INFO - Pass: CommutativeCancellation - 4.11916 (ms)
2025-08-06 23:06:10,753 - qiskit.passmanager.base_tasks - INFO - Pass: ContractIdleWiresInControlFlow - 0.00095 (ms)
2025-08-06 23:06:10,753 - qiskit.passmanager.base_tasks - INFO - Pass: GatesInBasis - 0.68927 (ms)
2025-08-06 23:06:10,754 - qiskit.passmanager.base_tasks - INFO - Pass: Depth - 0.60320 (ms)
2025-08-06 23:06:10,754 - qiskit.passmanager.base_tasks - INFO - Pass: Size - 0.00119 (ms)
2025-08-06 23:06:10,902 - qiskit.passmanager.base_tasks - INFO - Pass: MinimumPoint - 148.26488 (ms)
2025-08-06 23:06:10,908 - qiskit.passmanager.base_tasks - INFO - Pass: ConsolidateBlocks - 5.73587 (ms)
2025-08-06 23:06:10,914 - qiskit.passmanager.base_tasks - INFO - Pass: UnitarySynthesis - 5.47361 (ms)
2025-08-06 23:06:10,914 - qiskit.passmanager.base_tasks - INFO - Pass: RemoveIdentityEquivalent - 0.25606 (ms)
2025-08-06 23:06:10,916 - qiskit.passmanager.base_tasks - INFO - Pass: Optimize1qGatesDecomposition - 1.81317 (ms)
2025-08-06 23:06:10,919 - qiskit.passmanager.base_tasks - INFO - Pass: CommutativeCancellation - 2.83408 (ms)
2025-08-06 23:06:10,919 - qiskit.passmanager.base_tasks - INFO - Pass: ContractIdleWiresInControlFlow - 0.00095 (ms)
2025-08-06 23:06:10,919 - qiskit.passmanager.base_tasks - INFO - Pass: GatesInBasis - 0.74673 (ms)
2025-08-06 23:06:10,920 - qiskit.passmanager.base_tasks - INFO - Pass: Depth - 0.69904 (ms)
2025-08-06 23:06:10,920 - qiskit.passmanager.base_tasks - INFO - Pass: Size - 0.00191 (ms)
2025-08-06 23:06:11,062 - qiskit.passmanager.base_tasks - INFO - Pass: MinimumPoint - 141.41822 (ms)
2025-08-06 23:06:11,067 - qiskit.passmanager.base_tasks - INFO - Pass: ConsolidateBlocks - 5.75113 (ms)
2025-08-06 23:06:11,072 - qiskit.passmanager.base_tasks - INFO - Pass: UnitarySynthesis - 4.72379 (ms)
2025-08-06 23:06:11,073 - qiskit.passmanager.base_tasks - INFO - Pass: RemoveIdentityEquivalent - 0.24772 (ms)
2025-08-06 23:06:11,074 - qiskit.passmanager.base_tasks - INFO - Pass: Optimize1qGatesDecomposition - 1.82796 (ms)
2025-08-06 23:06:11,076 - qiskit.passmanager.base_tasks - INFO - Pass: CommutativeCancellation - 1.88875 (ms)
2025-08-06 23:06:11,076 - qiskit.passmanager.base_tasks - INFO - Pass: ContractIdleWiresInControlFlow - 0.00095 (ms)
2025-08-06 23:06:11,077 - qiskit.passmanager.base_tasks - INFO - Pass: GatesInBasis - 0.75412 (ms)
2025-08-06 23:06:11,078 - qiskit.passmanager.base_tasks - INFO - Pass: Depth - 0.65994 (ms)
2025-08-06 23:06:11,078 - qiskit.passmanager.base_tasks - INFO - Pass: Size - 0.00215 (ms)
2025-08-06 23:06:11,078 - qiskit.passmanager.base_tasks - INFO - Pass: MinimumPoint - 0.00286 (ms)
2025-08-06 23:06:11,083 - qiskit.passmanager.base_tasks - INFO - Pass: ConsolidateBlocks - 5.36704 (ms)
2025-08-06 23:06:11,088 - qiskit.passmanager.base_tasks - INFO - Pass: UnitarySynthesis - 4.62484 (ms)
2025-08-06 23:06:11,088 - qiskit.passmanager.base_tasks - INFO - Pass: RemoveIdentityEquivalent - 0.24700 (ms)
2025-08-06 23:06:11,090 - qiskit.passmanager.base_tasks - INFO - Pass: Optimize1qGatesDecomposition - 1.76787 (ms)
2025-08-06 23:06:11,092 - qiskit.passmanager.base_tasks - INFO - Pass: CommutativeCancellation - 1.88017 (ms)
2025-08-06 23:06:11,092 - qiskit.passmanager.base_tasks - INFO - Pass: ContractIdleWiresInControlFlow - 0.00095 (ms)
2025-08-06 23:06:11,093 - qiskit.passmanager.base_tasks - INFO - Pass: GatesInBasis - 0.73791 (ms)
2025-08-06 23:06:11,093 - qiskit.passmanager.base_tasks - INFO - Pass: Depth - 0.63205 (ms)
2025-08-06 23:06:11,093 - qiskit.passmanager.base_tasks - INFO - Pass: Size - 0.00000 (ms)
2025-08-06 23:06:11,093 - qiskit.passmanager.base_tasks - INFO - Pass: MinimumPoint - 0.00191 (ms)
2025-08-06 23:06:11,099 - qiskit.passmanager.base_tasks - INFO - Pass: ConsolidateBlocks - 5.37610 (ms)
2025-08-06 23:06:11,103 - qiskit.passmanager.base_tasks - INFO - Pass: UnitarySynthesis - 4.57811 (ms)
2025-08-06 23:06:11,104 - qiskit.passmanager.base_tasks - INFO - Pass: RemoveIdentityEquivalent - 0.24509 (ms)
2025-08-06 23:06:11,106 - qiskit.passmanager.base_tasks - INFO - Pass: Optimize1qGatesDecomposition - 1.76120 (ms)
2025-08-06 23:06:11,107 - qiskit.passmanager.base_tasks - INFO - Pass: CommutativeCancellation - 1.80697 (ms)
2025-08-06 23:06:11,107 - qiskit.passmanager.base_tasks - INFO - Pass: ContractIdleWiresInControlFlow - 0.00000 (ms)
2025-08-06 23:06:11,108 - qiskit.passmanager.base_tasks - INFO - Pass: GatesInBasis - 0.74005 (ms)
2025-08-06 23:06:11,109 - qiskit.passmanager.base_tasks - INFO - Pass: Depth - 0.62084 (ms)
2025-08-06 23:06:11,109 - qiskit.passmanager.base_tasks - INFO - Pass: Size - 0.00095 (ms)
2025-08-06 23:06:11,109 - qiskit.passmanager.base_tasks - INFO - Pass: MinimumPoint - 0.00191 (ms)
2025-08-06 23:06:11,114 - qiskit.passmanager.base_tasks - INFO - Pass: ConsolidateBlocks - 5.45883 (ms)
2025-08-06 23:06:11,119 - qiskit.passmanager.base_tasks - INFO - Pass: UnitarySynthesis - 4.78983 (ms)
2025-08-06 23:06:11,120 - qiskit.passmanager.base_tasks - INFO - Pass: RemoveIdentityEquivalent - 0.26202 (ms)
2025-08-06 23:06:11,121 - qiskit.passmanager.base_tasks - INFO - Pass: Optimize1qGatesDecomposition - 1.73998 (ms)
2025-08-06 23:06:11,123 - qiskit.passmanager.base_tasks - INFO - Pass: CommutativeCancellation - 1.83296 (ms)
2025-08-06 23:06:11,123 - qiskit.passmanager.base_tasks - INFO - Pass: ContractIdleWiresInControlFlow - 0.00215 (ms)
2025-08-06 23:06:11,124 - qiskit.passmanager.base_tasks - INFO - Pass: GatesInBasis - 0.74291 (ms)
2025-08-06 23:06:11,125 - qiskit.passmanager.base_tasks - INFO - Pass: Depth - 0.72694 (ms)
2025-08-06 23:06:11,125 - qiskit.passmanager.base_tasks - INFO - Pass: Size - 0.00119 (ms)
2025-08-06 23:06:11,125 - qiskit.passmanager.base_tasks - INFO - Pass: MinimumPoint - 0.00525 (ms)
2025-08-06 23:06:11,125 - qiskit.passmanager.base_tasks - INFO - Pass: ContainsInstruction - 0.00596 (ms)
2025-08-06 23:06:11,126 - qiskit.passmanager.base_tasks - INFO - Pass: InstructionDurationCheck - 0.83303 (ms)
