2025-08-07 21:29:05,718 - root - INFO - ++++++++++++++++ Starting at 2025-08-07 21:29:05.718173 +++++++++++++++++
2025-08-07 21:29:05,718 - src.ProcessQaoa - INFO - Using p_level:: 1
2025-08-07 21:29:08,793 - src.ProcessQaoa - INFO - Using Real Hardware
2025-08-07 21:29:10,955 - qiskit.passmanager.base_tasks - INFO - Pass: ContainsInstruction - 0.14114 (ms)
2025-08-07 21:29:10,955 - qiskit.passmanager.base_tasks - INFO - Pass: UnitarySynthesis - 0.00310 (ms)
2025-08-07 21:29:10,958 - qiskit.passmanager.base_tasks - INFO - Pass: HighLevelSynthesis - 3.18694 (ms)
2025-08-07 21:29:10,958 - qiskit.passmanager.base_tasks - INFO - Pass: BasisTranslator - 0.01407 (ms)
2025-08-07 21:29:10,958 - qiskit.passmanager.base_tasks - INFO - Pass: ElidePermutations - 0.00405 (ms)
2025-08-07 21:29:10,958 - qiskit.passmanager.base_tasks - INFO - Pass: RemoveDiagonalGatesBeforeMeasure - 0.18811 (ms)
2025-08-07 21:29:10,958 - qiskit.passmanager.base_tasks - INFO - Pass: RemoveIdentityEquivalent - 0.00310 (ms)
2025-08-07 21:29:10,959 - qiskit.passmanager.base_tasks - INFO - Pass: InverseCancellation - 0.81086 (ms)
2025-08-07 21:29:10,959 - qiskit.passmanager.base_tasks - INFO - Pass: ContractIdleWiresInControlFlow - 0.00119 (ms)
2025-08-07 21:29:10,959 - qiskit.passmanager.base_tasks - INFO - Pass: CommutativeCancellation - 0.06127 (ms)
2025-08-07 21:29:10,959 - qiskit.passmanager.base_tasks - INFO - Pass: ConsolidateBlocks - 0.04601 (ms)
2025-08-07 21:29:10,959 - qiskit.passmanager.base_tasks - INFO - Pass: Split2QUnitaries - 0.03004 (ms)
2025-08-07 21:29:10,959 - qiskit.passmanager.base_tasks - INFO - Pass: SetLayout - 0.00191 (ms)
2025-08-07 21:29:10,961 - qiskit.passmanager.base_tasks - INFO - Pass: VF2Layout - 1.83010 (ms)
2025-08-07 21:29:10,961 - qiskit.passmanager.base_tasks - INFO - Pass: BarrierBeforeFinalMeasurements - 0.00310 (ms)
2025-08-07 21:29:10,967 - qiskit.passmanager.base_tasks - INFO - Pass: SabreLayout - 5.84793 (ms)
2025-08-07 21:29:10,967 - qiskit.passmanager.base_tasks - INFO - Pass: CheckMap - 0.02408 (ms)
2025-08-07 21:29:10,970 - qiskit.passmanager.base_tasks - INFO - Pass: VF2PostLayout - 2.43592 (ms)
2025-08-07 21:29:10,970 - qiskit.passmanager.base_tasks - INFO - Pass: ApplyLayout - 0.44799 (ms)
2025-08-07 21:29:10,970 - qiskit.passmanager.base_tasks - INFO - Pass: FilterOpNodes - 0.04888 (ms)
2025-08-07 21:29:10,970 - qiskit.passmanager.base_tasks - INFO - Pass: UnitarySynthesis - 0.00310 (ms)
2025-08-07 21:29:10,970 - qiskit.passmanager.base_tasks - INFO - Pass: HighLevelSynthesis - 0.01001 (ms)
2025-08-07 21:29:10,971 - qiskit.passmanager.base_tasks - INFO - Pass: BasisTranslator - 0.77891 (ms)
2025-08-07 21:29:10,971 - qiskit.passmanager.base_tasks - INFO - Pass: CheckGateDirection - 0.00310 (ms)
2025-08-07 21:29:10,971 - qiskit.passmanager.base_tasks - INFO - Pass: GateDirection - 0.30398 (ms)
2025-08-07 21:29:10,972 - qiskit.passmanager.base_tasks - INFO - Pass: BasisTranslator - 0.78535 (ms)
2025-08-07 21:29:10,972 - qiskit.passmanager.base_tasks - INFO - Pass: Depth - 0.06914 (ms)
2025-08-07 21:29:10,972 - qiskit.passmanager.base_tasks - INFO - Pass: Size - 0.00095 (ms)
2025-08-07 21:29:10,972 - qiskit.passmanager.base_tasks - INFO - Pass: MinimumPoint - 0.00525 (ms)
2025-08-07 21:29:10,973 - qiskit.passmanager.base_tasks - INFO - Pass: ConsolidateBlocks - 1.10602 (ms)
2025-08-07 21:29:10,974 - qiskit.passmanager.base_tasks - INFO - Pass: UnitarySynthesis - 1.08504 (ms)
2025-08-07 21:29:10,975 - qiskit.passmanager.base_tasks - INFO - Pass: RemoveIdentityEquivalent - 0.00906 (ms)
2025-08-07 21:29:10,975 - qiskit.passmanager.base_tasks - INFO - Pass: Optimize1qGatesDecomposition - 0.30613 (ms)
2025-08-07 21:29:10,975 - qiskit.passmanager.base_tasks - INFO - Pass: CommutativeCancellation - 0.19717 (ms)
2025-08-07 21:29:10,975 - qiskit.passmanager.base_tasks - INFO - Pass: ContractIdleWiresInControlFlow - 0.00095 (ms)
2025-08-07 21:29:10,975 - qiskit.passmanager.base_tasks - INFO - Pass: GatesInBasis - 0.02098 (ms)
2025-08-07 21:29:10,975 - qiskit.passmanager.base_tasks - INFO - Pass: Depth - 0.02503 (ms)
2025-08-07 21:29:10,975 - qiskit.passmanager.base_tasks - INFO - Pass: Size - 0.00119 (ms)
2025-08-07 21:29:11,002 - qiskit.passmanager.base_tasks - INFO - Pass: MinimumPoint - 26.87216 (ms)
2025-08-07 21:29:11,002 - qiskit.passmanager.base_tasks - INFO - Pass: ConsolidateBlocks - 0.33498 (ms)
2025-08-07 21:29:11,003 - qiskit.passmanager.base_tasks - INFO - Pass: UnitarySynthesis - 0.00501 (ms)
2025-08-07 21:29:11,003 - qiskit.passmanager.base_tasks - INFO - Pass: RemoveIdentityEquivalent - 0.00811 (ms)
2025-08-07 21:29:11,003 - qiskit.passmanager.base_tasks - INFO - Pass: Optimize1qGatesDecomposition - 0.05889 (ms)
2025-08-07 21:29:11,003 - qiskit.passmanager.base_tasks - INFO - Pass: CommutativeCancellation - 0.07701 (ms)
2025-08-07 21:29:11,003 - qiskit.passmanager.base_tasks - INFO - Pass: ContractIdleWiresInControlFlow - 0.00095 (ms)
2025-08-07 21:29:11,003 - qiskit.passmanager.base_tasks - INFO - Pass: GatesInBasis - 0.02003 (ms)
2025-08-07 21:29:11,003 - qiskit.passmanager.base_tasks - INFO - Pass: Depth - 0.02289 (ms)
2025-08-07 21:29:11,003 - qiskit.passmanager.base_tasks - INFO - Pass: Size - 0.00119 (ms)
2025-08-07 21:29:11,003 - qiskit.passmanager.base_tasks - INFO - Pass: MinimumPoint - 0.00310 (ms)
2025-08-07 21:29:11,003 - qiskit.passmanager.base_tasks - INFO - Pass: ContainsInstruction - 0.00310 (ms)
2025-08-07 21:29:11,003 - qiskit.passmanager.base_tasks - INFO - Pass: InstructionDurationCheck - 0.02623 (ms)
