2025-08-06 18:30:22,274 - root - INFO - ++++++++++++++++ Starting at 2025-08-06 18:30:22.274362 +++++++++++++++++
2025-08-06 18:30:22,274 - src.ProcessQaoa - INFO - Using p_level:: 1
2025-08-06 18:30:25,884 - src.ProcessQaoa - INFO - Using Real Hardware
2025-08-06 18:30:31,051 - qiskit.passmanager.base_tasks - INFO - Pass: ContainsInstruction - 0.14710 (ms)
2025-08-06 18:30:31,051 - qiskit.passmanager.base_tasks - INFO - Pass: UnitarySynthesis - 0.00286 (ms)
2025-08-06 18:30:31,205 - qiskit.passmanager.base_tasks - INFO - Pass: HighLevelSynthesis - 153.99718 (ms)
2025-08-06 18:30:31,206 - qiskit.passmanager.base_tasks - INFO - Pass: BasisTranslator - 0.12016 (ms)
2025-08-06 18:30:31,206 - qiskit.passmanager.base_tasks - INFO - Pass: ElidePermutations - 0.00405 (ms)
2025-08-06 18:30:31,206 - qiskit.passmanager.base_tasks - INFO - Pass: RemoveDiagonalGatesBeforeMeasure - 0.22197 (ms)
2025-08-06 18:30:31,206 - qiskit.passmanager.base_tasks - INFO - Pass: RemoveIdentityEquivalent - 0.01192 (ms)
2025-08-06 18:30:31,207 - qiskit.passmanager.base_tasks - INFO - Pass: InverseCancellation - 0.67782 (ms)
2025-08-06 18:30:31,207 - qiskit.passmanager.base_tasks - INFO - Pass: ContractIdleWiresInControlFlow - 0.00215 (ms)
2025-08-06 18:30:31,207 - qiskit.passmanager.base_tasks - INFO - Pass: CommutativeCancellation - 0.54502 (ms)
2025-08-06 18:30:31,208 - qiskit.passmanager.base_tasks - INFO - Pass: ConsolidateBlocks - 0.26011 (ms)
2025-08-06 18:30:31,208 - qiskit.passmanager.base_tasks - INFO - Pass: Split2QUnitaries - 0.21601 (ms)
2025-08-06 18:30:31,208 - qiskit.passmanager.base_tasks - INFO - Pass: SetLayout - 0.00215 (ms)
2025-08-06 18:30:31,213 - qiskit.passmanager.base_tasks - INFO - Pass: VF2Layout - 5.09310 (ms)
2025-08-06 18:30:31,213 - qiskit.passmanager.base_tasks - INFO - Pass: BarrierBeforeFinalMeasurements - 0.00477 (ms)
2025-08-06 18:30:31,890 - qiskit.passmanager.base_tasks - INFO - Pass: SabreLayout - 677.41394 (ms)
2025-08-06 18:30:31,891 - qiskit.passmanager.base_tasks - INFO - Pass: CheckMap - 0.07296 (ms)
2025-08-06 18:30:31,913 - qiskit.passmanager.base_tasks - INFO - Pass: VF2PostLayout - 22.68600 (ms)
2025-08-06 18:30:31,915 - qiskit.passmanager.base_tasks - INFO - Pass: FilterOpNodes - 1.33109 (ms)
2025-08-06 18:30:31,915 - qiskit.passmanager.base_tasks - INFO - Pass: UnitarySynthesis - 0.00525 (ms)
2025-08-06 18:30:31,915 - qiskit.passmanager.base_tasks - INFO - Pass: HighLevelSynthesis - 0.44107 (ms)
2025-08-06 18:30:31,994 - qiskit.passmanager.base_tasks - INFO - Pass: BasisTranslator - 78.94301 (ms)
2025-08-06 18:30:31,994 - qiskit.passmanager.base_tasks - INFO - Pass: CheckGateDirection - 0.00596 (ms)
2025-08-06 18:30:32,229 - qiskit.passmanager.base_tasks - INFO - Pass: GateDirection - 234.66396 (ms)
2025-08-06 18:30:35,555 - qiskit.passmanager.base_tasks - INFO - Pass: BasisTranslator - 3326.01976 (ms)
2025-08-06 18:30:35,565 - qiskit.passmanager.base_tasks - INFO - Pass: Depth - 8.51703 (ms)
2025-08-06 18:30:35,565 - qiskit.passmanager.base_tasks - INFO - Pass: Size - 0.00381 (ms)
2025-08-06 18:30:35,565 - qiskit.passmanager.base_tasks - INFO - Pass: MinimumPoint - 0.01001 (ms)
2025-08-06 18:30:35,610 - qiskit.passmanager.base_tasks - INFO - Pass: ConsolidateBlocks - 45.03584 (ms)
2025-08-06 18:30:36,124 - qiskit.passmanager.base_tasks - INFO - Pass: UnitarySynthesis - 513.51976 (ms)
2025-08-06 18:30:36,126 - qiskit.passmanager.base_tasks - INFO - Pass: RemoveIdentityEquivalent - 1.90282 (ms)
2025-08-06 18:30:37,376 - qiskit.passmanager.base_tasks - INFO - Pass: Optimize1qGatesDecomposition - 1249.86911 (ms)
2025-08-06 18:30:37,813 - qiskit.passmanager.base_tasks - INFO - Pass: CommutativeCancellation - 436.88107 (ms)
2025-08-06 18:30:37,813 - qiskit.passmanager.base_tasks - INFO - Pass: ContractIdleWiresInControlFlow - 0.00381 (ms)
2025-08-06 18:30:37,817 - qiskit.passmanager.base_tasks - INFO - Pass: GatesInBasis - 4.10414 (ms)
2025-08-06 18:30:37,822 - qiskit.passmanager.base_tasks - INFO - Pass: Depth - 5.07092 (ms)
2025-08-06 18:30:37,822 - qiskit.passmanager.base_tasks - INFO - Pass: Size - 0.00286 (ms)
2025-08-06 18:30:38,625 - qiskit.passmanager.base_tasks - INFO - Pass: MinimumPoint - 802.81591 (ms)
2025-08-06 18:30:38,657 - qiskit.passmanager.base_tasks - INFO - Pass: ConsolidateBlocks - 31.95119 (ms)
2025-08-06 18:30:38,733 - qiskit.passmanager.base_tasks - INFO - Pass: UnitarySynthesis - 75.35934 (ms)
2025-08-06 18:30:38,736 - qiskit.passmanager.base_tasks - INFO - Pass: RemoveIdentityEquivalent - 1.61314 (ms)
2025-08-06 18:30:38,749 - qiskit.passmanager.base_tasks - INFO - Pass: Optimize1qGatesDecomposition - 13.58008 (ms)
2025-08-06 18:30:38,788 - qiskit.passmanager.base_tasks - INFO - Pass: CommutativeCancellation - 38.88202 (ms)
2025-08-06 18:30:38,788 - qiskit.passmanager.base_tasks - INFO - Pass: ContractIdleWiresInControlFlow - 0.00286 (ms)
2025-08-06 18:30:38,792 - qiskit.passmanager.base_tasks - INFO - Pass: GatesInBasis - 3.97277 (ms)
2025-08-06 18:30:38,796 - qiskit.passmanager.base_tasks - INFO - Pass: Depth - 4.14801 (ms)
2025-08-06 18:30:38,796 - qiskit.passmanager.base_tasks - INFO - Pass: Size - 0.00215 (ms)
2025-08-06 18:30:39,497 - qiskit.passmanager.base_tasks - INFO - Pass: MinimumPoint - 701.09916 (ms)
2025-08-06 18:30:39,527 - qiskit.passmanager.base_tasks - INFO - Pass: ConsolidateBlocks - 29.71387 (ms)
2025-08-06 18:30:39,588 - qiskit.passmanager.base_tasks - INFO - Pass: UnitarySynthesis - 60.42099 (ms)
2025-08-06 18:30:39,590 - qiskit.passmanager.base_tasks - INFO - Pass: RemoveIdentityEquivalent - 1.43194 (ms)
2025-08-06 18:30:39,604 - qiskit.passmanager.base_tasks - INFO - Pass: Optimize1qGatesDecomposition - 13.19599 (ms)
2025-08-06 18:30:39,626 - qiskit.passmanager.base_tasks - INFO - Pass: CommutativeCancellation - 22.56179 (ms)
2025-08-06 18:30:39,626 - qiskit.passmanager.base_tasks - INFO - Pass: ContractIdleWiresInControlFlow - 0.00310 (ms)
2025-08-06 18:30:39,630 - qiskit.passmanager.base_tasks - INFO - Pass: GatesInBasis - 3.97015 (ms)
2025-08-06 18:30:39,634 - qiskit.passmanager.base_tasks - INFO - Pass: Depth - 4.07791 (ms)
2025-08-06 18:30:39,634 - qiskit.passmanager.base_tasks - INFO - Pass: Size - 0.00191 (ms)
2025-08-06 18:30:40,404 - qiskit.passmanager.base_tasks - INFO - Pass: MinimumPoint - 769.59586 (ms)
2025-08-06 18:30:40,433 - qiskit.passmanager.base_tasks - INFO - Pass: ConsolidateBlocks - 29.30117 (ms)
2025-08-06 18:30:40,487 - qiskit.passmanager.base_tasks - INFO - Pass: UnitarySynthesis - 53.25603 (ms)
2025-08-06 18:30:40,489 - qiskit.passmanager.base_tasks - INFO - Pass: RemoveIdentityEquivalent - 1.32418 (ms)
2025-08-06 18:30:40,500 - qiskit.passmanager.base_tasks - INFO - Pass: Optimize1qGatesDecomposition - 10.46824 (ms)
2025-08-06 18:30:40,512 - qiskit.passmanager.base_tasks - INFO - Pass: CommutativeCancellation - 12.10618 (ms)
2025-08-06 18:30:40,512 - qiskit.passmanager.base_tasks - INFO - Pass: ContractIdleWiresInControlFlow - 0.00191 (ms)
2025-08-06 18:30:40,516 - qiskit.passmanager.base_tasks - INFO - Pass: GatesInBasis - 3.97801 (ms)
2025-08-06 18:30:40,520 - qiskit.passmanager.base_tasks - INFO - Pass: Depth - 4.34899 (ms)
2025-08-06 18:30:40,520 - qiskit.passmanager.base_tasks - INFO - Pass: Size - 0.00215 (ms)
2025-08-06 18:30:40,520 - qiskit.passmanager.base_tasks - INFO - Pass: MinimumPoint - 0.00405 (ms)
2025-08-06 18:30:40,550 - qiskit.passmanager.base_tasks - INFO - Pass: ConsolidateBlocks - 29.28305 (ms)
2025-08-06 18:30:40,606 - qiskit.passmanager.base_tasks - INFO - Pass: UnitarySynthesis - 56.23007 (ms)
2025-08-06 18:30:40,609 - qiskit.passmanager.base_tasks - INFO - Pass: RemoveIdentityEquivalent - 1.47986 (ms)
2025-08-06 18:30:40,619 - qiskit.passmanager.base_tasks - INFO - Pass: Optimize1qGatesDecomposition - 10.38098 (ms)
2025-08-06 18:30:40,632 - qiskit.passmanager.base_tasks - INFO - Pass: CommutativeCancellation - 13.04722 (ms)
2025-08-06 18:30:40,632 - qiskit.passmanager.base_tasks - INFO - Pass: ContractIdleWiresInControlFlow - 0.00501 (ms)
2025-08-06 18:30:40,636 - qiskit.passmanager.base_tasks - INFO - Pass: GatesInBasis - 3.95584 (ms)
2025-08-06 18:30:40,641 - qiskit.passmanager.base_tasks - INFO - Pass: Depth - 4.32086 (ms)
2025-08-06 18:30:40,641 - qiskit.passmanager.base_tasks - INFO - Pass: Size - 0.00191 (ms)
2025-08-06 18:30:40,641 - qiskit.passmanager.base_tasks - INFO - Pass: MinimumPoint - 0.00620 (ms)
2025-08-06 18:30:40,670 - qiskit.passmanager.base_tasks - INFO - Pass: ConsolidateBlocks - 29.61016 (ms)
2025-08-06 18:30:40,725 - qiskit.passmanager.base_tasks - INFO - Pass: UnitarySynthesis - 54.76403 (ms)
2025-08-06 18:30:40,728 - qiskit.passmanager.base_tasks - INFO - Pass: RemoveIdentityEquivalent - 1.34802 (ms)
2025-08-06 18:30:40,738 - qiskit.passmanager.base_tasks - INFO - Pass: Optimize1qGatesDecomposition - 10.13994 (ms)
2025-08-06 18:30:40,749 - qiskit.passmanager.base_tasks - INFO - Pass: CommutativeCancellation - 11.44505 (ms)
2025-08-06 18:30:40,750 - qiskit.passmanager.base_tasks - INFO - Pass: ContractIdleWiresInControlFlow - 0.00215 (ms)
2025-08-06 18:30:40,753 - qiskit.passmanager.base_tasks - INFO - Pass: GatesInBasis - 3.93081 (ms)
2025-08-06 18:30:40,757 - qiskit.passmanager.base_tasks - INFO - Pass: Depth - 3.98588 (ms)
2025-08-06 18:30:40,758 - qiskit.passmanager.base_tasks - INFO - Pass: Size - 0.00191 (ms)
2025-08-06 18:30:40,758 - qiskit.passmanager.base_tasks - INFO - Pass: MinimumPoint - 0.00429 (ms)
2025-08-06 18:30:40,787 - qiskit.passmanager.base_tasks - INFO - Pass: ConsolidateBlocks - 28.95212 (ms)
2025-08-06 18:30:40,842 - qiskit.passmanager.base_tasks - INFO - Pass: UnitarySynthesis - 55.67789 (ms)
2025-08-06 18:30:40,845 - qiskit.passmanager.base_tasks - INFO - Pass: RemoveIdentityEquivalent - 1.37711 (ms)
2025-08-06 18:30:40,856 - qiskit.passmanager.base_tasks - INFO - Pass: Optimize1qGatesDecomposition - 10.89382 (ms)
2025-08-06 18:30:40,870 - qiskit.passmanager.base_tasks - INFO - Pass: CommutativeCancellation - 13.86809 (ms)
2025-08-06 18:30:40,870 - qiskit.passmanager.base_tasks - INFO - Pass: ContractIdleWiresInControlFlow - 0.00405 (ms)
2025-08-06 18:30:40,875 - qiskit.passmanager.base_tasks - INFO - Pass: GatesInBasis - 4.39811 (ms)
2025-08-06 18:30:40,879 - qiskit.passmanager.base_tasks - INFO - Pass: Depth - 4.56810 (ms)
2025-08-06 18:30:40,879 - qiskit.passmanager.base_tasks - INFO - Pass: Size - 0.00286 (ms)
2025-08-06 18:30:40,879 - qiskit.passmanager.base_tasks - INFO - Pass: MinimumPoint - 0.00596 (ms)
2025-08-06 18:30:40,883 - qiskit.passmanager.base_tasks - INFO - Pass: ContainsInstruction - 0.01097 (ms)
2025-08-06 18:30:40,887 - qiskit.passmanager.base_tasks - INFO - Pass: InstructionDurationCheck - 4.75073 (ms)
