2025-08-07 20:30:43,277 - root - INFO - ++++++++++++++++ Starting at 2025-08-07 20:30:43.277028 +++++++++++++++++
2025-08-07 20:30:43,277 - src.ProcessQaoa - INFO - Using p_level:: 1
2025-08-07 20:30:46,261 - src.ProcessQaoa - INFO - Using Real Hardware
2025-08-07 20:30:48,372 - qiskit.passmanager.base_tasks - INFO - Pass: ContainsInstruction - 0.14997 (ms)
2025-08-07 20:30:48,372 - qiskit.passmanager.base_tasks - INFO - Pass: UnitarySynthesis - 0.00262 (ms)
2025-08-07 20:30:48,411 - qiskit.passmanager.base_tasks - INFO - Pass: HighLevelSynthesis - 39.48307 (ms)
2025-08-07 20:30:48,411 - qiskit.passmanager.base_tasks - INFO - Pass: BasisTranslator - 0.02789 (ms)
2025-08-07 20:30:48,412 - qiskit.passmanager.base_tasks - INFO - Pass: ElidePermutations - 0.00310 (ms)
2025-08-07 20:30:48,412 - qiskit.passmanager.base_tasks - INFO - Pass: RemoveDiagonalGatesBeforeMeasure - 0.18477 (ms)
2025-08-07 20:30:48,412 - qiskit.passmanager.base_tasks - INFO - Pass: RemoveIdentityEquivalent - 0.00525 (ms)
2025-08-07 20:30:48,413 - qiskit.passmanager.base_tasks - INFO - Pass: InverseCancellation - 0.81587 (ms)
2025-08-07 20:30:48,413 - qiskit.passmanager.base_tasks - INFO - Pass: ContractIdleWiresInControlFlow - 0.00191 (ms)
2025-08-07 20:30:48,413 - qiskit.passmanager.base_tasks - INFO - Pass: CommutativeCancellation - 0.12207 (ms)
2025-08-07 20:30:48,413 - qiskit.passmanager.base_tasks - INFO - Pass: ConsolidateBlocks - 0.07391 (ms)
2025-08-07 20:30:48,413 - qiskit.passmanager.base_tasks - INFO - Pass: Split2QUnitaries - 0.02694 (ms)
2025-08-07 20:30:48,413 - qiskit.passmanager.base_tasks - INFO - Pass: SetLayout - 0.00191 (ms)
2025-08-07 20:30:48,415 - qiskit.passmanager.base_tasks - INFO - Pass: VF2Layout - 2.06900 (ms)
2025-08-07 20:30:48,415 - qiskit.passmanager.base_tasks - INFO - Pass: BarrierBeforeFinalMeasurements - 0.00381 (ms)
2025-08-07 20:30:48,478 - qiskit.passmanager.base_tasks - INFO - Pass: SabreLayout - 63.12394 (ms)
2025-08-07 20:30:48,478 - qiskit.passmanager.base_tasks - INFO - Pass: CheckMap - 0.02623 (ms)
2025-08-07 20:30:48,482 - qiskit.passmanager.base_tasks - INFO - Pass: VF2PostLayout - 3.15714 (ms)
2025-08-07 20:30:48,483 - qiskit.passmanager.base_tasks - INFO - Pass: ApplyLayout - 1.16515 (ms)
2025-08-07 20:30:48,483 - qiskit.passmanager.base_tasks - INFO - Pass: FilterOpNodes - 0.16093 (ms)
2025-08-07 20:30:48,483 - qiskit.passmanager.base_tasks - INFO - Pass: UnitarySynthesis - 0.00286 (ms)
2025-08-07 20:30:48,483 - qiskit.passmanager.base_tasks - INFO - Pass: HighLevelSynthesis - 0.04697 (ms)
2025-08-07 20:30:48,486 - qiskit.passmanager.base_tasks - INFO - Pass: BasisTranslator - 2.94709 (ms)
2025-08-07 20:30:48,486 - qiskit.passmanager.base_tasks - INFO - Pass: CheckGateDirection - 0.00405 (ms)
2025-08-07 20:30:48,491 - qiskit.passmanager.base_tasks - INFO - Pass: GateDirection - 4.99296 (ms)
2025-08-07 20:30:48,515 - qiskit.passmanager.base_tasks - INFO - Pass: BasisTranslator - 24.09506 (ms)
2025-08-07 20:30:48,516 - qiskit.passmanager.base_tasks - INFO - Pass: Depth - 0.66137 (ms)
2025-08-07 20:30:48,516 - qiskit.passmanager.base_tasks - INFO - Pass: Size - 0.00167 (ms)
2025-08-07 20:30:48,516 - qiskit.passmanager.base_tasks - INFO - Pass: MinimumPoint - 0.00405 (ms)
2025-08-07 20:30:48,520 - qiskit.passmanager.base_tasks - INFO - Pass: ConsolidateBlocks - 3.71885 (ms)
2025-08-07 20:30:48,528 - qiskit.passmanager.base_tasks - INFO - Pass: UnitarySynthesis - 8.15177 (ms)
2025-08-07 20:30:48,528 - qiskit.passmanager.base_tasks - INFO - Pass: RemoveIdentityEquivalent - 0.12612 (ms)
2025-08-07 20:30:48,536 - qiskit.passmanager.base_tasks - INFO - Pass: Optimize1qGatesDecomposition - 8.47268 (ms)
2025-08-07 20:30:48,541 - qiskit.passmanager.base_tasks - INFO - Pass: CommutativeCancellation - 4.19688 (ms)
2025-08-07 20:30:48,541 - qiskit.passmanager.base_tasks - INFO - Pass: ContractIdleWiresInControlFlow - 0.00119 (ms)
2025-08-07 20:30:48,541 - qiskit.passmanager.base_tasks - INFO - Pass: GatesInBasis - 0.31090 (ms)
2025-08-07 20:30:48,541 - qiskit.passmanager.base_tasks - INFO - Pass: Depth - 0.32377 (ms)
2025-08-07 20:30:48,541 - qiskit.passmanager.base_tasks - INFO - Pass: Size - 0.00095 (ms)
2025-08-07 20:30:48,589 - qiskit.passmanager.base_tasks - INFO - Pass: MinimumPoint - 47.60861 (ms)
2025-08-07 20:30:48,592 - qiskit.passmanager.base_tasks - INFO - Pass: ConsolidateBlocks - 2.79593 (ms)
2025-08-07 20:30:48,594 - qiskit.passmanager.base_tasks - INFO - Pass: UnitarySynthesis - 2.22206 (ms)
2025-08-07 20:30:48,594 - qiskit.passmanager.base_tasks - INFO - Pass: RemoveIdentityEquivalent - 0.12326 (ms)
2025-08-07 20:30:48,595 - qiskit.passmanager.base_tasks - INFO - Pass: Optimize1qGatesDecomposition - 0.81801 (ms)
2025-08-07 20:30:48,596 - qiskit.passmanager.base_tasks - INFO - Pass: CommutativeCancellation - 1.12796 (ms)
2025-08-07 20:30:48,596 - qiskit.passmanager.base_tasks - INFO - Pass: ContractIdleWiresInControlFlow - 0.00119 (ms)
2025-08-07 20:30:48,597 - qiskit.passmanager.base_tasks - INFO - Pass: GatesInBasis - 0.30518 (ms)
2025-08-07 20:30:48,597 - qiskit.passmanager.base_tasks - INFO - Pass: Depth - 0.33617 (ms)
2025-08-07 20:30:48,597 - qiskit.passmanager.base_tasks - INFO - Pass: Size - 0.00095 (ms)
2025-08-07 20:30:48,679 - qiskit.passmanager.base_tasks - INFO - Pass: MinimumPoint - 81.48694 (ms)
2025-08-07 20:30:48,681 - qiskit.passmanager.base_tasks - INFO - Pass: ConsolidateBlocks - 2.47216 (ms)
2025-08-07 20:30:48,683 - qiskit.passmanager.base_tasks - INFO - Pass: UnitarySynthesis - 1.87397 (ms)
2025-08-07 20:30:48,683 - qiskit.passmanager.base_tasks - INFO - Pass: RemoveIdentityEquivalent - 0.10514 (ms)
2025-08-07 20:30:48,684 - qiskit.passmanager.base_tasks - INFO - Pass: Optimize1qGatesDecomposition - 0.83995 (ms)
2025-08-07 20:30:48,685 - qiskit.passmanager.base_tasks - INFO - Pass: CommutativeCancellation - 1.08576 (ms)
2025-08-07 20:30:48,685 - qiskit.passmanager.base_tasks - INFO - Pass: ContractIdleWiresInControlFlow - 0.00191 (ms)
2025-08-07 20:30:48,686 - qiskit.passmanager.base_tasks - INFO - Pass: GatesInBasis - 0.32210 (ms)
2025-08-07 20:30:48,686 - qiskit.passmanager.base_tasks - INFO - Pass: Depth - 0.35501 (ms)
2025-08-07 20:30:48,686 - qiskit.passmanager.base_tasks - INFO - Pass: Size - 0.00119 (ms)
2025-08-07 20:30:48,733 - qiskit.passmanager.base_tasks - INFO - Pass: MinimumPoint - 46.84114 (ms)
2025-08-07 20:30:48,736 - qiskit.passmanager.base_tasks - INFO - Pass: ConsolidateBlocks - 2.50816 (ms)
2025-08-07 20:30:48,737 - qiskit.passmanager.base_tasks - INFO - Pass: UnitarySynthesis - 1.83702 (ms)
2025-08-07 20:30:48,738 - qiskit.passmanager.base_tasks - INFO - Pass: RemoveIdentityEquivalent - 0.11086 (ms)
2025-08-07 20:30:48,738 - qiskit.passmanager.base_tasks - INFO - Pass: Optimize1qGatesDecomposition - 0.86975 (ms)
2025-08-07 20:30:48,739 - qiskit.passmanager.base_tasks - INFO - Pass: CommutativeCancellation - 0.97299 (ms)
2025-08-07 20:30:48,739 - qiskit.passmanager.base_tasks - INFO - Pass: ContractIdleWiresInControlFlow - 0.00215 (ms)
2025-08-07 20:30:48,740 - qiskit.passmanager.base_tasks - INFO - Pass: GatesInBasis - 0.33736 (ms)
2025-08-07 20:30:48,740 - qiskit.passmanager.base_tasks - INFO - Pass: Depth - 0.30994 (ms)
2025-08-07 20:30:48,740 - qiskit.passmanager.base_tasks - INFO - Pass: Size - 0.00095 (ms)
2025-08-07 20:30:48,740 - qiskit.passmanager.base_tasks - INFO - Pass: MinimumPoint - 0.00310 (ms)
2025-08-07 20:30:48,743 - qiskit.passmanager.base_tasks - INFO - Pass: ConsolidateBlocks - 2.39897 (ms)
2025-08-07 20:30:48,744 - qiskit.passmanager.base_tasks - INFO - Pass: UnitarySynthesis - 1.76501 (ms)
2025-08-07 20:30:48,745 - qiskit.passmanager.base_tasks - INFO - Pass: RemoveIdentityEquivalent - 0.10586 (ms)
2025-08-07 20:30:48,745 - qiskit.passmanager.base_tasks - INFO - Pass: Optimize1qGatesDecomposition - 0.82994 (ms)
2025-08-07 20:30:48,746 - qiskit.passmanager.base_tasks - INFO - Pass: CommutativeCancellation - 0.89192 (ms)
2025-08-07 20:30:48,746 - qiskit.passmanager.base_tasks - INFO - Pass: ContractIdleWiresInControlFlow - 0.00095 (ms)
2025-08-07 20:30:48,747 - qiskit.passmanager.base_tasks - INFO - Pass: GatesInBasis - 0.32520 (ms)
2025-08-07 20:30:48,747 - qiskit.passmanager.base_tasks - INFO - Pass: Depth - 0.31185 (ms)
2025-08-07 20:30:48,747 - qiskit.passmanager.base_tasks - INFO - Pass: Size - 0.00119 (ms)
2025-08-07 20:30:48,747 - qiskit.passmanager.base_tasks - INFO - Pass: MinimumPoint - 0.00215 (ms)
2025-08-07 20:30:48,749 - qiskit.passmanager.base_tasks - INFO - Pass: ConsolidateBlocks - 2.39921 (ms)
2025-08-07 20:30:48,751 - qiskit.passmanager.base_tasks - INFO - Pass: UnitarySynthesis - 1.78719 (ms)
2025-08-07 20:30:48,751 - qiskit.passmanager.base_tasks - INFO - Pass: RemoveIdentityEquivalent - 0.10633 (ms)
2025-08-07 20:30:48,752 - qiskit.passmanager.base_tasks - INFO - Pass: Optimize1qGatesDecomposition - 0.84972 (ms)
2025-08-07 20:30:48,753 - qiskit.passmanager.base_tasks - INFO - Pass: CommutativeCancellation - 0.84710 (ms)
2025-08-07 20:30:48,753 - qiskit.passmanager.base_tasks - INFO - Pass: ContractIdleWiresInControlFlow - 0.00000 (ms)
2025-08-07 20:30:48,754 - qiskit.passmanager.base_tasks - INFO - Pass: GatesInBasis - 0.32806 (ms)
2025-08-07 20:30:48,754 - qiskit.passmanager.base_tasks - INFO - Pass: Depth - 0.33188 (ms)
2025-08-07 20:30:48,754 - qiskit.passmanager.base_tasks - INFO - Pass: Size - 0.00095 (ms)
2025-08-07 20:30:48,754 - qiskit.passmanager.base_tasks - INFO - Pass: MinimumPoint - 0.00095 (ms)
2025-08-07 20:30:48,756 - qiskit.passmanager.base_tasks - INFO - Pass: ConsolidateBlocks - 2.41613 (ms)
2025-08-07 20:30:48,758 - qiskit.passmanager.base_tasks - INFO - Pass: UnitarySynthesis - 1.73020 (ms)
2025-08-07 20:30:48,758 - qiskit.passmanager.base_tasks - INFO - Pass: RemoveIdentityEquivalent - 0.10705 (ms)
2025-08-07 20:30:48,759 - qiskit.passmanager.base_tasks - INFO - Pass: Optimize1qGatesDecomposition - 0.84209 (ms)
2025-08-07 20:30:48,760 - qiskit.passmanager.base_tasks - INFO - Pass: CommutativeCancellation - 0.87190 (ms)
2025-08-07 20:30:48,760 - qiskit.passmanager.base_tasks - INFO - Pass: ContractIdleWiresInControlFlow - 0.00191 (ms)
2025-08-07 20:30:48,760 - qiskit.passmanager.base_tasks - INFO - Pass: GatesInBasis - 0.32711 (ms)
2025-08-07 20:30:48,761 - qiskit.passmanager.base_tasks - INFO - Pass: Depth - 0.29111 (ms)
2025-08-07 20:30:48,761 - qiskit.passmanager.base_tasks - INFO - Pass: Size - 0.00119 (ms)
2025-08-07 20:30:48,761 - qiskit.passmanager.base_tasks - INFO - Pass: MinimumPoint - 0.00286 (ms)
2025-08-07 20:30:48,761 - qiskit.passmanager.base_tasks - INFO - Pass: ContainsInstruction - 0.00310 (ms)
2025-08-07 20:30:48,761 - qiskit.passmanager.base_tasks - INFO - Pass: InstructionDurationCheck - 0.38409 (ms)
