2025-08-07 18:26:40,378 - root - INFO - ++++++++++++++++ Starting at 2025-08-07 18:26:40.378092 +++++++++++++++++
2025-08-07 18:26:40,378 - src.ProcessQaoa - INFO - Using p_level:: 1
2025-08-07 18:26:43,231 - src.ProcessQaoa - INFO - Using Real Hardware
2025-08-07 18:26:45,759 - qiskit.passmanager.base_tasks - INFO - Pass: ContainsInstruction - 0.17476 (ms)
2025-08-07 18:26:45,759 - qiskit.passmanager.base_tasks - INFO - Pass: UnitarySynthesis - 0.00310 (ms)
2025-08-07 18:26:45,801 - qiskit.passmanager.base_tasks - INFO - Pass: HighLevelSynthesis - 42.55915 (ms)
2025-08-07 18:26:45,801 - qiskit.passmanager.base_tasks - INFO - Pass: BasisTranslator - 0.02193 (ms)
2025-08-07 18:26:45,802 - qiskit.passmanager.base_tasks - INFO - Pass: ElidePermutations - 0.00381 (ms)
2025-08-07 18:26:45,802 - qiskit.passmanager.base_tasks - INFO - Pass: RemoveDiagonalGatesBeforeMeasure - 0.20814 (ms)
2025-08-07 18:26:45,802 - qiskit.passmanager.base_tasks - INFO - Pass: RemoveIdentityEquivalent - 0.00310 (ms)
2025-08-07 18:26:45,802 - qiskit.passmanager.base_tasks - INFO - Pass: InverseCancellation - 0.40293 (ms)
2025-08-07 18:26:45,802 - qiskit.passmanager.base_tasks - INFO - Pass: ContractIdleWiresInControlFlow - 0.00215 (ms)
2025-08-07 18:26:45,802 - qiskit.passmanager.base_tasks - INFO - Pass: CommutativeCancellation - 0.06509 (ms)
2025-08-07 18:26:45,802 - qiskit.passmanager.base_tasks - INFO - Pass: ConsolidateBlocks - 0.04101 (ms)
2025-08-07 18:26:45,803 - qiskit.passmanager.base_tasks - INFO - Pass: Split2QUnitaries - 0.14210 (ms)
2025-08-07 18:26:45,803 - qiskit.passmanager.base_tasks - INFO - Pass: SetLayout - 0.00215 (ms)
2025-08-07 18:26:45,805 - qiskit.passmanager.base_tasks - INFO - Pass: VF2Layout - 2.35796 (ms)
2025-08-07 18:26:45,805 - qiskit.passmanager.base_tasks - INFO - Pass: BarrierBeforeFinalMeasurements - 0.00381 (ms)
2025-08-07 18:26:45,825 - qiskit.passmanager.base_tasks - INFO - Pass: SabreLayout - 19.60206 (ms)
2025-08-07 18:26:45,825 - qiskit.passmanager.base_tasks - INFO - Pass: CheckMap - 0.01931 (ms)
2025-08-07 18:26:45,827 - qiskit.passmanager.base_tasks - INFO - Pass: VF2PostLayout - 2.62880 (ms)
2025-08-07 18:26:45,828 - qiskit.passmanager.base_tasks - INFO - Pass: ApplyLayout - 0.60987 (ms)
2025-08-07 18:26:45,828 - qiskit.passmanager.base_tasks - INFO - Pass: FilterOpNodes - 0.05889 (ms)
2025-08-07 18:26:45,828 - qiskit.passmanager.base_tasks - INFO - Pass: UnitarySynthesis - 0.00310 (ms)
2025-08-07 18:26:45,828 - qiskit.passmanager.base_tasks - INFO - Pass: HighLevelSynthesis - 0.02313 (ms)
2025-08-07 18:26:45,829 - qiskit.passmanager.base_tasks - INFO - Pass: BasisTranslator - 1.26719 (ms)
2025-08-07 18:26:45,829 - qiskit.passmanager.base_tasks - INFO - Pass: CheckGateDirection - 0.00286 (ms)
2025-08-07 18:26:45,831 - qiskit.passmanager.base_tasks - INFO - Pass: GateDirection - 1.22309 (ms)
2025-08-07 18:26:45,834 - qiskit.passmanager.base_tasks - INFO - Pass: BasisTranslator - 3.48425 (ms)
2025-08-07 18:26:45,834 - qiskit.passmanager.base_tasks - INFO - Pass: Depth - 0.18597 (ms)
2025-08-07 18:26:45,834 - qiskit.passmanager.base_tasks - INFO - Pass: Size - 0.00095 (ms)
2025-08-07 18:26:45,834 - qiskit.passmanager.base_tasks - INFO - Pass: MinimumPoint - 0.00525 (ms)
2025-08-07 18:26:45,836 - qiskit.passmanager.base_tasks - INFO - Pass: ConsolidateBlocks - 1.85490 (ms)
2025-08-07 18:26:45,839 - qiskit.passmanager.base_tasks - INFO - Pass: UnitarySynthesis - 2.43211 (ms)
2025-08-07 18:26:45,839 - qiskit.passmanager.base_tasks - INFO - Pass: RemoveIdentityEquivalent - 0.03886 (ms)
2025-08-07 18:26:45,840 - qiskit.passmanager.base_tasks - INFO - Pass: Optimize1qGatesDecomposition - 1.11794 (ms)
2025-08-07 18:26:45,841 - qiskit.passmanager.base_tasks - INFO - Pass: CommutativeCancellation - 0.69928 (ms)
2025-08-07 18:26:45,841 - qiskit.passmanager.base_tasks - INFO - Pass: ContractIdleWiresInControlFlow - 0.00095 (ms)
2025-08-07 18:26:45,841 - qiskit.passmanager.base_tasks - INFO - Pass: GatesInBasis - 0.09990 (ms)
2025-08-07 18:26:45,841 - qiskit.passmanager.base_tasks - INFO - Pass: Depth - 0.09394 (ms)
2025-08-07 18:26:45,841 - qiskit.passmanager.base_tasks - INFO - Pass: Size - 0.00119 (ms)
2025-08-07 18:26:45,857 - qiskit.passmanager.base_tasks - INFO - Pass: MinimumPoint - 15.48815 (ms)
2025-08-07 18:26:45,858 - qiskit.passmanager.base_tasks - INFO - Pass: ConsolidateBlocks - 0.94700 (ms)
2025-08-07 18:26:45,858 - qiskit.passmanager.base_tasks - INFO - Pass: UnitarySynthesis - 0.61584 (ms)
2025-08-07 18:26:45,858 - qiskit.passmanager.base_tasks - INFO - Pass: RemoveIdentityEquivalent - 0.03290 (ms)
2025-08-07 18:26:45,859 - qiskit.passmanager.base_tasks - INFO - Pass: Optimize1qGatesDecomposition - 0.23699 (ms)
2025-08-07 18:26:45,859 - qiskit.passmanager.base_tasks - INFO - Pass: CommutativeCancellation - 0.32210 (ms)
2025-08-07 18:26:45,859 - qiskit.passmanager.base_tasks - INFO - Pass: ContractIdleWiresInControlFlow - 0.00119 (ms)
2025-08-07 18:26:45,859 - qiskit.passmanager.base_tasks - INFO - Pass: GatesInBasis - 0.09823 (ms)
2025-08-07 18:26:45,859 - qiskit.passmanager.base_tasks - INFO - Pass: Depth - 0.08798 (ms)
2025-08-07 18:26:45,859 - qiskit.passmanager.base_tasks - INFO - Pass: Size - 0.00095 (ms)
2025-08-07 18:26:45,874 - qiskit.passmanager.base_tasks - INFO - Pass: MinimumPoint - 14.91284 (ms)
2025-08-07 18:26:45,875 - qiskit.passmanager.base_tasks - INFO - Pass: ConsolidateBlocks - 0.72122 (ms)
2025-08-07 18:26:45,875 - qiskit.passmanager.base_tasks - INFO - Pass: UnitarySynthesis - 0.53501 (ms)
2025-08-07 18:26:45,875 - qiskit.passmanager.base_tasks - INFO - Pass: RemoveIdentityEquivalent - 0.03099 (ms)
2025-08-07 18:26:45,876 - qiskit.passmanager.base_tasks - INFO - Pass: Optimize1qGatesDecomposition - 0.23293 (ms)
2025-08-07 18:26:45,876 - qiskit.passmanager.base_tasks - INFO - Pass: CommutativeCancellation - 0.27919 (ms)
2025-08-07 18:26:45,876 - qiskit.passmanager.base_tasks - INFO - Pass: ContractIdleWiresInControlFlow - 0.00119 (ms)
2025-08-07 18:26:45,876 - qiskit.passmanager.base_tasks - INFO - Pass: GatesInBasis - 0.09584 (ms)
2025-08-07 18:26:45,876 - qiskit.passmanager.base_tasks - INFO - Pass: Depth - 0.08321 (ms)
2025-08-07 18:26:45,876 - qiskit.passmanager.base_tasks - INFO - Pass: Size - 0.00095 (ms)
2025-08-07 18:26:45,891 - qiskit.passmanager.base_tasks - INFO - Pass: MinimumPoint - 15.21707 (ms)
2025-08-07 18:26:45,892 - qiskit.passmanager.base_tasks - INFO - Pass: ConsolidateBlocks - 0.75698 (ms)
2025-08-07 18:26:45,893 - qiskit.passmanager.base_tasks - INFO - Pass: UnitarySynthesis - 0.52023 (ms)
2025-08-07 18:26:45,893 - qiskit.passmanager.base_tasks - INFO - Pass: RemoveIdentityEquivalent - 0.03099 (ms)
2025-08-07 18:26:45,893 - qiskit.passmanager.base_tasks - INFO - Pass: Optimize1qGatesDecomposition - 0.22578 (ms)
2025-08-07 18:26:45,893 - qiskit.passmanager.base_tasks - INFO - Pass: CommutativeCancellation - 0.26298 (ms)
2025-08-07 18:26:45,893 - qiskit.passmanager.base_tasks - INFO - Pass: ContractIdleWiresInControlFlow - 0.00095 (ms)
2025-08-07 18:26:45,894 - qiskit.passmanager.base_tasks - INFO - Pass: GatesInBasis - 0.09704 (ms)
2025-08-07 18:26:45,894 - qiskit.passmanager.base_tasks - INFO - Pass: Depth - 0.08202 (ms)
2025-08-07 18:26:45,894 - qiskit.passmanager.base_tasks - INFO - Pass: Size - 0.00072 (ms)
2025-08-07 18:26:45,894 - qiskit.passmanager.base_tasks - INFO - Pass: MinimumPoint - 0.00215 (ms)
2025-08-07 18:26:45,894 - qiskit.passmanager.base_tasks - INFO - Pass: ConsolidateBlocks - 0.69189 (ms)
2025-08-07 18:26:45,895 - qiskit.passmanager.base_tasks - INFO - Pass: UnitarySynthesis - 0.49496 (ms)
2025-08-07 18:26:45,895 - qiskit.passmanager.base_tasks - INFO - Pass: RemoveIdentityEquivalent - 0.03099 (ms)
2025-08-07 18:26:45,895 - qiskit.passmanager.base_tasks - INFO - Pass: Optimize1qGatesDecomposition - 0.24343 (ms)
2025-08-07 18:26:45,895 - qiskit.passmanager.base_tasks - INFO - Pass: CommutativeCancellation - 0.28324 (ms)
2025-08-07 18:26:45,895 - qiskit.passmanager.base_tasks - INFO - Pass: ContractIdleWiresInControlFlow - 0.00095 (ms)
2025-08-07 18:26:45,896 - qiskit.passmanager.base_tasks - INFO - Pass: GatesInBasis - 0.10395 (ms)
2025-08-07 18:26:45,896 - qiskit.passmanager.base_tasks - INFO - Pass: Depth - 0.08678 (ms)
2025-08-07 18:26:45,896 - qiskit.passmanager.base_tasks - INFO - Pass: Size - 0.00095 (ms)
2025-08-07 18:26:45,896 - qiskit.passmanager.base_tasks - INFO - Pass: MinimumPoint - 0.00191 (ms)
2025-08-07 18:26:45,897 - qiskit.passmanager.base_tasks - INFO - Pass: ConsolidateBlocks - 0.74291 (ms)
2025-08-07 18:26:45,897 - qiskit.passmanager.base_tasks - INFO - Pass: UnitarySynthesis - 0.53692 (ms)
2025-08-07 18:26:45,897 - qiskit.passmanager.base_tasks - INFO - Pass: RemoveIdentityEquivalent - 0.03505 (ms)
2025-08-07 18:26:45,897 - qiskit.passmanager.base_tasks - INFO - Pass: Optimize1qGatesDecomposition - 0.24199 (ms)
2025-08-07 18:26:45,898 - qiskit.passmanager.base_tasks - INFO - Pass: CommutativeCancellation - 0.27800 (ms)
2025-08-07 18:26:45,898 - qiskit.passmanager.base_tasks - INFO - Pass: ContractIdleWiresInControlFlow - 0.00095 (ms)
2025-08-07 18:26:45,898 - qiskit.passmanager.base_tasks - INFO - Pass: GatesInBasis - 0.10490 (ms)
2025-08-07 18:26:45,898 - qiskit.passmanager.base_tasks - INFO - Pass: Depth - 0.09084 (ms)
2025-08-07 18:26:45,898 - qiskit.passmanager.base_tasks - INFO - Pass: Size - 0.00119 (ms)
2025-08-07 18:26:45,898 - qiskit.passmanager.base_tasks - INFO - Pass: MinimumPoint - 0.00095 (ms)
2025-08-07 18:26:45,899 - qiskit.passmanager.base_tasks - INFO - Pass: ConsolidateBlocks - 0.70024 (ms)
2025-08-07 18:26:45,899 - qiskit.passmanager.base_tasks - INFO - Pass: UnitarySynthesis - 0.48614 (ms)
2025-08-07 18:26:45,899 - qiskit.passmanager.base_tasks - INFO - Pass: RemoveIdentityEquivalent - 0.03099 (ms)
2025-08-07 18:26:45,899 - qiskit.passmanager.base_tasks - INFO - Pass: Optimize1qGatesDecomposition - 0.22316 (ms)
2025-08-07 18:26:45,900 - qiskit.passmanager.base_tasks - INFO - Pass: CommutativeCancellation - 0.25201 (ms)
2025-08-07 18:26:45,900 - qiskit.passmanager.base_tasks - INFO - Pass: ContractIdleWiresInControlFlow - 0.00095 (ms)
2025-08-07 18:26:45,900 - qiskit.passmanager.base_tasks - INFO - Pass: GatesInBasis - 0.09608 (ms)
2025-08-07 18:26:45,900 - qiskit.passmanager.base_tasks - INFO - Pass: Depth - 0.08178 (ms)
2025-08-07 18:26:45,900 - qiskit.passmanager.base_tasks - INFO - Pass: Size - 0.00095 (ms)
2025-08-07 18:26:45,900 - qiskit.passmanager.base_tasks - INFO - Pass: MinimumPoint - 0.00310 (ms)
2025-08-07 18:26:45,900 - qiskit.passmanager.base_tasks - INFO - Pass: ContainsInstruction - 0.00310 (ms)
2025-08-07 18:26:45,900 - qiskit.passmanager.base_tasks - INFO - Pass: InstructionDurationCheck - 0.11396 (ms)
