2025-08-04 21:08:49,266 - root - INFO - ++++++++++++++++ Starting at 2025-08-04 21:08:49.266193 +++++++++++++++++
2025-08-04 21:08:49,266 - src.ProcessQaoa - INFO - Using p_level:: 1
2025-08-04 21:08:50,698 - src.ProcessQaoa - INFO - Using Simulator
2025-08-04 21:08:52,667 - qiskit.passmanager.base_tasks - INFO - Pass: ContainsInstruction - 0.16999 (ms)
2025-08-04 21:08:52,667 - qiskit.passmanager.base_tasks - INFO - Pass: UnitarySynthesis - 0.00310 (ms)
2025-08-04 21:08:52,690 - qiskit.passmanager.base_tasks - INFO - Pass: HighLevelSynthesis - 23.70620 (ms)
2025-08-04 21:08:52,691 - qiskit.passmanager.base_tasks - INFO - Pass: BasisTranslator - 0.03576 (ms)
2025-08-04 21:08:52,691 - qiskit.passmanager.base_tasks - INFO - Pass: ElidePermutations - 0.00286 (ms)
2025-08-04 21:08:52,691 - qiskit.passmanager.base_tasks - INFO - Pass: RemoveDiagonalGatesBeforeMeasure - 0.20766 (ms)
2025-08-04 21:08:52,691 - qiskit.passmanager.base_tasks - INFO - Pass: RemoveIdentityEquivalent - 0.00525 (ms)
2025-08-04 21:08:52,691 - qiskit.passmanager.base_tasks - INFO - Pass: InverseCancellation - 0.40507 (ms)
2025-08-04 21:08:52,691 - qiskit.passmanager.base_tasks - INFO - Pass: ContractIdleWiresInControlFlow - 0.00072 (ms)
2025-08-04 21:08:52,691 - qiskit.passmanager.base_tasks - INFO - Pass: CommutativeCancellation - 0.15187 (ms)
2025-08-04 21:08:52,692 - qiskit.passmanager.base_tasks - INFO - Pass: ConsolidateBlocks - 0.08202 (ms)
2025-08-04 21:08:52,692 - qiskit.passmanager.base_tasks - INFO - Pass: Split2QUnitaries - 0.20504 (ms)
2025-08-04 21:08:52,692 - qiskit.passmanager.base_tasks - INFO - Pass: SetLayout - 0.00095 (ms)
2025-08-04 21:08:52,695 - qiskit.passmanager.base_tasks - INFO - Pass: VF2Layout - 3.07822 (ms)
2025-08-04 21:08:52,695 - qiskit.passmanager.base_tasks - INFO - Pass: BarrierBeforeFinalMeasurements - 0.00262 (ms)
2025-08-04 21:08:52,825 - qiskit.passmanager.base_tasks - INFO - Pass: SabreLayout - 129.59790 (ms)
2025-08-04 21:08:52,825 - qiskit.passmanager.base_tasks - INFO - Pass: CheckMap - 0.03099 (ms)
2025-08-04 21:08:52,833 - qiskit.passmanager.base_tasks - INFO - Pass: VF2PostLayout - 8.66103 (ms)
2025-08-04 21:08:52,836 - qiskit.passmanager.base_tasks - INFO - Pass: ApplyLayout - 2.14815 (ms)
2025-08-04 21:08:52,836 - qiskit.passmanager.base_tasks - INFO - Pass: FilterOpNodes - 0.27204 (ms)
2025-08-04 21:08:52,836 - qiskit.passmanager.base_tasks - INFO - Pass: UnitarySynthesis - 0.00429 (ms)
2025-08-04 21:08:52,836 - qiskit.passmanager.base_tasks - INFO - Pass: HighLevelSynthesis - 0.09871 (ms)
2025-08-04 21:08:52,843 - qiskit.passmanager.base_tasks - INFO - Pass: BasisTranslator - 6.98185 (ms)
2025-08-04 21:08:52,843 - qiskit.passmanager.base_tasks - INFO - Pass: CheckGateDirection - 0.00286 (ms)
2025-08-04 21:08:52,859 - qiskit.passmanager.base_tasks - INFO - Pass: GateDirection - 15.92898 (ms)
2025-08-04 21:08:52,971 - qiskit.passmanager.base_tasks - INFO - Pass: BasisTranslator - 112.47587 (ms)
2025-08-04 21:08:52,974 - qiskit.passmanager.base_tasks - INFO - Pass: Depth - 1.96409 (ms)
2025-08-04 21:08:52,974 - qiskit.passmanager.base_tasks - INFO - Pass: Size - 0.00262 (ms)
2025-08-04 21:08:52,974 - qiskit.passmanager.base_tasks - INFO - Pass: MinimumPoint - 0.00811 (ms)
2025-08-04 21:08:52,982 - qiskit.passmanager.base_tasks - INFO - Pass: ConsolidateBlocks - 8.11982 (ms)
2025-08-04 21:08:53,009 - qiskit.passmanager.base_tasks - INFO - Pass: UnitarySynthesis - 26.46899 (ms)
2025-08-04 21:08:53,009 - qiskit.passmanager.base_tasks - INFO - Pass: RemoveIdentityEquivalent - 0.29302 (ms)
2025-08-04 21:08:53,099 - qiskit.passmanager.base_tasks - INFO - Pass: Optimize1qGatesDecomposition - 90.21902 (ms)
2025-08-04 21:08:53,118 - qiskit.passmanager.base_tasks - INFO - Pass: CommutativeCancellation - 18.95404 (ms)
2025-08-04 21:08:53,118 - qiskit.passmanager.base_tasks - INFO - Pass: ContractIdleWiresInControlFlow - 0.00119 (ms)
2025-08-04 21:08:53,119 - qiskit.passmanager.base_tasks - INFO - Pass: GatesInBasis - 0.74816 (ms)
2025-08-04 21:08:53,120 - qiskit.passmanager.base_tasks - INFO - Pass: Depth - 0.70930 (ms)
2025-08-04 21:08:53,120 - qiskit.passmanager.base_tasks - INFO - Pass: Size - 0.00095 (ms)
2025-08-04 21:08:53,229 - qiskit.passmanager.base_tasks - INFO - Pass: MinimumPoint - 108.95300 (ms)
2025-08-04 21:08:53,235 - qiskit.passmanager.base_tasks - INFO - Pass: ConsolidateBlocks - 6.01411 (ms)
2025-08-04 21:08:53,243 - qiskit.passmanager.base_tasks - INFO - Pass: UnitarySynthesis - 7.93886 (ms)
2025-08-04 21:08:53,243 - qiskit.passmanager.base_tasks - INFO - Pass: RemoveIdentityEquivalent - 0.26703 (ms)
2025-08-04 21:08:53,245 - qiskit.passmanager.base_tasks - INFO - Pass: Optimize1qGatesDecomposition - 1.83821 (ms)
2025-08-04 21:08:53,250 - qiskit.passmanager.base_tasks - INFO - Pass: CommutativeCancellation - 4.96101 (ms)
2025-08-04 21:08:53,250 - qiskit.passmanager.base_tasks - INFO - Pass: ContractIdleWiresInControlFlow - 0.00215 (ms)
2025-08-04 21:08:53,251 - qiskit.passmanager.base_tasks - INFO - Pass: GatesInBasis - 0.70786 (ms)
2025-08-04 21:08:53,252 - qiskit.passmanager.base_tasks - INFO - Pass: Depth - 0.77701 (ms)
2025-08-04 21:08:53,252 - qiskit.passmanager.base_tasks - INFO - Pass: Size - 0.00215 (ms)
2025-08-04 21:08:53,423 - qiskit.passmanager.base_tasks - INFO - Pass: MinimumPoint - 170.80712 (ms)
2025-08-04 21:08:53,428 - qiskit.passmanager.base_tasks - INFO - Pass: ConsolidateBlocks - 5.63097 (ms)
2025-08-04 21:08:53,434 - qiskit.passmanager.base_tasks - INFO - Pass: UnitarySynthesis - 5.69916 (ms)
2025-08-04 21:08:53,435 - qiskit.passmanager.base_tasks - INFO - Pass: RemoveIdentityEquivalent - 0.25606 (ms)
2025-08-04 21:08:53,436 - qiskit.passmanager.base_tasks - INFO - Pass: Optimize1qGatesDecomposition - 1.77526 (ms)
2025-08-04 21:08:53,439 - qiskit.passmanager.base_tasks - INFO - Pass: CommutativeCancellation - 3.03411 (ms)
2025-08-04 21:08:53,439 - qiskit.passmanager.base_tasks - INFO - Pass: ContractIdleWiresInControlFlow - 0.00215 (ms)
2025-08-04 21:08:53,440 - qiskit.passmanager.base_tasks - INFO - Pass: GatesInBasis - 0.80013 (ms)
2025-08-04 21:08:53,441 - qiskit.passmanager.base_tasks - INFO - Pass: Depth - 0.75531 (ms)
2025-08-04 21:08:53,441 - qiskit.passmanager.base_tasks - INFO - Pass: Size - 0.00215 (ms)
2025-08-04 21:08:53,550 - qiskit.passmanager.base_tasks - INFO - Pass: MinimumPoint - 108.70600 (ms)
2025-08-04 21:08:53,556 - qiskit.passmanager.base_tasks - INFO - Pass: ConsolidateBlocks - 5.67198 (ms)
2025-08-04 21:08:53,561 - qiskit.passmanager.base_tasks - INFO - Pass: UnitarySynthesis - 5.39398 (ms)
2025-08-04 21:08:53,561 - qiskit.passmanager.base_tasks - INFO - Pass: RemoveIdentityEquivalent - 0.25201 (ms)
2025-08-04 21:08:53,563 - qiskit.passmanager.base_tasks - INFO - Pass: Optimize1qGatesDecomposition - 1.75309 (ms)
2025-08-04 21:08:53,565 - qiskit.passmanager.base_tasks - INFO - Pass: CommutativeCancellation - 2.05493 (ms)
2025-08-04 21:08:53,565 - qiskit.passmanager.base_tasks - INFO - Pass: ContractIdleWiresInControlFlow - 0.00191 (ms)
2025-08-04 21:08:53,566 - qiskit.passmanager.base_tasks - INFO - Pass: GatesInBasis - 0.73314 (ms)
2025-08-04 21:08:53,567 - qiskit.passmanager.base_tasks - INFO - Pass: Depth - 0.62394 (ms)
2025-08-04 21:08:53,567 - qiskit.passmanager.base_tasks - INFO - Pass: Size - 0.00095 (ms)
2025-08-04 21:08:53,567 - qiskit.passmanager.base_tasks - INFO - Pass: MinimumPoint - 0.00286 (ms)
2025-08-04 21:08:53,572 - qiskit.passmanager.base_tasks - INFO - Pass: ConsolidateBlocks - 5.42092 (ms)
2025-08-04 21:08:53,577 - qiskit.passmanager.base_tasks - INFO - Pass: UnitarySynthesis - 5.13387 (ms)
2025-08-04 21:08:53,578 - qiskit.passmanager.base_tasks - INFO - Pass: RemoveIdentityEquivalent - 0.24700 (ms)
2025-08-04 21:08:53,580 - qiskit.passmanager.base_tasks - INFO - Pass: Optimize1qGatesDecomposition - 1.73402 (ms)
2025-08-04 21:08:53,581 - qiskit.passmanager.base_tasks - INFO - Pass: CommutativeCancellation - 1.87802 (ms)
2025-08-04 21:08:53,581 - qiskit.passmanager.base_tasks - INFO - Pass: ContractIdleWiresInControlFlow - 0.00119 (ms)
2025-08-04 21:08:53,582 - qiskit.passmanager.base_tasks - INFO - Pass: GatesInBasis - 0.73195 (ms)
2025-08-04 21:08:53,583 - qiskit.passmanager.base_tasks - INFO - Pass: Depth - 0.60010 (ms)
2025-08-04 21:08:53,583 - qiskit.passmanager.base_tasks - INFO - Pass: Size - 0.00095 (ms)
2025-08-04 21:08:53,583 - qiskit.passmanager.base_tasks - INFO - Pass: MinimumPoint - 0.00215 (ms)
2025-08-04 21:08:53,588 - qiskit.passmanager.base_tasks - INFO - Pass: ConsolidateBlocks - 5.32293 (ms)
2025-08-04 21:08:53,593 - qiskit.passmanager.base_tasks - INFO - Pass: UnitarySynthesis - 5.08714 (ms)
2025-08-04 21:08:53,594 - qiskit.passmanager.base_tasks - INFO - Pass: RemoveIdentityEquivalent - 0.24414 (ms)
2025-08-04 21:08:53,595 - qiskit.passmanager.base_tasks - INFO - Pass: Optimize1qGatesDecomposition - 1.73068 (ms)
2025-08-04 21:08:53,597 - qiskit.passmanager.base_tasks - INFO - Pass: CommutativeCancellation - 1.92571 (ms)
2025-08-04 21:08:53,597 - qiskit.passmanager.base_tasks - INFO - Pass: ContractIdleWiresInControlFlow - 0.00095 (ms)
2025-08-04 21:08:53,598 - qiskit.passmanager.base_tasks - INFO - Pass: GatesInBasis - 0.72908 (ms)
2025-08-04 21:08:53,599 - qiskit.passmanager.base_tasks - INFO - Pass: Depth - 0.62013 (ms)
2025-08-04 21:08:53,599 - qiskit.passmanager.base_tasks - INFO - Pass: Size - 0.00119 (ms)
2025-08-04 21:08:53,599 - qiskit.passmanager.base_tasks - INFO - Pass: MinimumPoint - 0.00191 (ms)
2025-08-04 21:08:53,604 - qiskit.passmanager.base_tasks - INFO - Pass: ConsolidateBlocks - 5.44190 (ms)
2025-08-04 21:08:53,609 - qiskit.passmanager.base_tasks - INFO - Pass: UnitarySynthesis - 5.09119 (ms)
2025-08-04 21:08:53,610 - qiskit.passmanager.base_tasks - INFO - Pass: RemoveIdentityEquivalent - 0.25010 (ms)
2025-08-04 21:08:53,611 - qiskit.passmanager.base_tasks - INFO - Pass: Optimize1qGatesDecomposition - 1.73807 (ms)
2025-08-04 21:08:53,613 - qiskit.passmanager.base_tasks - INFO - Pass: CommutativeCancellation - 1.95408 (ms)
2025-08-04 21:08:53,613 - qiskit.passmanager.base_tasks - INFO - Pass: ContractIdleWiresInControlFlow - 0.00215 (ms)
2025-08-04 21:08:53,614 - qiskit.passmanager.base_tasks - INFO - Pass: GatesInBasis - 0.73504 (ms)
2025-08-04 21:08:53,615 - qiskit.passmanager.base_tasks - INFO - Pass: Depth - 0.66495 (ms)
2025-08-04 21:08:53,615 - qiskit.passmanager.base_tasks - INFO - Pass: Size - 0.00095 (ms)
2025-08-04 21:08:53,615 - qiskit.passmanager.base_tasks - INFO - Pass: MinimumPoint - 0.00429 (ms)
2025-08-04 21:08:53,615 - qiskit.passmanager.base_tasks - INFO - Pass: ContainsInstruction - 0.00477 (ms)
2025-08-04 21:08:53,616 - qiskit.passmanager.base_tasks - INFO - Pass: InstructionDurationCheck - 0.90289 (ms)
2025-08-04 21:08:54,066 - qiskit.passmanager.base_tasks - INFO - Pass: Optimize1qGatesDecomposition - 0.01788 (ms)
2025-08-04 21:08:54,593 - qiskit_aer.backends.aerbackend - WARNING - Simulation failed and returned the following error message:
ERROR:  [Experiment 0] a circuit requires more memory than max_memory_mb.
