2025-07-30 17:39:56,386 - root - INFO - ++++++++++++++++ Starting at 2025-07-30 17:39:56.386951 +++++++++++++++++
2025-07-30 17:39:56,387 - src.ProcessQaoa - INFO - Using p_level:: 1
2025-07-30 17:39:58,531 - src.ProcessQaoa - INFO - Using Real Hardware
2025-07-30 17:39:59,850 - qiskit.passmanager.base_tasks - INFO - Pass: ContainsInstruction - 0.16570 (ms)
2025-07-30 17:39:59,850 - qiskit.passmanager.base_tasks - INFO - Pass: UnitarySynthesis - 0.01097 (ms)
2025-07-30 17:39:59,856 - qiskit.passmanager.base_tasks - INFO - Pass: HighLevelSynthesis - 5.79929 (ms)
2025-07-30 17:39:59,856 - qiskit.passmanager.base_tasks - INFO - Pass: BasisTranslator - 0.01693 (ms)
2025-07-30 17:39:59,856 - qiskit.passmanager.base_tasks - INFO - Pass: ElidePermutations - 0.00691 (ms)
2025-07-30 17:39:59,856 - qiskit.passmanager.base_tasks - INFO - Pass: RemoveDiagonalGatesBeforeMeasure - 0.20814 (ms)
2025-07-30 17:39:59,856 - qiskit.passmanager.base_tasks - INFO - Pass: RemoveIdentityEquivalent - 0.00596 (ms)
2025-07-30 17:39:59,856 - qiskit.passmanager.base_tasks - INFO - Pass: InverseCancellation - 0.09918 (ms)
2025-07-30 17:39:59,856 - qiskit.passmanager.base_tasks - INFO - Pass: ContractIdleWiresInControlFlow - 0.00501 (ms)
2025-07-30 17:39:59,856 - qiskit.passmanager.base_tasks - INFO - Pass: CommutativeCancellation - 0.03290 (ms)
2025-07-30 17:39:59,857 - qiskit.passmanager.base_tasks - INFO - Pass: ConsolidateBlocks - 0.03505 (ms)
2025-07-30 17:39:59,857 - qiskit.passmanager.base_tasks - INFO - Pass: Split2QUnitaries - 0.20766 (ms)
2025-07-30 17:39:59,857 - qiskit.passmanager.base_tasks - INFO - Pass: SetLayout - 0.00501 (ms)
2025-07-30 17:39:59,859 - qiskit.passmanager.base_tasks - INFO - Pass: VF2Layout - 2.09403 (ms)
2025-07-30 17:39:59,859 - qiskit.passmanager.base_tasks - INFO - Pass: BarrierBeforeFinalMeasurements - 0.00572 (ms)
2025-07-30 17:39:59,866 - qiskit.passmanager.base_tasks - INFO - Pass: SabreLayout - 6.44112 (ms)
2025-07-30 17:39:59,866 - qiskit.passmanager.base_tasks - INFO - Pass: CheckMap - 0.03719 (ms)
2025-07-30 17:39:59,871 - qiskit.passmanager.base_tasks - INFO - Pass: VF2PostLayout - 4.94218 (ms)
2025-07-30 17:39:59,872 - qiskit.passmanager.base_tasks - INFO - Pass: ApplyLayout - 0.99730 (ms)
2025-07-30 17:39:59,872 - qiskit.passmanager.base_tasks - INFO - Pass: FilterOpNodes - 0.04983 (ms)
2025-07-30 17:39:59,872 - qiskit.passmanager.base_tasks - INFO - Pass: UnitarySynthesis - 0.00525 (ms)
2025-07-30 17:39:59,872 - qiskit.passmanager.base_tasks - INFO - Pass: HighLevelSynthesis - 0.01478 (ms)
2025-07-30 17:39:59,873 - qiskit.passmanager.base_tasks - INFO - Pass: BasisTranslator - 1.25003 (ms)
2025-07-30 17:39:59,873 - qiskit.passmanager.base_tasks - INFO - Pass: CheckGateDirection - 0.00787 (ms)
2025-07-30 17:39:59,874 - qiskit.passmanager.base_tasks - INFO - Pass: GateDirection - 0.41294 (ms)
2025-07-30 17:39:59,875 - qiskit.passmanager.base_tasks - INFO - Pass: BasisTranslator - 1.56379 (ms)
2025-07-30 17:39:59,876 - qiskit.passmanager.base_tasks - INFO - Pass: Depth - 0.23603 (ms)
2025-07-30 17:39:59,876 - qiskit.passmanager.base_tasks - INFO - Pass: Size - 0.00405 (ms)
2025-07-30 17:39:59,876 - qiskit.passmanager.base_tasks - INFO - Pass: MinimumPoint - 0.01407 (ms)
2025-07-30 17:39:59,877 - qiskit.passmanager.base_tasks - INFO - Pass: ConsolidateBlocks - 0.79060 (ms)
2025-07-30 17:39:59,878 - qiskit.passmanager.base_tasks - INFO - Pass: UnitarySynthesis - 1.67918 (ms)
2025-07-30 17:39:59,879 - qiskit.passmanager.base_tasks - INFO - Pass: RemoveIdentityEquivalent - 0.01121 (ms)
2025-07-30 17:39:59,879 - qiskit.passmanager.base_tasks - INFO - Pass: Optimize1qGatesDecomposition - 0.33307 (ms)
2025-07-30 17:39:59,879 - qiskit.passmanager.base_tasks - INFO - Pass: CommutativeCancellation - 0.34785 (ms)
2025-07-30 17:39:59,879 - qiskit.passmanager.base_tasks - INFO - Pass: ContractIdleWiresInControlFlow - 0.00191 (ms)
2025-07-30 17:39:59,879 - qiskit.passmanager.base_tasks - INFO - Pass: GatesInBasis - 0.02313 (ms)
2025-07-30 17:39:59,879 - qiskit.passmanager.base_tasks - INFO - Pass: Depth - 0.02623 (ms)
2025-07-30 17:39:59,880 - qiskit.passmanager.base_tasks - INFO - Pass: Size - 0.00215 (ms)
2025-07-30 17:39:59,935 - qiskit.passmanager.base_tasks - INFO - Pass: MinimumPoint - 55.35793 (ms)
2025-07-30 17:39:59,935 - qiskit.passmanager.base_tasks - INFO - Pass: ConsolidateBlocks - 0.19288 (ms)
2025-07-30 17:39:59,935 - qiskit.passmanager.base_tasks - INFO - Pass: UnitarySynthesis - 0.00501 (ms)
2025-07-30 17:39:59,935 - qiskit.passmanager.base_tasks - INFO - Pass: RemoveIdentityEquivalent - 0.00906 (ms)
2025-07-30 17:39:59,935 - qiskit.passmanager.base_tasks - INFO - Pass: Optimize1qGatesDecomposition - 0.05984 (ms)
2025-07-30 17:39:59,936 - qiskit.passmanager.base_tasks - INFO - Pass: CommutativeCancellation - 0.08106 (ms)
2025-07-30 17:39:59,936 - qiskit.passmanager.base_tasks - INFO - Pass: ContractIdleWiresInControlFlow - 0.00215 (ms)
2025-07-30 17:39:59,936 - qiskit.passmanager.base_tasks - INFO - Pass: GatesInBasis - 0.02098 (ms)
2025-07-30 17:39:59,936 - qiskit.passmanager.base_tasks - INFO - Pass: Depth - 0.02503 (ms)
2025-07-30 17:39:59,936 - qiskit.passmanager.base_tasks - INFO - Pass: Size - 0.00191 (ms)
2025-07-30 17:39:59,936 - qiskit.passmanager.base_tasks - INFO - Pass: MinimumPoint - 0.00691 (ms)
2025-07-30 17:39:59,936 - qiskit.passmanager.base_tasks - INFO - Pass: ContainsInstruction - 0.00310 (ms)
2025-07-30 17:39:59,936 - qiskit.passmanager.base_tasks - INFO - Pass: InstructionDurationCheck - 0.09894 (ms)
