2025-08-06 16:14:05,566 - root - INFO - ++++++++++++++++ Starting at 2025-08-06 16:14:05.566381 +++++++++++++++++
2025-08-06 16:14:05,566 - src.ProcessQaoa - INFO - Using p_level:: 1
2025-08-06 16:14:12,244 - src.ProcessQaoa - INFO - Using Real Hardware
2025-08-06 16:14:18,275 - qiskit.passmanager.base_tasks - INFO - Pass: ContainsInstruction - 0.13590 (ms)
2025-08-06 16:14:18,275 - qiskit.passmanager.base_tasks - INFO - Pass: UnitarySynthesis - 0.00620 (ms)
2025-08-06 16:14:18,320 - qiskit.passmanager.base_tasks - INFO - Pass: HighLevelSynthesis - 44.37304 (ms)
2025-08-06 16:14:18,320 - qiskit.passmanager.base_tasks - INFO - Pass: BasisTranslator - 0.02480 (ms)
2025-08-06 16:14:18,320 - qiskit.passmanager.base_tasks - INFO - Pass: ElidePermutations - 0.00310 (ms)
2025-08-06 16:14:18,320 - qiskit.passmanager.base_tasks - INFO - Pass: RemoveDiagonalGatesBeforeMeasure - 0.18096 (ms)
2025-08-06 16:14:18,320 - qiskit.passmanager.base_tasks - INFO - Pass: RemoveIdentityEquivalent - 0.00429 (ms)
2025-08-06 16:14:18,321 - qiskit.passmanager.base_tasks - INFO - Pass: InverseCancellation - 0.75912 (ms)
2025-08-06 16:14:18,321 - qiskit.passmanager.base_tasks - INFO - Pass: ContractIdleWiresInControlFlow - 0.00095 (ms)
2025-08-06 16:14:18,321 - qiskit.passmanager.base_tasks - INFO - Pass: CommutativeCancellation - 0.11182 (ms)
2025-08-06 16:14:18,321 - qiskit.passmanager.base_tasks - INFO - Pass: ConsolidateBlocks - 0.06986 (ms)
2025-08-06 16:14:18,321 - qiskit.passmanager.base_tasks - INFO - Pass: Split2QUnitaries - 0.02789 (ms)
2025-08-06 16:14:18,321 - qiskit.passmanager.base_tasks - INFO - Pass: SetLayout - 0.00215 (ms)
2025-08-06 16:14:18,324 - qiskit.passmanager.base_tasks - INFO - Pass: VF2Layout - 2.62094 (ms)
2025-08-06 16:14:18,324 - qiskit.passmanager.base_tasks - INFO - Pass: BarrierBeforeFinalMeasurements - 0.00429 (ms)
2025-08-06 16:14:18,384 - qiskit.passmanager.base_tasks - INFO - Pass: SabreLayout - 60.32085 (ms)
2025-08-06 16:14:18,384 - qiskit.passmanager.base_tasks - INFO - Pass: CheckMap - 0.02909 (ms)
2025-08-06 16:14:18,387 - qiskit.passmanager.base_tasks - INFO - Pass: VF2PostLayout - 3.08895 (ms)
2025-08-06 16:14:18,388 - qiskit.passmanager.base_tasks - INFO - Pass: ApplyLayout - 1.13511 (ms)
2025-08-06 16:14:18,389 - qiskit.passmanager.base_tasks - INFO - Pass: FilterOpNodes - 0.27800 (ms)
2025-08-06 16:14:18,389 - qiskit.passmanager.base_tasks - INFO - Pass: UnitarySynthesis - 0.00429 (ms)
2025-08-06 16:14:18,389 - qiskit.passmanager.base_tasks - INFO - Pass: HighLevelSynthesis - 0.04792 (ms)
2025-08-06 16:14:18,392 - qiskit.passmanager.base_tasks - INFO - Pass: BasisTranslator - 2.98595 (ms)
2025-08-06 16:14:18,392 - qiskit.passmanager.base_tasks - INFO - Pass: CheckGateDirection - 0.00381 (ms)
2025-08-06 16:14:18,398 - qiskit.passmanager.base_tasks - INFO - Pass: GateDirection - 5.75399 (ms)
2025-08-06 16:14:18,427 - qiskit.passmanager.base_tasks - INFO - Pass: BasisTranslator - 29.22678 (ms)
2025-08-06 16:14:18,428 - qiskit.passmanager.base_tasks - INFO - Pass: Depth - 0.57673 (ms)
2025-08-06 16:14:18,428 - qiskit.passmanager.base_tasks - INFO - Pass: Size - 0.00215 (ms)
2025-08-06 16:14:18,428 - qiskit.passmanager.base_tasks - INFO - Pass: MinimumPoint - 0.00477 (ms)
2025-08-06 16:14:18,432 - qiskit.passmanager.base_tasks - INFO - Pass: ConsolidateBlocks - 4.16112 (ms)
2025-08-06 16:14:18,441 - qiskit.passmanager.base_tasks - INFO - Pass: UnitarySynthesis - 9.56988 (ms)
2025-08-06 16:14:18,442 - qiskit.passmanager.base_tasks - INFO - Pass: RemoveIdentityEquivalent - 0.12493 (ms)
2025-08-06 16:14:18,451 - qiskit.passmanager.base_tasks - INFO - Pass: Optimize1qGatesDecomposition - 9.81522 (ms)
2025-08-06 16:14:18,457 - qiskit.passmanager.base_tasks - INFO - Pass: CommutativeCancellation - 5.54800 (ms)
2025-08-06 16:14:18,457 - qiskit.passmanager.base_tasks - INFO - Pass: ContractIdleWiresInControlFlow - 0.00095 (ms)
2025-08-06 16:14:18,457 - qiskit.passmanager.base_tasks - INFO - Pass: GatesInBasis - 0.31376 (ms)
2025-08-06 16:14:18,458 - qiskit.passmanager.base_tasks - INFO - Pass: Depth - 0.30899 (ms)
2025-08-06 16:14:18,458 - qiskit.passmanager.base_tasks - INFO - Pass: Size - 0.00191 (ms)
2025-08-06 16:14:18,506 - qiskit.passmanager.base_tasks - INFO - Pass: MinimumPoint - 48.22683 (ms)
2025-08-06 16:14:18,509 - qiskit.passmanager.base_tasks - INFO - Pass: ConsolidateBlocks - 2.76923 (ms)
2025-08-06 16:14:18,511 - qiskit.passmanager.base_tasks - INFO - Pass: UnitarySynthesis - 1.89209 (ms)
2025-08-06 16:14:18,511 - qiskit.passmanager.base_tasks - INFO - Pass: RemoveIdentityEquivalent - 0.11706 (ms)
2025-08-06 16:14:18,512 - qiskit.passmanager.base_tasks - INFO - Pass: Optimize1qGatesDecomposition - 0.83804 (ms)
2025-08-06 16:14:18,513 - qiskit.passmanager.base_tasks - INFO - Pass: CommutativeCancellation - 1.33204 (ms)
2025-08-06 16:14:18,513 - qiskit.passmanager.base_tasks - INFO - Pass: ContractIdleWiresInControlFlow - 0.00119 (ms)
2025-08-06 16:14:18,514 - qiskit.passmanager.base_tasks - INFO - Pass: GatesInBasis - 0.31281 (ms)
2025-08-06 16:14:18,514 - qiskit.passmanager.base_tasks - INFO - Pass: Depth - 0.29588 (ms)
2025-08-06 16:14:18,514 - qiskit.passmanager.base_tasks - INFO - Pass: Size - 0.00119 (ms)
2025-08-06 16:14:18,597 - qiskit.passmanager.base_tasks - INFO - Pass: MinimumPoint - 82.78823 (ms)
2025-08-06 16:14:18,599 - qiskit.passmanager.base_tasks - INFO - Pass: ConsolidateBlocks - 2.43115 (ms)
2025-08-06 16:14:18,601 - qiskit.passmanager.base_tasks - INFO - Pass: UnitarySynthesis - 1.58906 (ms)
2025-08-06 16:14:18,601 - qiskit.passmanager.base_tasks - INFO - Pass: RemoveIdentityEquivalent - 0.10419 (ms)
2025-08-06 16:14:18,602 - qiskit.passmanager.base_tasks - INFO - Pass: Optimize1qGatesDecomposition - 0.77581 (ms)
2025-08-06 16:14:18,603 - qiskit.passmanager.base_tasks - INFO - Pass: CommutativeCancellation - 1.00899 (ms)
2025-08-06 16:14:18,603 - qiskit.passmanager.base_tasks - INFO - Pass: ContractIdleWiresInControlFlow - 0.00095 (ms)
2025-08-06 16:14:18,603 - qiskit.passmanager.base_tasks - INFO - Pass: GatesInBasis - 0.30994 (ms)
2025-08-06 16:14:18,604 - qiskit.passmanager.base_tasks - INFO - Pass: Depth - 0.26894 (ms)
2025-08-06 16:14:18,604 - qiskit.passmanager.base_tasks - INFO - Pass: Size - 0.00095 (ms)
2025-08-06 16:14:18,651 - qiskit.passmanager.base_tasks - INFO - Pass: MinimumPoint - 47.22500 (ms)
2025-08-06 16:14:18,653 - qiskit.passmanager.base_tasks - INFO - Pass: ConsolidateBlocks - 2.40207 (ms)
2025-08-06 16:14:18,655 - qiskit.passmanager.base_tasks - INFO - Pass: UnitarySynthesis - 1.44196 (ms)
2025-08-06 16:14:18,655 - qiskit.passmanager.base_tasks - INFO - Pass: RemoveIdentityEquivalent - 0.10109 (ms)
2025-08-06 16:14:18,656 - qiskit.passmanager.base_tasks - INFO - Pass: Optimize1qGatesDecomposition - 0.77486 (ms)
2025-08-06 16:14:18,657 - qiskit.passmanager.base_tasks - INFO - Pass: CommutativeCancellation - 0.84400 (ms)
2025-08-06 16:14:18,657 - qiskit.passmanager.base_tasks - INFO - Pass: ContractIdleWiresInControlFlow - 0.00119 (ms)
2025-08-06 16:14:18,657 - qiskit.passmanager.base_tasks - INFO - Pass: GatesInBasis - 0.30804 (ms)
2025-08-06 16:14:18,657 - qiskit.passmanager.base_tasks - INFO - Pass: Depth - 0.26679 (ms)
2025-08-06 16:14:18,657 - qiskit.passmanager.base_tasks - INFO - Pass: Size - 0.00119 (ms)
2025-08-06 16:14:18,657 - qiskit.passmanager.base_tasks - INFO - Pass: MinimumPoint - 0.00310 (ms)
2025-08-06 16:14:18,657 - qiskit.passmanager.base_tasks - INFO - Pass: ContainsInstruction - 0.00811 (ms)
2025-08-06 16:14:18,658 - qiskit.passmanager.base_tasks - INFO - Pass: InstructionDurationCheck - 0.38981 (ms)
