2025-08-06 20:45:40,202 - root - INFO - ++++++++++++++++ Starting at 2025-08-06 20:45:40.202288 +++++++++++++++++
2025-08-06 20:45:40,202 - src.ProcessQaoa - INFO - Using p_level:: 1
2025-08-06 20:45:42,995 - src.ProcessQaoa - INFO - Using Real Hardware
2025-08-06 20:45:47,178 - qiskit.passmanager.base_tasks - INFO - Pass: ContainsInstruction - 0.15521 (ms)
2025-08-06 20:45:47,178 - qiskit.passmanager.base_tasks - INFO - Pass: UnitarySynthesis - 0.00191 (ms)
2025-08-06 20:45:47,330 - qiskit.passmanager.base_tasks - INFO - Pass: HighLevelSynthesis - 151.48592 (ms)
2025-08-06 20:45:47,330 - qiskit.passmanager.base_tasks - INFO - Pass: BasisTranslator - 0.11492 (ms)
2025-08-06 20:45:47,330 - qiskit.passmanager.base_tasks - INFO - Pass: ElidePermutations - 0.00286 (ms)
2025-08-06 20:45:47,330 - qiskit.passmanager.base_tasks - INFO - Pass: RemoveDiagonalGatesBeforeMeasure - 0.20504 (ms)
2025-08-06 20:45:47,330 - qiskit.passmanager.base_tasks - INFO - Pass: RemoveIdentityEquivalent - 0.01097 (ms)
2025-08-06 20:45:47,331 - qiskit.passmanager.base_tasks - INFO - Pass: InverseCancellation - 0.91386 (ms)
2025-08-06 20:45:47,331 - qiskit.passmanager.base_tasks - INFO - Pass: ContractIdleWiresInControlFlow - 0.00095 (ms)
2025-08-06 20:45:47,332 - qiskit.passmanager.base_tasks - INFO - Pass: CommutativeCancellation - 0.63992 (ms)
2025-08-06 20:45:47,332 - qiskit.passmanager.base_tasks - INFO - Pass: ConsolidateBlocks - 0.29016 (ms)
2025-08-06 20:45:47,332 - qiskit.passmanager.base_tasks - INFO - Pass: Split2QUnitaries - 0.03099 (ms)
2025-08-06 20:45:47,332 - qiskit.passmanager.base_tasks - INFO - Pass: SetLayout - 0.00095 (ms)
2025-08-06 20:45:47,338 - qiskit.passmanager.base_tasks - INFO - Pass: VF2Layout - 5.50413 (ms)
2025-08-06 20:45:47,338 - qiskit.passmanager.base_tasks - INFO - Pass: BarrierBeforeFinalMeasurements - 0.00525 (ms)
2025-08-06 20:45:48,018 - qiskit.passmanager.base_tasks - INFO - Pass: SabreLayout - 680.23229 (ms)
2025-08-06 20:45:48,019 - qiskit.passmanager.base_tasks - INFO - Pass: CheckMap - 0.08488 (ms)
2025-08-06 20:45:48,041 - qiskit.passmanager.base_tasks - INFO - Pass: VF2PostLayout - 22.44306 (ms)
2025-08-06 20:45:48,042 - qiskit.passmanager.base_tasks - INFO - Pass: FilterOpNodes - 1.31583 (ms)
2025-08-06 20:45:48,042 - qiskit.passmanager.base_tasks - INFO - Pass: UnitarySynthesis - 0.00405 (ms)
2025-08-06 20:45:48,043 - qiskit.passmanager.base_tasks - INFO - Pass: HighLevelSynthesis - 0.44703 (ms)
2025-08-06 20:45:48,123 - qiskit.passmanager.base_tasks - INFO - Pass: BasisTranslator - 80.24907 (ms)
2025-08-06 20:45:48,123 - qiskit.passmanager.base_tasks - INFO - Pass: CheckGateDirection - 0.00525 (ms)
2025-08-06 20:45:48,357 - qiskit.passmanager.base_tasks - INFO - Pass: GateDirection - 233.78682 (ms)
2025-08-06 20:45:51,616 - qiskit.passmanager.base_tasks - INFO - Pass: BasisTranslator - 3258.32820 (ms)
2025-08-06 20:45:51,626 - qiskit.passmanager.base_tasks - INFO - Pass: Depth - 8.80623 (ms)
2025-08-06 20:45:51,626 - qiskit.passmanager.base_tasks - INFO - Pass: Size - 0.00405 (ms)
2025-08-06 20:45:51,626 - qiskit.passmanager.base_tasks - INFO - Pass: MinimumPoint - 0.00787 (ms)
2025-08-06 20:45:51,671 - qiskit.passmanager.base_tasks - INFO - Pass: ConsolidateBlocks - 44.48414 (ms)
2025-08-06 20:45:52,188 - qiskit.passmanager.base_tasks - INFO - Pass: UnitarySynthesis - 516.78991 (ms)
2025-08-06 20:45:52,190 - qiskit.passmanager.base_tasks - INFO - Pass: RemoveIdentityEquivalent - 1.92809 (ms)
2025-08-06 20:45:53,415 - qiskit.passmanager.base_tasks - INFO - Pass: Optimize1qGatesDecomposition - 1225.21114 (ms)
2025-08-06 20:45:53,858 - qiskit.passmanager.base_tasks - INFO - Pass: CommutativeCancellation - 442.52872 (ms)
2025-08-06 20:45:53,858 - qiskit.passmanager.base_tasks - INFO - Pass: ContractIdleWiresInControlFlow - 0.00310 (ms)
2025-08-06 20:45:53,862 - qiskit.passmanager.base_tasks - INFO - Pass: GatesInBasis - 3.98374 (ms)
2025-08-06 20:45:53,867 - qiskit.passmanager.base_tasks - INFO - Pass: Depth - 4.81582 (ms)
2025-08-06 20:45:53,867 - qiskit.passmanager.base_tasks - INFO - Pass: Size - 0.00215 (ms)
2025-08-06 20:45:54,617 - qiskit.passmanager.base_tasks - INFO - Pass: MinimumPoint - 749.76587 (ms)
2025-08-06 20:45:54,648 - qiskit.passmanager.base_tasks - INFO - Pass: ConsolidateBlocks - 31.57496 (ms)
2025-08-06 20:45:54,720 - qiskit.passmanager.base_tasks - INFO - Pass: UnitarySynthesis - 71.72394 (ms)
2025-08-06 20:45:54,723 - qiskit.passmanager.base_tasks - INFO - Pass: RemoveIdentityEquivalent - 1.55616 (ms)
2025-08-06 20:45:54,736 - qiskit.passmanager.base_tasks - INFO - Pass: Optimize1qGatesDecomposition - 13.50713 (ms)
2025-08-06 20:45:54,774 - qiskit.passmanager.base_tasks - INFO - Pass: CommutativeCancellation - 37.98008 (ms)
2025-08-06 20:45:54,775 - qiskit.passmanager.base_tasks - INFO - Pass: ContractIdleWiresInControlFlow - 0.00262 (ms)
2025-08-06 20:45:54,779 - qiskit.passmanager.base_tasks - INFO - Pass: GatesInBasis - 3.98493 (ms)
2025-08-06 20:45:54,783 - qiskit.passmanager.base_tasks - INFO - Pass: Depth - 4.14491 (ms)
2025-08-06 20:45:54,783 - qiskit.passmanager.base_tasks - INFO - Pass: Size - 0.00191 (ms)
2025-08-06 20:45:55,440 - qiskit.passmanager.base_tasks - INFO - Pass: MinimumPoint - 657.22394 (ms)
2025-08-06 20:45:55,470 - qiskit.passmanager.base_tasks - INFO - Pass: ConsolidateBlocks - 29.80280 (ms)
2025-08-06 20:45:55,530 - qiskit.passmanager.base_tasks - INFO - Pass: UnitarySynthesis - 60.17303 (ms)
2025-08-06 20:45:55,533 - qiskit.passmanager.base_tasks - INFO - Pass: RemoveIdentityEquivalent - 1.60408 (ms)
2025-08-06 20:45:55,546 - qiskit.passmanager.base_tasks - INFO - Pass: Optimize1qGatesDecomposition - 13.40199 (ms)
2025-08-06 20:45:55,569 - qiskit.passmanager.base_tasks - INFO - Pass: CommutativeCancellation - 22.90487 (ms)
2025-08-06 20:45:55,569 - qiskit.passmanager.base_tasks - INFO - Pass: ContractIdleWiresInControlFlow - 0.00310 (ms)
2025-08-06 20:45:55,573 - qiskit.passmanager.base_tasks - INFO - Pass: GatesInBasis - 3.98397 (ms)
2025-08-06 20:45:55,577 - qiskit.passmanager.base_tasks - INFO - Pass: Depth - 4.11582 (ms)
2025-08-06 20:45:55,577 - qiskit.passmanager.base_tasks - INFO - Pass: Size - 0.00215 (ms)
2025-08-06 20:45:56,309 - qiskit.passmanager.base_tasks - INFO - Pass: MinimumPoint - 731.61292 (ms)
2025-08-06 20:45:56,340 - qiskit.passmanager.base_tasks - INFO - Pass: ConsolidateBlocks - 30.36022 (ms)
2025-08-06 20:45:56,393 - qiskit.passmanager.base_tasks - INFO - Pass: UnitarySynthesis - 53.43795 (ms)
2025-08-06 20:45:56,396 - qiskit.passmanager.base_tasks - INFO - Pass: RemoveIdentityEquivalent - 1.69706 (ms)
2025-08-06 20:45:56,407 - qiskit.passmanager.base_tasks - INFO - Pass: Optimize1qGatesDecomposition - 10.69903 (ms)
2025-08-06 20:45:56,419 - qiskit.passmanager.base_tasks - INFO - Pass: CommutativeCancellation - 12.21204 (ms)
2025-08-06 20:45:56,419 - qiskit.passmanager.base_tasks - INFO - Pass: ContractIdleWiresInControlFlow - 0.00191 (ms)
2025-08-06 20:45:56,423 - qiskit.passmanager.base_tasks - INFO - Pass: GatesInBasis - 3.97015 (ms)
2025-08-06 20:45:56,427 - qiskit.passmanager.base_tasks - INFO - Pass: Depth - 3.97897 (ms)
2025-08-06 20:45:56,427 - qiskit.passmanager.base_tasks - INFO - Pass: Size - 0.00215 (ms)
2025-08-06 20:45:56,427 - qiskit.passmanager.base_tasks - INFO - Pass: MinimumPoint - 0.00405 (ms)
2025-08-06 20:45:56,457 - qiskit.passmanager.base_tasks - INFO - Pass: ConsolidateBlocks - 29.49500 (ms)
2025-08-06 20:45:56,512 - qiskit.passmanager.base_tasks - INFO - Pass: UnitarySynthesis - 55.25875 (ms)
2025-08-06 20:45:56,515 - qiskit.passmanager.base_tasks - INFO - Pass: RemoveIdentityEquivalent - 1.57189 (ms)
2025-08-06 20:45:56,525 - qiskit.passmanager.base_tasks - INFO - Pass: Optimize1qGatesDecomposition - 10.58984 (ms)
2025-08-06 20:45:56,539 - qiskit.passmanager.base_tasks - INFO - Pass: CommutativeCancellation - 13.23700 (ms)
2025-08-06 20:45:56,539 - qiskit.passmanager.base_tasks - INFO - Pass: ContractIdleWiresInControlFlow - 0.00286 (ms)
2025-08-06 20:45:56,543 - qiskit.passmanager.base_tasks - INFO - Pass: GatesInBasis - 3.95703 (ms)
2025-08-06 20:45:56,547 - qiskit.passmanager.base_tasks - INFO - Pass: Depth - 4.56023 (ms)
2025-08-06 20:45:56,548 - qiskit.passmanager.base_tasks - INFO - Pass: Size - 0.00381 (ms)
2025-08-06 20:45:56,548 - qiskit.passmanager.base_tasks - INFO - Pass: MinimumPoint - 0.00477 (ms)
2025-08-06 20:45:56,578 - qiskit.passmanager.base_tasks - INFO - Pass: ConsolidateBlocks - 30.04384 (ms)
2025-08-06 20:45:56,632 - qiskit.passmanager.base_tasks - INFO - Pass: UnitarySynthesis - 54.39305 (ms)
2025-08-06 20:45:56,635 - qiskit.passmanager.base_tasks - INFO - Pass: RemoveIdentityEquivalent - 1.43290 (ms)
2025-08-06 20:45:56,645 - qiskit.passmanager.base_tasks - INFO - Pass: Optimize1qGatesDecomposition - 10.07819 (ms)
2025-08-06 20:45:56,656 - qiskit.passmanager.base_tasks - INFO - Pass: CommutativeCancellation - 11.49607 (ms)
2025-08-06 20:45:56,656 - qiskit.passmanager.base_tasks - INFO - Pass: ContractIdleWiresInControlFlow - 0.00310 (ms)
2025-08-06 20:45:56,660 - qiskit.passmanager.base_tasks - INFO - Pass: GatesInBasis - 3.97897 (ms)
2025-08-06 20:45:56,664 - qiskit.passmanager.base_tasks - INFO - Pass: Depth - 3.85308 (ms)
2025-08-06 20:45:56,664 - qiskit.passmanager.base_tasks - INFO - Pass: Size - 0.00215 (ms)
2025-08-06 20:45:56,664 - qiskit.passmanager.base_tasks - INFO - Pass: MinimumPoint - 0.00501 (ms)
2025-08-06 20:45:56,693 - qiskit.passmanager.base_tasks - INFO - Pass: ConsolidateBlocks - 28.92494 (ms)
2025-08-06 20:45:56,748 - qiskit.passmanager.base_tasks - INFO - Pass: UnitarySynthesis - 54.39734 (ms)
2025-08-06 20:45:56,750 - qiskit.passmanager.base_tasks - INFO - Pass: RemoveIdentityEquivalent - 1.38497 (ms)
2025-08-06 20:45:56,761 - qiskit.passmanager.base_tasks - INFO - Pass: Optimize1qGatesDecomposition - 10.64610 (ms)
2025-08-06 20:45:56,774 - qiskit.passmanager.base_tasks - INFO - Pass: CommutativeCancellation - 13.01098 (ms)
2025-08-06 20:45:56,774 - qiskit.passmanager.base_tasks - INFO - Pass: ContractIdleWiresInControlFlow - 0.00405 (ms)
2025-08-06 20:45:56,778 - qiskit.passmanager.base_tasks - INFO - Pass: GatesInBasis - 3.81517 (ms)
2025-08-06 20:45:56,783 - qiskit.passmanager.base_tasks - INFO - Pass: Depth - 4.47106 (ms)
2025-08-06 20:45:56,783 - qiskit.passmanager.base_tasks - INFO - Pass: Size - 0.00429 (ms)
2025-08-06 20:45:56,783 - qiskit.passmanager.base_tasks - INFO - Pass: MinimumPoint - 0.00596 (ms)
2025-08-06 20:45:56,787 - qiskit.passmanager.base_tasks - INFO - Pass: ContainsInstruction - 0.01192 (ms)
2025-08-06 20:45:56,791 - qiskit.passmanager.base_tasks - INFO - Pass: InstructionDurationCheck - 4.68588 (ms)
