2025-08-04 21:00:51,545 - root - INFO - ++++++++++++++++ Starting at 2025-08-04 21:00:51.545796 +++++++++++++++++
2025-08-04 21:00:51,545 - src.ProcessQaoa - INFO - Using p_level:: 1
2025-08-04 21:00:53,146 - src.ProcessQaoa - INFO - Using Simulator
2025-08-04 21:00:55,304 - qiskit.passmanager.base_tasks - INFO - Pass: ContainsInstruction - 0.01478 (ms)
2025-08-04 21:00:55,304 - qiskit.passmanager.base_tasks - INFO - Pass: UnitarySynthesis - 0.00286 (ms)
2025-08-04 21:00:55,310 - qiskit.passmanager.base_tasks - INFO - Pass: HighLevelSynthesis - 6.19292 (ms)
2025-08-04 21:00:55,311 - qiskit.passmanager.base_tasks - INFO - Pass: BasisTranslator - 0.01502 (ms)
2025-08-04 21:00:55,311 - qiskit.passmanager.base_tasks - INFO - Pass: ElidePermutations - 0.00286 (ms)
2025-08-04 21:00:55,311 - qiskit.passmanager.base_tasks - INFO - Pass: RemoveDiagonalGatesBeforeMeasure - 0.18501 (ms)
2025-08-04 21:00:55,311 - qiskit.passmanager.base_tasks - INFO - Pass: RemoveIdentityEquivalent - 0.00286 (ms)
2025-08-04 21:00:55,311 - qiskit.passmanager.base_tasks - INFO - Pass: InverseCancellation - 0.24128 (ms)
2025-08-04 21:00:55,311 - qiskit.passmanager.base_tasks - INFO - Pass: ContractIdleWiresInControlFlow - 0.00191 (ms)
2025-08-04 21:00:55,311 - qiskit.passmanager.base_tasks - INFO - Pass: CommutativeCancellation - 0.07105 (ms)
2025-08-04 21:00:55,311 - qiskit.passmanager.base_tasks - INFO - Pass: ConsolidateBlocks - 0.04911 (ms)
2025-08-04 21:00:55,311 - qiskit.passmanager.base_tasks - INFO - Pass: Split2QUnitaries - 0.08011 (ms)
2025-08-04 21:00:55,311 - qiskit.passmanager.base_tasks - INFO - Pass: SetLayout - 0.00215 (ms)
2025-08-04 21:00:55,313 - qiskit.passmanager.base_tasks - INFO - Pass: VF2Layout - 1.86491 (ms)
2025-08-04 21:00:55,313 - qiskit.passmanager.base_tasks - INFO - Pass: BarrierBeforeFinalMeasurements - 0.00310 (ms)
2025-08-04 21:00:55,332 - qiskit.passmanager.base_tasks - INFO - Pass: SabreLayout - 18.33797 (ms)
2025-08-04 21:00:55,332 - qiskit.passmanager.base_tasks - INFO - Pass: CheckMap - 0.01884 (ms)
2025-08-04 21:00:55,334 - qiskit.passmanager.base_tasks - INFO - Pass: VF2PostLayout - 2.75111 (ms)
2025-08-04 21:00:55,335 - qiskit.passmanager.base_tasks - INFO - Pass: ApplyLayout - 0.62323 (ms)
2025-08-04 21:00:55,335 - qiskit.passmanager.base_tasks - INFO - Pass: FilterOpNodes - 0.21911 (ms)
2025-08-04 21:00:55,335 - qiskit.passmanager.base_tasks - INFO - Pass: UnitarySynthesis - 0.00310 (ms)
2025-08-04 21:00:55,335 - qiskit.passmanager.base_tasks - INFO - Pass: HighLevelSynthesis - 0.02193 (ms)
2025-08-04 21:00:55,337 - qiskit.passmanager.base_tasks - INFO - Pass: BasisTranslator - 1.37091 (ms)
2025-08-04 21:00:55,337 - qiskit.passmanager.base_tasks - INFO - Pass: CheckGateDirection - 0.00405 (ms)
2025-08-04 21:00:55,339 - qiskit.passmanager.base_tasks - INFO - Pass: GateDirection - 1.77693 (ms)
2025-08-04 21:00:55,344 - qiskit.passmanager.base_tasks - INFO - Pass: BasisTranslator - 4.95720 (ms)
2025-08-04 21:00:55,344 - qiskit.passmanager.base_tasks - INFO - Pass: Depth - 0.17619 (ms)
2025-08-04 21:00:55,344 - qiskit.passmanager.base_tasks - INFO - Pass: Size - 0.00119 (ms)
2025-08-04 21:00:55,344 - qiskit.passmanager.base_tasks - INFO - Pass: MinimumPoint - 0.00405 (ms)
2025-08-04 21:00:55,346 - qiskit.passmanager.base_tasks - INFO - Pass: ConsolidateBlocks - 1.76501 (ms)
2025-08-04 21:00:55,349 - qiskit.passmanager.base_tasks - INFO - Pass: UnitarySynthesis - 3.17907 (ms)
2025-08-04 21:00:55,349 - qiskit.passmanager.base_tasks - INFO - Pass: RemoveIdentityEquivalent - 0.04101 (ms)
2025-08-04 21:00:55,350 - qiskit.passmanager.base_tasks - INFO - Pass: Optimize1qGatesDecomposition - 1.53422 (ms)
2025-08-04 21:00:55,352 - qiskit.passmanager.base_tasks - INFO - Pass: CommutativeCancellation - 1.04690 (ms)
2025-08-04 21:00:55,352 - qiskit.passmanager.base_tasks - INFO - Pass: ContractIdleWiresInControlFlow - 0.00095 (ms)
2025-08-04 21:00:55,352 - qiskit.passmanager.base_tasks - INFO - Pass: GatesInBasis - 0.10705 (ms)
2025-08-04 21:00:55,352 - qiskit.passmanager.base_tasks - INFO - Pass: Depth - 0.11396 (ms)
2025-08-04 21:00:55,352 - qiskit.passmanager.base_tasks - INFO - Pass: Size - 0.00095 (ms)
2025-08-04 21:00:55,368 - qiskit.passmanager.base_tasks - INFO - Pass: MinimumPoint - 15.79475 (ms)
2025-08-04 21:00:55,369 - qiskit.passmanager.base_tasks - INFO - Pass: ConsolidateBlocks - 0.90098 (ms)
2025-08-04 21:00:55,369 - qiskit.passmanager.base_tasks - INFO - Pass: UnitarySynthesis - 0.57817 (ms)
2025-08-04 21:00:55,369 - qiskit.passmanager.base_tasks - INFO - Pass: RemoveIdentityEquivalent - 0.03624 (ms)
2025-08-04 21:00:55,370 - qiskit.passmanager.base_tasks - INFO - Pass: Optimize1qGatesDecomposition - 0.25105 (ms)
2025-08-04 21:00:55,370 - qiskit.passmanager.base_tasks - INFO - Pass: CommutativeCancellation - 0.33712 (ms)
2025-08-04 21:00:55,370 - qiskit.passmanager.base_tasks - INFO - Pass: ContractIdleWiresInControlFlow - 0.00095 (ms)
2025-08-04 21:00:55,370 - qiskit.passmanager.base_tasks - INFO - Pass: GatesInBasis - 0.10490 (ms)
2025-08-04 21:00:55,370 - qiskit.passmanager.base_tasks - INFO - Pass: Depth - 0.09274 (ms)
2025-08-04 21:00:55,370 - qiskit.passmanager.base_tasks - INFO - Pass: Size - 0.00095 (ms)
2025-08-04 21:00:55,385 - qiskit.passmanager.base_tasks - INFO - Pass: MinimumPoint - 15.07306 (ms)
2025-08-04 21:00:55,386 - qiskit.passmanager.base_tasks - INFO - Pass: ConsolidateBlocks - 0.79012 (ms)
2025-08-04 21:00:55,387 - qiskit.passmanager.base_tasks - INFO - Pass: UnitarySynthesis - 0.48876 (ms)
2025-08-04 21:00:55,387 - qiskit.passmanager.base_tasks - INFO - Pass: RemoveIdentityEquivalent - 0.03576 (ms)
2025-08-04 21:00:55,387 - qiskit.passmanager.base_tasks - INFO - Pass: Optimize1qGatesDecomposition - 0.25606 (ms)
2025-08-04 21:00:55,387 - qiskit.passmanager.base_tasks - INFO - Pass: CommutativeCancellation - 0.30398 (ms)
2025-08-04 21:00:55,387 - qiskit.passmanager.base_tasks - INFO - Pass: ContractIdleWiresInControlFlow - 0.00000 (ms)
2025-08-04 21:00:55,387 - qiskit.passmanager.base_tasks - INFO - Pass: GatesInBasis - 0.12112 (ms)
2025-08-04 21:00:55,387 - qiskit.passmanager.base_tasks - INFO - Pass: Depth - 0.08798 (ms)
2025-08-04 21:00:55,387 - qiskit.passmanager.base_tasks - INFO - Pass: Size - 0.00000 (ms)
2025-08-04 21:00:55,402 - qiskit.passmanager.base_tasks - INFO - Pass: MinimumPoint - 14.99176 (ms)
2025-08-04 21:00:55,403 - qiskit.passmanager.base_tasks - INFO - Pass: ConsolidateBlocks - 0.77796 (ms)
2025-08-04 21:00:55,404 - qiskit.passmanager.base_tasks - INFO - Pass: UnitarySynthesis - 0.46206 (ms)
2025-08-04 21:00:55,404 - qiskit.passmanager.base_tasks - INFO - Pass: RemoveIdentityEquivalent - 0.03505 (ms)
2025-08-04 21:00:55,404 - qiskit.passmanager.base_tasks - INFO - Pass: Optimize1qGatesDecomposition - 0.24700 (ms)
2025-08-04 21:00:55,404 - qiskit.passmanager.base_tasks - INFO - Pass: CommutativeCancellation - 0.26774 (ms)
2025-08-04 21:00:55,404 - qiskit.passmanager.base_tasks - INFO - Pass: ContractIdleWiresInControlFlow - 0.00095 (ms)
2025-08-04 21:00:55,405 - qiskit.passmanager.base_tasks - INFO - Pass: GatesInBasis - 0.10490 (ms)
2025-08-04 21:00:55,405 - qiskit.passmanager.base_tasks - INFO - Pass: Depth - 0.08893 (ms)
2025-08-04 21:00:55,405 - qiskit.passmanager.base_tasks - INFO - Pass: Size - 0.00000 (ms)
2025-08-04 21:00:55,405 - qiskit.passmanager.base_tasks - INFO - Pass: MinimumPoint - 0.00286 (ms)
2025-08-04 21:00:55,405 - qiskit.passmanager.base_tasks - INFO - Pass: ContainsInstruction - 0.00310 (ms)
2025-08-04 21:00:55,405 - qiskit.passmanager.base_tasks - INFO - Pass: InstructionDurationCheck - 0.12994 (ms)
2025-08-04 21:00:55,846 - qiskit.passmanager.base_tasks - INFO - Pass: Optimize1qGatesDecomposition - 0.01407 (ms)
2025-08-04 21:00:56,845 - qiskit.passmanager.base_tasks - INFO - Pass: Optimize1qGatesDecomposition - 0.01717 (ms)
2025-08-04 21:00:57,884 - qiskit.passmanager.base_tasks - INFO - Pass: Optimize1qGatesDecomposition - 0.01621 (ms)
2025-08-04 21:00:58,989 - qiskit.passmanager.base_tasks - INFO - Pass: Optimize1qGatesDecomposition - 0.01502 (ms)
2025-08-04 21:01:00,052 - qiskit.passmanager.base_tasks - INFO - Pass: Optimize1qGatesDecomposition - 0.01621 (ms)
2025-08-04 21:01:01,186 - qiskit.passmanager.base_tasks - INFO - Pass: Optimize1qGatesDecomposition - 0.01597 (ms)
2025-08-04 21:01:02,253 - qiskit.passmanager.base_tasks - INFO - Pass: Optimize1qGatesDecomposition - 0.01907 (ms)
2025-08-04 21:01:03,364 - qiskit.passmanager.base_tasks - INFO - Pass: Optimize1qGatesDecomposition - 0.01597 (ms)
2025-08-04 21:01:04,455 - qiskit.passmanager.base_tasks - INFO - Pass: Optimize1qGatesDecomposition - 0.01597 (ms)
2025-08-04 21:01:05,566 - qiskit.passmanager.base_tasks - INFO - Pass: Optimize1qGatesDecomposition - 0.01693 (ms)
2025-08-04 21:01:06,616 - qiskit.passmanager.base_tasks - INFO - Pass: Optimize1qGatesDecomposition - 0.01478 (ms)
2025-08-04 21:01:07,752 - qiskit.passmanager.base_tasks - INFO - Pass: Optimize1qGatesDecomposition - 0.01693 (ms)
2025-08-04 21:01:08,824 - qiskit.passmanager.base_tasks - INFO - Pass: Optimize1qGatesDecomposition - 0.01621 (ms)
2025-08-04 21:01:09,898 - qiskit.passmanager.base_tasks - INFO - Pass: Optimize1qGatesDecomposition - 0.01597 (ms)
2025-08-04 21:01:10,903 - qiskit.passmanager.base_tasks - INFO - Pass: Optimize1qGatesDecomposition - 0.01478 (ms)
2025-08-04 21:01:12,021 - qiskit.passmanager.base_tasks - INFO - Pass: Optimize1qGatesDecomposition - 0.01526 (ms)
2025-08-04 21:01:13,094 - qiskit.passmanager.base_tasks - INFO - Pass: Optimize1qGatesDecomposition - 0.01478 (ms)
2025-08-04 21:01:14,187 - qiskit.passmanager.base_tasks - INFO - Pass: Optimize1qGatesDecomposition - 0.01597 (ms)
2025-08-04 21:01:15,277 - qiskit.passmanager.base_tasks - INFO - Pass: Optimize1qGatesDecomposition - 0.01574 (ms)
2025-08-04 21:01:16,420 - qiskit.passmanager.base_tasks - INFO - Pass: Optimize1qGatesDecomposition - 0.01597 (ms)
2025-08-04 21:01:17,430 - qiskit.passmanager.base_tasks - INFO - Pass: Optimize1qGatesDecomposition - 0.01574 (ms)
2025-08-04 21:01:18,479 - qiskit.passmanager.base_tasks - INFO - Pass: Optimize1qGatesDecomposition - 0.01597 (ms)
2025-08-04 21:01:19,601 - qiskit.passmanager.base_tasks - INFO - Pass: Optimize1qGatesDecomposition - 0.01597 (ms)
2025-08-04 21:01:20,659 - qiskit.passmanager.base_tasks - INFO - Pass: Optimize1qGatesDecomposition - 0.01717 (ms)
2025-08-04 21:01:21,787 - qiskit.passmanager.base_tasks - INFO - Pass: Optimize1qGatesDecomposition - 0.01621 (ms)
2025-08-04 21:01:22,842 - qiskit.passmanager.base_tasks - INFO - Pass: Optimize1qGatesDecomposition - 0.01502 (ms)
2025-08-04 21:01:23,971 - qiskit.passmanager.base_tasks - INFO - Pass: Optimize1qGatesDecomposition - 0.01693 (ms)
2025-08-04 21:01:25,034 - qiskit.passmanager.base_tasks - INFO - Pass: Optimize1qGatesDecomposition - 0.01621 (ms)
2025-08-04 21:01:26,864 - src.ProcessQaoa - INFO - Using p_level:: 1
2025-08-04 21:01:28,596 - src.ProcessQaoa - INFO - Using Simulator
2025-08-04 21:01:30,581 - qiskit.passmanager.base_tasks - INFO - Pass: ContainsInstruction - 0.00501 (ms)
2025-08-04 21:01:30,581 - qiskit.passmanager.base_tasks - INFO - Pass: UnitarySynthesis - 0.00310 (ms)
2025-08-04 21:01:30,586 - qiskit.passmanager.base_tasks - INFO - Pass: HighLevelSynthesis - 5.00894 (ms)
2025-08-04 21:01:30,586 - qiskit.passmanager.base_tasks - INFO - Pass: BasisTranslator - 0.01717 (ms)
2025-08-04 21:01:30,586 - qiskit.passmanager.base_tasks - INFO - Pass: ElidePermutations - 0.00286 (ms)
2025-08-04 21:01:30,586 - qiskit.passmanager.base_tasks - INFO - Pass: RemoveDiagonalGatesBeforeMeasure - 0.00405 (ms)
2025-08-04 21:01:30,586 - qiskit.passmanager.base_tasks - INFO - Pass: RemoveIdentityEquivalent - 0.00310 (ms)
2025-08-04 21:01:30,586 - qiskit.passmanager.base_tasks - INFO - Pass: InverseCancellation - 0.03314 (ms)
2025-08-04 21:01:30,586 - qiskit.passmanager.base_tasks - INFO - Pass: ContractIdleWiresInControlFlow - 0.00191 (ms)
2025-08-04 21:01:30,586 - qiskit.passmanager.base_tasks - INFO - Pass: CommutativeCancellation - 0.04077 (ms)
2025-08-04 21:01:30,586 - qiskit.passmanager.base_tasks - INFO - Pass: ConsolidateBlocks - 0.02503 (ms)
2025-08-04 21:01:30,586 - qiskit.passmanager.base_tasks - INFO - Pass: Split2QUnitaries - 0.00191 (ms)
2025-08-04 21:01:30,586 - qiskit.passmanager.base_tasks - INFO - Pass: SetLayout - 0.00095 (ms)
2025-08-04 21:01:30,587 - qiskit.passmanager.base_tasks - INFO - Pass: VF2Layout - 0.54574 (ms)
2025-08-04 21:01:30,587 - qiskit.passmanager.base_tasks - INFO - Pass: BarrierBeforeFinalMeasurements - 0.00310 (ms)
2025-08-04 21:01:30,604 - qiskit.passmanager.base_tasks - INFO - Pass: SabreLayout - 16.94083 (ms)
2025-08-04 21:01:30,604 - qiskit.passmanager.base_tasks - INFO - Pass: CheckMap - 0.02122 (ms)
2025-08-04 21:01:30,606 - qiskit.passmanager.base_tasks - INFO - Pass: VF2PostLayout - 2.72107 (ms)
2025-08-04 21:01:30,607 - qiskit.passmanager.base_tasks - INFO - Pass: ApplyLayout - 0.59772 (ms)
2025-08-04 21:01:30,607 - qiskit.passmanager.base_tasks - INFO - Pass: FilterOpNodes - 0.05007 (ms)
2025-08-04 21:01:30,607 - qiskit.passmanager.base_tasks - INFO - Pass: UnitarySynthesis - 0.00405 (ms)
2025-08-04 21:01:30,607 - qiskit.passmanager.base_tasks - INFO - Pass: HighLevelSynthesis - 0.02098 (ms)
2025-08-04 21:01:30,608 - qiskit.passmanager.base_tasks - INFO - Pass: BasisTranslator - 1.23096 (ms)
2025-08-04 21:01:30,608 - qiskit.passmanager.base_tasks - INFO - Pass: CheckGateDirection - 0.00310 (ms)
2025-08-04 21:01:30,610 - qiskit.passmanager.base_tasks - INFO - Pass: GateDirection - 1.49608 (ms)
2025-08-04 21:01:30,615 - qiskit.passmanager.base_tasks - INFO - Pass: BasisTranslator - 4.88329 (ms)
2025-08-04 21:01:30,615 - qiskit.passmanager.base_tasks - INFO - Pass: Depth - 0.15807 (ms)
2025-08-04 21:01:30,615 - qiskit.passmanager.base_tasks - INFO - Pass: Size - 0.00119 (ms)
2025-08-04 21:01:30,615 - qiskit.passmanager.base_tasks - INFO - Pass: MinimumPoint - 0.00381 (ms)
2025-08-04 21:01:30,616 - qiskit.passmanager.base_tasks - INFO - Pass: ConsolidateBlocks - 1.14489 (ms)
2025-08-04 21:01:30,618 - qiskit.passmanager.base_tasks - INFO - Pass: UnitarySynthesis - 1.90592 (ms)
2025-08-04 21:01:30,618 - qiskit.passmanager.base_tasks - INFO - Pass: RemoveIdentityEquivalent - 0.04411 (ms)
2025-08-04 21:01:30,620 - qiskit.passmanager.base_tasks - INFO - Pass: Optimize1qGatesDecomposition - 1.56403 (ms)
2025-08-04 21:01:30,621 - qiskit.passmanager.base_tasks - INFO - Pass: CommutativeCancellation - 1.41692 (ms)
2025-08-04 21:01:30,621 - qiskit.passmanager.base_tasks - INFO - Pass: ContractIdleWiresInControlFlow - 0.00119 (ms)
2025-08-04 21:01:30,621 - qiskit.passmanager.base_tasks - INFO - Pass: GatesInBasis - 0.10824 (ms)
2025-08-04 21:01:30,621 - qiskit.passmanager.base_tasks - INFO - Pass: Depth - 0.10395 (ms)
2025-08-04 21:01:30,621 - qiskit.passmanager.base_tasks - INFO - Pass: Size - 0.00095 (ms)
2025-08-04 21:01:30,637 - qiskit.passmanager.base_tasks - INFO - Pass: MinimumPoint - 15.34915 (ms)
2025-08-04 21:01:30,638 - qiskit.passmanager.base_tasks - INFO - Pass: ConsolidateBlocks - 0.77605 (ms)
2025-08-04 21:01:30,638 - qiskit.passmanager.base_tasks - INFO - Pass: UnitarySynthesis - 0.54812 (ms)
2025-08-04 21:01:30,638 - qiskit.passmanager.base_tasks - INFO - Pass: RemoveIdentityEquivalent - 0.03505 (ms)
2025-08-04 21:01:30,639 - qiskit.passmanager.base_tasks - INFO - Pass: Optimize1qGatesDecomposition - 0.25702 (ms)
2025-08-04 21:01:30,639 - qiskit.passmanager.base_tasks - INFO - Pass: CommutativeCancellation - 0.33212 (ms)
2025-08-04 21:01:30,639 - qiskit.passmanager.base_tasks - INFO - Pass: ContractIdleWiresInControlFlow - 0.00191 (ms)
2025-08-04 21:01:30,639 - qiskit.passmanager.base_tasks - INFO - Pass: GatesInBasis - 0.10610 (ms)
2025-08-04 21:01:30,639 - qiskit.passmanager.base_tasks - INFO - Pass: Depth - 0.09322 (ms)
2025-08-04 21:01:30,639 - qiskit.passmanager.base_tasks - INFO - Pass: Size - 0.00072 (ms)
2025-08-04 21:01:30,654 - qiskit.passmanager.base_tasks - INFO - Pass: MinimumPoint - 15.09118 (ms)
2025-08-04 21:01:30,655 - qiskit.passmanager.base_tasks - INFO - Pass: ConsolidateBlocks - 0.74315 (ms)
2025-08-04 21:01:30,656 - qiskit.passmanager.base_tasks - INFO - Pass: UnitarySynthesis - 0.44894 (ms)
2025-08-04 21:01:30,656 - qiskit.passmanager.base_tasks - INFO - Pass: RemoveIdentityEquivalent - 0.03314 (ms)
2025-08-04 21:01:30,656 - qiskit.passmanager.base_tasks - INFO - Pass: Optimize1qGatesDecomposition - 0.24605 (ms)
2025-08-04 21:01:30,656 - qiskit.passmanager.base_tasks - INFO - Pass: CommutativeCancellation - 0.27990 (ms)
2025-08-04 21:01:30,656 - qiskit.passmanager.base_tasks - INFO - Pass: ContractIdleWiresInControlFlow - 0.00000 (ms)
2025-08-04 21:01:30,656 - qiskit.passmanager.base_tasks - INFO - Pass: GatesInBasis - 0.10586 (ms)
2025-08-04 21:01:30,656 - qiskit.passmanager.base_tasks - INFO - Pass: Depth - 0.08988 (ms)
2025-08-04 21:01:30,656 - qiskit.passmanager.base_tasks - INFO - Pass: Size - 0.00095 (ms)
2025-08-04 21:01:30,671 - qiskit.passmanager.base_tasks - INFO - Pass: MinimumPoint - 15.06901 (ms)
2025-08-04 21:01:30,672 - qiskit.passmanager.base_tasks - INFO - Pass: ConsolidateBlocks - 0.77009 (ms)
2025-08-04 21:01:30,673 - qiskit.passmanager.base_tasks - INFO - Pass: UnitarySynthesis - 0.44227 (ms)
2025-08-04 21:01:30,673 - qiskit.passmanager.base_tasks - INFO - Pass: RemoveIdentityEquivalent - 0.03290 (ms)
2025-08-04 21:01:30,673 - qiskit.passmanager.base_tasks - INFO - Pass: Optimize1qGatesDecomposition - 0.24915 (ms)
2025-08-04 21:01:30,673 - qiskit.passmanager.base_tasks - INFO - Pass: CommutativeCancellation - 0.26774 (ms)
2025-08-04 21:01:30,673 - qiskit.passmanager.base_tasks - INFO - Pass: ContractIdleWiresInControlFlow - 0.00095 (ms)
2025-08-04 21:01:30,673 - qiskit.passmanager.base_tasks - INFO - Pass: GatesInBasis - 0.10586 (ms)
2025-08-04 21:01:30,674 - qiskit.passmanager.base_tasks - INFO - Pass: Depth - 0.08607 (ms)
2025-08-04 21:01:30,674 - qiskit.passmanager.base_tasks - INFO - Pass: Size - 0.00119 (ms)
2025-08-04 21:01:30,674 - qiskit.passmanager.base_tasks - INFO - Pass: MinimumPoint - 0.00215 (ms)
2025-08-04 21:01:30,674 - qiskit.passmanager.base_tasks - INFO - Pass: ContainsInstruction - 0.00286 (ms)
2025-08-04 21:01:30,674 - qiskit.passmanager.base_tasks - INFO - Pass: InstructionDurationCheck - 0.12803 (ms)
2025-08-04 21:01:31,059 - qiskit.passmanager.base_tasks - INFO - Pass: Optimize1qGatesDecomposition - 0.01502 (ms)
2025-08-04 21:01:32,198 - qiskit.passmanager.base_tasks - INFO - Pass: Optimize1qGatesDecomposition - 0.01502 (ms)
2025-08-04 21:01:33,364 - qiskit.passmanager.base_tasks - INFO - Pass: Optimize1qGatesDecomposition - 0.01502 (ms)
2025-08-04 21:01:34,496 - qiskit.passmanager.base_tasks - INFO - Pass: Optimize1qGatesDecomposition - 0.01478 (ms)
2025-08-04 21:01:35,598 - qiskit.passmanager.base_tasks - INFO - Pass: Optimize1qGatesDecomposition - 0.01478 (ms)
2025-08-04 21:01:36,720 - qiskit.passmanager.base_tasks - INFO - Pass: Optimize1qGatesDecomposition - 0.01502 (ms)
2025-08-04 21:01:37,909 - qiskit.passmanager.base_tasks - INFO - Pass: Optimize1qGatesDecomposition - 0.01597 (ms)
2025-08-04 21:01:38,963 - qiskit.passmanager.base_tasks - INFO - Pass: Optimize1qGatesDecomposition - 0.01478 (ms)
2025-08-04 21:01:40,041 - qiskit.passmanager.base_tasks - INFO - Pass: Optimize1qGatesDecomposition - 0.01621 (ms)
2025-08-04 21:01:41,177 - qiskit.passmanager.base_tasks - INFO - Pass: Optimize1qGatesDecomposition - 0.01621 (ms)
2025-08-04 21:01:42,269 - qiskit.passmanager.base_tasks - INFO - Pass: Optimize1qGatesDecomposition - 0.01574 (ms)
2025-08-04 21:01:43,414 - qiskit.passmanager.base_tasks - INFO - Pass: Optimize1qGatesDecomposition - 0.01693 (ms)
2025-08-04 21:01:44,514 - qiskit.passmanager.base_tasks - INFO - Pass: Optimize1qGatesDecomposition - 0.01621 (ms)
2025-08-04 21:01:45,664 - qiskit.passmanager.base_tasks - INFO - Pass: Optimize1qGatesDecomposition - 0.01478 (ms)
2025-08-04 21:01:46,747 - qiskit.passmanager.base_tasks - INFO - Pass: Optimize1qGatesDecomposition - 0.01574 (ms)
2025-08-04 21:01:47,898 - qiskit.passmanager.base_tasks - INFO - Pass: Optimize1qGatesDecomposition - 0.01502 (ms)
2025-08-04 21:01:48,998 - qiskit.passmanager.base_tasks - INFO - Pass: Optimize1qGatesDecomposition - 0.01526 (ms)
2025-08-04 21:01:50,174 - qiskit.passmanager.base_tasks - INFO - Pass: Optimize1qGatesDecomposition - 0.01597 (ms)
2025-08-04 21:01:51,292 - qiskit.passmanager.base_tasks - INFO - Pass: Optimize1qGatesDecomposition - 0.01502 (ms)
2025-08-04 21:01:52,416 - qiskit.passmanager.base_tasks - INFO - Pass: Optimize1qGatesDecomposition - 0.01717 (ms)
2025-08-04 21:01:53,483 - qiskit.passmanager.base_tasks - INFO - Pass: Optimize1qGatesDecomposition - 0.01621 (ms)
2025-08-04 21:01:54,697 - qiskit.passmanager.base_tasks - INFO - Pass: Optimize1qGatesDecomposition - 0.02503 (ms)
2025-08-04 21:01:55,838 - qiskit.passmanager.base_tasks - INFO - Pass: Optimize1qGatesDecomposition - 0.01597 (ms)
2025-08-04 21:01:56,970 - qiskit.passmanager.base_tasks - INFO - Pass: Optimize1qGatesDecomposition - 0.01621 (ms)
2025-08-04 21:01:58,111 - qiskit.passmanager.base_tasks - INFO - Pass: Optimize1qGatesDecomposition - 0.01597 (ms)
2025-08-04 21:01:59,318 - qiskit.passmanager.base_tasks - INFO - Pass: Optimize1qGatesDecomposition - 0.01693 (ms)
2025-08-04 21:02:00,403 - qiskit.passmanager.base_tasks - INFO - Pass: Optimize1qGatesDecomposition - 0.01597 (ms)
2025-08-04 21:02:01,502 - qiskit.passmanager.base_tasks - INFO - Pass: Optimize1qGatesDecomposition - 0.01693 (ms)
2025-08-04 21:02:02,667 - qiskit.passmanager.base_tasks - INFO - Pass: Optimize1qGatesDecomposition - 0.01621 (ms)
2025-08-04 21:02:03,771 - qiskit.passmanager.base_tasks - INFO - Pass: Optimize1qGatesDecomposition - 0.01597 (ms)
2025-08-04 21:02:04,937 - qiskit.passmanager.base_tasks - INFO - Pass: Optimize1qGatesDecomposition - 0.01693 (ms)
2025-08-04 21:02:06,060 - qiskit.passmanager.base_tasks - INFO - Pass: Optimize1qGatesDecomposition - 0.01717 (ms)
2025-08-04 21:02:07,968 - src.ProcessQaoa - INFO - Using p_level:: 1
2025-08-04 21:02:08,738 - src.ProcessQaoa - INFO - Using Simulator
2025-08-04 21:02:11,341 - qiskit.passmanager.base_tasks - INFO - Pass: ContainsInstruction - 0.00596 (ms)
2025-08-04 21:02:11,341 - qiskit.passmanager.base_tasks - INFO - Pass: UnitarySynthesis - 0.00215 (ms)
2025-08-04 21:02:11,346 - qiskit.passmanager.base_tasks - INFO - Pass: HighLevelSynthesis - 5.27406 (ms)
2025-08-04 21:02:11,346 - qiskit.passmanager.base_tasks - INFO - Pass: BasisTranslator - 0.02003 (ms)
2025-08-04 21:02:11,346 - qiskit.passmanager.base_tasks - INFO - Pass: ElidePermutations - 0.00405 (ms)
2025-08-04 21:02:11,346 - qiskit.passmanager.base_tasks - INFO - Pass: RemoveDiagonalGatesBeforeMeasure - 0.00525 (ms)
2025-08-04 21:02:11,346 - qiskit.passmanager.base_tasks - INFO - Pass: RemoveIdentityEquivalent - 0.00310 (ms)
2025-08-04 21:02:11,346 - qiskit.passmanager.base_tasks - INFO - Pass: InverseCancellation - 0.05102 (ms)
2025-08-04 21:02:11,346 - qiskit.passmanager.base_tasks - INFO - Pass: ContractIdleWiresInControlFlow - 0.00095 (ms)
2025-08-04 21:02:11,346 - qiskit.passmanager.base_tasks - INFO - Pass: CommutativeCancellation - 0.04387 (ms)
2025-08-04 21:02:11,346 - qiskit.passmanager.base_tasks - INFO - Pass: ConsolidateBlocks - 0.02623 (ms)
2025-08-04 21:02:11,346 - qiskit.passmanager.base_tasks - INFO - Pass: Split2QUnitaries - 0.00191 (ms)
2025-08-04 21:02:11,346 - qiskit.passmanager.base_tasks - INFO - Pass: SetLayout - 0.00095 (ms)
2025-08-04 21:02:11,347 - qiskit.passmanager.base_tasks - INFO - Pass: VF2Layout - 0.56291 (ms)
2025-08-04 21:02:11,347 - qiskit.passmanager.base_tasks - INFO - Pass: BarrierBeforeFinalMeasurements - 0.00262 (ms)
2025-08-04 21:02:11,364 - qiskit.passmanager.base_tasks - INFO - Pass: SabreLayout - 16.93916 (ms)
2025-08-04 21:02:11,364 - qiskit.passmanager.base_tasks - INFO - Pass: CheckMap - 0.02003 (ms)
2025-08-04 21:02:11,367 - qiskit.passmanager.base_tasks - INFO - Pass: VF2PostLayout - 2.99811 (ms)
2025-08-04 21:02:11,368 - qiskit.passmanager.base_tasks - INFO - Pass: ApplyLayout - 0.61870 (ms)
2025-08-04 21:02:11,368 - qiskit.passmanager.base_tasks - INFO - Pass: FilterOpNodes - 0.05031 (ms)
2025-08-04 21:02:11,368 - qiskit.passmanager.base_tasks - INFO - Pass: UnitarySynthesis - 0.00286 (ms)
2025-08-04 21:02:11,368 - qiskit.passmanager.base_tasks - INFO - Pass: HighLevelSynthesis - 0.02289 (ms)
2025-08-04 21:02:11,369 - qiskit.passmanager.base_tasks - INFO - Pass: BasisTranslator - 1.33300 (ms)
2025-08-04 21:02:11,369 - qiskit.passmanager.base_tasks - INFO - Pass: CheckGateDirection - 0.00477 (ms)
2025-08-04 21:02:11,371 - qiskit.passmanager.base_tasks - INFO - Pass: GateDirection - 1.59693 (ms)
2025-08-04 21:02:11,377 - qiskit.passmanager.base_tasks - INFO - Pass: BasisTranslator - 5.64003 (ms)
2025-08-04 21:02:11,377 - qiskit.passmanager.base_tasks - INFO - Pass: Depth - 0.16499 (ms)
2025-08-04 21:02:11,377 - qiskit.passmanager.base_tasks - INFO - Pass: Size - 0.00191 (ms)
2025-08-04 21:02:11,377 - qiskit.passmanager.base_tasks - INFO - Pass: MinimumPoint - 0.00501 (ms)
2025-08-04 21:02:11,378 - qiskit.passmanager.base_tasks - INFO - Pass: ConsolidateBlocks - 1.15991 (ms)
2025-08-04 21:02:11,380 - qiskit.passmanager.base_tasks - INFO - Pass: UnitarySynthesis - 1.93405 (ms)
2025-08-04 21:02:11,380 - qiskit.passmanager.base_tasks - INFO - Pass: RemoveIdentityEquivalent - 0.04292 (ms)
2025-08-04 21:02:11,382 - qiskit.passmanager.base_tasks - INFO - Pass: Optimize1qGatesDecomposition - 1.54805 (ms)
2025-08-04 21:02:11,383 - qiskit.passmanager.base_tasks - INFO - Pass: CommutativeCancellation - 1.24383 (ms)
2025-08-04 21:02:11,383 - qiskit.passmanager.base_tasks - INFO - Pass: ContractIdleWiresInControlFlow - 0.00215 (ms)
2025-08-04 21:02:11,383 - qiskit.passmanager.base_tasks - INFO - Pass: GatesInBasis - 0.11802 (ms)
2025-08-04 21:02:11,383 - qiskit.passmanager.base_tasks - INFO - Pass: Depth - 0.12922 (ms)
2025-08-04 21:02:11,383 - qiskit.passmanager.base_tasks - INFO - Pass: Size - 0.00095 (ms)
2025-08-04 21:02:11,399 - qiskit.passmanager.base_tasks - INFO - Pass: MinimumPoint - 16.08300 (ms)
2025-08-04 21:02:11,400 - qiskit.passmanager.base_tasks - INFO - Pass: ConsolidateBlocks - 0.91600 (ms)
2025-08-04 21:02:11,401 - qiskit.passmanager.base_tasks - INFO - Pass: UnitarySynthesis - 0.63109 (ms)
2025-08-04 21:02:11,401 - qiskit.passmanager.base_tasks - INFO - Pass: RemoveIdentityEquivalent - 0.03576 (ms)
2025-08-04 21:02:11,401 - qiskit.passmanager.base_tasks - INFO - Pass: Optimize1qGatesDecomposition - 0.26321 (ms)
2025-08-04 21:02:11,402 - qiskit.passmanager.base_tasks - INFO - Pass: CommutativeCancellation - 0.45919 (ms)
2025-08-04 21:02:11,402 - qiskit.passmanager.base_tasks - INFO - Pass: ContractIdleWiresInControlFlow - 0.00095 (ms)
2025-08-04 21:02:11,402 - qiskit.passmanager.base_tasks - INFO - Pass: GatesInBasis - 0.10514 (ms)
2025-08-04 21:02:11,402 - qiskit.passmanager.base_tasks - INFO - Pass: Depth - 0.09489 (ms)
2025-08-04 21:02:11,402 - qiskit.passmanager.base_tasks - INFO - Pass: Size - 0.00119 (ms)
2025-08-04 21:02:11,418 - qiskit.passmanager.base_tasks - INFO - Pass: MinimumPoint - 15.79714 (ms)
2025-08-04 21:02:11,419 - qiskit.passmanager.base_tasks - INFO - Pass: ConsolidateBlocks - 0.79608 (ms)
2025-08-04 21:02:11,419 - qiskit.passmanager.base_tasks - INFO - Pass: UnitarySynthesis - 0.48089 (ms)
2025-08-04 21:02:11,419 - qiskit.passmanager.base_tasks - INFO - Pass: RemoveIdentityEquivalent - 0.03505 (ms)
2025-08-04 21:02:11,420 - qiskit.passmanager.base_tasks - INFO - Pass: Optimize1qGatesDecomposition - 0.25082 (ms)
2025-08-04 21:02:11,420 - qiskit.passmanager.base_tasks - INFO - Pass: CommutativeCancellation - 0.29278 (ms)
2025-08-04 21:02:11,420 - qiskit.passmanager.base_tasks - INFO - Pass: ContractIdleWiresInControlFlow - 0.00095 (ms)
2025-08-04 21:02:11,420 - qiskit.passmanager.base_tasks - INFO - Pass: GatesInBasis - 0.10490 (ms)
2025-08-04 21:02:11,420 - qiskit.passmanager.base_tasks - INFO - Pass: Depth - 0.09203 (ms)
2025-08-04 21:02:11,420 - qiskit.passmanager.base_tasks - INFO - Pass: Size - 0.00072 (ms)
2025-08-04 21:02:11,436 - qiskit.passmanager.base_tasks - INFO - Pass: MinimumPoint - 15.95211 (ms)
2025-08-04 21:02:11,437 - qiskit.passmanager.base_tasks - INFO - Pass: ConsolidateBlocks - 0.79203 (ms)
2025-08-04 21:02:11,437 - qiskit.passmanager.base_tasks - INFO - Pass: UnitarySynthesis - 0.46897 (ms)
2025-08-04 21:02:11,437 - qiskit.passmanager.base_tasks - INFO - Pass: RemoveIdentityEquivalent - 0.03409 (ms)
2025-08-04 21:02:11,438 - qiskit.passmanager.base_tasks - INFO - Pass: Optimize1qGatesDecomposition - 0.25415 (ms)
2025-08-04 21:02:11,438 - qiskit.passmanager.base_tasks - INFO - Pass: CommutativeCancellation - 0.29230 (ms)
2025-08-04 21:02:11,438 - qiskit.passmanager.base_tasks - INFO - Pass: ContractIdleWiresInControlFlow - 0.00000 (ms)
2025-08-04 21:02:11,438 - qiskit.passmanager.base_tasks - INFO - Pass: GatesInBasis - 0.10681 (ms)
2025-08-04 21:02:11,438 - qiskit.passmanager.base_tasks - INFO - Pass: Depth - 0.09012 (ms)
2025-08-04 21:02:11,438 - qiskit.passmanager.base_tasks - INFO - Pass: Size - 0.00072 (ms)
2025-08-04 21:02:11,438 - qiskit.passmanager.base_tasks - INFO - Pass: MinimumPoint - 0.00191 (ms)
2025-08-04 21:02:11,438 - qiskit.passmanager.base_tasks - INFO - Pass: ContainsInstruction - 0.00286 (ms)
2025-08-04 21:02:11,439 - qiskit.passmanager.base_tasks - INFO - Pass: InstructionDurationCheck - 0.12708 (ms)
2025-08-04 21:02:11,872 - qiskit.passmanager.base_tasks - INFO - Pass: Optimize1qGatesDecomposition - 0.01788 (ms)
2025-08-04 21:02:13,005 - qiskit.passmanager.base_tasks - INFO - Pass: Optimize1qGatesDecomposition - 0.02503 (ms)
2025-08-04 21:02:14,134 - qiskit.passmanager.base_tasks - INFO - Pass: Optimize1qGatesDecomposition - 0.01502 (ms)
2025-08-04 21:02:15,339 - qiskit.passmanager.base_tasks - INFO - Pass: Optimize1qGatesDecomposition - 0.01693 (ms)
2025-08-04 21:02:16,704 - qiskit.passmanager.base_tasks - INFO - Pass: Optimize1qGatesDecomposition - 0.01788 (ms)
2025-08-04 21:02:17,887 - qiskit.passmanager.base_tasks - INFO - Pass: Optimize1qGatesDecomposition - 0.01693 (ms)
2025-08-04 21:02:19,027 - qiskit.passmanager.base_tasks - INFO - Pass: Optimize1qGatesDecomposition - 0.01979 (ms)
2025-08-04 21:02:20,206 - qiskit.passmanager.base_tasks - INFO - Pass: Optimize1qGatesDecomposition - 0.01597 (ms)
2025-08-04 21:02:21,363 - qiskit.passmanager.base_tasks - INFO - Pass: Optimize1qGatesDecomposition - 0.01574 (ms)
2025-08-04 21:02:22,533 - qiskit.passmanager.base_tasks - INFO - Pass: Optimize1qGatesDecomposition - 0.01502 (ms)
2025-08-04 21:02:23,702 - qiskit.passmanager.base_tasks - INFO - Pass: Optimize1qGatesDecomposition - 0.01502 (ms)
2025-08-04 21:02:24,842 - qiskit.passmanager.base_tasks - INFO - Pass: Optimize1qGatesDecomposition - 0.01693 (ms)
2025-08-04 21:02:25,906 - qiskit.passmanager.base_tasks - INFO - Pass: Optimize1qGatesDecomposition - 0.01574 (ms)
2025-08-04 21:02:27,141 - qiskit.passmanager.base_tasks - INFO - Pass: Optimize1qGatesDecomposition - 0.01788 (ms)
2025-08-04 21:02:28,222 - qiskit.passmanager.base_tasks - INFO - Pass: Optimize1qGatesDecomposition - 0.01693 (ms)
2025-08-04 21:02:29,418 - qiskit.passmanager.base_tasks - INFO - Pass: Optimize1qGatesDecomposition - 0.01621 (ms)
2025-08-04 21:02:30,477 - qiskit.passmanager.base_tasks - INFO - Pass: Optimize1qGatesDecomposition - 0.01597 (ms)
2025-08-04 21:02:31,653 - qiskit.passmanager.base_tasks - INFO - Pass: Optimize1qGatesDecomposition - 0.01574 (ms)
2025-08-04 21:02:32,696 - qiskit.passmanager.base_tasks - INFO - Pass: Optimize1qGatesDecomposition - 0.01717 (ms)
2025-08-04 21:02:33,873 - qiskit.passmanager.base_tasks - INFO - Pass: Optimize1qGatesDecomposition - 0.01669 (ms)
2025-08-04 21:02:35,001 - qiskit.passmanager.base_tasks - INFO - Pass: Optimize1qGatesDecomposition - 0.01597 (ms)
2025-08-04 21:02:36,130 - qiskit.passmanager.base_tasks - INFO - Pass: Optimize1qGatesDecomposition - 0.01621 (ms)
2025-08-04 21:02:37,216 - qiskit.passmanager.base_tasks - INFO - Pass: Optimize1qGatesDecomposition - 0.01597 (ms)
2025-08-04 21:02:38,304 - qiskit.passmanager.base_tasks - INFO - Pass: Optimize1qGatesDecomposition - 0.01597 (ms)
2025-08-04 21:02:39,523 - qiskit.passmanager.base_tasks - INFO - Pass: Optimize1qGatesDecomposition - 0.01693 (ms)
2025-08-04 21:02:40,620 - qiskit.passmanager.base_tasks - INFO - Pass: Optimize1qGatesDecomposition - 0.01478 (ms)
2025-08-04 21:02:41,770 - qiskit.passmanager.base_tasks - INFO - Pass: Optimize1qGatesDecomposition - 0.01502 (ms)
2025-08-04 21:02:42,871 - qiskit.passmanager.base_tasks - INFO - Pass: Optimize1qGatesDecomposition - 0.01574 (ms)
2025-08-04 21:02:44,042 - qiskit.passmanager.base_tasks - INFO - Pass: Optimize1qGatesDecomposition - 0.01693 (ms)
2025-08-04 21:02:45,138 - qiskit.passmanager.base_tasks - INFO - Pass: Optimize1qGatesDecomposition - 0.01502 (ms)
2025-08-04 21:02:46,292 - qiskit.passmanager.base_tasks - INFO - Pass: Optimize1qGatesDecomposition - 0.01597 (ms)
2025-08-04 21:02:47,393 - qiskit.passmanager.base_tasks - INFO - Pass: Optimize1qGatesDecomposition - 0.01597 (ms)
2025-08-04 21:02:48,560 - qiskit.passmanager.base_tasks - INFO - Pass: Optimize1qGatesDecomposition - 0.01597 (ms)
2025-08-04 21:02:49,659 - qiskit.passmanager.base_tasks - INFO - Pass: Optimize1qGatesDecomposition - 0.01597 (ms)
2025-08-04 21:02:50,853 - qiskit.passmanager.base_tasks - INFO - Pass: Optimize1qGatesDecomposition - 0.01574 (ms)
