2025-08-06 22:34:02,056 - root - INFO - ++++++++++++++++ Starting at 2025-08-06 22:34:02.056442 +++++++++++++++++
2025-08-06 22:34:02,056 - src.ProcessQaoa - INFO - Using p_level:: 1
2025-08-06 22:34:05,331 - src.ProcessQaoa - INFO - Using Real Hardware
2025-08-06 22:34:08,516 - qiskit.passmanager.base_tasks - INFO - Pass: ContainsInstruction - 0.03910 (ms)
2025-08-06 22:34:08,516 - qiskit.passmanager.base_tasks - INFO - Pass: UnitarySynthesis - 0.00691 (ms)
2025-08-06 22:34:08,609 - qiskit.passmanager.base_tasks - INFO - Pass: HighLevelSynthesis - 93.67394 (ms)
2025-08-06 22:34:08,610 - qiskit.passmanager.base_tasks - INFO - Pass: BasisTranslator - 0.47183 (ms)
2025-08-06 22:34:08,610 - qiskit.passmanager.base_tasks - INFO - Pass: ElidePermutations - 0.18311 (ms)
2025-08-06 22:34:08,611 - qiskit.passmanager.base_tasks - INFO - Pass: RemoveDiagonalGatesBeforeMeasure - 0.29898 (ms)
2025-08-06 22:34:08,611 - qiskit.passmanager.base_tasks - INFO - Pass: RemoveIdentityEquivalent - 0.00834 (ms)
2025-08-06 22:34:08,611 - qiskit.passmanager.base_tasks - INFO - Pass: InverseCancellation - 0.54383 (ms)
2025-08-06 22:34:08,611 - qiskit.passmanager.base_tasks - INFO - Pass: ContractIdleWiresInControlFlow - 0.00167 (ms)
2025-08-06 22:34:08,612 - qiskit.passmanager.base_tasks - INFO - Pass: CommutativeCancellation - 0.39911 (ms)
2025-08-06 22:34:08,612 - qiskit.passmanager.base_tasks - INFO - Pass: ConsolidateBlocks - 0.12589 (ms)
2025-08-06 22:34:08,612 - qiskit.passmanager.base_tasks - INFO - Pass: Split2QUnitaries - 0.20504 (ms)
2025-08-06 22:34:08,612 - qiskit.passmanager.base_tasks - INFO - Pass: SetLayout - 0.00191 (ms)
2025-08-06 22:34:08,616 - qiskit.passmanager.base_tasks - INFO - Pass: VF2Layout - 3.36719 (ms)
2025-08-06 22:34:08,616 - qiskit.passmanager.base_tasks - INFO - Pass: BarrierBeforeFinalMeasurements - 0.00405 (ms)
2025-08-06 22:34:08,884 - qiskit.passmanager.base_tasks - INFO - Pass: SabreLayout - 268.71467 (ms)
2025-08-06 22:34:08,885 - qiskit.passmanager.base_tasks - INFO - Pass: CheckMap - 0.03791 (ms)
2025-08-06 22:34:08,892 - qiskit.passmanager.base_tasks - INFO - Pass: VF2PostLayout - 7.45392 (ms)
2025-08-06 22:34:08,896 - qiskit.passmanager.base_tasks - INFO - Pass: ApplyLayout - 4.14014 (ms)
2025-08-06 22:34:08,897 - qiskit.passmanager.base_tasks - INFO - Pass: FilterOpNodes - 0.50592 (ms)
2025-08-06 22:34:08,897 - qiskit.passmanager.base_tasks - INFO - Pass: UnitarySynthesis - 0.00405 (ms)
2025-08-06 22:34:08,897 - qiskit.passmanager.base_tasks - INFO - Pass: HighLevelSynthesis - 0.17500 (ms)
2025-08-06 22:34:08,917 - qiskit.passmanager.base_tasks - INFO - Pass: BasisTranslator - 19.27114 (ms)
2025-08-06 22:34:08,917 - qiskit.passmanager.base_tasks - INFO - Pass: CheckGateDirection - 0.00572 (ms)
2025-08-06 22:34:08,965 - qiskit.passmanager.base_tasks - INFO - Pass: GateDirection - 47.88518 (ms)
2025-08-06 22:34:09,447 - qiskit.passmanager.base_tasks - INFO - Pass: BasisTranslator - 482.59377 (ms)
2025-08-06 22:34:09,453 - qiskit.passmanager.base_tasks - INFO - Pass: Depth - 2.55394 (ms)
2025-08-06 22:34:09,453 - qiskit.passmanager.base_tasks - INFO - Pass: Size - 0.00310 (ms)
2025-08-06 22:34:09,453 - qiskit.passmanager.base_tasks - INFO - Pass: MinimumPoint - 0.00787 (ms)
2025-08-06 22:34:09,470 - qiskit.passmanager.base_tasks - INFO - Pass: ConsolidateBlocks - 16.97993 (ms)
2025-08-06 22:34:09,551 - qiskit.passmanager.base_tasks - INFO - Pass: UnitarySynthesis - 81.43997 (ms)
2025-08-06 22:34:09,552 - qiskit.passmanager.base_tasks - INFO - Pass: RemoveIdentityEquivalent - 0.62513 (ms)
2025-08-06 22:34:09,785 - qiskit.passmanager.base_tasks - INFO - Pass: Optimize1qGatesDecomposition - 232.67889 (ms)
2025-08-06 22:34:09,857 - qiskit.passmanager.base_tasks - INFO - Pass: CommutativeCancellation - 72.36505 (ms)
2025-08-06 22:34:09,857 - qiskit.passmanager.base_tasks - INFO - Pass: ContractIdleWiresInControlFlow - 0.00572 (ms)
2025-08-06 22:34:09,859 - qiskit.passmanager.base_tasks - INFO - Pass: GatesInBasis - 1.46198 (ms)
2025-08-06 22:34:09,860 - qiskit.passmanager.base_tasks - INFO - Pass: Depth - 1.55997 (ms)
2025-08-06 22:34:09,860 - qiskit.passmanager.base_tasks - INFO - Pass: Size - 0.00596 (ms)
2025-08-06 22:34:10,147 - qiskit.passmanager.base_tasks - INFO - Pass: MinimumPoint - 286.16595 (ms)
2025-08-06 22:34:10,158 - qiskit.passmanager.base_tasks - INFO - Pass: ConsolidateBlocks - 11.50179 (ms)
2025-08-06 22:34:10,174 - qiskit.passmanager.base_tasks - INFO - Pass: UnitarySynthesis - 16.23082 (ms)
2025-08-06 22:34:10,175 - qiskit.passmanager.base_tasks - INFO - Pass: RemoveIdentityEquivalent - 0.51188 (ms)
2025-08-06 22:34:10,179 - qiskit.passmanager.base_tasks - INFO - Pass: Optimize1qGatesDecomposition - 4.05288 (ms)
2025-08-06 22:34:10,189 - qiskit.passmanager.base_tasks - INFO - Pass: CommutativeCancellation - 9.40895 (ms)
2025-08-06 22:34:10,189 - qiskit.passmanager.base_tasks - INFO - Pass: ContractIdleWiresInControlFlow - 0.00310 (ms)
2025-08-06 22:34:10,190 - qiskit.passmanager.base_tasks - INFO - Pass: GatesInBasis - 1.44625 (ms)
2025-08-06 22:34:10,192 - qiskit.passmanager.base_tasks - INFO - Pass: Depth - 1.42503 (ms)
2025-08-06 22:34:10,192 - qiskit.passmanager.base_tasks - INFO - Pass: Size - 0.00095 (ms)
2025-08-06 22:34:10,447 - qiskit.passmanager.base_tasks - INFO - Pass: MinimumPoint - 254.82893 (ms)
2025-08-06 22:34:10,458 - qiskit.passmanager.base_tasks - INFO - Pass: ConsolidateBlocks - 10.74004 (ms)
2025-08-06 22:34:10,471 - qiskit.passmanager.base_tasks - INFO - Pass: UnitarySynthesis - 13.43679 (ms)
2025-08-06 22:34:10,472 - qiskit.passmanager.base_tasks - INFO - Pass: RemoveIdentityEquivalent - 0.54002 (ms)
2025-08-06 22:34:10,476 - qiskit.passmanager.base_tasks - INFO - Pass: Optimize1qGatesDecomposition - 3.65782 (ms)
2025-08-06 22:34:10,483 - qiskit.passmanager.base_tasks - INFO - Pass: CommutativeCancellation - 7.14016 (ms)
2025-08-06 22:34:10,483 - qiskit.passmanager.base_tasks - INFO - Pass: ContractIdleWiresInControlFlow - 0.00215 (ms)
2025-08-06 22:34:10,485 - qiskit.passmanager.base_tasks - INFO - Pass: GatesInBasis - 1.55997 (ms)
2025-08-06 22:34:10,486 - qiskit.passmanager.base_tasks - INFO - Pass: Depth - 1.42694 (ms)
2025-08-06 22:34:10,486 - qiskit.passmanager.base_tasks - INFO - Pass: Size - 0.00119 (ms)
2025-08-06 22:34:10,736 - qiskit.passmanager.base_tasks - INFO - Pass: MinimumPoint - 250.39005 (ms)
2025-08-06 22:34:10,748 - qiskit.passmanager.base_tasks - INFO - Pass: ConsolidateBlocks - 11.36088 (ms)
2025-08-06 22:34:10,761 - qiskit.passmanager.base_tasks - INFO - Pass: UnitarySynthesis - 13.00907 (ms)
2025-08-06 22:34:10,762 - qiskit.passmanager.base_tasks - INFO - Pass: RemoveIdentityEquivalent - 0.50616 (ms)
2025-08-06 22:34:10,765 - qiskit.passmanager.base_tasks - INFO - Pass: Optimize1qGatesDecomposition - 3.48020 (ms)
2025-08-06 22:34:10,771 - qiskit.passmanager.base_tasks - INFO - Pass: CommutativeCancellation - 5.05900 (ms)
2025-08-06 22:34:10,771 - qiskit.passmanager.base_tasks - INFO - Pass: ContractIdleWiresInControlFlow - 0.00167 (ms)
2025-08-06 22:34:10,772 - qiskit.passmanager.base_tasks - INFO - Pass: GatesInBasis - 1.48797 (ms)
2025-08-06 22:34:10,774 - qiskit.passmanager.base_tasks - INFO - Pass: Depth - 1.44792 (ms)
2025-08-06 22:34:10,774 - qiskit.passmanager.base_tasks - INFO - Pass: Size - 0.00215 (ms)
2025-08-06 22:34:10,774 - qiskit.passmanager.base_tasks - INFO - Pass: MinimumPoint - 0.00381 (ms)
2025-08-06 22:34:10,784 - qiskit.passmanager.base_tasks - INFO - Pass: ConsolidateBlocks - 10.59294 (ms)
2025-08-06 22:34:10,796 - qiskit.passmanager.base_tasks - INFO - Pass: UnitarySynthesis - 12.21418 (ms)
2025-08-06 22:34:10,797 - qiskit.passmanager.base_tasks - INFO - Pass: RemoveIdentityEquivalent - 0.50521 (ms)
2025-08-06 22:34:10,801 - qiskit.passmanager.base_tasks - INFO - Pass: Optimize1qGatesDecomposition - 3.51095 (ms)
2025-08-06 22:34:10,805 - qiskit.passmanager.base_tasks - INFO - Pass: CommutativeCancellation - 4.19831 (ms)
2025-08-06 22:34:10,805 - qiskit.passmanager.base_tasks - INFO - Pass: ContractIdleWiresInControlFlow - 0.00191 (ms)
2025-08-06 22:34:10,807 - qiskit.passmanager.base_tasks - INFO - Pass: GatesInBasis - 1.43194 (ms)
2025-08-06 22:34:10,808 - qiskit.passmanager.base_tasks - INFO - Pass: Depth - 1.36113 (ms)
2025-08-06 22:34:10,808 - qiskit.passmanager.base_tasks - INFO - Pass: Size - 0.00095 (ms)
2025-08-06 22:34:10,808 - qiskit.passmanager.base_tasks - INFO - Pass: MinimumPoint - 0.00381 (ms)
2025-08-06 22:34:10,818 - qiskit.passmanager.base_tasks - INFO - Pass: ConsolidateBlocks - 10.40006 (ms)
2025-08-06 22:34:10,830 - qiskit.passmanager.base_tasks - INFO - Pass: UnitarySynthesis - 12.10904 (ms)
2025-08-06 22:34:10,832 - qiskit.passmanager.base_tasks - INFO - Pass: RemoveIdentityEquivalent - 0.51188 (ms)
2025-08-06 22:34:10,835 - qiskit.passmanager.base_tasks - INFO - Pass: Optimize1qGatesDecomposition - 3.50881 (ms)
2025-08-06 22:34:10,839 - qiskit.passmanager.base_tasks - INFO - Pass: CommutativeCancellation - 4.11081 (ms)
2025-08-06 22:34:10,839 - qiskit.passmanager.base_tasks - INFO - Pass: ContractIdleWiresInControlFlow - 0.00095 (ms)
2025-08-06 22:34:10,841 - qiskit.passmanager.base_tasks - INFO - Pass: GatesInBasis - 1.44506 (ms)
2025-08-06 22:34:10,842 - qiskit.passmanager.base_tasks - INFO - Pass: Depth - 1.40715 (ms)
2025-08-06 22:34:10,842 - qiskit.passmanager.base_tasks - INFO - Pass: Size - 0.00072 (ms)
2025-08-06 22:34:10,842 - qiskit.passmanager.base_tasks - INFO - Pass: MinimumPoint - 0.00405 (ms)
2025-08-06 22:34:10,853 - qiskit.passmanager.base_tasks - INFO - Pass: ConsolidateBlocks - 10.56409 (ms)
2025-08-06 22:34:10,865 - qiskit.passmanager.base_tasks - INFO - Pass: UnitarySynthesis - 12.24804 (ms)
2025-08-06 22:34:10,866 - qiskit.passmanager.base_tasks - INFO - Pass: RemoveIdentityEquivalent - 0.50592 (ms)
2025-08-06 22:34:10,869 - qiskit.passmanager.base_tasks - INFO - Pass: Optimize1qGatesDecomposition - 3.51930 (ms)
2025-08-06 22:34:10,874 - qiskit.passmanager.base_tasks - INFO - Pass: CommutativeCancellation - 4.13990 (ms)
2025-08-06 22:34:10,874 - qiskit.passmanager.base_tasks - INFO - Pass: ContractIdleWiresInControlFlow - 0.00310 (ms)
2025-08-06 22:34:10,875 - qiskit.passmanager.base_tasks - INFO - Pass: GatesInBasis - 1.43409 (ms)
2025-08-06 22:34:10,876 - qiskit.passmanager.base_tasks - INFO - Pass: Depth - 1.33801 (ms)
2025-08-06 22:34:10,876 - qiskit.passmanager.base_tasks - INFO - Pass: Size - 0.00095 (ms)
2025-08-06 22:34:10,876 - qiskit.passmanager.base_tasks - INFO - Pass: MinimumPoint - 0.00501 (ms)
2025-08-06 22:34:10,879 - qiskit.passmanager.base_tasks - INFO - Pass: ContainsInstruction - 0.00787 (ms)
2025-08-06 22:34:10,881 - qiskit.passmanager.base_tasks - INFO - Pass: InstructionDurationCheck - 1.65796 (ms)
