2025-07-25 04:19:45,327 - root - INFO - ++++++++++++++++ Starting at 2025-07-25 04:19:45.327461 +++++++++++++++++
2025-07-25 04:19:45,327 - src.ProcessQaoa - INFO - Using p_level:: 1
2025-07-25 04:19:47,422 - src.ProcessQaoa - INFO - Using Real Hardware
2025-07-25 04:19:48,763 - qiskit.passmanager.base_tasks - INFO - Pass: ContainsInstruction - 0.01693 (ms)
2025-07-25 04:19:48,763 - qiskit.passmanager.base_tasks - INFO - Pass: UnitarySynthesis - 0.00405 (ms)
2025-07-25 04:19:48,802 - qiskit.passmanager.base_tasks - INFO - Pass: HighLevelSynthesis - 39.18076 (ms)
2025-07-25 04:19:48,802 - qiskit.passmanager.base_tasks - INFO - Pass: BasisTranslator - 0.02694 (ms)
2025-07-25 04:19:48,802 - qiskit.passmanager.base_tasks - INFO - Pass: ElidePermutations - 0.00429 (ms)
2025-07-25 04:19:48,803 - qiskit.passmanager.base_tasks - INFO - Pass: RemoveDiagonalGatesBeforeMeasure - 0.21195 (ms)
2025-07-25 04:19:48,803 - qiskit.passmanager.base_tasks - INFO - Pass: RemoveIdentityEquivalent - 0.00429 (ms)
2025-07-25 04:19:48,803 - qiskit.passmanager.base_tasks - INFO - Pass: InverseCancellation - 0.45276 (ms)
2025-07-25 04:19:48,803 - qiskit.passmanager.base_tasks - INFO - Pass: ContractIdleWiresInControlFlow - 0.00095 (ms)
2025-07-25 04:19:48,803 - qiskit.passmanager.base_tasks - INFO - Pass: CommutativeCancellation - 0.11706 (ms)
2025-07-25 04:19:48,803 - qiskit.passmanager.base_tasks - INFO - Pass: ConsolidateBlocks - 0.07915 (ms)
2025-07-25 04:19:48,803 - qiskit.passmanager.base_tasks - INFO - Pass: Split2QUnitaries - 0.03409 (ms)
2025-07-25 04:19:48,803 - qiskit.passmanager.base_tasks - INFO - Pass: SetLayout - 0.00095 (ms)
2025-07-25 04:19:48,806 - qiskit.passmanager.base_tasks - INFO - Pass: VF2Layout - 2.38585 (ms)
2025-07-25 04:19:48,806 - qiskit.passmanager.base_tasks - INFO - Pass: BarrierBeforeFinalMeasurements - 0.00405 (ms)
2025-07-25 04:19:48,867 - qiskit.passmanager.base_tasks - INFO - Pass: SabreLayout - 60.74214 (ms)
2025-07-25 04:19:48,867 - qiskit.passmanager.base_tasks - INFO - Pass: CheckMap - 0.02670 (ms)
2025-07-25 04:19:48,870 - qiskit.passmanager.base_tasks - INFO - Pass: VF2PostLayout - 3.07488 (ms)
2025-07-25 04:19:48,871 - qiskit.passmanager.base_tasks - INFO - Pass: ApplyLayout - 1.15824 (ms)
2025-07-25 04:19:48,871 - qiskit.passmanager.base_tasks - INFO - Pass: FilterOpNodes - 0.17309 (ms)
2025-07-25 04:19:48,871 - qiskit.passmanager.base_tasks - INFO - Pass: UnitarySynthesis - 0.00405 (ms)
2025-07-25 04:19:48,871 - qiskit.passmanager.base_tasks - INFO - Pass: HighLevelSynthesis - 0.05198 (ms)
2025-07-25 04:19:48,874 - qiskit.passmanager.base_tasks - INFO - Pass: BasisTranslator - 3.13306 (ms)
2025-07-25 04:19:48,874 - qiskit.passmanager.base_tasks - INFO - Pass: CheckGateDirection - 0.00405 (ms)
2025-07-25 04:19:48,880 - qiskit.passmanager.base_tasks - INFO - Pass: GateDirection - 5.20086 (ms)
2025-07-25 04:19:48,904 - qiskit.passmanager.base_tasks - INFO - Pass: BasisTranslator - 24.39117 (ms)
2025-07-25 04:19:48,905 - qiskit.passmanager.base_tasks - INFO - Pass: Depth - 0.47398 (ms)
2025-07-25 04:19:48,905 - qiskit.passmanager.base_tasks - INFO - Pass: Size - 0.00191 (ms)
2025-07-25 04:19:48,905 - qiskit.passmanager.base_tasks - INFO - Pass: MinimumPoint - 0.00405 (ms)
2025-07-25 04:19:48,909 - qiskit.passmanager.base_tasks - INFO - Pass: ConsolidateBlocks - 4.06885 (ms)
2025-07-25 04:19:48,917 - qiskit.passmanager.base_tasks - INFO - Pass: UnitarySynthesis - 7.92885 (ms)
2025-07-25 04:19:48,917 - qiskit.passmanager.base_tasks - INFO - Pass: RemoveIdentityEquivalent - 0.12016 (ms)
2025-07-25 04:19:48,925 - qiskit.passmanager.base_tasks - INFO - Pass: Optimize1qGatesDecomposition - 8.38304 (ms)
2025-07-25 04:19:48,930 - qiskit.passmanager.base_tasks - INFO - Pass: CommutativeCancellation - 4.14395 (ms)
2025-07-25 04:19:48,930 - qiskit.passmanager.base_tasks - INFO - Pass: ContractIdleWiresInControlFlow - 0.00095 (ms)
2025-07-25 04:19:48,930 - qiskit.passmanager.base_tasks - INFO - Pass: GatesInBasis - 0.30994 (ms)
2025-07-25 04:19:48,930 - qiskit.passmanager.base_tasks - INFO - Pass: Depth - 0.28896 (ms)
2025-07-25 04:19:48,930 - qiskit.passmanager.base_tasks - INFO - Pass: Size - 0.00095 (ms)
2025-07-25 04:19:48,977 - qiskit.passmanager.base_tasks - INFO - Pass: MinimumPoint - 46.77796 (ms)
2025-07-25 04:19:48,980 - qiskit.passmanager.base_tasks - INFO - Pass: ConsolidateBlocks - 2.88296 (ms)
2025-07-25 04:19:48,982 - qiskit.passmanager.base_tasks - INFO - Pass: UnitarySynthesis - 2.14601 (ms)
2025-07-25 04:19:48,983 - qiskit.passmanager.base_tasks - INFO - Pass: RemoveIdentityEquivalent - 0.11587 (ms)
2025-07-25 04:19:48,983 - qiskit.passmanager.base_tasks - INFO - Pass: Optimize1qGatesDecomposition - 0.76509 (ms)
2025-07-25 04:19:48,984 - qiskit.passmanager.base_tasks - INFO - Pass: CommutativeCancellation - 1.11294 (ms)
2025-07-25 04:19:48,984 - qiskit.passmanager.base_tasks - INFO - Pass: ContractIdleWiresInControlFlow - 0.00095 (ms)
2025-07-25 04:19:48,985 - qiskit.passmanager.base_tasks - INFO - Pass: GatesInBasis - 0.30899 (ms)
2025-07-25 04:19:48,985 - qiskit.passmanager.base_tasks - INFO - Pass: Depth - 0.26202 (ms)
2025-07-25 04:19:48,985 - qiskit.passmanager.base_tasks - INFO - Pass: Size - 0.00215 (ms)
2025-07-25 04:19:49,067 - qiskit.passmanager.base_tasks - INFO - Pass: MinimumPoint - 82.22222 (ms)
2025-07-25 04:19:49,070 - qiskit.passmanager.base_tasks - INFO - Pass: ConsolidateBlocks - 2.47192 (ms)
2025-07-25 04:19:49,072 - qiskit.passmanager.base_tasks - INFO - Pass: UnitarySynthesis - 1.80292 (ms)
2025-07-25 04:19:49,072 - qiskit.passmanager.base_tasks - INFO - Pass: RemoveIdentityEquivalent - 0.11587 (ms)
2025-07-25 04:19:49,073 - qiskit.passmanager.base_tasks - INFO - Pass: Optimize1qGatesDecomposition - 0.79393 (ms)
2025-07-25 04:19:49,074 - qiskit.passmanager.base_tasks - INFO - Pass: CommutativeCancellation - 1.04284 (ms)
2025-07-25 04:19:49,074 - qiskit.passmanager.base_tasks - INFO - Pass: ContractIdleWiresInControlFlow - 0.00191 (ms)
2025-07-25 04:19:49,074 - qiskit.passmanager.base_tasks - INFO - Pass: GatesInBasis - 0.30899 (ms)
2025-07-25 04:19:49,074 - qiskit.passmanager.base_tasks - INFO - Pass: Depth - 0.27490 (ms)
2025-07-25 04:19:49,074 - qiskit.passmanager.base_tasks - INFO - Pass: Size - 0.00095 (ms)
2025-07-25 04:19:49,121 - qiskit.passmanager.base_tasks - INFO - Pass: MinimumPoint - 46.55695 (ms)
2025-07-25 04:19:49,124 - qiskit.passmanager.base_tasks - INFO - Pass: ConsolidateBlocks - 2.44308 (ms)
2025-07-25 04:19:49,125 - qiskit.passmanager.base_tasks - INFO - Pass: UnitarySynthesis - 1.83296 (ms)
2025-07-25 04:19:49,126 - qiskit.passmanager.base_tasks - INFO - Pass: RemoveIdentityEquivalent - 0.11015 (ms)
2025-07-25 04:19:49,126 - qiskit.passmanager.base_tasks - INFO - Pass: Optimize1qGatesDecomposition - 0.79322 (ms)
2025-07-25 04:19:49,127 - qiskit.passmanager.base_tasks - INFO - Pass: CommutativeCancellation - 0.92411 (ms)
2025-07-25 04:19:49,127 - qiskit.passmanager.base_tasks - INFO - Pass: ContractIdleWiresInControlFlow - 0.00119 (ms)
2025-07-25 04:19:49,128 - qiskit.passmanager.base_tasks - INFO - Pass: GatesInBasis - 0.32997 (ms)
2025-07-25 04:19:49,128 - qiskit.passmanager.base_tasks - INFO - Pass: Depth - 0.28920 (ms)
2025-07-25 04:19:49,128 - qiskit.passmanager.base_tasks - INFO - Pass: Size - 0.00095 (ms)
2025-07-25 04:19:49,128 - qiskit.passmanager.base_tasks - INFO - Pass: MinimumPoint - 0.00286 (ms)
2025-07-25 04:19:49,130 - qiskit.passmanager.base_tasks - INFO - Pass: ConsolidateBlocks - 2.35796 (ms)
2025-07-25 04:19:49,132 - qiskit.passmanager.base_tasks - INFO - Pass: UnitarySynthesis - 1.79291 (ms)
2025-07-25 04:19:49,132 - qiskit.passmanager.base_tasks - INFO - Pass: RemoveIdentityEquivalent - 0.10610 (ms)
2025-07-25 04:19:49,133 - qiskit.passmanager.base_tasks - INFO - Pass: Optimize1qGatesDecomposition - 0.78011 (ms)
2025-07-25 04:19:49,134 - qiskit.passmanager.base_tasks - INFO - Pass: CommutativeCancellation - 0.86403 (ms)
2025-07-25 04:19:49,134 - qiskit.passmanager.base_tasks - INFO - Pass: ContractIdleWiresInControlFlow - 0.00095 (ms)
2025-07-25 04:19:49,134 - qiskit.passmanager.base_tasks - INFO - Pass: GatesInBasis - 0.30899 (ms)
2025-07-25 04:19:49,135 - qiskit.passmanager.base_tasks - INFO - Pass: Depth - 0.25892 (ms)
2025-07-25 04:19:49,135 - qiskit.passmanager.base_tasks - INFO - Pass: Size - 0.00215 (ms)
2025-07-25 04:19:49,135 - qiskit.passmanager.base_tasks - INFO - Pass: MinimumPoint - 0.00215 (ms)
2025-07-25 04:19:49,137 - qiskit.passmanager.base_tasks - INFO - Pass: ConsolidateBlocks - 2.30694 (ms)
2025-07-25 04:19:49,139 - qiskit.passmanager.base_tasks - INFO - Pass: UnitarySynthesis - 1.76072 (ms)
2025-07-25 04:19:49,139 - qiskit.passmanager.base_tasks - INFO - Pass: RemoveIdentityEquivalent - 0.10610 (ms)
2025-07-25 04:19:49,140 - qiskit.passmanager.base_tasks - INFO - Pass: Optimize1qGatesDecomposition - 0.77486 (ms)
2025-07-25 04:19:49,141 - qiskit.passmanager.base_tasks - INFO - Pass: CommutativeCancellation - 0.85783 (ms)
2025-07-25 04:19:49,141 - qiskit.passmanager.base_tasks - INFO - Pass: ContractIdleWiresInControlFlow - 0.00119 (ms)
2025-07-25 04:19:49,141 - qiskit.passmanager.base_tasks - INFO - Pass: GatesInBasis - 0.32902 (ms)
2025-07-25 04:19:49,141 - qiskit.passmanager.base_tasks - INFO - Pass: Depth - 0.27919 (ms)
2025-07-25 04:19:49,141 - qiskit.passmanager.base_tasks - INFO - Pass: Size - 0.00095 (ms)
2025-07-25 04:19:49,141 - qiskit.passmanager.base_tasks - INFO - Pass: MinimumPoint - 0.00095 (ms)
2025-07-25 04:19:49,144 - qiskit.passmanager.base_tasks - INFO - Pass: ConsolidateBlocks - 2.36487 (ms)
2025-07-25 04:19:49,146 - qiskit.passmanager.base_tasks - INFO - Pass: UnitarySynthesis - 1.73998 (ms)
2025-07-25 04:19:49,146 - qiskit.passmanager.base_tasks - INFO - Pass: RemoveIdentityEquivalent - 0.10705 (ms)
2025-07-25 04:19:49,147 - qiskit.passmanager.base_tasks - INFO - Pass: Optimize1qGatesDecomposition - 0.79012 (ms)
2025-07-25 04:19:49,147 - qiskit.passmanager.base_tasks - INFO - Pass: CommutativeCancellation - 0.84305 (ms)
2025-07-25 04:19:49,147 - qiskit.passmanager.base_tasks - INFO - Pass: ContractIdleWiresInControlFlow - 0.00095 (ms)
2025-07-25 04:19:49,148 - qiskit.passmanager.base_tasks - INFO - Pass: GatesInBasis - 0.32711 (ms)
2025-07-25 04:19:49,148 - qiskit.passmanager.base_tasks - INFO - Pass: Depth - 0.28396 (ms)
2025-07-25 04:19:49,148 - qiskit.passmanager.base_tasks - INFO - Pass: Size - 0.00072 (ms)
2025-07-25 04:19:49,148 - qiskit.passmanager.base_tasks - INFO - Pass: MinimumPoint - 0.00405 (ms)
2025-07-25 04:19:49,148 - qiskit.passmanager.base_tasks - INFO - Pass: ContainsInstruction - 0.00310 (ms)
2025-07-25 04:19:49,149 - qiskit.passmanager.base_tasks - INFO - Pass: InstructionDurationCheck - 0.37813 (ms)
