2025-07-30 17:55:28,027 - root - INFO - ++++++++++++++++ Starting at 2025-07-30 17:55:28.027313 +++++++++++++++++
2025-07-30 17:55:28,027 - src.ProcessQaoa - INFO - Using p_level:: 1
2025-07-30 17:55:30,197 - src.ProcessQaoa - INFO - Using Real Hardware
2025-07-30 17:55:31,676 - qiskit.passmanager.base_tasks - INFO - Pass: ContainsInstruction - 0.15593 (ms)
2025-07-30 17:55:31,676 - qiskit.passmanager.base_tasks - INFO - Pass: UnitarySynthesis - 0.00906 (ms)
2025-07-30 17:55:31,682 - qiskit.passmanager.base_tasks - INFO - Pass: HighLevelSynthesis - 6.17290 (ms)
2025-07-30 17:55:31,682 - qiskit.passmanager.base_tasks - INFO - Pass: BasisTranslator - 0.02313 (ms)
2025-07-30 17:55:31,682 - qiskit.passmanager.base_tasks - INFO - Pass: ElidePermutations - 0.00906 (ms)
2025-07-30 17:55:31,682 - qiskit.passmanager.base_tasks - INFO - Pass: RemoveDiagonalGatesBeforeMeasure - 0.18811 (ms)
2025-07-30 17:55:31,682 - qiskit.passmanager.base_tasks - INFO - Pass: RemoveIdentityEquivalent - 0.00405 (ms)
2025-07-30 17:55:31,683 - qiskit.passmanager.base_tasks - INFO - Pass: InverseCancellation - 0.24199 (ms)
2025-07-30 17:55:31,683 - qiskit.passmanager.base_tasks - INFO - Pass: ContractIdleWiresInControlFlow - 0.00501 (ms)
2025-07-30 17:55:31,683 - qiskit.passmanager.base_tasks - INFO - Pass: CommutativeCancellation - 0.03672 (ms)
2025-07-30 17:55:31,683 - qiskit.passmanager.base_tasks - INFO - Pass: ConsolidateBlocks - 0.03576 (ms)
2025-07-30 17:55:31,683 - qiskit.passmanager.base_tasks - INFO - Pass: Split2QUnitaries - 0.16308 (ms)
2025-07-30 17:55:31,683 - qiskit.passmanager.base_tasks - INFO - Pass: SetLayout - 0.00501 (ms)
2025-07-30 17:55:31,686 - qiskit.passmanager.base_tasks - INFO - Pass: VF2Layout - 2.74992 (ms)
2025-07-30 17:55:31,686 - qiskit.passmanager.base_tasks - INFO - Pass: BarrierBeforeFinalMeasurements - 0.00501 (ms)
2025-07-30 17:55:31,693 - qiskit.passmanager.base_tasks - INFO - Pass: SabreLayout - 6.95777 (ms)
2025-07-30 17:55:31,693 - qiskit.passmanager.base_tasks - INFO - Pass: CheckMap - 0.03409 (ms)
2025-07-30 17:55:31,698 - qiskit.passmanager.base_tasks - INFO - Pass: VF2PostLayout - 4.63700 (ms)
2025-07-30 17:55:31,699 - qiskit.passmanager.base_tasks - INFO - Pass: ApplyLayout - 0.95391 (ms)
2025-07-30 17:55:31,699 - qiskit.passmanager.base_tasks - INFO - Pass: FilterOpNodes - 0.04911 (ms)
2025-07-30 17:55:31,699 - qiskit.passmanager.base_tasks - INFO - Pass: UnitarySynthesis - 0.00405 (ms)
2025-07-30 17:55:31,699 - qiskit.passmanager.base_tasks - INFO - Pass: HighLevelSynthesis - 0.01383 (ms)
2025-07-30 17:55:31,700 - qiskit.passmanager.base_tasks - INFO - Pass: BasisTranslator - 1.33896 (ms)
2025-07-30 17:55:31,700 - qiskit.passmanager.base_tasks - INFO - Pass: CheckGateDirection - 0.00834 (ms)
2025-07-30 17:55:31,702 - qiskit.passmanager.base_tasks - INFO - Pass: GateDirection - 1.07312 (ms)
2025-07-30 17:55:31,703 - qiskit.passmanager.base_tasks - INFO - Pass: BasisTranslator - 1.57213 (ms)
2025-07-30 17:55:31,703 - qiskit.passmanager.base_tasks - INFO - Pass: Depth - 0.12207 (ms)
2025-07-30 17:55:31,703 - qiskit.passmanager.base_tasks - INFO - Pass: Size - 0.00477 (ms)
2025-07-30 17:55:31,703 - qiskit.passmanager.base_tasks - INFO - Pass: MinimumPoint - 0.01478 (ms)
2025-07-30 17:55:31,705 - qiskit.passmanager.base_tasks - INFO - Pass: ConsolidateBlocks - 1.00303 (ms)
2025-07-30 17:55:31,707 - qiskit.passmanager.base_tasks - INFO - Pass: UnitarySynthesis - 2.01607 (ms)
2025-07-30 17:55:31,707 - qiskit.passmanager.base_tasks - INFO - Pass: RemoveIdentityEquivalent - 0.01192 (ms)
2025-07-30 17:55:31,707 - qiskit.passmanager.base_tasks - INFO - Pass: Optimize1qGatesDecomposition - 0.34833 (ms)
2025-07-30 17:55:31,707 - qiskit.passmanager.base_tasks - INFO - Pass: CommutativeCancellation - 0.35906 (ms)
2025-07-30 17:55:31,708 - qiskit.passmanager.base_tasks - INFO - Pass: ContractIdleWiresInControlFlow - 0.00215 (ms)
2025-07-30 17:55:31,708 - qiskit.passmanager.base_tasks - INFO - Pass: GatesInBasis - 0.02503 (ms)
2025-07-30 17:55:31,708 - qiskit.passmanager.base_tasks - INFO - Pass: Depth - 0.02599 (ms)
2025-07-30 17:55:31,708 - qiskit.passmanager.base_tasks - INFO - Pass: Size - 0.00215 (ms)
2025-07-30 17:55:31,783 - qiskit.passmanager.base_tasks - INFO - Pass: MinimumPoint - 74.74494 (ms)
2025-07-30 17:55:31,783 - qiskit.passmanager.base_tasks - INFO - Pass: ConsolidateBlocks - 0.37980 (ms)
2025-07-30 17:55:31,783 - qiskit.passmanager.base_tasks - INFO - Pass: UnitarySynthesis - 0.00787 (ms)
2025-07-30 17:55:31,783 - qiskit.passmanager.base_tasks - INFO - Pass: RemoveIdentityEquivalent - 0.01311 (ms)
2025-07-30 17:55:31,783 - qiskit.passmanager.base_tasks - INFO - Pass: Optimize1qGatesDecomposition - 0.08225 (ms)
2025-07-30 17:55:31,783 - qiskit.passmanager.base_tasks - INFO - Pass: CommutativeCancellation - 0.09179 (ms)
2025-07-30 17:55:31,784 - qiskit.passmanager.base_tasks - INFO - Pass: ContractIdleWiresInControlFlow - 0.00167 (ms)
2025-07-30 17:55:31,784 - qiskit.passmanager.base_tasks - INFO - Pass: GatesInBasis - 0.02313 (ms)
2025-07-30 17:55:31,784 - qiskit.passmanager.base_tasks - INFO - Pass: Depth - 0.02909 (ms)
2025-07-30 17:55:31,784 - qiskit.passmanager.base_tasks - INFO - Pass: Size - 0.00405 (ms)
2025-07-30 17:55:31,784 - qiskit.passmanager.base_tasks - INFO - Pass: MinimumPoint - 0.01001 (ms)
2025-07-30 17:55:31,784 - qiskit.passmanager.base_tasks - INFO - Pass: ContainsInstruction - 0.00525 (ms)
2025-07-30 17:55:31,784 - qiskit.passmanager.base_tasks - INFO - Pass: InstructionDurationCheck - 0.10514 (ms)
