2025-08-04 21:03:19,331 - root - INFO - ++++++++++++++++ Starting at 2025-08-04 21:03:19.331711 +++++++++++++++++
2025-08-04 21:03:19,331 - src.ProcessQaoa - INFO - Using p_level:: 1
2025-08-04 21:03:20,806 - src.ProcessQaoa - INFO - Using Simulator
2025-08-04 21:03:22,787 - qiskit.passmanager.base_tasks - INFO - Pass: ContainsInstruction - 0.13638 (ms)
2025-08-04 21:03:22,787 - qiskit.passmanager.base_tasks - INFO - Pass: UnitarySynthesis - 0.00310 (ms)
2025-08-04 21:03:22,794 - qiskit.passmanager.base_tasks - INFO - Pass: HighLevelSynthesis - 6.35290 (ms)
2025-08-04 21:03:22,794 - qiskit.passmanager.base_tasks - INFO - Pass: BasisTranslator - 0.01693 (ms)
2025-08-04 21:03:22,794 - qiskit.passmanager.base_tasks - INFO - Pass: ElidePermutations - 0.00310 (ms)
2025-08-04 21:03:22,794 - qiskit.passmanager.base_tasks - INFO - Pass: RemoveDiagonalGatesBeforeMeasure - 0.19097 (ms)
2025-08-04 21:03:22,794 - qiskit.passmanager.base_tasks - INFO - Pass: RemoveIdentityEquivalent - 0.00310 (ms)
2025-08-04 21:03:22,795 - qiskit.passmanager.base_tasks - INFO - Pass: InverseCancellation - 0.82183 (ms)
2025-08-04 21:03:22,795 - qiskit.passmanager.base_tasks - INFO - Pass: ContractIdleWiresInControlFlow - 0.00095 (ms)
2025-08-04 21:03:22,795 - qiskit.passmanager.base_tasks - INFO - Pass: CommutativeCancellation - 0.07701 (ms)
2025-08-04 21:03:22,795 - qiskit.passmanager.base_tasks - INFO - Pass: ConsolidateBlocks - 0.05627 (ms)
2025-08-04 21:03:22,795 - qiskit.passmanager.base_tasks - INFO - Pass: Split2QUnitaries - 0.02575 (ms)
2025-08-04 21:03:22,795 - qiskit.passmanager.base_tasks - INFO - Pass: SetLayout - 0.00095 (ms)
2025-08-04 21:03:22,797 - qiskit.passmanager.base_tasks - INFO - Pass: VF2Layout - 1.72901 (ms)
2025-08-04 21:03:22,797 - qiskit.passmanager.base_tasks - INFO - Pass: BarrierBeforeFinalMeasurements - 0.00191 (ms)
2025-08-04 21:03:22,815 - qiskit.passmanager.base_tasks - INFO - Pass: SabreLayout - 18.33105 (ms)
2025-08-04 21:03:22,815 - qiskit.passmanager.base_tasks - INFO - Pass: CheckMap - 0.02003 (ms)
2025-08-04 21:03:22,818 - qiskit.passmanager.base_tasks - INFO - Pass: VF2PostLayout - 2.85602 (ms)
2025-08-04 21:03:22,819 - qiskit.passmanager.base_tasks - INFO - Pass: ApplyLayout - 0.65994 (ms)
2025-08-04 21:03:22,819 - qiskit.passmanager.base_tasks - INFO - Pass: FilterOpNodes - 0.08392 (ms)
2025-08-04 21:03:22,819 - qiskit.passmanager.base_tasks - INFO - Pass: UnitarySynthesis - 0.00310 (ms)
2025-08-04 21:03:22,819 - qiskit.passmanager.base_tasks - INFO - Pass: HighLevelSynthesis - 0.02098 (ms)
2025-08-04 21:03:22,820 - qiskit.passmanager.base_tasks - INFO - Pass: BasisTranslator - 1.29104 (ms)
2025-08-04 21:03:22,820 - qiskit.passmanager.base_tasks - INFO - Pass: CheckGateDirection - 0.00405 (ms)
2025-08-04 21:03:22,822 - qiskit.passmanager.base_tasks - INFO - Pass: GateDirection - 1.63507 (ms)
2025-08-04 21:03:22,827 - qiskit.passmanager.base_tasks - INFO - Pass: BasisTranslator - 4.82821 (ms)
2025-08-04 21:03:22,827 - qiskit.passmanager.base_tasks - INFO - Pass: Depth - 0.22006 (ms)
2025-08-04 21:03:22,827 - qiskit.passmanager.base_tasks - INFO - Pass: Size - 0.00215 (ms)
2025-08-04 21:03:22,827 - qiskit.passmanager.base_tasks - INFO - Pass: MinimumPoint - 0.00405 (ms)
2025-08-04 21:03:22,829 - qiskit.passmanager.base_tasks - INFO - Pass: ConsolidateBlocks - 2.10881 (ms)
2025-08-04 21:03:22,832 - qiskit.passmanager.base_tasks - INFO - Pass: UnitarySynthesis - 2.67601 (ms)
2025-08-04 21:03:22,832 - qiskit.passmanager.base_tasks - INFO - Pass: RemoveIdentityEquivalent - 0.04363 (ms)
2025-08-04 21:03:22,834 - qiskit.passmanager.base_tasks - INFO - Pass: Optimize1qGatesDecomposition - 1.72472 (ms)
2025-08-04 21:03:22,835 - qiskit.passmanager.base_tasks - INFO - Pass: CommutativeCancellation - 1.08600 (ms)
2025-08-04 21:03:22,835 - qiskit.passmanager.base_tasks - INFO - Pass: ContractIdleWiresInControlFlow - 0.00095 (ms)
2025-08-04 21:03:22,835 - qiskit.passmanager.base_tasks - INFO - Pass: GatesInBasis - 0.10800 (ms)
2025-08-04 21:03:22,835 - qiskit.passmanager.base_tasks - INFO - Pass: Depth - 0.10395 (ms)
2025-08-04 21:03:22,835 - qiskit.passmanager.base_tasks - INFO - Pass: Size - 0.00119 (ms)
2025-08-04 21:03:22,851 - qiskit.passmanager.base_tasks - INFO - Pass: MinimumPoint - 16.04414 (ms)
2025-08-04 21:03:22,852 - qiskit.passmanager.base_tasks - INFO - Pass: ConsolidateBlocks - 0.95797 (ms)
2025-08-04 21:03:22,853 - qiskit.passmanager.base_tasks - INFO - Pass: UnitarySynthesis - 0.57507 (ms)
2025-08-04 21:03:22,853 - qiskit.passmanager.base_tasks - INFO - Pass: RemoveIdentityEquivalent - 0.03600 (ms)
2025-08-04 21:03:22,853 - qiskit.passmanager.base_tasks - INFO - Pass: Optimize1qGatesDecomposition - 0.25201 (ms)
2025-08-04 21:03:22,853 - qiskit.passmanager.base_tasks - INFO - Pass: CommutativeCancellation - 0.32377 (ms)
2025-08-04 21:03:22,853 - qiskit.passmanager.base_tasks - INFO - Pass: ContractIdleWiresInControlFlow - 0.00119 (ms)
2025-08-04 21:03:22,854 - qiskit.passmanager.base_tasks - INFO - Pass: GatesInBasis - 0.10610 (ms)
2025-08-04 21:03:22,854 - qiskit.passmanager.base_tasks - INFO - Pass: Depth - 0.08988 (ms)
2025-08-04 21:03:22,854 - qiskit.passmanager.base_tasks - INFO - Pass: Size - 0.00095 (ms)
2025-08-04 21:03:22,869 - qiskit.passmanager.base_tasks - INFO - Pass: MinimumPoint - 15.29598 (ms)
2025-08-04 21:03:22,870 - qiskit.passmanager.base_tasks - INFO - Pass: ConsolidateBlocks - 0.78893 (ms)
2025-08-04 21:03:22,870 - qiskit.passmanager.base_tasks - INFO - Pass: UnitarySynthesis - 0.45204 (ms)
2025-08-04 21:03:22,870 - qiskit.passmanager.base_tasks - INFO - Pass: RemoveIdentityEquivalent - 0.03505 (ms)
2025-08-04 21:03:22,871 - qiskit.passmanager.base_tasks - INFO - Pass: Optimize1qGatesDecomposition - 0.24605 (ms)
2025-08-04 21:03:22,871 - qiskit.passmanager.base_tasks - INFO - Pass: CommutativeCancellation - 0.28872 (ms)
2025-08-04 21:03:22,871 - qiskit.passmanager.base_tasks - INFO - Pass: ContractIdleWiresInControlFlow - 0.00000 (ms)
2025-08-04 21:03:22,871 - qiskit.passmanager.base_tasks - INFO - Pass: GatesInBasis - 0.10514 (ms)
2025-08-04 21:03:22,871 - qiskit.passmanager.base_tasks - INFO - Pass: Depth - 0.08869 (ms)
2025-08-04 21:03:22,871 - qiskit.passmanager.base_tasks - INFO - Pass: Size - 0.00095 (ms)
2025-08-04 21:03:22,886 - qiskit.passmanager.base_tasks - INFO - Pass: MinimumPoint - 15.24997 (ms)
2025-08-04 21:03:22,887 - qiskit.passmanager.base_tasks - INFO - Pass: ConsolidateBlocks - 0.77796 (ms)
2025-08-04 21:03:22,888 - qiskit.passmanager.base_tasks - INFO - Pass: UnitarySynthesis - 0.44799 (ms)
2025-08-04 21:03:22,888 - qiskit.passmanager.base_tasks - INFO - Pass: RemoveIdentityEquivalent - 0.03314 (ms)
2025-08-04 21:03:22,888 - qiskit.passmanager.base_tasks - INFO - Pass: Optimize1qGatesDecomposition - 0.24104 (ms)
2025-08-04 21:03:22,888 - qiskit.passmanager.base_tasks - INFO - Pass: CommutativeCancellation - 0.26584 (ms)
2025-08-04 21:03:22,888 - qiskit.passmanager.base_tasks - INFO - Pass: ContractIdleWiresInControlFlow - 0.00000 (ms)
2025-08-04 21:03:22,888 - qiskit.passmanager.base_tasks - INFO - Pass: GatesInBasis - 0.10586 (ms)
2025-08-04 21:03:22,889 - qiskit.passmanager.base_tasks - INFO - Pass: Depth - 0.08702 (ms)
2025-08-04 21:03:22,889 - qiskit.passmanager.base_tasks - INFO - Pass: Size - 0.00095 (ms)
2025-08-04 21:03:22,889 - qiskit.passmanager.base_tasks - INFO - Pass: MinimumPoint - 0.00167 (ms)
2025-08-04 21:03:22,889 - qiskit.passmanager.base_tasks - INFO - Pass: ContainsInstruction - 0.00286 (ms)
2025-08-04 21:03:22,889 - qiskit.passmanager.base_tasks - INFO - Pass: InstructionDurationCheck - 0.12183 (ms)
2025-08-04 21:03:23,266 - qiskit.passmanager.base_tasks - INFO - Pass: Optimize1qGatesDecomposition - 0.01597 (ms)
2025-08-04 21:03:24,358 - qiskit.passmanager.base_tasks - INFO - Pass: Optimize1qGatesDecomposition - 0.01597 (ms)
2025-08-04 21:03:25,493 - qiskit.passmanager.base_tasks - INFO - Pass: Optimize1qGatesDecomposition - 0.01597 (ms)
2025-08-04 21:03:26,581 - qiskit.passmanager.base_tasks - INFO - Pass: Optimize1qGatesDecomposition - 0.01717 (ms)
2025-08-04 21:03:27,671 - qiskit.passmanager.base_tasks - INFO - Pass: Optimize1qGatesDecomposition - 0.01597 (ms)
2025-08-04 21:03:28,757 - qiskit.passmanager.base_tasks - INFO - Pass: Optimize1qGatesDecomposition - 0.01621 (ms)
2025-08-04 21:03:29,853 - qiskit.passmanager.base_tasks - INFO - Pass: Optimize1qGatesDecomposition - 0.01502 (ms)
2025-08-04 21:03:30,961 - qiskit.passmanager.base_tasks - INFO - Pass: Optimize1qGatesDecomposition - 0.01502 (ms)
2025-08-04 21:03:32,059 - qiskit.passmanager.base_tasks - INFO - Pass: Optimize1qGatesDecomposition - 0.01693 (ms)
2025-08-04 21:03:33,151 - qiskit.passmanager.base_tasks - INFO - Pass: Optimize1qGatesDecomposition - 0.01574 (ms)
2025-08-04 21:03:34,243 - qiskit.passmanager.base_tasks - INFO - Pass: Optimize1qGatesDecomposition - 0.01597 (ms)
2025-08-04 21:03:35,327 - qiskit.passmanager.base_tasks - INFO - Pass: Optimize1qGatesDecomposition - 0.01717 (ms)
2025-08-04 21:03:36,403 - qiskit.passmanager.base_tasks - INFO - Pass: Optimize1qGatesDecomposition - 0.01478 (ms)
2025-08-04 21:03:37,471 - qiskit.passmanager.base_tasks - INFO - Pass: Optimize1qGatesDecomposition - 0.01502 (ms)
2025-08-04 21:03:38,606 - qiskit.passmanager.base_tasks - INFO - Pass: Optimize1qGatesDecomposition - 0.01621 (ms)
2025-08-04 21:03:39,692 - qiskit.passmanager.base_tasks - INFO - Pass: Optimize1qGatesDecomposition - 0.01478 (ms)
2025-08-04 21:03:40,704 - qiskit.passmanager.base_tasks - INFO - Pass: Optimize1qGatesDecomposition - 0.01478 (ms)
2025-08-04 21:03:41,831 - qiskit.passmanager.base_tasks - INFO - Pass: Optimize1qGatesDecomposition - 0.01478 (ms)
2025-08-04 21:03:42,910 - qiskit.passmanager.base_tasks - INFO - Pass: Optimize1qGatesDecomposition - 0.01407 (ms)
2025-08-04 21:03:43,995 - qiskit.passmanager.base_tasks - INFO - Pass: Optimize1qGatesDecomposition - 0.01621 (ms)
2025-08-04 21:03:45,082 - qiskit.passmanager.base_tasks - INFO - Pass: Optimize1qGatesDecomposition - 0.01502 (ms)
2025-08-04 21:03:46,177 - qiskit.passmanager.base_tasks - INFO - Pass: Optimize1qGatesDecomposition - 0.01502 (ms)
2025-08-04 21:03:47,272 - qiskit.passmanager.base_tasks - INFO - Pass: Optimize1qGatesDecomposition - 0.01597 (ms)
2025-08-04 21:03:48,362 - qiskit.passmanager.base_tasks - INFO - Pass: Optimize1qGatesDecomposition - 0.01502 (ms)
2025-08-04 21:03:49,450 - qiskit.passmanager.base_tasks - INFO - Pass: Optimize1qGatesDecomposition - 0.01597 (ms)
2025-08-04 21:03:50,534 - qiskit.passmanager.base_tasks - INFO - Pass: Optimize1qGatesDecomposition - 0.01597 (ms)
2025-08-04 21:03:51,620 - qiskit.passmanager.base_tasks - INFO - Pass: Optimize1qGatesDecomposition - 0.01478 (ms)
2025-08-04 21:03:52,769 - qiskit.passmanager.base_tasks - INFO - Pass: Optimize1qGatesDecomposition - 0.01597 (ms)
2025-08-04 21:03:53,855 - qiskit.passmanager.base_tasks - INFO - Pass: Optimize1qGatesDecomposition - 0.01597 (ms)
2025-08-04 21:03:54,867 - qiskit.passmanager.base_tasks - INFO - Pass: Optimize1qGatesDecomposition - 0.01621 (ms)
2025-08-04 21:03:56,013 - qiskit.passmanager.base_tasks - INFO - Pass: Optimize1qGatesDecomposition - 0.01502 (ms)
2025-08-04 21:03:57,100 - qiskit.passmanager.base_tasks - INFO - Pass: Optimize1qGatesDecomposition - 0.01574 (ms)
2025-08-04 21:03:58,200 - qiskit.passmanager.base_tasks - INFO - Pass: Optimize1qGatesDecomposition - 0.01502 (ms)
2025-08-04 21:03:59,303 - qiskit.passmanager.base_tasks - INFO - Pass: Optimize1qGatesDecomposition - 0.01407 (ms)
2025-08-04 21:04:00,403 - qiskit.passmanager.base_tasks - INFO - Pass: Optimize1qGatesDecomposition - 0.01502 (ms)
2025-08-04 21:04:01,507 - qiskit.passmanager.base_tasks - INFO - Pass: Optimize1qGatesDecomposition - 0.01621 (ms)
2025-08-04 21:04:03,320 - src.ProcessQaoa - INFO - Using p_level:: 1
2025-08-04 21:04:04,679 - src.ProcessQaoa - INFO - Using Simulator
2025-08-04 21:04:06,674 - qiskit.passmanager.base_tasks - INFO - Pass: ContainsInstruction - 0.00501 (ms)
2025-08-04 21:04:06,674 - qiskit.passmanager.base_tasks - INFO - Pass: UnitarySynthesis - 0.00191 (ms)
2025-08-04 21:04:06,679 - qiskit.passmanager.base_tasks - INFO - Pass: HighLevelSynthesis - 5.29718 (ms)
2025-08-04 21:04:06,679 - qiskit.passmanager.base_tasks - INFO - Pass: BasisTranslator - 0.01693 (ms)
2025-08-04 21:04:06,679 - qiskit.passmanager.base_tasks - INFO - Pass: ElidePermutations - 0.00310 (ms)
2025-08-04 21:04:06,679 - qiskit.passmanager.base_tasks - INFO - Pass: RemoveDiagonalGatesBeforeMeasure - 0.00381 (ms)
2025-08-04 21:04:06,679 - qiskit.passmanager.base_tasks - INFO - Pass: RemoveIdentityEquivalent - 0.00191 (ms)
2025-08-04 21:04:06,679 - qiskit.passmanager.base_tasks - INFO - Pass: InverseCancellation - 0.03505 (ms)
2025-08-04 21:04:06,679 - qiskit.passmanager.base_tasks - INFO - Pass: ContractIdleWiresInControlFlow - 0.00119 (ms)
2025-08-04 21:04:06,679 - qiskit.passmanager.base_tasks - INFO - Pass: CommutativeCancellation - 0.04077 (ms)
2025-08-04 21:04:06,679 - qiskit.passmanager.base_tasks - INFO - Pass: ConsolidateBlocks - 0.02503 (ms)
2025-08-04 21:04:06,679 - qiskit.passmanager.base_tasks - INFO - Pass: Split2QUnitaries - 0.00191 (ms)
2025-08-04 21:04:06,679 - qiskit.passmanager.base_tasks - INFO - Pass: SetLayout - 0.00095 (ms)
2025-08-04 21:04:06,680 - qiskit.passmanager.base_tasks - INFO - Pass: VF2Layout - 0.54097 (ms)
2025-08-04 21:04:06,680 - qiskit.passmanager.base_tasks - INFO - Pass: BarrierBeforeFinalMeasurements - 0.00167 (ms)
2025-08-04 21:04:06,697 - qiskit.passmanager.base_tasks - INFO - Pass: SabreLayout - 16.80398 (ms)
2025-08-04 21:04:06,697 - qiskit.passmanager.base_tasks - INFO - Pass: CheckMap - 0.01788 (ms)
2025-08-04 21:04:06,700 - qiskit.passmanager.base_tasks - INFO - Pass: VF2PostLayout - 2.76303 (ms)
2025-08-04 21:04:06,700 - qiskit.passmanager.base_tasks - INFO - Pass: ApplyLayout - 0.62013 (ms)
2025-08-04 21:04:06,700 - qiskit.passmanager.base_tasks - INFO - Pass: FilterOpNodes - 0.05388 (ms)
2025-08-04 21:04:06,700 - qiskit.passmanager.base_tasks - INFO - Pass: UnitarySynthesis - 0.00501 (ms)
2025-08-04 21:04:06,700 - qiskit.passmanager.base_tasks - INFO - Pass: HighLevelSynthesis - 0.02384 (ms)
2025-08-04 21:04:06,702 - qiskit.passmanager.base_tasks - INFO - Pass: BasisTranslator - 1.29008 (ms)
2025-08-04 21:04:06,702 - qiskit.passmanager.base_tasks - INFO - Pass: CheckGateDirection - 0.00405 (ms)
2025-08-04 21:04:06,703 - qiskit.passmanager.base_tasks - INFO - Pass: GateDirection - 1.53112 (ms)
2025-08-04 21:04:06,708 - qiskit.passmanager.base_tasks - INFO - Pass: BasisTranslator - 4.98009 (ms)
2025-08-04 21:04:06,709 - qiskit.passmanager.base_tasks - INFO - Pass: Depth - 0.16785 (ms)
2025-08-04 21:04:06,709 - qiskit.passmanager.base_tasks - INFO - Pass: Size - 0.00119 (ms)
2025-08-04 21:04:06,709 - qiskit.passmanager.base_tasks - INFO - Pass: MinimumPoint - 0.00405 (ms)
2025-08-04 21:04:06,710 - qiskit.passmanager.base_tasks - INFO - Pass: ConsolidateBlocks - 1.15085 (ms)
2025-08-04 21:04:06,712 - qiskit.passmanager.base_tasks - INFO - Pass: UnitarySynthesis - 1.94788 (ms)
2025-08-04 21:04:06,712 - qiskit.passmanager.base_tasks - INFO - Pass: RemoveIdentityEquivalent - 0.04315 (ms)
2025-08-04 21:04:06,713 - qiskit.passmanager.base_tasks - INFO - Pass: Optimize1qGatesDecomposition - 1.59502 (ms)
2025-08-04 21:04:06,715 - qiskit.passmanager.base_tasks - INFO - Pass: CommutativeCancellation - 1.10197 (ms)
2025-08-04 21:04:06,715 - qiskit.passmanager.base_tasks - INFO - Pass: ContractIdleWiresInControlFlow - 0.00119 (ms)
2025-08-04 21:04:06,715 - qiskit.passmanager.base_tasks - INFO - Pass: GatesInBasis - 0.10896 (ms)
2025-08-04 21:04:06,715 - qiskit.passmanager.base_tasks - INFO - Pass: Depth - 0.10800 (ms)
2025-08-04 21:04:06,715 - qiskit.passmanager.base_tasks - INFO - Pass: Size - 0.00000 (ms)
2025-08-04 21:04:06,731 - qiskit.passmanager.base_tasks - INFO - Pass: MinimumPoint - 16.17813 (ms)
2025-08-04 21:04:06,732 - qiskit.passmanager.base_tasks - INFO - Pass: ConsolidateBlocks - 0.78011 (ms)
2025-08-04 21:04:06,732 - qiskit.passmanager.base_tasks - INFO - Pass: UnitarySynthesis - 0.55671 (ms)
2025-08-04 21:04:06,732 - qiskit.passmanager.base_tasks - INFO - Pass: RemoveIdentityEquivalent - 0.03529 (ms)
2025-08-04 21:04:06,733 - qiskit.passmanager.base_tasks - INFO - Pass: Optimize1qGatesDecomposition - 0.25892 (ms)
2025-08-04 21:04:06,733 - qiskit.passmanager.base_tasks - INFO - Pass: CommutativeCancellation - 0.33402 (ms)
2025-08-04 21:04:06,733 - qiskit.passmanager.base_tasks - INFO - Pass: ContractIdleWiresInControlFlow - 0.00215 (ms)
2025-08-04 21:04:06,733 - qiskit.passmanager.base_tasks - INFO - Pass: GatesInBasis - 0.10610 (ms)
2025-08-04 21:04:06,733 - qiskit.passmanager.base_tasks - INFO - Pass: Depth - 0.09394 (ms)
2025-08-04 21:04:06,733 - qiskit.passmanager.base_tasks - INFO - Pass: Size - 0.00095 (ms)
2025-08-04 21:04:06,749 - qiskit.passmanager.base_tasks - INFO - Pass: MinimumPoint - 15.60092 (ms)
2025-08-04 21:04:06,750 - qiskit.passmanager.base_tasks - INFO - Pass: ConsolidateBlocks - 0.75817 (ms)
2025-08-04 21:04:06,750 - qiskit.passmanager.base_tasks - INFO - Pass: UnitarySynthesis - 0.44918 (ms)
2025-08-04 21:04:06,750 - qiskit.passmanager.base_tasks - INFO - Pass: RemoveIdentityEquivalent - 0.03409 (ms)
2025-08-04 21:04:06,751 - qiskit.passmanager.base_tasks - INFO - Pass: Optimize1qGatesDecomposition - 0.25487 (ms)
2025-08-04 21:04:06,751 - qiskit.passmanager.base_tasks - INFO - Pass: CommutativeCancellation - 0.28586 (ms)
2025-08-04 21:04:06,751 - qiskit.passmanager.base_tasks - INFO - Pass: ContractIdleWiresInControlFlow - 0.00095 (ms)
2025-08-04 21:04:06,751 - qiskit.passmanager.base_tasks - INFO - Pass: GatesInBasis - 0.10705 (ms)
2025-08-04 21:04:06,751 - qiskit.passmanager.base_tasks - INFO - Pass: Depth - 0.09203 (ms)
2025-08-04 21:04:06,751 - qiskit.passmanager.base_tasks - INFO - Pass: Size - 0.00119 (ms)
2025-08-04 21:04:06,767 - qiskit.passmanager.base_tasks - INFO - Pass: MinimumPoint - 15.63501 (ms)
2025-08-04 21:04:06,768 - qiskit.passmanager.base_tasks - INFO - Pass: ConsolidateBlocks - 0.76485 (ms)
2025-08-04 21:04:06,768 - qiskit.passmanager.base_tasks - INFO - Pass: UnitarySynthesis - 0.44894 (ms)
2025-08-04 21:04:06,768 - qiskit.passmanager.base_tasks - INFO - Pass: RemoveIdentityEquivalent - 0.03266 (ms)
2025-08-04 21:04:06,768 - qiskit.passmanager.base_tasks - INFO - Pass: Optimize1qGatesDecomposition - 0.24915 (ms)
2025-08-04 21:04:06,769 - qiskit.passmanager.base_tasks - INFO - Pass: CommutativeCancellation - 0.27013 (ms)
2025-08-04 21:04:06,769 - qiskit.passmanager.base_tasks - INFO - Pass: ContractIdleWiresInControlFlow - 0.00095 (ms)
2025-08-04 21:04:06,769 - qiskit.passmanager.base_tasks - INFO - Pass: GatesInBasis - 0.10610 (ms)
2025-08-04 21:04:06,769 - qiskit.passmanager.base_tasks - INFO - Pass: Depth - 0.09108 (ms)
2025-08-04 21:04:06,769 - qiskit.passmanager.base_tasks - INFO - Pass: Size - 0.00095 (ms)
2025-08-04 21:04:06,769 - qiskit.passmanager.base_tasks - INFO - Pass: MinimumPoint - 0.00191 (ms)
2025-08-04 21:04:06,769 - qiskit.passmanager.base_tasks - INFO - Pass: ContainsInstruction - 0.00310 (ms)
2025-08-04 21:04:06,769 - qiskit.passmanager.base_tasks - INFO - Pass: InstructionDurationCheck - 0.12207 (ms)
2025-08-04 21:04:07,171 - qiskit.passmanager.base_tasks - INFO - Pass: Optimize1qGatesDecomposition - 0.01621 (ms)
2025-08-04 21:04:08,266 - qiskit.passmanager.base_tasks - INFO - Pass: Optimize1qGatesDecomposition - 0.01693 (ms)
2025-08-04 21:04:09,416 - qiskit.passmanager.base_tasks - INFO - Pass: Optimize1qGatesDecomposition - 0.01621 (ms)
2025-08-04 21:04:10,605 - qiskit.passmanager.base_tasks - INFO - Pass: Optimize1qGatesDecomposition - 0.01597 (ms)
2025-08-04 21:04:11,727 - qiskit.passmanager.base_tasks - INFO - Pass: Optimize1qGatesDecomposition - 0.01574 (ms)
2025-08-04 21:04:12,848 - qiskit.passmanager.base_tasks - INFO - Pass: Optimize1qGatesDecomposition - 0.01717 (ms)
2025-08-04 21:04:13,960 - qiskit.passmanager.base_tasks - INFO - Pass: Optimize1qGatesDecomposition - 0.01574 (ms)
2025-08-04 21:04:15,180 - qiskit.passmanager.base_tasks - INFO - Pass: Optimize1qGatesDecomposition - 0.01693 (ms)
2025-08-04 21:04:16,238 - qiskit.passmanager.base_tasks - INFO - Pass: Optimize1qGatesDecomposition - 0.01717 (ms)
2025-08-04 21:04:17,328 - qiskit.passmanager.base_tasks - INFO - Pass: Optimize1qGatesDecomposition - 0.01884 (ms)
2025-08-04 21:04:18,508 - qiskit.passmanager.base_tasks - INFO - Pass: Optimize1qGatesDecomposition - 0.01597 (ms)
2025-08-04 21:04:19,702 - qiskit.passmanager.base_tasks - INFO - Pass: Optimize1qGatesDecomposition - 0.01597 (ms)
2025-08-04 21:04:20,910 - qiskit.passmanager.base_tasks - INFO - Pass: Optimize1qGatesDecomposition - 0.01717 (ms)
2025-08-04 21:04:22,083 - qiskit.passmanager.base_tasks - INFO - Pass: Optimize1qGatesDecomposition - 0.01812 (ms)
2025-08-04 21:04:23,488 - qiskit.passmanager.base_tasks - INFO - Pass: Optimize1qGatesDecomposition - 0.02098 (ms)
2025-08-04 21:04:24,683 - qiskit.passmanager.base_tasks - INFO - Pass: Optimize1qGatesDecomposition - 0.01597 (ms)
2025-08-04 21:04:25,879 - qiskit.passmanager.base_tasks - INFO - Pass: Optimize1qGatesDecomposition - 0.01693 (ms)
2025-08-04 21:04:27,093 - qiskit.passmanager.base_tasks - INFO - Pass: Optimize1qGatesDecomposition - 0.01597 (ms)
2025-08-04 21:04:28,228 - qiskit.passmanager.base_tasks - INFO - Pass: Optimize1qGatesDecomposition - 0.01717 (ms)
2025-08-04 21:04:29,371 - qiskit.passmanager.base_tasks - INFO - Pass: Optimize1qGatesDecomposition - 0.01478 (ms)
2025-08-04 21:04:30,499 - qiskit.passmanager.base_tasks - INFO - Pass: Optimize1qGatesDecomposition - 0.01597 (ms)
2025-08-04 21:04:31,716 - qiskit.passmanager.base_tasks - INFO - Pass: Optimize1qGatesDecomposition - 0.01693 (ms)
2025-08-04 21:04:32,847 - qiskit.passmanager.base_tasks - INFO - Pass: Optimize1qGatesDecomposition - 0.01621 (ms)
2025-08-04 21:04:33,901 - qiskit.passmanager.base_tasks - INFO - Pass: Optimize1qGatesDecomposition - 0.01597 (ms)
2025-08-04 21:04:35,124 - qiskit.passmanager.base_tasks - INFO - Pass: Optimize1qGatesDecomposition - 0.01502 (ms)
2025-08-04 21:04:36,343 - qiskit.passmanager.base_tasks - INFO - Pass: Optimize1qGatesDecomposition - 0.01621 (ms)
2025-08-04 21:04:37,496 - qiskit.passmanager.base_tasks - INFO - Pass: Optimize1qGatesDecomposition - 0.01717 (ms)
2025-08-04 21:04:38,651 - qiskit.passmanager.base_tasks - INFO - Pass: Optimize1qGatesDecomposition - 0.01597 (ms)
2025-08-04 21:04:39,817 - qiskit.passmanager.base_tasks - INFO - Pass: Optimize1qGatesDecomposition - 0.01621 (ms)
