2025-08-07 19:14:44,339 - root - INFO - ++++++++++++++++ Starting at 2025-08-07 19:14:44.339748 +++++++++++++++++
2025-08-07 19:14:44,339 - src.ProcessQaoa - INFO - Using p_level:: 1
2025-08-07 19:14:47,263 - src.ProcessQaoa - INFO - Using Real Hardware
2025-08-07 19:14:49,549 - qiskit.passmanager.base_tasks - INFO - Pass: ContainsInstruction - 0.17929 (ms)
2025-08-07 19:14:49,549 - qiskit.passmanager.base_tasks - INFO - Pass: UnitarySynthesis - 0.00811 (ms)
2025-08-07 19:14:49,719 - qiskit.passmanager.base_tasks - INFO - Pass: HighLevelSynthesis - 169.92879 (ms)
2025-08-07 19:14:49,720 - qiskit.passmanager.base_tasks - INFO - Pass: BasisTranslator - 0.15688 (ms)
2025-08-07 19:14:49,720 - qiskit.passmanager.base_tasks - INFO - Pass: ElidePermutations - 0.00525 (ms)
2025-08-07 19:14:49,720 - qiskit.passmanager.base_tasks - INFO - Pass: RemoveDiagonalGatesBeforeMeasure - 0.19407 (ms)
2025-08-07 19:14:49,720 - qiskit.passmanager.base_tasks - INFO - Pass: RemoveIdentityEquivalent - 0.01001 (ms)
2025-08-07 19:14:49,720 - qiskit.passmanager.base_tasks - INFO - Pass: InverseCancellation - 0.47493 (ms)
2025-08-07 19:14:49,721 - qiskit.passmanager.base_tasks - INFO - Pass: ContractIdleWiresInControlFlow - 0.00191 (ms)
2025-08-07 19:14:49,721 - qiskit.passmanager.base_tasks - INFO - Pass: CommutativeCancellation - 0.54002 (ms)
2025-08-07 19:14:49,721 - qiskit.passmanager.base_tasks - INFO - Pass: ConsolidateBlocks - 0.26107 (ms)
2025-08-07 19:14:49,722 - qiskit.passmanager.base_tasks - INFO - Pass: Split2QUnitaries - 0.14329 (ms)
2025-08-07 19:14:49,722 - qiskit.passmanager.base_tasks - INFO - Pass: SetLayout - 0.00167 (ms)
2025-08-07 19:14:49,726 - qiskit.passmanager.base_tasks - INFO - Pass: VF2Layout - 4.90904 (ms)
2025-08-07 19:14:49,726 - qiskit.passmanager.base_tasks - INFO - Pass: BarrierBeforeFinalMeasurements - 0.00501 (ms)
2025-08-07 19:14:50,574 - qiskit.passmanager.base_tasks - INFO - Pass: SabreLayout - 847.89705 (ms)
2025-08-07 19:14:50,575 - qiskit.passmanager.base_tasks - INFO - Pass: CheckMap - 0.09179 (ms)
2025-08-07 19:14:50,598 - qiskit.passmanager.base_tasks - INFO - Pass: VF2PostLayout - 23.04530 (ms)
2025-08-07 19:14:50,599 - qiskit.passmanager.base_tasks - INFO - Pass: FilterOpNodes - 1.29485 (ms)
2025-08-07 19:14:50,599 - qiskit.passmanager.base_tasks - INFO - Pass: UnitarySynthesis - 0.00572 (ms)
2025-08-07 19:14:50,600 - qiskit.passmanager.base_tasks - INFO - Pass: HighLevelSynthesis - 0.44107 (ms)
2025-08-07 19:14:50,679 - qiskit.passmanager.base_tasks - INFO - Pass: BasisTranslator - 79.65517 (ms)
2025-08-07 19:14:50,679 - qiskit.passmanager.base_tasks - INFO - Pass: CheckGateDirection - 0.00715 (ms)
2025-08-07 19:14:50,919 - qiskit.passmanager.base_tasks - INFO - Pass: GateDirection - 239.70270 (ms)
2025-08-07 19:14:54,230 - qiskit.passmanager.base_tasks - INFO - Pass: BasisTranslator - 3310.59599 (ms)
2025-08-07 19:14:54,242 - qiskit.passmanager.base_tasks - INFO - Pass: Depth - 8.85510 (ms)
2025-08-07 19:14:54,242 - qiskit.passmanager.base_tasks - INFO - Pass: Size - 0.00381 (ms)
2025-08-07 19:14:54,242 - qiskit.passmanager.base_tasks - INFO - Pass: MinimumPoint - 0.00978 (ms)
2025-08-07 19:14:54,287 - qiskit.passmanager.base_tasks - INFO - Pass: ConsolidateBlocks - 44.84606 (ms)
2025-08-07 19:14:54,814 - qiskit.passmanager.base_tasks - INFO - Pass: UnitarySynthesis - 527.40002 (ms)
2025-08-07 19:14:54,816 - qiskit.passmanager.base_tasks - INFO - Pass: RemoveIdentityEquivalent - 1.98030 (ms)
2025-08-07 19:14:56,089 - qiskit.passmanager.base_tasks - INFO - Pass: Optimize1qGatesDecomposition - 1272.76015 (ms)
2025-08-07 19:14:56,516 - qiskit.passmanager.base_tasks - INFO - Pass: CommutativeCancellation - 426.32389 (ms)
2025-08-07 19:14:56,516 - qiskit.passmanager.base_tasks - INFO - Pass: ContractIdleWiresInControlFlow - 0.00787 (ms)
2025-08-07 19:14:56,520 - qiskit.passmanager.base_tasks - INFO - Pass: GatesInBasis - 4.03404 (ms)
2025-08-07 19:14:56,525 - qiskit.passmanager.base_tasks - INFO - Pass: Depth - 4.87900 (ms)
2025-08-07 19:14:56,525 - qiskit.passmanager.base_tasks - INFO - Pass: Size - 0.00215 (ms)
2025-08-07 19:14:57,278 - qiskit.passmanager.base_tasks - INFO - Pass: MinimumPoint - 753.26467 (ms)
2025-08-07 19:14:57,310 - qiskit.passmanager.base_tasks - INFO - Pass: ConsolidateBlocks - 31.90517 (ms)
2025-08-07 19:14:57,385 - qiskit.passmanager.base_tasks - INFO - Pass: UnitarySynthesis - 74.62764 (ms)
2025-08-07 19:14:57,388 - qiskit.passmanager.base_tasks - INFO - Pass: RemoveIdentityEquivalent - 1.64294 (ms)
2025-08-07 19:14:57,401 - qiskit.passmanager.base_tasks - INFO - Pass: Optimize1qGatesDecomposition - 13.53383 (ms)
2025-08-07 19:14:57,440 - qiskit.passmanager.base_tasks - INFO - Pass: CommutativeCancellation - 39.13498 (ms)
2025-08-07 19:14:57,441 - qiskit.passmanager.base_tasks - INFO - Pass: ContractIdleWiresInControlFlow - 0.00310 (ms)
2025-08-07 19:14:57,445 - qiskit.passmanager.base_tasks - INFO - Pass: GatesInBasis - 3.97825 (ms)
2025-08-07 19:14:57,449 - qiskit.passmanager.base_tasks - INFO - Pass: Depth - 4.17829 (ms)
2025-08-07 19:14:57,449 - qiskit.passmanager.base_tasks - INFO - Pass: Size - 0.00310 (ms)
2025-08-07 19:14:58,116 - qiskit.passmanager.base_tasks - INFO - Pass: MinimumPoint - 666.76211 (ms)
2025-08-07 19:14:58,146 - qiskit.passmanager.base_tasks - INFO - Pass: ConsolidateBlocks - 30.58934 (ms)
2025-08-07 19:14:58,205 - qiskit.passmanager.base_tasks - INFO - Pass: UnitarySynthesis - 59.04913 (ms)
2025-08-07 19:14:58,208 - qiskit.passmanager.base_tasks - INFO - Pass: RemoveIdentityEquivalent - 1.33395 (ms)
2025-08-07 19:14:58,221 - qiskit.passmanager.base_tasks - INFO - Pass: Optimize1qGatesDecomposition - 13.36598 (ms)
2025-08-07 19:14:58,244 - qiskit.passmanager.base_tasks - INFO - Pass: CommutativeCancellation - 22.48502 (ms)
2025-08-07 19:14:58,244 - qiskit.passmanager.base_tasks - INFO - Pass: ContractIdleWiresInControlFlow - 0.00286 (ms)
2025-08-07 19:14:58,248 - qiskit.passmanager.base_tasks - INFO - Pass: GatesInBasis - 3.98517 (ms)
2025-08-07 19:14:58,252 - qiskit.passmanager.base_tasks - INFO - Pass: Depth - 3.97992 (ms)
2025-08-07 19:14:58,252 - qiskit.passmanager.base_tasks - INFO - Pass: Size - 0.00286 (ms)
2025-08-07 19:14:58,983 - qiskit.passmanager.base_tasks - INFO - Pass: MinimumPoint - 731.00615 (ms)
2025-08-07 19:14:59,012 - qiskit.passmanager.base_tasks - INFO - Pass: ConsolidateBlocks - 29.21700 (ms)
2025-08-07 19:14:59,066 - qiskit.passmanager.base_tasks - INFO - Pass: UnitarySynthesis - 53.51281 (ms)
2025-08-07 19:14:59,068 - qiskit.passmanager.base_tasks - INFO - Pass: RemoveIdentityEquivalent - 1.60122 (ms)
2025-08-07 19:14:59,080 - qiskit.passmanager.base_tasks - INFO - Pass: Optimize1qGatesDecomposition - 11.55925 (ms)
2025-08-07 19:14:59,095 - qiskit.passmanager.base_tasks - INFO - Pass: CommutativeCancellation - 14.77289 (ms)
2025-08-07 19:14:59,095 - qiskit.passmanager.base_tasks - INFO - Pass: ContractIdleWiresInControlFlow - 0.00381 (ms)
2025-08-07 19:14:59,099 - qiskit.passmanager.base_tasks - INFO - Pass: GatesInBasis - 4.23479 (ms)
2025-08-07 19:14:59,105 - qiskit.passmanager.base_tasks - INFO - Pass: Depth - 5.30696 (ms)
2025-08-07 19:14:59,105 - qiskit.passmanager.base_tasks - INFO - Pass: Size - 0.00429 (ms)
2025-08-07 19:14:59,105 - qiskit.passmanager.base_tasks - INFO - Pass: MinimumPoint - 0.00691 (ms)
2025-08-07 19:14:59,136 - qiskit.passmanager.base_tasks - INFO - Pass: ConsolidateBlocks - 31.50797 (ms)
2025-08-07 19:14:59,202 - qiskit.passmanager.base_tasks - INFO - Pass: UnitarySynthesis - 65.71984 (ms)
2025-08-07 19:14:59,205 - qiskit.passmanager.base_tasks - INFO - Pass: RemoveIdentityEquivalent - 1.75786 (ms)
2025-08-07 19:14:59,217 - qiskit.passmanager.base_tasks - INFO - Pass: Optimize1qGatesDecomposition - 11.57188 (ms)
2025-08-07 19:14:59,231 - qiskit.passmanager.base_tasks - INFO - Pass: CommutativeCancellation - 13.77010 (ms)
2025-08-07 19:14:59,231 - qiskit.passmanager.base_tasks - INFO - Pass: ContractIdleWiresInControlFlow - 0.00405 (ms)
2025-08-07 19:14:59,235 - qiskit.passmanager.base_tasks - INFO - Pass: GatesInBasis - 3.96585 (ms)
2025-08-07 19:14:59,240 - qiskit.passmanager.base_tasks - INFO - Pass: Depth - 4.72307 (ms)
2025-08-07 19:14:59,240 - qiskit.passmanager.base_tasks - INFO - Pass: Size - 0.00310 (ms)
2025-08-07 19:14:59,240 - qiskit.passmanager.base_tasks - INFO - Pass: MinimumPoint - 0.00501 (ms)
2025-08-07 19:14:59,270 - qiskit.passmanager.base_tasks - INFO - Pass: ConsolidateBlocks - 29.80399 (ms)
2025-08-07 19:14:59,324 - qiskit.passmanager.base_tasks - INFO - Pass: UnitarySynthesis - 54.36587 (ms)
2025-08-07 19:14:59,327 - qiskit.passmanager.base_tasks - INFO - Pass: RemoveIdentityEquivalent - 1.41478 (ms)
2025-08-07 19:14:59,338 - qiskit.passmanager.base_tasks - INFO - Pass: Optimize1qGatesDecomposition - 10.55312 (ms)
2025-08-07 19:14:59,351 - qiskit.passmanager.base_tasks - INFO - Pass: CommutativeCancellation - 13.23080 (ms)
2025-08-07 19:14:59,351 - qiskit.passmanager.base_tasks - INFO - Pass: ContractIdleWiresInControlFlow - 0.00405 (ms)
2025-08-07 19:14:59,355 - qiskit.passmanager.base_tasks - INFO - Pass: GatesInBasis - 4.06194 (ms)
2025-08-07 19:14:59,359 - qiskit.passmanager.base_tasks - INFO - Pass: Depth - 4.14205 (ms)
2025-08-07 19:14:59,359 - qiskit.passmanager.base_tasks - INFO - Pass: Size - 0.00215 (ms)
2025-08-07 19:14:59,359 - qiskit.passmanager.base_tasks - INFO - Pass: MinimumPoint - 0.00501 (ms)
2025-08-07 19:14:59,388 - qiskit.passmanager.base_tasks - INFO - Pass: ConsolidateBlocks - 29.10495 (ms)
2025-08-07 19:14:59,446 - qiskit.passmanager.base_tasks - INFO - Pass: UnitarySynthesis - 57.09696 (ms)
2025-08-07 19:14:59,448 - qiskit.passmanager.base_tasks - INFO - Pass: RemoveIdentityEquivalent - 1.49488 (ms)
2025-08-07 19:14:59,459 - qiskit.passmanager.base_tasks - INFO - Pass: Optimize1qGatesDecomposition - 11.06882 (ms)
2025-08-07 19:14:59,474 - qiskit.passmanager.base_tasks - INFO - Pass: CommutativeCancellation - 14.72592 (ms)
2025-08-07 19:14:59,474 - qiskit.passmanager.base_tasks - INFO - Pass: ContractIdleWiresInControlFlow - 0.00501 (ms)
2025-08-07 19:14:59,478 - qiskit.passmanager.base_tasks - INFO - Pass: GatesInBasis - 4.15897 (ms)
2025-08-07 19:14:59,484 - qiskit.passmanager.base_tasks - INFO - Pass: Depth - 5.06306 (ms)
2025-08-07 19:14:59,484 - qiskit.passmanager.base_tasks - INFO - Pass: Size - 0.00501 (ms)
2025-08-07 19:14:59,484 - qiskit.passmanager.base_tasks - INFO - Pass: MinimumPoint - 0.00787 (ms)
2025-08-07 19:14:59,487 - qiskit.passmanager.base_tasks - INFO - Pass: ContainsInstruction - 0.01311 (ms)
2025-08-07 19:14:59,492 - qiskit.passmanager.base_tasks - INFO - Pass: InstructionDurationCheck - 4.71783 (ms)
