2025-08-07 18:01:30,127 - root - INFO - ++++++++++++++++ Starting at 2025-08-07 18:01:30.127544 +++++++++++++++++
2025-08-07 18:01:30,127 - src.ProcessQaoa - INFO - Using p_level:: 1
2025-08-07 18:01:33,049 - src.ProcessQaoa - INFO - Using Real Hardware
2025-08-07 18:01:35,113 - qiskit.passmanager.base_tasks - INFO - Pass: ContainsInstruction - 0.01597 (ms)
2025-08-07 18:01:35,113 - qiskit.passmanager.base_tasks - INFO - Pass: UnitarySynthesis - 0.00405 (ms)
2025-08-07 18:01:35,153 - qiskit.passmanager.base_tasks - INFO - Pass: HighLevelSynthesis - 39.83212 (ms)
2025-08-07 18:01:35,153 - qiskit.passmanager.base_tasks - INFO - Pass: BasisTranslator - 0.02694 (ms)
2025-08-07 18:01:35,153 - qiskit.passmanager.base_tasks - INFO - Pass: ElidePermutations - 0.00310 (ms)
2025-08-07 18:01:35,154 - qiskit.passmanager.base_tasks - INFO - Pass: RemoveDiagonalGatesBeforeMeasure - 0.19097 (ms)
2025-08-07 18:01:35,154 - qiskit.passmanager.base_tasks - INFO - Pass: RemoveIdentityEquivalent - 0.00405 (ms)
2025-08-07 18:01:35,154 - qiskit.passmanager.base_tasks - INFO - Pass: InverseCancellation - 0.26107 (ms)
2025-08-07 18:01:35,154 - qiskit.passmanager.base_tasks - INFO - Pass: ContractIdleWiresInControlFlow - 0.00119 (ms)
2025-08-07 18:01:35,154 - qiskit.passmanager.base_tasks - INFO - Pass: CommutativeCancellation - 0.09394 (ms)
2025-08-07 18:01:35,154 - qiskit.passmanager.base_tasks - INFO - Pass: ConsolidateBlocks - 0.05388 (ms)
2025-08-07 18:01:35,154 - qiskit.passmanager.base_tasks - INFO - Pass: Split2QUnitaries - 0.12708 (ms)
2025-08-07 18:01:35,154 - qiskit.passmanager.base_tasks - INFO - Pass: SetLayout - 0.00215 (ms)
2025-08-07 18:01:35,157 - qiskit.passmanager.base_tasks - INFO - Pass: VF2Layout - 3.11303 (ms)
2025-08-07 18:01:35,158 - qiskit.passmanager.base_tasks - INFO - Pass: BarrierBeforeFinalMeasurements - 0.00501 (ms)
2025-08-07 18:01:35,220 - qiskit.passmanager.base_tasks - INFO - Pass: SabreLayout - 62.49881 (ms)
2025-08-07 18:01:35,220 - qiskit.passmanager.base_tasks - INFO - Pass: CheckMap - 0.03791 (ms)
2025-08-07 18:01:35,223 - qiskit.passmanager.base_tasks - INFO - Pass: VF2PostLayout - 3.08394 (ms)
2025-08-07 18:01:35,224 - qiskit.passmanager.base_tasks - INFO - Pass: ApplyLayout - 1.09792 (ms)
2025-08-07 18:01:35,225 - qiskit.passmanager.base_tasks - INFO - Pass: FilterOpNodes - 0.13781 (ms)
2025-08-07 18:01:35,225 - qiskit.passmanager.base_tasks - INFO - Pass: UnitarySynthesis - 0.00405 (ms)
2025-08-07 18:01:35,225 - qiskit.passmanager.base_tasks - INFO - Pass: HighLevelSynthesis - 0.05031 (ms)
2025-08-07 18:01:35,228 - qiskit.passmanager.base_tasks - INFO - Pass: BasisTranslator - 3.09610 (ms)
2025-08-07 18:01:35,228 - qiskit.passmanager.base_tasks - INFO - Pass: CheckGateDirection - 0.00405 (ms)
2025-08-07 18:01:35,233 - qiskit.passmanager.base_tasks - INFO - Pass: GateDirection - 5.27883 (ms)
2025-08-07 18:01:35,259 - qiskit.passmanager.base_tasks - INFO - Pass: BasisTranslator - 25.43092 (ms)
2025-08-07 18:01:35,259 - qiskit.passmanager.base_tasks - INFO - Pass: Depth - 0.46778 (ms)
2025-08-07 18:01:35,259 - qiskit.passmanager.base_tasks - INFO - Pass: Size - 0.00095 (ms)
2025-08-07 18:01:35,259 - qiskit.passmanager.base_tasks - INFO - Pass: MinimumPoint - 0.00501 (ms)
2025-08-07 18:01:35,263 - qiskit.passmanager.base_tasks - INFO - Pass: ConsolidateBlocks - 3.96109 (ms)
2025-08-07 18:01:35,272 - qiskit.passmanager.base_tasks - INFO - Pass: UnitarySynthesis - 8.36205 (ms)
2025-08-07 18:01:35,272 - qiskit.passmanager.base_tasks - INFO - Pass: RemoveIdentityEquivalent - 0.13399 (ms)
2025-08-07 18:01:35,281 - qiskit.passmanager.base_tasks - INFO - Pass: Optimize1qGatesDecomposition - 8.90708 (ms)
2025-08-07 18:01:35,285 - qiskit.passmanager.base_tasks - INFO - Pass: CommutativeCancellation - 4.75311 (ms)
2025-08-07 18:01:35,285 - qiskit.passmanager.base_tasks - INFO - Pass: ContractIdleWiresInControlFlow - 0.00095 (ms)
2025-08-07 18:01:35,286 - qiskit.passmanager.base_tasks - INFO - Pass: GatesInBasis - 0.31281 (ms)
2025-08-07 18:01:35,286 - qiskit.passmanager.base_tasks - INFO - Pass: Depth - 0.28801 (ms)
2025-08-07 18:01:35,286 - qiskit.passmanager.base_tasks - INFO - Pass: Size - 0.00072 (ms)
2025-08-07 18:01:35,334 - qiskit.passmanager.base_tasks - INFO - Pass: MinimumPoint - 47.97411 (ms)
2025-08-07 18:01:35,337 - qiskit.passmanager.base_tasks - INFO - Pass: ConsolidateBlocks - 3.18813 (ms)
2025-08-07 18:01:35,340 - qiskit.passmanager.base_tasks - INFO - Pass: UnitarySynthesis - 2.40064 (ms)
2025-08-07 18:01:35,340 - qiskit.passmanager.base_tasks - INFO - Pass: RemoveIdentityEquivalent - 0.10800 (ms)
2025-08-07 18:01:35,341 - qiskit.passmanager.base_tasks - INFO - Pass: Optimize1qGatesDecomposition - 0.82302 (ms)
2025-08-07 18:01:35,342 - qiskit.passmanager.base_tasks - INFO - Pass: CommutativeCancellation - 1.31917 (ms)
2025-08-07 18:01:35,342 - qiskit.passmanager.base_tasks - INFO - Pass: ContractIdleWiresInControlFlow - 0.00191 (ms)
2025-08-07 18:01:35,343 - qiskit.passmanager.base_tasks - INFO - Pass: GatesInBasis - 0.34189 (ms)
2025-08-07 18:01:35,343 - qiskit.passmanager.base_tasks - INFO - Pass: Depth - 0.32806 (ms)
2025-08-07 18:01:35,343 - qiskit.passmanager.base_tasks - INFO - Pass: Size - 0.00191 (ms)
2025-08-07 18:01:35,426 - qiskit.passmanager.base_tasks - INFO - Pass: MinimumPoint - 83.19592 (ms)
2025-08-07 18:01:35,429 - qiskit.passmanager.base_tasks - INFO - Pass: ConsolidateBlocks - 2.34699 (ms)
2025-08-07 18:01:35,430 - qiskit.passmanager.base_tasks - INFO - Pass: UnitarySynthesis - 1.67894 (ms)
2025-08-07 18:01:35,431 - qiskit.passmanager.base_tasks - INFO - Pass: RemoveIdentityEquivalent - 0.11110 (ms)
2025-08-07 18:01:35,431 - qiskit.passmanager.base_tasks - INFO - Pass: Optimize1qGatesDecomposition - 0.79107 (ms)
2025-08-07 18:01:35,432 - qiskit.passmanager.base_tasks - INFO - Pass: CommutativeCancellation - 0.92387 (ms)
2025-08-07 18:01:35,432 - qiskit.passmanager.base_tasks - INFO - Pass: ContractIdleWiresInControlFlow - 0.00095 (ms)
2025-08-07 18:01:35,433 - qiskit.passmanager.base_tasks - INFO - Pass: GatesInBasis - 0.30994 (ms)
2025-08-07 18:01:35,433 - qiskit.passmanager.base_tasks - INFO - Pass: Depth - 0.27585 (ms)
2025-08-07 18:01:35,433 - qiskit.passmanager.base_tasks - INFO - Pass: Size - 0.00119 (ms)
2025-08-07 18:01:35,480 - qiskit.passmanager.base_tasks - INFO - Pass: MinimumPoint - 46.76509 (ms)
2025-08-07 18:01:35,482 - qiskit.passmanager.base_tasks - INFO - Pass: ConsolidateBlocks - 2.34318 (ms)
2025-08-07 18:01:35,484 - qiskit.passmanager.base_tasks - INFO - Pass: UnitarySynthesis - 1.68085 (ms)
2025-08-07 18:01:35,484 - qiskit.passmanager.base_tasks - INFO - Pass: RemoveIdentityEquivalent - 0.11086 (ms)
2025-08-07 18:01:35,485 - qiskit.passmanager.base_tasks - INFO - Pass: Optimize1qGatesDecomposition - 0.81182 (ms)
2025-08-07 18:01:35,486 - qiskit.passmanager.base_tasks - INFO - Pass: CommutativeCancellation - 0.87690 (ms)
2025-08-07 18:01:35,486 - qiskit.passmanager.base_tasks - INFO - Pass: ContractIdleWiresInControlFlow - 0.00095 (ms)
2025-08-07 18:01:35,486 - qiskit.passmanager.base_tasks - INFO - Pass: GatesInBasis - 0.32401 (ms)
2025-08-07 18:01:35,486 - qiskit.passmanager.base_tasks - INFO - Pass: Depth - 0.26393 (ms)
2025-08-07 18:01:35,487 - qiskit.passmanager.base_tasks - INFO - Pass: Size - 0.00095 (ms)
2025-08-07 18:01:35,487 - qiskit.passmanager.base_tasks - INFO - Pass: MinimumPoint - 0.00286 (ms)
2025-08-07 18:01:35,489 - qiskit.passmanager.base_tasks - INFO - Pass: ConsolidateBlocks - 2.30718 (ms)
2025-08-07 18:01:35,490 - qiskit.passmanager.base_tasks - INFO - Pass: UnitarySynthesis - 1.57094 (ms)
2025-08-07 18:01:35,491 - qiskit.passmanager.base_tasks - INFO - Pass: RemoveIdentityEquivalent - 0.10610 (ms)
2025-08-07 18:01:35,491 - qiskit.passmanager.base_tasks - INFO - Pass: Optimize1qGatesDecomposition - 0.79107 (ms)
2025-08-07 18:01:35,492 - qiskit.passmanager.base_tasks - INFO - Pass: CommutativeCancellation - 0.80585 (ms)
2025-08-07 18:01:35,492 - qiskit.passmanager.base_tasks - INFO - Pass: ContractIdleWiresInControlFlow - 0.00119 (ms)
2025-08-07 18:01:35,493 - qiskit.passmanager.base_tasks - INFO - Pass: GatesInBasis - 0.30899 (ms)
2025-08-07 18:01:35,493 - qiskit.passmanager.base_tasks - INFO - Pass: Depth - 0.26512 (ms)
2025-08-07 18:01:35,493 - qiskit.passmanager.base_tasks - INFO - Pass: Size - 0.00095 (ms)
2025-08-07 18:01:35,493 - qiskit.passmanager.base_tasks - INFO - Pass: MinimumPoint - 0.00191 (ms)
2025-08-07 18:01:35,495 - qiskit.passmanager.base_tasks - INFO - Pass: ConsolidateBlocks - 2.26903 (ms)
2025-08-07 18:01:35,497 - qiskit.passmanager.base_tasks - INFO - Pass: UnitarySynthesis - 1.54233 (ms)
2025-08-07 18:01:35,497 - qiskit.passmanager.base_tasks - INFO - Pass: RemoveIdentityEquivalent - 0.10610 (ms)
2025-08-07 18:01:35,498 - qiskit.passmanager.base_tasks - INFO - Pass: Optimize1qGatesDecomposition - 0.77176 (ms)
2025-08-07 18:01:35,499 - qiskit.passmanager.base_tasks - INFO - Pass: CommutativeCancellation - 0.79584 (ms)
2025-08-07 18:01:35,499 - qiskit.passmanager.base_tasks - INFO - Pass: ContractIdleWiresInControlFlow - 0.00095 (ms)
2025-08-07 18:01:35,499 - qiskit.passmanager.base_tasks - INFO - Pass: GatesInBasis - 0.30804 (ms)
2025-08-07 18:01:35,499 - qiskit.passmanager.base_tasks - INFO - Pass: Depth - 0.26512 (ms)
2025-08-07 18:01:35,499 - qiskit.passmanager.base_tasks - INFO - Pass: Size - 0.00095 (ms)
2025-08-07 18:01:35,499 - qiskit.passmanager.base_tasks - INFO - Pass: MinimumPoint - 0.00167 (ms)
2025-08-07 18:01:35,502 - qiskit.passmanager.base_tasks - INFO - Pass: ConsolidateBlocks - 2.34485 (ms)
2025-08-07 18:01:35,503 - qiskit.passmanager.base_tasks - INFO - Pass: UnitarySynthesis - 1.53589 (ms)
2025-08-07 18:01:35,503 - qiskit.passmanager.base_tasks - INFO - Pass: RemoveIdentityEquivalent - 0.10586 (ms)
2025-08-07 18:01:35,504 - qiskit.passmanager.base_tasks - INFO - Pass: Optimize1qGatesDecomposition - 0.78392 (ms)
2025-08-07 18:01:35,505 - qiskit.passmanager.base_tasks - INFO - Pass: CommutativeCancellation - 0.76795 (ms)
2025-08-07 18:01:35,505 - qiskit.passmanager.base_tasks - INFO - Pass: ContractIdleWiresInControlFlow - 0.00215 (ms)
2025-08-07 18:01:35,505 - qiskit.passmanager.base_tasks - INFO - Pass: GatesInBasis - 0.30899 (ms)
2025-08-07 18:01:35,505 - qiskit.passmanager.base_tasks - INFO - Pass: Depth - 0.27895 (ms)
2025-08-07 18:01:35,505 - qiskit.passmanager.base_tasks - INFO - Pass: Size - 0.00119 (ms)
2025-08-07 18:01:35,505 - qiskit.passmanager.base_tasks - INFO - Pass: MinimumPoint - 0.00310 (ms)
2025-08-07 18:01:35,506 - qiskit.passmanager.base_tasks - INFO - Pass: ContainsInstruction - 0.00405 (ms)
2025-08-07 18:01:35,506 - qiskit.passmanager.base_tasks - INFO - Pass: InstructionDurationCheck - 0.36287 (ms)
