2025-07-25 04:32:16,694 - root - INFO - ++++++++++++++++ Starting at 2025-07-25 04:32:16.694833 +++++++++++++++++
2025-07-25 04:32:16,694 - src.ProcessQaoa - INFO - Using p_level:: 1
2025-07-25 04:32:18,632 - src.ProcessQaoa - INFO - Using Real Hardware
2025-07-25 04:32:19,947 - qiskit.passmanager.base_tasks - INFO - Pass: ContainsInstruction - 0.16499 (ms)
2025-07-25 04:32:19,947 - qiskit.passmanager.base_tasks - INFO - Pass: UnitarySynthesis - 0.00286 (ms)
2025-07-25 04:32:19,951 - qiskit.passmanager.base_tasks - INFO - Pass: HighLevelSynthesis - 3.20506 (ms)
2025-07-25 04:32:19,951 - qiskit.passmanager.base_tasks - INFO - Pass: BasisTranslator - 0.02003 (ms)
2025-07-25 04:32:19,951 - qiskit.passmanager.base_tasks - INFO - Pass: ElidePermutations - 0.00405 (ms)
2025-07-25 04:32:19,951 - qiskit.passmanager.base_tasks - INFO - Pass: RemoveDiagonalGatesBeforeMeasure - 0.21911 (ms)
2025-07-25 04:32:19,951 - qiskit.passmanager.base_tasks - INFO - Pass: RemoveIdentityEquivalent - 0.00310 (ms)
2025-07-25 04:32:19,951 - qiskit.passmanager.base_tasks - INFO - Pass: InverseCancellation - 0.37193 (ms)
2025-07-25 04:32:19,952 - qiskit.passmanager.base_tasks - INFO - Pass: ContractIdleWiresInControlFlow - 0.00095 (ms)
2025-07-25 04:32:19,952 - qiskit.passmanager.base_tasks - INFO - Pass: CommutativeCancellation - 0.03505 (ms)
2025-07-25 04:32:19,952 - qiskit.passmanager.base_tasks - INFO - Pass: ConsolidateBlocks - 0.02789 (ms)
2025-07-25 04:32:19,952 - qiskit.passmanager.base_tasks - INFO - Pass: Split2QUnitaries - 0.16999 (ms)
2025-07-25 04:32:19,952 - qiskit.passmanager.base_tasks - INFO - Pass: SetLayout - 0.00119 (ms)
2025-07-25 04:32:19,953 - qiskit.passmanager.base_tasks - INFO - Pass: VF2Layout - 1.37210 (ms)
2025-07-25 04:32:19,953 - qiskit.passmanager.base_tasks - INFO - Pass: BarrierBeforeFinalMeasurements - 0.00286 (ms)
2025-07-25 04:32:19,959 - qiskit.passmanager.base_tasks - INFO - Pass: SabreLayout - 5.50222 (ms)
2025-07-25 04:32:19,959 - qiskit.passmanager.base_tasks - INFO - Pass: CheckMap - 0.02098 (ms)
2025-07-25 04:32:19,962 - qiskit.passmanager.base_tasks - INFO - Pass: VF2PostLayout - 2.81811 (ms)
2025-07-25 04:32:19,962 - qiskit.passmanager.base_tasks - INFO - Pass: ApplyLayout - 0.41389 (ms)
2025-07-25 04:32:19,962 - qiskit.passmanager.base_tasks - INFO - Pass: FilterOpNodes - 0.02718 (ms)
2025-07-25 04:32:19,962 - qiskit.passmanager.base_tasks - INFO - Pass: UnitarySynthesis - 0.00310 (ms)
2025-07-25 04:32:19,962 - qiskit.passmanager.base_tasks - INFO - Pass: HighLevelSynthesis - 0.01001 (ms)
2025-07-25 04:32:19,963 - qiskit.passmanager.base_tasks - INFO - Pass: BasisTranslator - 0.81015 (ms)
2025-07-25 04:32:19,963 - qiskit.passmanager.base_tasks - INFO - Pass: CheckGateDirection - 0.00310 (ms)
2025-07-25 04:32:19,963 - qiskit.passmanager.base_tasks - INFO - Pass: GateDirection - 0.27299 (ms)
2025-07-25 04:32:19,964 - qiskit.passmanager.base_tasks - INFO - Pass: BasisTranslator - 0.78893 (ms)
2025-07-25 04:32:19,964 - qiskit.passmanager.base_tasks - INFO - Pass: Depth - 0.22388 (ms)
2025-07-25 04:32:19,964 - qiskit.passmanager.base_tasks - INFO - Pass: Size - 0.00191 (ms)
2025-07-25 04:32:19,965 - qiskit.passmanager.base_tasks - INFO - Pass: MinimumPoint - 0.00501 (ms)
2025-07-25 04:32:19,965 - qiskit.passmanager.base_tasks - INFO - Pass: ConsolidateBlocks - 0.46015 (ms)
2025-07-25 04:32:19,966 - qiskit.passmanager.base_tasks - INFO - Pass: UnitarySynthesis - 1.15299 (ms)
2025-07-25 04:32:19,966 - qiskit.passmanager.base_tasks - INFO - Pass: RemoveIdentityEquivalent - 0.01025 (ms)
2025-07-25 04:32:19,966 - qiskit.passmanager.base_tasks - INFO - Pass: Optimize1qGatesDecomposition - 0.18096 (ms)
2025-07-25 04:32:19,967 - qiskit.passmanager.base_tasks - INFO - Pass: CommutativeCancellation - 0.20099 (ms)
2025-07-25 04:32:19,967 - qiskit.passmanager.base_tasks - INFO - Pass: ContractIdleWiresInControlFlow - 0.00095 (ms)
2025-07-25 04:32:19,967 - qiskit.passmanager.base_tasks - INFO - Pass: GatesInBasis - 0.02098 (ms)
2025-07-25 04:32:19,967 - qiskit.passmanager.base_tasks - INFO - Pass: Depth - 0.02527 (ms)
2025-07-25 04:32:19,967 - qiskit.passmanager.base_tasks - INFO - Pass: Size - 0.00095 (ms)
2025-07-25 04:32:19,999 - qiskit.passmanager.base_tasks - INFO - Pass: MinimumPoint - 32.15599 (ms)
2025-07-25 04:32:19,999 - qiskit.passmanager.base_tasks - INFO - Pass: ConsolidateBlocks - 0.17619 (ms)
2025-07-25 04:32:19,999 - qiskit.passmanager.base_tasks - INFO - Pass: UnitarySynthesis - 0.00310 (ms)
2025-07-25 04:32:19,999 - qiskit.passmanager.base_tasks - INFO - Pass: RemoveIdentityEquivalent - 0.01001 (ms)
2025-07-25 04:32:19,999 - qiskit.passmanager.base_tasks - INFO - Pass: Optimize1qGatesDecomposition - 0.05603 (ms)
2025-07-25 04:32:19,999 - qiskit.passmanager.base_tasks - INFO - Pass: CommutativeCancellation - 0.06866 (ms)
2025-07-25 04:32:19,999 - qiskit.passmanager.base_tasks - INFO - Pass: ContractIdleWiresInControlFlow - 0.00191 (ms)
2025-07-25 04:32:19,999 - qiskit.passmanager.base_tasks - INFO - Pass: GatesInBasis - 0.01812 (ms)
2025-07-25 04:32:19,999 - qiskit.passmanager.base_tasks - INFO - Pass: Depth - 0.02098 (ms)
2025-07-25 04:32:19,999 - qiskit.passmanager.base_tasks - INFO - Pass: Size - 0.00095 (ms)
2025-07-25 04:32:19,999 - qiskit.passmanager.base_tasks - INFO - Pass: MinimumPoint - 0.00215 (ms)
2025-07-25 04:32:20,000 - qiskit.passmanager.base_tasks - INFO - Pass: ContainsInstruction - 0.00310 (ms)
2025-07-25 04:32:20,000 - qiskit.passmanager.base_tasks - INFO - Pass: InstructionDurationCheck - 0.02599 (ms)
2025-07-25 04:45:09,863 - src.ProcessQaoa - INFO - Using p_level:: 1
2025-07-25 04:45:11,449 - src.ProcessQaoa - INFO - Using Real Hardware
2025-07-25 04:45:12,959 - qiskit.passmanager.base_tasks - INFO - Pass: ContainsInstruction - 0.16618 (ms)
2025-07-25 04:45:12,959 - qiskit.passmanager.base_tasks - INFO - Pass: UnitarySynthesis - 0.00596 (ms)
2025-07-25 04:45:12,975 - qiskit.passmanager.base_tasks - INFO - Pass: HighLevelSynthesis - 15.99216 (ms)
2025-07-25 04:45:12,976 - qiskit.passmanager.base_tasks - INFO - Pass: BasisTranslator - 0.53692 (ms)
2025-07-25 04:45:12,976 - qiskit.passmanager.base_tasks - INFO - Pass: ElidePermutations - 0.25606 (ms)
2025-07-25 04:45:12,976 - qiskit.passmanager.base_tasks - INFO - Pass: RemoveDiagonalGatesBeforeMeasure - 0.30518 (ms)
2025-07-25 04:45:12,976 - qiskit.passmanager.base_tasks - INFO - Pass: RemoveIdentityEquivalent - 0.00525 (ms)
2025-07-25 04:45:12,977 - qiskit.passmanager.base_tasks - INFO - Pass: InverseCancellation - 0.59700 (ms)
2025-07-25 04:45:12,977 - qiskit.passmanager.base_tasks - INFO - Pass: ContractIdleWiresInControlFlow - 0.00191 (ms)
2025-07-25 04:45:12,977 - qiskit.passmanager.base_tasks - INFO - Pass: CommutativeCancellation - 0.33259 (ms)
2025-07-25 04:45:12,977 - qiskit.passmanager.base_tasks - INFO - Pass: ConsolidateBlocks - 0.04387 (ms)
2025-07-25 04:45:12,977 - qiskit.passmanager.base_tasks - INFO - Pass: Split2QUnitaries - 0.00191 (ms)
2025-07-25 04:45:12,977 - qiskit.passmanager.base_tasks - INFO - Pass: SetLayout - 0.00310 (ms)
2025-07-25 04:45:12,980 - qiskit.passmanager.base_tasks - INFO - Pass: VF2Layout - 2.91920 (ms)
2025-07-25 04:45:12,981 - qiskit.passmanager.base_tasks - INFO - Pass: BarrierBeforeFinalMeasurements - 0.00501 (ms)
2025-07-25 04:45:13,008 - qiskit.passmanager.base_tasks - INFO - Pass: SabreLayout - 27.55690 (ms)
2025-07-25 04:45:13,008 - qiskit.passmanager.base_tasks - INFO - Pass: CheckMap - 0.02813 (ms)
2025-07-25 04:45:13,012 - qiskit.passmanager.base_tasks - INFO - Pass: VF2PostLayout - 3.48115 (ms)
2025-07-25 04:45:13,013 - qiskit.passmanager.base_tasks - INFO - Pass: ApplyLayout - 0.90194 (ms)
2025-07-25 04:45:13,013 - qiskit.passmanager.base_tasks - INFO - Pass: FilterOpNodes - 0.17571 (ms)
2025-07-25 04:45:13,013 - qiskit.passmanager.base_tasks - INFO - Pass: UnitarySynthesis - 0.00477 (ms)
2025-07-25 04:45:13,013 - qiskit.passmanager.base_tasks - INFO - Pass: HighLevelSynthesis - 0.05412 (ms)
2025-07-25 04:45:13,017 - qiskit.passmanager.base_tasks - INFO - Pass: BasisTranslator - 4.06790 (ms)
2025-07-25 04:45:13,017 - qiskit.passmanager.base_tasks - INFO - Pass: CheckGateDirection - 0.00668 (ms)
2025-07-25 04:45:13,020 - qiskit.passmanager.base_tasks - INFO - Pass: GateDirection - 2.32100 (ms)
2025-07-25 04:45:13,025 - qiskit.passmanager.base_tasks - INFO - Pass: BasisTranslator - 5.14507 (ms)
2025-07-25 04:45:13,026 - qiskit.passmanager.base_tasks - INFO - Pass: Depth - 0.77915 (ms)
2025-07-25 04:45:13,026 - qiskit.passmanager.base_tasks - INFO - Pass: Size - 0.00286 (ms)
2025-07-25 04:45:13,026 - qiskit.passmanager.base_tasks - INFO - Pass: MinimumPoint - 0.01097 (ms)
2025-07-25 04:45:13,027 - qiskit.passmanager.base_tasks - INFO - Pass: ConsolidateBlocks - 1.63507 (ms)
2025-07-25 04:45:13,030 - qiskit.passmanager.base_tasks - INFO - Pass: UnitarySynthesis - 2.90084 (ms)
2025-07-25 04:45:13,031 - qiskit.passmanager.base_tasks - INFO - Pass: RemoveIdentityEquivalent - 0.05198 (ms)
2025-07-25 04:45:13,032 - qiskit.passmanager.base_tasks - INFO - Pass: Optimize1qGatesDecomposition - 1.61004 (ms)
2025-07-25 04:45:13,033 - qiskit.passmanager.base_tasks - INFO - Pass: CommutativeCancellation - 1.04904 (ms)
2025-07-25 04:45:13,033 - qiskit.passmanager.base_tasks - INFO - Pass: ContractIdleWiresInControlFlow - 0.00095 (ms)
2025-07-25 04:45:13,033 - qiskit.passmanager.base_tasks - INFO - Pass: GatesInBasis - 0.11802 (ms)
2025-07-25 04:45:13,034 - qiskit.passmanager.base_tasks - INFO - Pass: Depth - 0.11778 (ms)
2025-07-25 04:45:13,034 - qiskit.passmanager.base_tasks - INFO - Pass: Size - 0.00095 (ms)
2025-07-25 04:45:13,050 - qiskit.passmanager.base_tasks - INFO - Pass: MinimumPoint - 16.49404 (ms)
2025-07-25 04:45:13,051 - qiskit.passmanager.base_tasks - INFO - Pass: ConsolidateBlocks - 0.94080 (ms)
2025-07-25 04:45:13,052 - qiskit.passmanager.base_tasks - INFO - Pass: UnitarySynthesis - 1.17397 (ms)
2025-07-25 04:45:13,052 - qiskit.passmanager.base_tasks - INFO - Pass: RemoveIdentityEquivalent - 0.03791 (ms)
2025-07-25 04:45:13,053 - qiskit.passmanager.base_tasks - INFO - Pass: Optimize1qGatesDecomposition - 0.26894 (ms)
2025-07-25 04:45:13,053 - qiskit.passmanager.base_tasks - INFO - Pass: CommutativeCancellation - 0.38791 (ms)
2025-07-25 04:45:13,053 - qiskit.passmanager.base_tasks - INFO - Pass: ContractIdleWiresInControlFlow - 0.00095 (ms)
2025-07-25 04:45:13,053 - qiskit.passmanager.base_tasks - INFO - Pass: GatesInBasis - 0.11206 (ms)
2025-07-25 04:45:13,053 - qiskit.passmanager.base_tasks - INFO - Pass: Depth - 0.09799 (ms)
2025-07-25 04:45:13,053 - qiskit.passmanager.base_tasks - INFO - Pass: Size - 0.00072 (ms)
2025-07-25 04:45:13,069 - qiskit.passmanager.base_tasks - INFO - Pass: MinimumPoint - 15.87915 (ms)
2025-07-25 04:45:13,070 - qiskit.passmanager.base_tasks - INFO - Pass: ConsolidateBlocks - 0.81682 (ms)
2025-07-25 04:45:13,071 - qiskit.passmanager.base_tasks - INFO - Pass: UnitarySynthesis - 0.53906 (ms)
2025-07-25 04:45:13,071 - qiskit.passmanager.base_tasks - INFO - Pass: RemoveIdentityEquivalent - 0.03505 (ms)
2025-07-25 04:45:13,071 - qiskit.passmanager.base_tasks - INFO - Pass: Optimize1qGatesDecomposition - 0.25392 (ms)
2025-07-25 04:45:13,071 - qiskit.passmanager.base_tasks - INFO - Pass: CommutativeCancellation - 0.29278 (ms)
2025-07-25 04:45:13,071 - qiskit.passmanager.base_tasks - INFO - Pass: ContractIdleWiresInControlFlow - 0.00191 (ms)
2025-07-25 04:45:13,071 - qiskit.passmanager.base_tasks - INFO - Pass: GatesInBasis - 0.10610 (ms)
2025-07-25 04:45:13,072 - qiskit.passmanager.base_tasks - INFO - Pass: Depth - 0.08917 (ms)
2025-07-25 04:45:13,072 - qiskit.passmanager.base_tasks - INFO - Pass: Size - 0.00095 (ms)
2025-07-25 04:45:13,087 - qiskit.passmanager.base_tasks - INFO - Pass: MinimumPoint - 15.49101 (ms)
2025-07-25 04:45:13,088 - qiskit.passmanager.base_tasks - INFO - Pass: ConsolidateBlocks - 0.78392 (ms)
2025-07-25 04:45:13,088 - qiskit.passmanager.base_tasks - INFO - Pass: UnitarySynthesis - 0.50688 (ms)
2025-07-25 04:45:13,089 - qiskit.passmanager.base_tasks - INFO - Pass: RemoveIdentityEquivalent - 0.03767 (ms)
2025-07-25 04:45:13,089 - qiskit.passmanager.base_tasks - INFO - Pass: Optimize1qGatesDecomposition - 0.24438 (ms)
2025-07-25 04:45:13,089 - qiskit.passmanager.base_tasks - INFO - Pass: CommutativeCancellation - 0.27585 (ms)
2025-07-25 04:45:13,089 - qiskit.passmanager.base_tasks - INFO - Pass: ContractIdleWiresInControlFlow - 0.00215 (ms)
2025-07-25 04:45:13,089 - qiskit.passmanager.base_tasks - INFO - Pass: GatesInBasis - 0.10610 (ms)
2025-07-25 04:45:13,089 - qiskit.passmanager.base_tasks - INFO - Pass: Depth - 0.08774 (ms)
2025-07-25 04:45:13,089 - qiskit.passmanager.base_tasks - INFO - Pass: Size - 0.00095 (ms)
2025-07-25 04:45:13,089 - qiskit.passmanager.base_tasks - INFO - Pass: MinimumPoint - 0.00310 (ms)
2025-07-25 04:45:13,090 - qiskit.passmanager.base_tasks - INFO - Pass: ConsolidateBlocks - 0.76580 (ms)
2025-07-25 04:45:13,091 - qiskit.passmanager.base_tasks - INFO - Pass: UnitarySynthesis - 0.48995 (ms)
2025-07-25 04:45:13,091 - qiskit.passmanager.base_tasks - INFO - Pass: RemoveIdentityEquivalent - 0.03314 (ms)
2025-07-25 04:45:13,091 - qiskit.passmanager.base_tasks - INFO - Pass: Optimize1qGatesDecomposition - 0.23794 (ms)
2025-07-25 04:45:13,091 - qiskit.passmanager.base_tasks - INFO - Pass: CommutativeCancellation - 0.27609 (ms)
2025-07-25 04:45:13,091 - qiskit.passmanager.base_tasks - INFO - Pass: ContractIdleWiresInControlFlow - 0.00072 (ms)
2025-07-25 04:45:13,091 - qiskit.passmanager.base_tasks - INFO - Pass: GatesInBasis - 0.10490 (ms)
2025-07-25 04:45:13,091 - qiskit.passmanager.base_tasks - INFO - Pass: Depth - 0.08702 (ms)
2025-07-25 04:45:13,092 - qiskit.passmanager.base_tasks - INFO - Pass: Size - 0.00095 (ms)
2025-07-25 04:45:13,092 - qiskit.passmanager.base_tasks - INFO - Pass: MinimumPoint - 0.00191 (ms)
2025-07-25 04:45:13,092 - qiskit.passmanager.base_tasks - INFO - Pass: ConsolidateBlocks - 0.75316 (ms)
2025-07-25 04:45:13,093 - qiskit.passmanager.base_tasks - INFO - Pass: UnitarySynthesis - 0.49615 (ms)
2025-07-25 04:45:13,093 - qiskit.passmanager.base_tasks - INFO - Pass: RemoveIdentityEquivalent - 0.03290 (ms)
2025-07-25 04:45:13,093 - qiskit.passmanager.base_tasks - INFO - Pass: Optimize1qGatesDecomposition - 0.24295 (ms)
2025-07-25 04:45:13,093 - qiskit.passmanager.base_tasks - INFO - Pass: CommutativeCancellation - 0.29016 (ms)
2025-07-25 04:45:13,093 - qiskit.passmanager.base_tasks - INFO - Pass: ContractIdleWiresInControlFlow - 0.00000 (ms)
2025-07-25 04:45:13,094 - qiskit.passmanager.base_tasks - INFO - Pass: GatesInBasis - 0.11182 (ms)
2025-07-25 04:45:13,094 - qiskit.passmanager.base_tasks - INFO - Pass: Depth - 0.09608 (ms)
2025-07-25 04:45:13,094 - qiskit.passmanager.base_tasks - INFO - Pass: Size - 0.00095 (ms)
2025-07-25 04:45:13,094 - qiskit.passmanager.base_tasks - INFO - Pass: MinimumPoint - 0.00095 (ms)
2025-07-25 04:45:13,094 - qiskit.passmanager.base_tasks - INFO - Pass: ConsolidateBlocks - 0.76294 (ms)
2025-07-25 04:45:13,095 - qiskit.passmanager.base_tasks - INFO - Pass: UnitarySynthesis - 0.49734 (ms)
2025-07-25 04:45:13,095 - qiskit.passmanager.base_tasks - INFO - Pass: RemoveIdentityEquivalent - 0.03290 (ms)
2025-07-25 04:45:13,095 - qiskit.passmanager.base_tasks - INFO - Pass: Optimize1qGatesDecomposition - 0.23913 (ms)
2025-07-25 04:45:13,096 - qiskit.passmanager.base_tasks - INFO - Pass: CommutativeCancellation - 0.25916 (ms)
2025-07-25 04:45:13,096 - qiskit.passmanager.base_tasks - INFO - Pass: ContractIdleWiresInControlFlow - 0.00119 (ms)
2025-07-25 04:45:13,096 - qiskit.passmanager.base_tasks - INFO - Pass: GatesInBasis - 0.10610 (ms)
2025-07-25 04:45:13,096 - qiskit.passmanager.base_tasks - INFO - Pass: Depth - 0.08607 (ms)
2025-07-25 04:45:13,096 - qiskit.passmanager.base_tasks - INFO - Pass: Size - 0.00095 (ms)
2025-07-25 04:45:13,096 - qiskit.passmanager.base_tasks - INFO - Pass: MinimumPoint - 0.00215 (ms)
2025-07-25 04:45:13,096 - qiskit.passmanager.base_tasks - INFO - Pass: ContainsInstruction - 0.00381 (ms)
2025-07-25 04:45:13,096 - qiskit.passmanager.base_tasks - INFO - Pass: InstructionDurationCheck - 0.12112 (ms)
