2025-08-07 17:38:48,634 - root - INFO - ++++++++++++++++ Starting at 2025-08-07 17:38:48.634375 +++++++++++++++++
2025-08-07 17:38:48,634 - src.ProcessQaoa - INFO - Using p_level:: 1
2025-08-07 17:38:50,470 - src.ProcessQaoa - INFO - Using Real Hardware
2025-08-07 17:38:52,585 - qiskit.passmanager.base_tasks - INFO - Pass: ContainsInstruction - 0.01931 (ms)
2025-08-07 17:38:52,585 - qiskit.passmanager.base_tasks - INFO - Pass: UnitarySynthesis - 0.00405 (ms)
2025-08-07 17:38:52,588 - qiskit.passmanager.base_tasks - INFO - Pass: HighLevelSynthesis - 3.10087 (ms)
2025-08-07 17:38:52,588 - qiskit.passmanager.base_tasks - INFO - Pass: BasisTranslator - 0.01788 (ms)
2025-08-07 17:38:52,588 - qiskit.passmanager.base_tasks - INFO - Pass: ElidePermutations - 0.00381 (ms)
2025-08-07 17:38:52,588 - qiskit.passmanager.base_tasks - INFO - Pass: RemoveDiagonalGatesBeforeMeasure - 0.18311 (ms)
2025-08-07 17:38:52,588 - qiskit.passmanager.base_tasks - INFO - Pass: RemoveIdentityEquivalent - 0.00215 (ms)
2025-08-07 17:38:52,589 - qiskit.passmanager.base_tasks - INFO - Pass: InverseCancellation - 0.11492 (ms)
2025-08-07 17:38:52,589 - qiskit.passmanager.base_tasks - INFO - Pass: ContractIdleWiresInControlFlow - 0.00095 (ms)
2025-08-07 17:38:52,589 - qiskit.passmanager.base_tasks - INFO - Pass: CommutativeCancellation - 0.05603 (ms)
2025-08-07 17:38:52,589 - qiskit.passmanager.base_tasks - INFO - Pass: ConsolidateBlocks - 0.04911 (ms)
2025-08-07 17:38:52,589 - qiskit.passmanager.base_tasks - INFO - Pass: Split2QUnitaries - 0.13399 (ms)
2025-08-07 17:38:52,589 - qiskit.passmanager.base_tasks - INFO - Pass: SetLayout - 0.00191 (ms)
2025-08-07 17:38:52,590 - qiskit.passmanager.base_tasks - INFO - Pass: VF2Layout - 1.54805 (ms)
2025-08-07 17:38:52,590 - qiskit.passmanager.base_tasks - INFO - Pass: BarrierBeforeFinalMeasurements - 0.00286 (ms)
2025-08-07 17:38:52,596 - qiskit.passmanager.base_tasks - INFO - Pass: SabreLayout - 5.71394 (ms)
2025-08-07 17:38:52,596 - qiskit.passmanager.base_tasks - INFO - Pass: CheckMap - 0.02360 (ms)
2025-08-07 17:38:52,599 - qiskit.passmanager.base_tasks - INFO - Pass: VF2PostLayout - 2.62976 (ms)
2025-08-07 17:38:52,599 - qiskit.passmanager.base_tasks - INFO - Pass: ApplyLayout - 0.44799 (ms)
2025-08-07 17:38:52,600 - qiskit.passmanager.base_tasks - INFO - Pass: FilterOpNodes - 0.16093 (ms)
2025-08-07 17:38:52,600 - qiskit.passmanager.base_tasks - INFO - Pass: UnitarySynthesis - 0.00310 (ms)
2025-08-07 17:38:52,600 - qiskit.passmanager.base_tasks - INFO - Pass: HighLevelSynthesis - 0.01001 (ms)
2025-08-07 17:38:52,601 - qiskit.passmanager.base_tasks - INFO - Pass: BasisTranslator - 0.83303 (ms)
2025-08-07 17:38:52,601 - qiskit.passmanager.base_tasks - INFO - Pass: CheckGateDirection - 0.00286 (ms)
2025-08-07 17:38:52,601 - qiskit.passmanager.base_tasks - INFO - Pass: GateDirection - 0.14377 (ms)
2025-08-07 17:38:52,601 - qiskit.passmanager.base_tasks - INFO - Pass: BasisTranslator - 0.51808 (ms)
2025-08-07 17:38:52,601 - qiskit.passmanager.base_tasks - INFO - Pass: Depth - 0.04411 (ms)
2025-08-07 17:38:52,601 - qiskit.passmanager.base_tasks - INFO - Pass: Size - 0.00095 (ms)
2025-08-07 17:38:52,601 - qiskit.passmanager.base_tasks - INFO - Pass: MinimumPoint - 0.00381 (ms)
2025-08-07 17:38:52,602 - qiskit.passmanager.base_tasks - INFO - Pass: ConsolidateBlocks - 0.87500 (ms)
2025-08-07 17:38:52,604 - qiskit.passmanager.base_tasks - INFO - Pass: UnitarySynthesis - 1.52683 (ms)
2025-08-07 17:38:52,604 - qiskit.passmanager.base_tasks - INFO - Pass: RemoveIdentityEquivalent - 0.00906 (ms)
2025-08-07 17:38:52,604 - qiskit.passmanager.base_tasks - INFO - Pass: Optimize1qGatesDecomposition - 0.30208 (ms)
2025-08-07 17:38:52,604 - qiskit.passmanager.base_tasks - INFO - Pass: CommutativeCancellation - 0.15473 (ms)
2025-08-07 17:38:52,604 - qiskit.passmanager.base_tasks - INFO - Pass: ContractIdleWiresInControlFlow - 0.00095 (ms)
2025-08-07 17:38:52,604 - qiskit.passmanager.base_tasks - INFO - Pass: GatesInBasis - 0.02193 (ms)
2025-08-07 17:38:52,604 - qiskit.passmanager.base_tasks - INFO - Pass: Depth - 0.02503 (ms)
2025-08-07 17:38:52,604 - qiskit.passmanager.base_tasks - INFO - Pass: Size - 0.00095 (ms)
2025-08-07 17:38:52,637 - qiskit.passmanager.base_tasks - INFO - Pass: MinimumPoint - 32.28593 (ms)
2025-08-07 17:38:52,637 - qiskit.passmanager.base_tasks - INFO - Pass: ConsolidateBlocks - 0.32592 (ms)
2025-08-07 17:38:52,637 - qiskit.passmanager.base_tasks - INFO - Pass: UnitarySynthesis - 0.19503 (ms)
2025-08-07 17:38:52,637 - qiskit.passmanager.base_tasks - INFO - Pass: RemoveIdentityEquivalent - 0.00715 (ms)
2025-08-07 17:38:52,637 - qiskit.passmanager.base_tasks - INFO - Pass: Optimize1qGatesDecomposition - 0.04911 (ms)
2025-08-07 17:38:52,638 - qiskit.passmanager.base_tasks - INFO - Pass: CommutativeCancellation - 0.08011 (ms)
2025-08-07 17:38:52,638 - qiskit.passmanager.base_tasks - INFO - Pass: ContractIdleWiresInControlFlow - 0.00000 (ms)
2025-08-07 17:38:52,638 - qiskit.passmanager.base_tasks - INFO - Pass: GatesInBasis - 0.01669 (ms)
2025-08-07 17:38:52,638 - qiskit.passmanager.base_tasks - INFO - Pass: Depth - 0.02003 (ms)
2025-08-07 17:38:52,638 - qiskit.passmanager.base_tasks - INFO - Pass: Size - 0.00119 (ms)
2025-08-07 17:38:52,641 - qiskit.passmanager.base_tasks - INFO - Pass: MinimumPoint - 3.06106 (ms)
2025-08-07 17:38:52,641 - qiskit.passmanager.base_tasks - INFO - Pass: ConsolidateBlocks - 0.13185 (ms)
2025-08-07 17:38:52,641 - qiskit.passmanager.base_tasks - INFO - Pass: UnitarySynthesis - 0.00262 (ms)
2025-08-07 17:38:52,641 - qiskit.passmanager.base_tasks - INFO - Pass: RemoveIdentityEquivalent - 0.00477 (ms)
2025-08-07 17:38:52,641 - qiskit.passmanager.base_tasks - INFO - Pass: Optimize1qGatesDecomposition - 0.04387 (ms)
2025-08-07 17:38:52,641 - qiskit.passmanager.base_tasks - INFO - Pass: CommutativeCancellation - 0.06700 (ms)
2025-08-07 17:38:52,641 - qiskit.passmanager.base_tasks - INFO - Pass: ContractIdleWiresInControlFlow - 0.00119 (ms)
2025-08-07 17:38:52,641 - qiskit.passmanager.base_tasks - INFO - Pass: GatesInBasis - 0.01788 (ms)
2025-08-07 17:38:52,641 - qiskit.passmanager.base_tasks - INFO - Pass: Depth - 0.02003 (ms)
2025-08-07 17:38:52,641 - qiskit.passmanager.base_tasks - INFO - Pass: Size - 0.00095 (ms)
2025-08-07 17:38:52,641 - qiskit.passmanager.base_tasks - INFO - Pass: MinimumPoint - 0.00310 (ms)
2025-08-07 17:38:52,641 - qiskit.passmanager.base_tasks - INFO - Pass: ContainsInstruction - 0.00310 (ms)
2025-08-07 17:38:52,641 - qiskit.passmanager.base_tasks - INFO - Pass: InstructionDurationCheck - 0.02503 (ms)
