2025-08-04 20:45:31,172 - root - INFO - ++++++++++++++++ Starting at 2025-08-04 20:45:31.172882 +++++++++++++++++
2025-08-04 20:45:31,172 - src.ProcessQaoa - INFO - Using p_level:: 1
2025-08-04 20:45:34,410 - src.ProcessQaoa - INFO - Using Simulator
2025-08-04 20:45:36,919 - qiskit.passmanager.base_tasks - INFO - Pass: ContainsInstruction - 0.12279 (ms)
2025-08-04 20:45:36,920 - qiskit.passmanager.base_tasks - INFO - Pass: UnitarySynthesis - 0.00286 (ms)
2025-08-04 20:45:36,926 - qiskit.passmanager.base_tasks - INFO - Pass: HighLevelSynthesis - 6.20699 (ms)
2025-08-04 20:45:36,926 - qiskit.passmanager.base_tasks - INFO - Pass: BasisTranslator - 0.01717 (ms)
2025-08-04 20:45:36,926 - qiskit.passmanager.base_tasks - INFO - Pass: ElidePermutations - 0.00310 (ms)
2025-08-04 20:45:36,926 - qiskit.passmanager.base_tasks - INFO - Pass: RemoveDiagonalGatesBeforeMeasure - 0.19503 (ms)
2025-08-04 20:45:36,926 - qiskit.passmanager.base_tasks - INFO - Pass: RemoveIdentityEquivalent - 0.00286 (ms)
2025-08-04 20:45:36,927 - qiskit.passmanager.base_tasks - INFO - Pass: InverseCancellation - 0.75912 (ms)
2025-08-04 20:45:36,927 - qiskit.passmanager.base_tasks - INFO - Pass: ContractIdleWiresInControlFlow - 0.00000 (ms)
2025-08-04 20:45:36,927 - qiskit.passmanager.base_tasks - INFO - Pass: CommutativeCancellation - 0.07176 (ms)
2025-08-04 20:45:36,927 - qiskit.passmanager.base_tasks - INFO - Pass: ConsolidateBlocks - 0.04673 (ms)
2025-08-04 20:45:36,927 - qiskit.passmanager.base_tasks - INFO - Pass: Split2QUnitaries - 0.03004 (ms)
2025-08-04 20:45:36,927 - qiskit.passmanager.base_tasks - INFO - Pass: SetLayout - 0.00191 (ms)
2025-08-04 20:45:36,929 - qiskit.passmanager.base_tasks - INFO - Pass: VF2Layout - 2.09212 (ms)
2025-08-04 20:45:36,929 - qiskit.passmanager.base_tasks - INFO - Pass: BarrierBeforeFinalMeasurements - 0.00310 (ms)
2025-08-04 20:45:36,948 - qiskit.passmanager.base_tasks - INFO - Pass: SabreLayout - 18.25595 (ms)
2025-08-04 20:45:36,948 - qiskit.passmanager.base_tasks - INFO - Pass: CheckMap - 0.01931 (ms)
2025-08-04 20:45:36,950 - qiskit.passmanager.base_tasks - INFO - Pass: VF2PostLayout - 2.81310 (ms)
2025-08-04 20:45:36,951 - qiskit.passmanager.base_tasks - INFO - Pass: ApplyLayout - 0.63515 (ms)
2025-08-04 20:45:36,951 - qiskit.passmanager.base_tasks - INFO - Pass: FilterOpNodes - 0.08893 (ms)
2025-08-04 20:45:36,951 - qiskit.passmanager.base_tasks - INFO - Pass: UnitarySynthesis - 0.00310 (ms)
2025-08-04 20:45:36,951 - qiskit.passmanager.base_tasks - INFO - Pass: HighLevelSynthesis - 0.02193 (ms)
2025-08-04 20:45:36,953 - qiskit.passmanager.base_tasks - INFO - Pass: BasisTranslator - 1.27006 (ms)
2025-08-04 20:45:36,953 - qiskit.passmanager.base_tasks - INFO - Pass: CheckGateDirection - 0.00381 (ms)
2025-08-04 20:45:36,954 - qiskit.passmanager.base_tasks - INFO - Pass: GateDirection - 1.52612 (ms)
2025-08-04 20:45:36,959 - qiskit.passmanager.base_tasks - INFO - Pass: BasisTranslator - 4.85301 (ms)
2025-08-04 20:45:36,959 - qiskit.passmanager.base_tasks - INFO - Pass: Depth - 0.33712 (ms)
2025-08-04 20:45:36,959 - qiskit.passmanager.base_tasks - INFO - Pass: Size - 0.00215 (ms)
2025-08-04 20:45:36,959 - qiskit.passmanager.base_tasks - INFO - Pass: MinimumPoint - 0.00525 (ms)
2025-08-04 20:45:36,961 - qiskit.passmanager.base_tasks - INFO - Pass: ConsolidateBlocks - 1.93214 (ms)
2025-08-04 20:45:36,964 - qiskit.passmanager.base_tasks - INFO - Pass: UnitarySynthesis - 2.61688 (ms)
2025-08-04 20:45:36,964 - qiskit.passmanager.base_tasks - INFO - Pass: RemoveIdentityEquivalent - 0.04506 (ms)
2025-08-04 20:45:36,966 - qiskit.passmanager.base_tasks - INFO - Pass: Optimize1qGatesDecomposition - 1.63817 (ms)
2025-08-04 20:45:36,967 - qiskit.passmanager.base_tasks - INFO - Pass: CommutativeCancellation - 1.09076 (ms)
2025-08-04 20:45:36,967 - qiskit.passmanager.base_tasks - INFO - Pass: ContractIdleWiresInControlFlow - 0.00095 (ms)
2025-08-04 20:45:36,967 - qiskit.passmanager.base_tasks - INFO - Pass: GatesInBasis - 0.10705 (ms)
2025-08-04 20:45:36,967 - qiskit.passmanager.base_tasks - INFO - Pass: Depth - 0.10300 (ms)
2025-08-04 20:45:36,967 - qiskit.passmanager.base_tasks - INFO - Pass: Size - 0.00095 (ms)
2025-08-04 20:45:36,983 - qiskit.passmanager.base_tasks - INFO - Pass: MinimumPoint - 16.20913 (ms)
2025-08-04 20:45:36,984 - qiskit.passmanager.base_tasks - INFO - Pass: ConsolidateBlocks - 0.78201 (ms)
2025-08-04 20:45:36,985 - qiskit.passmanager.base_tasks - INFO - Pass: UnitarySynthesis - 0.56505 (ms)
2025-08-04 20:45:36,985 - qiskit.passmanager.base_tasks - INFO - Pass: RemoveIdentityEquivalent - 0.03505 (ms)
2025-08-04 20:45:36,985 - qiskit.passmanager.base_tasks - INFO - Pass: Optimize1qGatesDecomposition - 0.25296 (ms)
2025-08-04 20:45:36,986 - qiskit.passmanager.base_tasks - INFO - Pass: CommutativeCancellation - 0.33498 (ms)
2025-08-04 20:45:36,986 - qiskit.passmanager.base_tasks - INFO - Pass: ContractIdleWiresInControlFlow - 0.00095 (ms)
2025-08-04 20:45:36,986 - qiskit.passmanager.base_tasks - INFO - Pass: GatesInBasis - 0.10490 (ms)
2025-08-04 20:45:36,986 - qiskit.passmanager.base_tasks - INFO - Pass: Depth - 0.08893 (ms)
2025-08-04 20:45:36,986 - qiskit.passmanager.base_tasks - INFO - Pass: Size - 0.00119 (ms)
2025-08-04 20:45:37,001 - qiskit.passmanager.base_tasks - INFO - Pass: MinimumPoint - 15.41615 (ms)
2025-08-04 20:45:37,002 - qiskit.passmanager.base_tasks - INFO - Pass: ConsolidateBlocks - 0.75603 (ms)
2025-08-04 20:45:37,002 - qiskit.passmanager.base_tasks - INFO - Pass: UnitarySynthesis - 0.45395 (ms)
2025-08-04 20:45:37,003 - qiskit.passmanager.base_tasks - INFO - Pass: RemoveIdentityEquivalent - 0.03386 (ms)
2025-08-04 20:45:37,003 - qiskit.passmanager.base_tasks - INFO - Pass: Optimize1qGatesDecomposition - 0.25177 (ms)
2025-08-04 20:45:37,003 - qiskit.passmanager.base_tasks - INFO - Pass: CommutativeCancellation - 0.29325 (ms)
2025-08-04 20:45:37,003 - qiskit.passmanager.base_tasks - INFO - Pass: ContractIdleWiresInControlFlow - 0.00119 (ms)
2025-08-04 20:45:37,003 - qiskit.passmanager.base_tasks - INFO - Pass: GatesInBasis - 0.10800 (ms)
2025-08-04 20:45:37,003 - qiskit.passmanager.base_tasks - INFO - Pass: Depth - 0.08821 (ms)
2025-08-04 20:45:37,003 - qiskit.passmanager.base_tasks - INFO - Pass: Size - 0.00119 (ms)
2025-08-04 20:45:37,019 - qiskit.passmanager.base_tasks - INFO - Pass: MinimumPoint - 15.14912 (ms)
2025-08-04 20:45:37,019 - qiskit.passmanager.base_tasks - INFO - Pass: ConsolidateBlocks - 0.78535 (ms)
2025-08-04 20:45:37,020 - qiskit.passmanager.base_tasks - INFO - Pass: UnitarySynthesis - 0.45490 (ms)
2025-08-04 20:45:37,020 - qiskit.passmanager.base_tasks - INFO - Pass: RemoveIdentityEquivalent - 0.03362 (ms)
2025-08-04 20:45:37,020 - qiskit.passmanager.base_tasks - INFO - Pass: Optimize1qGatesDecomposition - 0.24486 (ms)
2025-08-04 20:45:37,020 - qiskit.passmanager.base_tasks - INFO - Pass: CommutativeCancellation - 0.27084 (ms)
2025-08-04 20:45:37,020 - qiskit.passmanager.base_tasks - INFO - Pass: ContractIdleWiresInControlFlow - 0.00119 (ms)
2025-08-04 20:45:37,021 - qiskit.passmanager.base_tasks - INFO - Pass: GatesInBasis - 0.10490 (ms)
2025-08-04 20:45:37,021 - qiskit.passmanager.base_tasks - INFO - Pass: Depth - 0.08678 (ms)
2025-08-04 20:45:37,021 - qiskit.passmanager.base_tasks - INFO - Pass: Size - 0.00000 (ms)
2025-08-04 20:45:37,021 - qiskit.passmanager.base_tasks - INFO - Pass: MinimumPoint - 0.00310 (ms)
2025-08-04 20:45:37,021 - qiskit.passmanager.base_tasks - INFO - Pass: ContainsInstruction - 0.00596 (ms)
2025-08-04 20:45:37,021 - qiskit.passmanager.base_tasks - INFO - Pass: InstructionDurationCheck - 0.12374 (ms)
2025-08-04 20:45:37,465 - qiskit.passmanager.base_tasks - INFO - Pass: Optimize1qGatesDecomposition - 0.01502 (ms)
2025-08-04 20:45:38,490 - qiskit.passmanager.base_tasks - INFO - Pass: Optimize1qGatesDecomposition - 0.01693 (ms)
2025-08-04 20:45:39,529 - qiskit.passmanager.base_tasks - INFO - Pass: Optimize1qGatesDecomposition - 0.01574 (ms)
2025-08-04 20:45:40,668 - qiskit.passmanager.base_tasks - INFO - Pass: Optimize1qGatesDecomposition - 0.01597 (ms)
2025-08-04 20:45:41,750 - qiskit.passmanager.base_tasks - INFO - Pass: Optimize1qGatesDecomposition - 0.01478 (ms)
2025-08-04 20:45:42,753 - qiskit.passmanager.base_tasks - INFO - Pass: Optimize1qGatesDecomposition - 0.01502 (ms)
2025-08-04 20:45:43,895 - qiskit.passmanager.base_tasks - INFO - Pass: Optimize1qGatesDecomposition - 0.01597 (ms)
2025-08-04 20:45:44,918 - qiskit.passmanager.base_tasks - INFO - Pass: Optimize1qGatesDecomposition - 0.01597 (ms)
2025-08-04 20:45:45,969 - qiskit.passmanager.base_tasks - INFO - Pass: Optimize1qGatesDecomposition - 0.01597 (ms)
2025-08-04 20:45:47,108 - qiskit.passmanager.base_tasks - INFO - Pass: Optimize1qGatesDecomposition - 0.01574 (ms)
2025-08-04 20:45:48,192 - qiskit.passmanager.base_tasks - INFO - Pass: Optimize1qGatesDecomposition - 0.01478 (ms)
2025-08-04 20:45:49,268 - qiskit.passmanager.base_tasks - INFO - Pass: Optimize1qGatesDecomposition - 0.01502 (ms)
2025-08-04 20:45:50,361 - qiskit.passmanager.base_tasks - INFO - Pass: Optimize1qGatesDecomposition - 0.01621 (ms)
2025-08-04 20:45:51,459 - qiskit.passmanager.base_tasks - INFO - Pass: Optimize1qGatesDecomposition - 0.01717 (ms)
2025-08-04 20:45:52,502 - qiskit.passmanager.base_tasks - INFO - Pass: Optimize1qGatesDecomposition - 0.01693 (ms)
2025-08-04 20:45:53,650 - qiskit.passmanager.base_tasks - INFO - Pass: Optimize1qGatesDecomposition - 0.01574 (ms)
2025-08-04 20:45:54,681 - qiskit.passmanager.base_tasks - INFO - Pass: Optimize1qGatesDecomposition - 0.01597 (ms)
2025-08-04 20:45:55,737 - qiskit.passmanager.base_tasks - INFO - Pass: Optimize1qGatesDecomposition - 0.01502 (ms)
2025-08-04 20:45:56,878 - qiskit.passmanager.base_tasks - INFO - Pass: Optimize1qGatesDecomposition - 0.01693 (ms)
2025-08-04 20:45:57,955 - qiskit.passmanager.base_tasks - INFO - Pass: Optimize1qGatesDecomposition - 0.01621 (ms)
2025-08-04 20:45:59,042 - qiskit.passmanager.base_tasks - INFO - Pass: Optimize1qGatesDecomposition - 0.01621 (ms)
2025-08-04 20:46:00,056 - qiskit.passmanager.base_tasks - INFO - Pass: Optimize1qGatesDecomposition - 0.01621 (ms)
2025-08-04 20:46:01,195 - qiskit.passmanager.base_tasks - INFO - Pass: Optimize1qGatesDecomposition - 0.01621 (ms)
2025-08-04 20:46:02,274 - qiskit.passmanager.base_tasks - INFO - Pass: Optimize1qGatesDecomposition - 0.01478 (ms)
2025-08-04 20:46:03,359 - qiskit.passmanager.base_tasks - INFO - Pass: Optimize1qGatesDecomposition - 0.01574 (ms)
2025-08-04 20:46:04,462 - qiskit.passmanager.base_tasks - INFO - Pass: Optimize1qGatesDecomposition - 0.01621 (ms)
2025-08-04 20:46:05,491 - qiskit.passmanager.base_tasks - INFO - Pass: Optimize1qGatesDecomposition - 0.01502 (ms)
2025-08-04 20:46:06,628 - qiskit.passmanager.base_tasks - INFO - Pass: Optimize1qGatesDecomposition - 0.01597 (ms)
2025-08-04 20:46:07,647 - qiskit.passmanager.base_tasks - INFO - Pass: Optimize1qGatesDecomposition - 0.01621 (ms)
2025-08-04 20:46:08,703 - qiskit.passmanager.base_tasks - INFO - Pass: Optimize1qGatesDecomposition - 0.01597 (ms)
2025-08-04 20:46:09,837 - qiskit.passmanager.base_tasks - INFO - Pass: Optimize1qGatesDecomposition - 0.01574 (ms)
2025-08-04 20:46:10,911 - qiskit.passmanager.base_tasks - INFO - Pass: Optimize1qGatesDecomposition - 0.01502 (ms)
2025-08-04 20:46:11,995 - qiskit.passmanager.base_tasks - INFO - Pass: Optimize1qGatesDecomposition - 0.01502 (ms)
2025-08-04 20:46:13,061 - qiskit.passmanager.base_tasks - INFO - Pass: Optimize1qGatesDecomposition - 0.01788 (ms)
2025-08-04 20:46:14,256 - qiskit.passmanager.base_tasks - INFO - Pass: Optimize1qGatesDecomposition - 0.01621 (ms)
