2025-07-25 01:46:13,398 - root - INFO - ++++++++++++++++ Starting at 2025-07-25 01:46:13.398046 +++++++++++++++++
2025-07-25 01:46:13,398 - src.ProcessQaoa - INFO - Using p_level:: 1
2025-07-25 01:46:15,306 - src.ProcessQaoa - INFO - Using Real Hardware
2025-07-25 01:46:16,493 - qiskit.passmanager.base_tasks - INFO - Pass: ContainsInstruction - 0.01693 (ms)
2025-07-25 01:46:16,493 - qiskit.passmanager.base_tasks - INFO - Pass: UnitarySynthesis - 0.00310 (ms)
2025-07-25 01:46:16,544 - qiskit.passmanager.base_tasks - INFO - Pass: HighLevelSynthesis - 50.63701 (ms)
2025-07-25 01:46:16,544 - qiskit.passmanager.base_tasks - INFO - Pass: BasisTranslator - 0.04196 (ms)
2025-07-25 01:46:16,544 - qiskit.passmanager.base_tasks - INFO - Pass: ElidePermutations - 0.00429 (ms)
2025-07-25 01:46:16,544 - qiskit.passmanager.base_tasks - INFO - Pass: RemoveDiagonalGatesBeforeMeasure - 0.01502 (ms)
2025-07-25 01:46:16,544 - qiskit.passmanager.base_tasks - INFO - Pass: RemoveIdentityEquivalent - 0.00477 (ms)
2025-07-25 01:46:16,544 - qiskit.passmanager.base_tasks - INFO - Pass: InverseCancellation - 0.11492 (ms)
2025-07-25 01:46:16,544 - qiskit.passmanager.base_tasks - INFO - Pass: ContractIdleWiresInControlFlow - 0.00095 (ms)
2025-07-25 01:46:16,544 - qiskit.passmanager.base_tasks - INFO - Pass: CommutativeCancellation - 0.15497 (ms)
2025-07-25 01:46:16,544 - qiskit.passmanager.base_tasks - INFO - Pass: ConsolidateBlocks - 0.08488 (ms)
2025-07-25 01:46:16,544 - qiskit.passmanager.base_tasks - INFO - Pass: Split2QUnitaries - 0.01001 (ms)
2025-07-25 01:46:16,544 - qiskit.passmanager.base_tasks - INFO - Pass: SetLayout - 0.00191 (ms)
2025-07-25 01:46:16,546 - qiskit.passmanager.base_tasks - INFO - Pass: VF2Layout - 1.66488 (ms)
2025-07-25 01:46:16,546 - qiskit.passmanager.base_tasks - INFO - Pass: BarrierBeforeFinalMeasurements - 0.00310 (ms)
2025-07-25 01:46:16,677 - qiskit.passmanager.base_tasks - INFO - Pass: SabreLayout - 130.49603 (ms)
2025-07-25 01:46:16,677 - qiskit.passmanager.base_tasks - INFO - Pass: CheckMap - 0.03219 (ms)
2025-07-25 01:46:16,685 - qiskit.passmanager.base_tasks - INFO - Pass: VF2PostLayout - 8.33035 (ms)
2025-07-25 01:46:16,687 - qiskit.passmanager.base_tasks - INFO - Pass: ApplyLayout - 2.09188 (ms)
2025-07-25 01:46:16,687 - qiskit.passmanager.base_tasks - INFO - Pass: FilterOpNodes - 0.27680 (ms)
2025-07-25 01:46:16,688 - qiskit.passmanager.base_tasks - INFO - Pass: UnitarySynthesis - 0.00405 (ms)
2025-07-25 01:46:16,688 - qiskit.passmanager.base_tasks - INFO - Pass: HighLevelSynthesis - 0.10014 (ms)
2025-07-25 01:46:16,695 - qiskit.passmanager.base_tasks - INFO - Pass: BasisTranslator - 7.08818 (ms)
2025-07-25 01:46:16,695 - qiskit.passmanager.base_tasks - INFO - Pass: CheckGateDirection - 0.00596 (ms)
2025-07-25 01:46:16,712 - qiskit.passmanager.base_tasks - INFO - Pass: GateDirection - 16.79897 (ms)
2025-07-25 01:46:16,828 - qiskit.passmanager.base_tasks - INFO - Pass: BasisTranslator - 116.72282 (ms)
2025-07-25 01:46:16,830 - qiskit.passmanager.base_tasks - INFO - Pass: Depth - 1.27220 (ms)
2025-07-25 01:46:16,830 - qiskit.passmanager.base_tasks - INFO - Pass: Size - 0.00286 (ms)
2025-07-25 01:46:16,830 - qiskit.passmanager.base_tasks - INFO - Pass: MinimumPoint - 0.00715 (ms)
2025-07-25 01:46:16,838 - qiskit.passmanager.base_tasks - INFO - Pass: ConsolidateBlocks - 7.98202 (ms)
2025-07-25 01:46:16,865 - qiskit.passmanager.base_tasks - INFO - Pass: UnitarySynthesis - 26.84784 (ms)
2025-07-25 01:46:16,865 - qiskit.passmanager.base_tasks - INFO - Pass: RemoveIdentityEquivalent - 0.30327 (ms)
2025-07-25 01:46:16,907 - qiskit.passmanager.base_tasks - INFO - Pass: Optimize1qGatesDecomposition - 41.53705 (ms)
2025-07-25 01:46:16,928 - qiskit.passmanager.base_tasks - INFO - Pass: CommutativeCancellation - 20.64419 (ms)
2025-07-25 01:46:16,928 - qiskit.passmanager.base_tasks - INFO - Pass: ContractIdleWiresInControlFlow - 0.00310 (ms)
2025-07-25 01:46:16,929 - qiskit.passmanager.base_tasks - INFO - Pass: GatesInBasis - 0.80633 (ms)
2025-07-25 01:46:16,930 - qiskit.passmanager.base_tasks - INFO - Pass: Depth - 0.93102 (ms)
2025-07-25 01:46:16,930 - qiskit.passmanager.base_tasks - INFO - Pass: Size - 0.00215 (ms)
2025-07-25 01:46:17,073 - qiskit.passmanager.base_tasks - INFO - Pass: MinimumPoint - 143.83721 (ms)
2025-07-25 01:46:17,079 - qiskit.passmanager.base_tasks - INFO - Pass: ConsolidateBlocks - 5.90110 (ms)
2025-07-25 01:46:17,087 - qiskit.passmanager.base_tasks - INFO - Pass: UnitarySynthesis - 7.08318 (ms)
2025-07-25 01:46:17,087 - qiskit.passmanager.base_tasks - INFO - Pass: RemoveIdentityEquivalent - 0.24080 (ms)
2025-07-25 01:46:17,089 - qiskit.passmanager.base_tasks - INFO - Pass: Optimize1qGatesDecomposition - 1.88589 (ms)
2025-07-25 01:46:17,093 - qiskit.passmanager.base_tasks - INFO - Pass: CommutativeCancellation - 4.47392 (ms)
2025-07-25 01:46:17,093 - qiskit.passmanager.base_tasks - INFO - Pass: ContractIdleWiresInControlFlow - 0.00119 (ms)
2025-07-25 01:46:17,094 - qiskit.passmanager.base_tasks - INFO - Pass: GatesInBasis - 0.74911 (ms)
2025-07-25 01:46:17,095 - qiskit.passmanager.base_tasks - INFO - Pass: Depth - 0.63729 (ms)
2025-07-25 01:46:17,095 - qiskit.passmanager.base_tasks - INFO - Pass: Size - 0.00215 (ms)
2025-07-25 01:46:17,243 - qiskit.passmanager.base_tasks - INFO - Pass: MinimumPoint - 147.96901 (ms)
2025-07-25 01:46:17,249 - qiskit.passmanager.base_tasks - INFO - Pass: ConsolidateBlocks - 5.83386 (ms)
2025-07-25 01:46:17,254 - qiskit.passmanager.base_tasks - INFO - Pass: UnitarySynthesis - 5.54228 (ms)
2025-07-25 01:46:17,255 - qiskit.passmanager.base_tasks - INFO - Pass: RemoveIdentityEquivalent - 0.27084 (ms)
2025-07-25 01:46:17,257 - qiskit.passmanager.base_tasks - INFO - Pass: Optimize1qGatesDecomposition - 2.18010 (ms)
2025-07-25 01:46:17,260 - qiskit.passmanager.base_tasks - INFO - Pass: CommutativeCancellation - 2.96497 (ms)
2025-07-25 01:46:17,260 - qiskit.passmanager.base_tasks - INFO - Pass: ContractIdleWiresInControlFlow - 0.00191 (ms)
2025-07-25 01:46:17,261 - qiskit.passmanager.base_tasks - INFO - Pass: GatesInBasis - 0.73814 (ms)
2025-07-25 01:46:17,262 - qiskit.passmanager.base_tasks - INFO - Pass: Depth - 0.66304 (ms)
2025-07-25 01:46:17,262 - qiskit.passmanager.base_tasks - INFO - Pass: Size - 0.00191 (ms)
2025-07-25 01:46:17,400 - qiskit.passmanager.base_tasks - INFO - Pass: MinimumPoint - 138.26299 (ms)
2025-07-25 01:46:17,406 - qiskit.passmanager.base_tasks - INFO - Pass: ConsolidateBlocks - 5.88894 (ms)
2025-07-25 01:46:17,411 - qiskit.passmanager.base_tasks - INFO - Pass: UnitarySynthesis - 4.67110 (ms)
2025-07-25 01:46:17,411 - qiskit.passmanager.base_tasks - INFO - Pass: RemoveIdentityEquivalent - 0.24390 (ms)
2025-07-25 01:46:17,413 - qiskit.passmanager.base_tasks - INFO - Pass: Optimize1qGatesDecomposition - 1.77908 (ms)
2025-07-25 01:46:17,415 - qiskit.passmanager.base_tasks - INFO - Pass: CommutativeCancellation - 1.88184 (ms)
2025-07-25 01:46:17,415 - qiskit.passmanager.base_tasks - INFO - Pass: ContractIdleWiresInControlFlow - 0.00095 (ms)
2025-07-25 01:46:17,416 - qiskit.passmanager.base_tasks - INFO - Pass: GatesInBasis - 0.74410 (ms)
2025-07-25 01:46:17,416 - qiskit.passmanager.base_tasks - INFO - Pass: Depth - 0.60415 (ms)
2025-07-25 01:46:17,416 - qiskit.passmanager.base_tasks - INFO - Pass: Size - 0.00095 (ms)
2025-07-25 01:46:17,416 - qiskit.passmanager.base_tasks - INFO - Pass: MinimumPoint - 0.00310 (ms)
2025-07-25 01:46:17,422 - qiskit.passmanager.base_tasks - INFO - Pass: ConsolidateBlocks - 5.38683 (ms)
2025-07-25 01:46:17,426 - qiskit.passmanager.base_tasks - INFO - Pass: UnitarySynthesis - 4.64797 (ms)
2025-07-25 01:46:17,427 - qiskit.passmanager.base_tasks - INFO - Pass: RemoveIdentityEquivalent - 0.24509 (ms)
2025-07-25 01:46:17,428 - qiskit.passmanager.base_tasks - INFO - Pass: Optimize1qGatesDecomposition - 1.72806 (ms)
2025-07-25 01:46:17,430 - qiskit.passmanager.base_tasks - INFO - Pass: CommutativeCancellation - 1.83296 (ms)
2025-07-25 01:46:17,430 - qiskit.passmanager.base_tasks - INFO - Pass: ContractIdleWiresInControlFlow - 0.00095 (ms)
2025-07-25 01:46:17,431 - qiskit.passmanager.base_tasks - INFO - Pass: GatesInBasis - 0.73886 (ms)
2025-07-25 01:46:17,432 - qiskit.passmanager.base_tasks - INFO - Pass: Depth - 0.60320 (ms)
2025-07-25 01:46:17,432 - qiskit.passmanager.base_tasks - INFO - Pass: Size - 0.00119 (ms)
2025-07-25 01:46:17,432 - qiskit.passmanager.base_tasks - INFO - Pass: MinimumPoint - 0.00215 (ms)
2025-07-25 01:46:17,437 - qiskit.passmanager.base_tasks - INFO - Pass: ConsolidateBlocks - 5.40805 (ms)
2025-07-25 01:46:17,442 - qiskit.passmanager.base_tasks - INFO - Pass: UnitarySynthesis - 4.64416 (ms)
2025-07-25 01:46:17,442 - qiskit.passmanager.base_tasks - INFO - Pass: RemoveIdentityEquivalent - 0.23985 (ms)
2025-07-25 01:46:17,444 - qiskit.passmanager.base_tasks - INFO - Pass: Optimize1qGatesDecomposition - 1.72710 (ms)
2025-07-25 01:46:17,446 - qiskit.passmanager.base_tasks - INFO - Pass: CommutativeCancellation - 1.76716 (ms)
2025-07-25 01:46:17,446 - qiskit.passmanager.base_tasks - INFO - Pass: ContractIdleWiresInControlFlow - 0.00119 (ms)
2025-07-25 01:46:17,446 - qiskit.passmanager.base_tasks - INFO - Pass: GatesInBasis - 0.74601 (ms)
2025-07-25 01:46:17,447 - qiskit.passmanager.base_tasks - INFO - Pass: Depth - 0.58985 (ms)
2025-07-25 01:46:17,447 - qiskit.passmanager.base_tasks - INFO - Pass: Size - 0.00095 (ms)
2025-07-25 01:46:17,447 - qiskit.passmanager.base_tasks - INFO - Pass: MinimumPoint - 0.00191 (ms)
2025-07-25 01:46:17,453 - qiskit.passmanager.base_tasks - INFO - Pass: ConsolidateBlocks - 5.37920 (ms)
2025-07-25 01:46:17,457 - qiskit.passmanager.base_tasks - INFO - Pass: UnitarySynthesis - 4.79794 (ms)
2025-07-25 01:46:17,458 - qiskit.passmanager.base_tasks - INFO - Pass: RemoveIdentityEquivalent - 0.31686 (ms)
2025-07-25 01:46:17,460 - qiskit.passmanager.base_tasks - INFO - Pass: Optimize1qGatesDecomposition - 1.68109 (ms)
2025-07-25 01:46:17,462 - qiskit.passmanager.base_tasks - INFO - Pass: CommutativeCancellation - 2.02894 (ms)
2025-07-25 01:46:17,462 - qiskit.passmanager.base_tasks - INFO - Pass: ContractIdleWiresInControlFlow - 0.00310 (ms)
2025-07-25 01:46:17,463 - qiskit.passmanager.base_tasks - INFO - Pass: GatesInBasis - 0.76413 (ms)
2025-07-25 01:46:17,463 - qiskit.passmanager.base_tasks - INFO - Pass: Depth - 0.66900 (ms)
2025-07-25 01:46:17,463 - qiskit.passmanager.base_tasks - INFO - Pass: Size - 0.00095 (ms)
2025-07-25 01:46:17,463 - qiskit.passmanager.base_tasks - INFO - Pass: MinimumPoint - 0.00501 (ms)
2025-07-25 01:46:17,464 - qiskit.passmanager.base_tasks - INFO - Pass: ContainsInstruction - 0.00572 (ms)
2025-07-25 01:46:17,465 - qiskit.passmanager.base_tasks - INFO - Pass: InstructionDurationCheck - 0.85187 (ms)
