2025-07-21 23:41:55,531 - root - INFO - ++++++++++++++++ Starting at 2025-07-21 23:41:55.531342 +++++++++++++++++
2025-07-21 23:41:55,531 - src.ProcessQaoa - INFO - Using p_level:: 1
2025-07-21 23:41:57,977 - src.ProcessQaoa - INFO - Using Real Hardware
2025-07-21 23:41:59,291 - qiskit.passmanager.base_tasks - INFO - Pass: ContainsInstruction - 0.17691 (ms)
2025-07-21 23:41:59,291 - qiskit.passmanager.base_tasks - INFO - Pass: UnitarySynthesis - 0.00405 (ms)
2025-07-21 23:41:59,405 - qiskit.passmanager.base_tasks - INFO - Pass: HighLevelSynthesis - 113.86228 (ms)
2025-07-21 23:41:59,405 - qiskit.passmanager.base_tasks - INFO - Pass: BasisTranslator - 0.13399 (ms)
2025-07-21 23:41:59,405 - qiskit.passmanager.base_tasks - INFO - Pass: ElidePermutations - 0.00691 (ms)
2025-07-21 23:41:59,406 - qiskit.passmanager.base_tasks - INFO - Pass: RemoveDiagonalGatesBeforeMeasure - 0.26298 (ms)
2025-07-21 23:41:59,406 - qiskit.passmanager.base_tasks - INFO - Pass: RemoveIdentityEquivalent - 0.01311 (ms)
2025-07-21 23:41:59,406 - qiskit.passmanager.base_tasks - INFO - Pass: InverseCancellation - 0.71907 (ms)
2025-07-21 23:41:59,406 - qiskit.passmanager.base_tasks - INFO - Pass: ContractIdleWiresInControlFlow - 0.00215 (ms)
2025-07-21 23:41:59,407 - qiskit.passmanager.base_tasks - INFO - Pass: CommutativeCancellation - 0.52691 (ms)
2025-07-21 23:41:59,407 - qiskit.passmanager.base_tasks - INFO - Pass: ConsolidateBlocks - 0.30780 (ms)
2025-07-21 23:41:59,407 - qiskit.passmanager.base_tasks - INFO - Pass: Split2QUnitaries - 0.07486 (ms)
2025-07-21 23:41:59,407 - qiskit.passmanager.base_tasks - INFO - Pass: SetLayout - 0.00381 (ms)
2025-07-21 23:41:59,413 - qiskit.passmanager.base_tasks - INFO - Pass: VF2Layout - 5.72109 (ms)
2025-07-21 23:41:59,413 - qiskit.passmanager.base_tasks - INFO - Pass: BarrierBeforeFinalMeasurements - 0.00787 (ms)
2025-07-21 23:41:59,859 - qiskit.passmanager.base_tasks - INFO - Pass: SabreLayout - 445.92786 (ms)
2025-07-21 23:41:59,859 - qiskit.passmanager.base_tasks - INFO - Pass: CheckMap - 0.04888 (ms)
2025-07-21 23:41:59,868 - qiskit.passmanager.base_tasks - INFO - Pass: VF2PostLayout - 8.82101 (ms)
2025-07-21 23:41:59,869 - qiskit.passmanager.base_tasks - INFO - Pass: FilterOpNodes - 1.03974 (ms)
2025-07-21 23:41:59,869 - qiskit.passmanager.base_tasks - INFO - Pass: UnitarySynthesis - 0.00477 (ms)
2025-07-21 23:41:59,870 - qiskit.passmanager.base_tasks - INFO - Pass: HighLevelSynthesis - 0.29802 (ms)
2025-07-21 23:41:59,937 - qiskit.passmanager.base_tasks - INFO - Pass: BasisTranslator - 67.08503 (ms)
2025-07-21 23:41:59,937 - qiskit.passmanager.base_tasks - INFO - Pass: CheckGateDirection - 0.00477 (ms)
2025-07-21 23:42:00,038 - qiskit.passmanager.base_tasks - INFO - Pass: GateDirection - 100.89111 (ms)
2025-07-21 23:42:01,227 - qiskit.passmanager.base_tasks - INFO - Pass: BasisTranslator - 1188.99703 (ms)
2025-07-21 23:42:01,233 - qiskit.passmanager.base_tasks - INFO - Pass: Depth - 5.38707 (ms)
2025-07-21 23:42:01,233 - qiskit.passmanager.base_tasks - INFO - Pass: Size - 0.00405 (ms)
2025-07-21 23:42:01,234 - qiskit.passmanager.base_tasks - INFO - Pass: MinimumPoint - 0.00691 (ms)
2025-07-21 23:42:01,261 - qiskit.passmanager.base_tasks - INFO - Pass: ConsolidateBlocks - 27.85993 (ms)
2025-07-21 23:42:01,468 - qiskit.passmanager.base_tasks - INFO - Pass: UnitarySynthesis - 206.32482 (ms)
2025-07-21 23:42:01,469 - qiskit.passmanager.base_tasks - INFO - Pass: RemoveIdentityEquivalent - 1.29008 (ms)
2025-07-21 23:42:01,933 - qiskit.passmanager.base_tasks - INFO - Pass: Optimize1qGatesDecomposition - 464.14804 (ms)
2025-07-21 23:42:02,103 - qiskit.passmanager.base_tasks - INFO - Pass: CommutativeCancellation - 169.41381 (ms)
2025-07-21 23:42:02,103 - qiskit.passmanager.base_tasks - INFO - Pass: ContractIdleWiresInControlFlow - 0.00310 (ms)
2025-07-21 23:42:02,106 - qiskit.passmanager.base_tasks - INFO - Pass: GatesInBasis - 2.52008 (ms)
2025-07-21 23:42:02,109 - qiskit.passmanager.base_tasks - INFO - Pass: Depth - 2.81811 (ms)
2025-07-21 23:42:02,109 - qiskit.passmanager.base_tasks - INFO - Pass: Size - 0.00191 (ms)
2025-07-21 23:42:02,556 - qiskit.passmanager.base_tasks - INFO - Pass: MinimumPoint - 447.10517 (ms)
2025-07-21 23:42:02,576 - qiskit.passmanager.base_tasks - INFO - Pass: ConsolidateBlocks - 19.96398 (ms)
2025-07-21 23:42:02,614 - qiskit.passmanager.base_tasks - INFO - Pass: UnitarySynthesis - 38.00607 (ms)
2025-07-21 23:42:02,616 - qiskit.passmanager.base_tasks - INFO - Pass: RemoveIdentityEquivalent - 0.89097 (ms)
2025-07-21 23:42:02,623 - qiskit.passmanager.base_tasks - INFO - Pass: Optimize1qGatesDecomposition - 7.22098 (ms)
2025-07-21 23:42:02,644 - qiskit.passmanager.base_tasks - INFO - Pass: CommutativeCancellation - 21.04497 (ms)
2025-07-21 23:42:02,644 - qiskit.passmanager.base_tasks - INFO - Pass: ContractIdleWiresInControlFlow - 0.00310 (ms)
2025-07-21 23:42:02,647 - qiskit.passmanager.base_tasks - INFO - Pass: GatesInBasis - 2.55799 (ms)
2025-07-21 23:42:02,649 - qiskit.passmanager.base_tasks - INFO - Pass: Depth - 2.41113 (ms)
2025-07-21 23:42:02,649 - qiskit.passmanager.base_tasks - INFO - Pass: Size - 0.00167 (ms)
2025-07-21 23:42:03,118 - qiskit.passmanager.base_tasks - INFO - Pass: MinimumPoint - 468.87302 (ms)
2025-07-21 23:42:03,138 - qiskit.passmanager.base_tasks - INFO - Pass: ConsolidateBlocks - 19.53101 (ms)
2025-07-21 23:42:03,170 - qiskit.passmanager.base_tasks - INFO - Pass: UnitarySynthesis - 32.37104 (ms)
2025-07-21 23:42:03,172 - qiskit.passmanager.base_tasks - INFO - Pass: RemoveIdentityEquivalent - 0.90003 (ms)
2025-07-21 23:42:03,179 - qiskit.passmanager.base_tasks - INFO - Pass: Optimize1qGatesDecomposition - 7.14898 (ms)
2025-07-21 23:42:03,191 - qiskit.passmanager.base_tasks - INFO - Pass: CommutativeCancellation - 12.03299 (ms)
2025-07-21 23:42:03,191 - qiskit.passmanager.base_tasks - INFO - Pass: ContractIdleWiresInControlFlow - 0.00215 (ms)
2025-07-21 23:42:03,193 - qiskit.passmanager.base_tasks - INFO - Pass: GatesInBasis - 2.58589 (ms)
2025-07-21 23:42:03,196 - qiskit.passmanager.base_tasks - INFO - Pass: Depth - 2.32482 (ms)
2025-07-21 23:42:03,196 - qiskit.passmanager.base_tasks - INFO - Pass: Size - 0.00215 (ms)
2025-07-21 23:42:03,620 - qiskit.passmanager.base_tasks - INFO - Pass: MinimumPoint - 424.35098 (ms)
2025-07-21 23:42:03,640 - qiskit.passmanager.base_tasks - INFO - Pass: ConsolidateBlocks - 19.41991 (ms)
2025-07-21 23:42:03,669 - qiskit.passmanager.base_tasks - INFO - Pass: UnitarySynthesis - 29.36292 (ms)
2025-07-21 23:42:03,671 - qiskit.passmanager.base_tasks - INFO - Pass: RemoveIdentityEquivalent - 0.93699 (ms)
2025-07-21 23:42:03,677 - qiskit.passmanager.base_tasks - INFO - Pass: Optimize1qGatesDecomposition - 6.53005 (ms)
2025-07-21 23:42:03,685 - qiskit.passmanager.base_tasks - INFO - Pass: CommutativeCancellation - 7.88403 (ms)
2025-07-21 23:42:03,685 - qiskit.passmanager.base_tasks - INFO - Pass: ContractIdleWiresInControlFlow - 0.00310 (ms)
2025-07-21 23:42:03,688 - qiskit.passmanager.base_tasks - INFO - Pass: GatesInBasis - 2.57111 (ms)
2025-07-21 23:42:03,691 - qiskit.passmanager.base_tasks - INFO - Pass: Depth - 2.48337 (ms)
2025-07-21 23:42:03,691 - qiskit.passmanager.base_tasks - INFO - Pass: Size - 0.00215 (ms)
2025-07-21 23:42:03,691 - qiskit.passmanager.base_tasks - INFO - Pass: MinimumPoint - 0.00501 (ms)
2025-07-21 23:42:03,709 - qiskit.passmanager.base_tasks - INFO - Pass: ConsolidateBlocks - 18.59999 (ms)
2025-07-21 23:42:03,738 - qiskit.passmanager.base_tasks - INFO - Pass: UnitarySynthesis - 29.05202 (ms)
2025-07-21 23:42:03,740 - qiskit.passmanager.base_tasks - INFO - Pass: RemoveIdentityEquivalent - 0.87380 (ms)
2025-07-21 23:42:03,746 - qiskit.passmanager.base_tasks - INFO - Pass: Optimize1qGatesDecomposition - 6.43206 (ms)
2025-07-21 23:42:03,754 - qiskit.passmanager.base_tasks - INFO - Pass: CommutativeCancellation - 7.81178 (ms)
2025-07-21 23:42:03,754 - qiskit.passmanager.base_tasks - INFO - Pass: ContractIdleWiresInControlFlow - 0.00286 (ms)
2025-07-21 23:42:03,757 - qiskit.passmanager.base_tasks - INFO - Pass: GatesInBasis - 2.53129 (ms)
2025-07-21 23:42:03,759 - qiskit.passmanager.base_tasks - INFO - Pass: Depth - 2.49815 (ms)
2025-07-21 23:42:03,759 - qiskit.passmanager.base_tasks - INFO - Pass: Size - 0.00191 (ms)
2025-07-21 23:42:03,759 - qiskit.passmanager.base_tasks - INFO - Pass: MinimumPoint - 0.00620 (ms)
2025-07-21 23:42:03,778 - qiskit.passmanager.base_tasks - INFO - Pass: ConsolidateBlocks - 18.55111 (ms)
2025-07-21 23:42:03,807 - qiskit.passmanager.base_tasks - INFO - Pass: UnitarySynthesis - 28.99408 (ms)
2025-07-21 23:42:03,809 - qiskit.passmanager.base_tasks - INFO - Pass: RemoveIdentityEquivalent - 0.99516 (ms)
2025-07-21 23:42:03,815 - qiskit.passmanager.base_tasks - INFO - Pass: Optimize1qGatesDecomposition - 6.52695 (ms)
2025-07-21 23:42:03,823 - qiskit.passmanager.base_tasks - INFO - Pass: CommutativeCancellation - 7.65228 (ms)
2025-07-21 23:42:03,823 - qiskit.passmanager.base_tasks - INFO - Pass: ContractIdleWiresInControlFlow - 0.00310 (ms)
2025-07-21 23:42:03,825 - qiskit.passmanager.base_tasks - INFO - Pass: GatesInBasis - 2.54536 (ms)
2025-07-21 23:42:03,828 - qiskit.passmanager.base_tasks - INFO - Pass: Depth - 2.47502 (ms)
2025-07-21 23:42:03,828 - qiskit.passmanager.base_tasks - INFO - Pass: Size - 0.00095 (ms)
2025-07-21 23:42:03,828 - qiskit.passmanager.base_tasks - INFO - Pass: MinimumPoint - 0.00477 (ms)
2025-07-21 23:42:03,848 - qiskit.passmanager.base_tasks - INFO - Pass: ConsolidateBlocks - 19.75918 (ms)
2025-07-21 23:42:03,878 - qiskit.passmanager.base_tasks - INFO - Pass: UnitarySynthesis - 30.24316 (ms)
2025-07-21 23:42:03,880 - qiskit.passmanager.base_tasks - INFO - Pass: RemoveIdentityEquivalent - 1.19495 (ms)
2025-07-21 23:42:03,887 - qiskit.passmanager.base_tasks - INFO - Pass: Optimize1qGatesDecomposition - 6.67810 (ms)
2025-07-21 23:42:03,896 - qiskit.passmanager.base_tasks - INFO - Pass: CommutativeCancellation - 9.20320 (ms)
2025-07-21 23:42:03,896 - qiskit.passmanager.base_tasks - INFO - Pass: ContractIdleWiresInControlFlow - 0.00501 (ms)
2025-07-21 23:42:03,899 - qiskit.passmanager.base_tasks - INFO - Pass: GatesInBasis - 2.45690 (ms)
2025-07-21 23:42:03,902 - qiskit.passmanager.base_tasks - INFO - Pass: Depth - 2.64192 (ms)
2025-07-21 23:42:03,902 - qiskit.passmanager.base_tasks - INFO - Pass: Size - 0.00286 (ms)
2025-07-21 23:42:03,902 - qiskit.passmanager.base_tasks - INFO - Pass: MinimumPoint - 0.00691 (ms)
2025-07-21 23:42:03,904 - qiskit.passmanager.base_tasks - INFO - Pass: ContainsInstruction - 0.00978 (ms)
2025-07-21 23:42:03,907 - qiskit.passmanager.base_tasks - INFO - Pass: InstructionDurationCheck - 2.82812 (ms)
