2025-08-04 21:11:18,553 - root - INFO - ++++++++++++++++ Starting at 2025-08-04 21:11:18.553601 +++++++++++++++++
2025-08-04 21:11:18,553 - src.ProcessQaoa - INFO - Using p_level:: 1
2025-08-04 21:11:19,858 - src.ProcessQaoa - INFO - Using Simulator
2025-08-04 21:11:21,886 - qiskit.passmanager.base_tasks - INFO - Pass: ContainsInstruction - 0.16618 (ms)
2025-08-04 21:11:21,886 - qiskit.passmanager.base_tasks - INFO - Pass: UnitarySynthesis - 0.00310 (ms)
2025-08-04 21:11:21,911 - qiskit.passmanager.base_tasks - INFO - Pass: HighLevelSynthesis - 24.41192 (ms)
2025-08-04 21:11:21,911 - qiskit.passmanager.base_tasks - INFO - Pass: BasisTranslator - 0.04101 (ms)
2025-08-04 21:11:21,911 - qiskit.passmanager.base_tasks - INFO - Pass: ElidePermutations - 0.00381 (ms)
2025-08-04 21:11:21,911 - qiskit.passmanager.base_tasks - INFO - Pass: RemoveDiagonalGatesBeforeMeasure - 0.18787 (ms)
2025-08-04 21:11:21,911 - qiskit.passmanager.base_tasks - INFO - Pass: RemoveIdentityEquivalent - 0.00405 (ms)
2025-08-04 21:11:21,912 - qiskit.passmanager.base_tasks - INFO - Pass: InverseCancellation - 0.34904 (ms)
2025-08-04 21:11:21,912 - qiskit.passmanager.base_tasks - INFO - Pass: ContractIdleWiresInControlFlow - 0.00095 (ms)
2025-08-04 21:11:21,912 - qiskit.passmanager.base_tasks - INFO - Pass: CommutativeCancellation - 0.16379 (ms)
2025-08-04 21:11:21,912 - qiskit.passmanager.base_tasks - INFO - Pass: ConsolidateBlocks - 0.08178 (ms)
2025-08-04 21:11:21,912 - qiskit.passmanager.base_tasks - INFO - Pass: Split2QUnitaries - 0.14377 (ms)
2025-08-04 21:11:21,912 - qiskit.passmanager.base_tasks - INFO - Pass: SetLayout - 0.00119 (ms)
2025-08-04 21:11:21,915 - qiskit.passmanager.base_tasks - INFO - Pass: VF2Layout - 3.15118 (ms)
2025-08-04 21:11:21,915 - qiskit.passmanager.base_tasks - INFO - Pass: BarrierBeforeFinalMeasurements - 0.00310 (ms)
2025-08-04 21:11:22,050 - qiskit.passmanager.base_tasks - INFO - Pass: SabreLayout - 134.83000 (ms)
2025-08-04 21:11:22,050 - qiskit.passmanager.base_tasks - INFO - Pass: CheckMap - 0.02885 (ms)
2025-08-04 21:11:22,059 - qiskit.passmanager.base_tasks - INFO - Pass: VF2PostLayout - 8.35204 (ms)
2025-08-04 21:11:22,061 - qiskit.passmanager.base_tasks - INFO - Pass: ApplyLayout - 2.11382 (ms)
2025-08-04 21:11:22,061 - qiskit.passmanager.base_tasks - INFO - Pass: FilterOpNodes - 0.26989 (ms)
2025-08-04 21:11:22,061 - qiskit.passmanager.base_tasks - INFO - Pass: UnitarySynthesis - 0.00429 (ms)
2025-08-04 21:11:22,061 - qiskit.passmanager.base_tasks - INFO - Pass: HighLevelSynthesis - 0.09799 (ms)
2025-08-04 21:11:22,068 - qiskit.passmanager.base_tasks - INFO - Pass: BasisTranslator - 6.94680 (ms)
2025-08-04 21:11:22,068 - qiskit.passmanager.base_tasks - INFO - Pass: CheckGateDirection - 0.00405 (ms)
2025-08-04 21:11:22,083 - qiskit.passmanager.base_tasks - INFO - Pass: GateDirection - 15.30123 (ms)
2025-08-04 21:11:22,199 - qiskit.passmanager.base_tasks - INFO - Pass: BasisTranslator - 115.15117 (ms)
2025-08-04 21:11:22,201 - qiskit.passmanager.base_tasks - INFO - Pass: Depth - 1.49679 (ms)
2025-08-04 21:11:22,201 - qiskit.passmanager.base_tasks - INFO - Pass: Size - 0.00286 (ms)
2025-08-04 21:11:22,201 - qiskit.passmanager.base_tasks - INFO - Pass: MinimumPoint - 0.00715 (ms)
2025-08-04 21:11:22,209 - qiskit.passmanager.base_tasks - INFO - Pass: ConsolidateBlocks - 8.47125 (ms)
2025-08-04 21:11:22,292 - qiskit.passmanager.base_tasks - INFO - Pass: UnitarySynthesis - 83.13298 (ms)
2025-08-04 21:11:22,293 - qiskit.passmanager.base_tasks - INFO - Pass: RemoveIdentityEquivalent - 0.32187 (ms)
2025-08-04 21:11:22,333 - qiskit.passmanager.base_tasks - INFO - Pass: Optimize1qGatesDecomposition - 40.17472 (ms)
2025-08-04 21:11:22,352 - qiskit.passmanager.base_tasks - INFO - Pass: CommutativeCancellation - 18.72516 (ms)
2025-08-04 21:11:22,352 - qiskit.passmanager.base_tasks - INFO - Pass: ContractIdleWiresInControlFlow - 0.00215 (ms)
2025-08-04 21:11:22,353 - qiskit.passmanager.base_tasks - INFO - Pass: GatesInBasis - 0.75006 (ms)
2025-08-04 21:11:22,353 - qiskit.passmanager.base_tasks - INFO - Pass: Depth - 0.71716 (ms)
2025-08-04 21:11:22,353 - qiskit.passmanager.base_tasks - INFO - Pass: Size - 0.00191 (ms)
2025-08-04 21:11:22,462 - qiskit.passmanager.base_tasks - INFO - Pass: MinimumPoint - 109.04908 (ms)
2025-08-04 21:11:22,469 - qiskit.passmanager.base_tasks - INFO - Pass: ConsolidateBlocks - 6.26612 (ms)
2025-08-04 21:11:22,477 - qiskit.passmanager.base_tasks - INFO - Pass: UnitarySynthesis - 7.88975 (ms)
2025-08-04 21:11:22,477 - qiskit.passmanager.base_tasks - INFO - Pass: RemoveIdentityEquivalent - 0.25392 (ms)
2025-08-04 21:11:22,479 - qiskit.passmanager.base_tasks - INFO - Pass: Optimize1qGatesDecomposition - 1.88494 (ms)
2025-08-04 21:11:22,484 - qiskit.passmanager.base_tasks - INFO - Pass: CommutativeCancellation - 4.96626 (ms)
2025-08-04 21:11:22,484 - qiskit.passmanager.base_tasks - INFO - Pass: ContractIdleWiresInControlFlow - 0.00167 (ms)
2025-08-04 21:11:22,485 - qiskit.passmanager.base_tasks - INFO - Pass: GatesInBasis - 0.76389 (ms)
2025-08-04 21:11:22,486 - qiskit.passmanager.base_tasks - INFO - Pass: Depth - 0.75603 (ms)
2025-08-04 21:11:22,486 - qiskit.passmanager.base_tasks - INFO - Pass: Size - 0.00095 (ms)
2025-08-04 21:11:22,654 - qiskit.passmanager.base_tasks - INFO - Pass: MinimumPoint - 167.87195 (ms)
2025-08-04 21:11:22,659 - qiskit.passmanager.base_tasks - INFO - Pass: ConsolidateBlocks - 5.73301 (ms)
2025-08-04 21:11:22,665 - qiskit.passmanager.base_tasks - INFO - Pass: UnitarySynthesis - 5.64909 (ms)
2025-08-04 21:11:22,666 - qiskit.passmanager.base_tasks - INFO - Pass: RemoveIdentityEquivalent - 0.27204 (ms)
2025-08-04 21:11:22,667 - qiskit.passmanager.base_tasks - INFO - Pass: Optimize1qGatesDecomposition - 1.74618 (ms)
2025-08-04 21:11:22,670 - qiskit.passmanager.base_tasks - INFO - Pass: CommutativeCancellation - 3.03483 (ms)
2025-08-04 21:11:22,670 - qiskit.passmanager.base_tasks - INFO - Pass: ContractIdleWiresInControlFlow - 0.00191 (ms)
2025-08-04 21:11:22,671 - qiskit.passmanager.base_tasks - INFO - Pass: GatesInBasis - 0.75603 (ms)
2025-08-04 21:11:22,672 - qiskit.passmanager.base_tasks - INFO - Pass: Depth - 0.74577 (ms)
2025-08-04 21:11:22,672 - qiskit.passmanager.base_tasks - INFO - Pass: Size - 0.00072 (ms)
2025-08-04 21:11:22,781 - qiskit.passmanager.base_tasks - INFO - Pass: MinimumPoint - 109.35187 (ms)
2025-08-04 21:11:22,787 - qiskit.passmanager.base_tasks - INFO - Pass: ConsolidateBlocks - 5.70607 (ms)
2025-08-04 21:11:22,793 - qiskit.passmanager.base_tasks - INFO - Pass: UnitarySynthesis - 5.42784 (ms)
2025-08-04 21:11:22,793 - qiskit.passmanager.base_tasks - INFO - Pass: RemoveIdentityEquivalent - 0.25010 (ms)
2025-08-04 21:11:22,795 - qiskit.passmanager.base_tasks - INFO - Pass: Optimize1qGatesDecomposition - 1.76287 (ms)
2025-08-04 21:11:22,797 - qiskit.passmanager.base_tasks - INFO - Pass: CommutativeCancellation - 2.17819 (ms)
2025-08-04 21:11:22,797 - qiskit.passmanager.base_tasks - INFO - Pass: ContractIdleWiresInControlFlow - 0.00215 (ms)
2025-08-04 21:11:22,798 - qiskit.passmanager.base_tasks - INFO - Pass: GatesInBasis - 0.73123 (ms)
2025-08-04 21:11:22,798 - qiskit.passmanager.base_tasks - INFO - Pass: Depth - 0.66590 (ms)
2025-08-04 21:11:22,799 - qiskit.passmanager.base_tasks - INFO - Pass: Size - 0.00095 (ms)
2025-08-04 21:11:22,799 - qiskit.passmanager.base_tasks - INFO - Pass: MinimumPoint - 0.00262 (ms)
2025-08-04 21:11:22,804 - qiskit.passmanager.base_tasks - INFO - Pass: ConsolidateBlocks - 5.37705 (ms)
2025-08-04 21:11:22,809 - qiskit.passmanager.base_tasks - INFO - Pass: UnitarySynthesis - 5.17511 (ms)
2025-08-04 21:11:22,810 - qiskit.passmanager.base_tasks - INFO - Pass: RemoveIdentityEquivalent - 0.24700 (ms)
2025-08-04 21:11:22,811 - qiskit.passmanager.base_tasks - INFO - Pass: Optimize1qGatesDecomposition - 1.74904 (ms)
2025-08-04 21:11:22,813 - qiskit.passmanager.base_tasks - INFO - Pass: CommutativeCancellation - 1.90401 (ms)
2025-08-04 21:11:22,813 - qiskit.passmanager.base_tasks - INFO - Pass: ContractIdleWiresInControlFlow - 0.00095 (ms)
2025-08-04 21:11:22,814 - qiskit.passmanager.base_tasks - INFO - Pass: GatesInBasis - 0.72789 (ms)
2025-08-04 21:11:22,815 - qiskit.passmanager.base_tasks - INFO - Pass: Depth - 0.62108 (ms)
2025-08-04 21:11:22,815 - qiskit.passmanager.base_tasks - INFO - Pass: Size - 0.00095 (ms)
2025-08-04 21:11:22,815 - qiskit.passmanager.base_tasks - INFO - Pass: MinimumPoint - 0.00286 (ms)
2025-08-04 21:11:22,820 - qiskit.passmanager.base_tasks - INFO - Pass: ConsolidateBlocks - 5.36394 (ms)
2025-08-04 21:11:22,825 - qiskit.passmanager.base_tasks - INFO - Pass: UnitarySynthesis - 5.17702 (ms)
2025-08-04 21:11:22,826 - qiskit.passmanager.base_tasks - INFO - Pass: RemoveIdentityEquivalent - 0.26917 (ms)
2025-08-04 21:11:22,827 - qiskit.passmanager.base_tasks - INFO - Pass: Optimize1qGatesDecomposition - 1.73998 (ms)
2025-08-04 21:11:22,829 - qiskit.passmanager.base_tasks - INFO - Pass: CommutativeCancellation - 1.90711 (ms)
2025-08-04 21:11:22,829 - qiskit.passmanager.base_tasks - INFO - Pass: ContractIdleWiresInControlFlow - 0.00095 (ms)
2025-08-04 21:11:22,830 - qiskit.passmanager.base_tasks - INFO - Pass: GatesInBasis - 0.73504 (ms)
2025-08-04 21:11:22,831 - qiskit.passmanager.base_tasks - INFO - Pass: Depth - 0.60678 (ms)
2025-08-04 21:11:22,831 - qiskit.passmanager.base_tasks - INFO - Pass: Size - 0.00000 (ms)
2025-08-04 21:11:22,831 - qiskit.passmanager.base_tasks - INFO - Pass: MinimumPoint - 0.00215 (ms)
2025-08-04 21:11:22,836 - qiskit.passmanager.base_tasks - INFO - Pass: ConsolidateBlocks - 5.36084 (ms)
2025-08-04 21:11:22,841 - qiskit.passmanager.base_tasks - INFO - Pass: UnitarySynthesis - 5.16677 (ms)
2025-08-04 21:11:22,842 - qiskit.passmanager.base_tasks - INFO - Pass: RemoveIdentityEquivalent - 0.24819 (ms)
2025-08-04 21:11:22,843 - qiskit.passmanager.base_tasks - INFO - Pass: Optimize1qGatesDecomposition - 1.73688 (ms)
2025-08-04 21:11:22,845 - qiskit.passmanager.base_tasks - INFO - Pass: CommutativeCancellation - 1.86205 (ms)
2025-08-04 21:11:22,845 - qiskit.passmanager.base_tasks - INFO - Pass: ContractIdleWiresInControlFlow - 0.00119 (ms)
2025-08-04 21:11:22,846 - qiskit.passmanager.base_tasks - INFO - Pass: GatesInBasis - 0.73600 (ms)
2025-08-04 21:11:22,847 - qiskit.passmanager.base_tasks - INFO - Pass: Depth - 0.61584 (ms)
2025-08-04 21:11:22,847 - qiskit.passmanager.base_tasks - INFO - Pass: Size - 0.00119 (ms)
2025-08-04 21:11:22,847 - qiskit.passmanager.base_tasks - INFO - Pass: MinimumPoint - 0.00310 (ms)
2025-08-04 21:11:22,847 - qiskit.passmanager.base_tasks - INFO - Pass: ContainsInstruction - 0.00405 (ms)
2025-08-04 21:11:22,848 - qiskit.passmanager.base_tasks - INFO - Pass: InstructionDurationCheck - 0.92793 (ms)
2025-08-04 21:11:23,304 - qiskit.passmanager.base_tasks - INFO - Pass: Optimize1qGatesDecomposition - 0.02098 (ms)
