2025-07-25 05:40:46,132 - root - INFO - ++++++++++++++++ Starting at 2025-07-25 05:40:46.132902 +++++++++++++++++
2025-07-25 05:40:46,132 - src.ProcessQaoa - INFO - Using p_level:: 1
2025-07-25 05:40:48,200 - src.ProcessQaoa - INFO - Using Real Hardware
2025-07-25 05:40:49,663 - qiskit.passmanager.base_tasks - INFO - Pass: ContainsInstruction - 0.01907 (ms)
2025-07-25 05:40:49,663 - qiskit.passmanager.base_tasks - INFO - Pass: UnitarySynthesis - 0.00405 (ms)
2025-07-25 05:40:49,702 - qiskit.passmanager.base_tasks - INFO - Pass: HighLevelSynthesis - 39.20794 (ms)
2025-07-25 05:40:49,702 - qiskit.passmanager.base_tasks - INFO - Pass: BasisTranslator - 0.02217 (ms)
2025-07-25 05:40:49,702 - qiskit.passmanager.base_tasks - INFO - Pass: ElidePermutations - 0.00381 (ms)
2025-07-25 05:40:49,702 - qiskit.passmanager.base_tasks - INFO - Pass: RemoveDiagonalGatesBeforeMeasure - 0.24319 (ms)
2025-07-25 05:40:49,702 - qiskit.passmanager.base_tasks - INFO - Pass: RemoveIdentityEquivalent - 0.00286 (ms)
2025-07-25 05:40:49,703 - qiskit.passmanager.base_tasks - INFO - Pass: InverseCancellation - 0.09894 (ms)
2025-07-25 05:40:49,703 - qiskit.passmanager.base_tasks - INFO - Pass: ContractIdleWiresInControlFlow - 0.00095 (ms)
2025-07-25 05:40:49,703 - qiskit.passmanager.base_tasks - INFO - Pass: CommutativeCancellation - 0.05698 (ms)
2025-07-25 05:40:49,703 - qiskit.passmanager.base_tasks - INFO - Pass: ConsolidateBlocks - 0.04005 (ms)
2025-07-25 05:40:49,703 - qiskit.passmanager.base_tasks - INFO - Pass: Split2QUnitaries - 0.22197 (ms)
2025-07-25 05:40:49,703 - qiskit.passmanager.base_tasks - INFO - Pass: SetLayout - 0.00215 (ms)
2025-07-25 05:40:49,705 - qiskit.passmanager.base_tasks - INFO - Pass: VF2Layout - 1.55306 (ms)
2025-07-25 05:40:49,705 - qiskit.passmanager.base_tasks - INFO - Pass: BarrierBeforeFinalMeasurements - 0.00310 (ms)
2025-07-25 05:40:49,723 - qiskit.passmanager.base_tasks - INFO - Pass: SabreLayout - 17.97819 (ms)
2025-07-25 05:40:49,723 - qiskit.passmanager.base_tasks - INFO - Pass: CheckMap - 0.02718 (ms)
2025-07-25 05:40:49,726 - qiskit.passmanager.base_tasks - INFO - Pass: VF2PostLayout - 2.88677 (ms)
2025-07-25 05:40:49,726 - qiskit.passmanager.base_tasks - INFO - Pass: ApplyLayout - 0.59891 (ms)
2025-07-25 05:40:49,726 - qiskit.passmanager.base_tasks - INFO - Pass: FilterOpNodes - 0.06080 (ms)
2025-07-25 05:40:49,726 - qiskit.passmanager.base_tasks - INFO - Pass: UnitarySynthesis - 0.00381 (ms)
2025-07-25 05:40:49,726 - qiskit.passmanager.base_tasks - INFO - Pass: HighLevelSynthesis - 0.02408 (ms)
2025-07-25 05:40:49,728 - qiskit.passmanager.base_tasks - INFO - Pass: BasisTranslator - 1.32608 (ms)
2025-07-25 05:40:49,728 - qiskit.passmanager.base_tasks - INFO - Pass: CheckGateDirection - 0.00286 (ms)
2025-07-25 05:40:49,729 - qiskit.passmanager.base_tasks - INFO - Pass: GateDirection - 1.67894 (ms)
2025-07-25 05:40:49,734 - qiskit.passmanager.base_tasks - INFO - Pass: BasisTranslator - 4.24004 (ms)
2025-07-25 05:40:49,734 - qiskit.passmanager.base_tasks - INFO - Pass: Depth - 0.15903 (ms)
2025-07-25 05:40:49,734 - qiskit.passmanager.base_tasks - INFO - Pass: Size - 0.00191 (ms)
2025-07-25 05:40:49,734 - qiskit.passmanager.base_tasks - INFO - Pass: MinimumPoint - 0.00596 (ms)
2025-07-25 05:40:49,735 - qiskit.passmanager.base_tasks - INFO - Pass: ConsolidateBlocks - 1.30773 (ms)
2025-07-25 05:40:49,738 - qiskit.passmanager.base_tasks - INFO - Pass: UnitarySynthesis - 2.64478 (ms)
2025-07-25 05:40:49,738 - qiskit.passmanager.base_tasks - INFO - Pass: RemoveIdentityEquivalent - 0.04196 (ms)
2025-07-25 05:40:49,739 - qiskit.passmanager.base_tasks - INFO - Pass: Optimize1qGatesDecomposition - 1.30510 (ms)
2025-07-25 05:40:49,740 - qiskit.passmanager.base_tasks - INFO - Pass: CommutativeCancellation - 0.87810 (ms)
2025-07-25 05:40:49,740 - qiskit.passmanager.base_tasks - INFO - Pass: ContractIdleWiresInControlFlow - 0.00119 (ms)
2025-07-25 05:40:49,740 - qiskit.passmanager.base_tasks - INFO - Pass: GatesInBasis - 0.10395 (ms)
2025-07-25 05:40:49,741 - qiskit.passmanager.base_tasks - INFO - Pass: Depth - 0.09704 (ms)
2025-07-25 05:40:49,741 - qiskit.passmanager.base_tasks - INFO - Pass: Size - 0.00095 (ms)
2025-07-25 05:40:49,755 - qiskit.passmanager.base_tasks - INFO - Pass: MinimumPoint - 14.76192 (ms)
2025-07-25 05:40:49,756 - qiskit.passmanager.base_tasks - INFO - Pass: ConsolidateBlocks - 0.75507 (ms)
2025-07-25 05:40:49,757 - qiskit.passmanager.base_tasks - INFO - Pass: UnitarySynthesis - 0.62990 (ms)
2025-07-25 05:40:49,757 - qiskit.passmanager.base_tasks - INFO - Pass: RemoveIdentityEquivalent - 0.03409 (ms)
2025-07-25 05:40:49,757 - qiskit.passmanager.base_tasks - INFO - Pass: Optimize1qGatesDecomposition - 0.23794 (ms)
2025-07-25 05:40:49,757 - qiskit.passmanager.base_tasks - INFO - Pass: CommutativeCancellation - 0.33116 (ms)
2025-07-25 05:40:49,757 - qiskit.passmanager.base_tasks - INFO - Pass: ContractIdleWiresInControlFlow - 0.00095 (ms)
2025-07-25 05:40:49,758 - qiskit.passmanager.base_tasks - INFO - Pass: GatesInBasis - 0.09990 (ms)
2025-07-25 05:40:49,758 - qiskit.passmanager.base_tasks - INFO - Pass: Depth - 0.08488 (ms)
2025-07-25 05:40:49,758 - qiskit.passmanager.base_tasks - INFO - Pass: Size - 0.00000 (ms)
2025-07-25 05:40:49,772 - qiskit.passmanager.base_tasks - INFO - Pass: MinimumPoint - 14.29987 (ms)
2025-07-25 05:40:49,773 - qiskit.passmanager.base_tasks - INFO - Pass: ConsolidateBlocks - 0.71716 (ms)
2025-07-25 05:40:49,773 - qiskit.passmanager.base_tasks - INFO - Pass: UnitarySynthesis - 0.47612 (ms)
2025-07-25 05:40:49,773 - qiskit.passmanager.base_tasks - INFO - Pass: RemoveIdentityEquivalent - 0.03195 (ms)
2025-07-25 05:40:49,774 - qiskit.passmanager.base_tasks - INFO - Pass: Optimize1qGatesDecomposition - 0.23079 (ms)
2025-07-25 05:40:49,774 - qiskit.passmanager.base_tasks - INFO - Pass: CommutativeCancellation - 0.26226 (ms)
2025-07-25 05:40:49,774 - qiskit.passmanager.base_tasks - INFO - Pass: ContractIdleWiresInControlFlow - 0.00119 (ms)
2025-07-25 05:40:49,774 - qiskit.passmanager.base_tasks - INFO - Pass: GatesInBasis - 0.10204 (ms)
2025-07-25 05:40:49,774 - qiskit.passmanager.base_tasks - INFO - Pass: Depth - 0.08202 (ms)
2025-07-25 05:40:49,774 - qiskit.passmanager.base_tasks - INFO - Pass: Size - 0.00095 (ms)
2025-07-25 05:40:49,788 - qiskit.passmanager.base_tasks - INFO - Pass: MinimumPoint - 14.10770 (ms)
2025-07-25 05:40:49,789 - qiskit.passmanager.base_tasks - INFO - Pass: ConsolidateBlocks - 0.71025 (ms)
2025-07-25 05:40:49,789 - qiskit.passmanager.base_tasks - INFO - Pass: UnitarySynthesis - 0.45919 (ms)
2025-07-25 05:40:49,789 - qiskit.passmanager.base_tasks - INFO - Pass: RemoveIdentityEquivalent - 0.03099 (ms)
2025-07-25 05:40:49,790 - qiskit.passmanager.base_tasks - INFO - Pass: Optimize1qGatesDecomposition - 0.22697 (ms)
2025-07-25 05:40:49,790 - qiskit.passmanager.base_tasks - INFO - Pass: CommutativeCancellation - 0.25392 (ms)
2025-07-25 05:40:49,790 - qiskit.passmanager.base_tasks - INFO - Pass: ContractIdleWiresInControlFlow - 0.00095 (ms)
2025-07-25 05:40:49,790 - qiskit.passmanager.base_tasks - INFO - Pass: GatesInBasis - 0.09894 (ms)
2025-07-25 05:40:49,790 - qiskit.passmanager.base_tasks - INFO - Pass: Depth - 0.08512 (ms)
2025-07-25 05:40:49,790 - qiskit.passmanager.base_tasks - INFO - Pass: Size - 0.00119 (ms)
2025-07-25 05:40:49,790 - qiskit.passmanager.base_tasks - INFO - Pass: MinimumPoint - 0.00215 (ms)
2025-07-25 05:40:49,791 - qiskit.passmanager.base_tasks - INFO - Pass: ConsolidateBlocks - 0.70906 (ms)
2025-07-25 05:40:49,791 - qiskit.passmanager.base_tasks - INFO - Pass: UnitarySynthesis - 0.45109 (ms)
2025-07-25 05:40:49,791 - qiskit.passmanager.base_tasks - INFO - Pass: RemoveIdentityEquivalent - 0.03195 (ms)
2025-07-25 05:40:49,792 - qiskit.passmanager.base_tasks - INFO - Pass: Optimize1qGatesDecomposition - 0.22483 (ms)
2025-07-25 05:40:49,792 - qiskit.passmanager.base_tasks - INFO - Pass: CommutativeCancellation - 0.24796 (ms)
2025-07-25 05:40:49,792 - qiskit.passmanager.base_tasks - INFO - Pass: ContractIdleWiresInControlFlow - 0.00095 (ms)
2025-07-25 05:40:49,792 - qiskit.passmanager.base_tasks - INFO - Pass: GatesInBasis - 0.10085 (ms)
2025-07-25 05:40:49,792 - qiskit.passmanager.base_tasks - INFO - Pass: Depth - 0.07987 (ms)
2025-07-25 05:40:49,792 - qiskit.passmanager.base_tasks - INFO - Pass: Size - 0.00000 (ms)
2025-07-25 05:40:49,792 - qiskit.passmanager.base_tasks - INFO - Pass: MinimumPoint - 0.00072 (ms)
2025-07-25 05:40:49,793 - qiskit.passmanager.base_tasks - INFO - Pass: ConsolidateBlocks - 0.70810 (ms)
2025-07-25 05:40:49,793 - qiskit.passmanager.base_tasks - INFO - Pass: UnitarySynthesis - 0.45800 (ms)
2025-07-25 05:40:49,793 - qiskit.passmanager.base_tasks - INFO - Pass: RemoveIdentityEquivalent - 0.03076 (ms)
2025-07-25 05:40:49,794 - qiskit.passmanager.base_tasks - INFO - Pass: Optimize1qGatesDecomposition - 0.22507 (ms)
2025-07-25 05:40:49,794 - qiskit.passmanager.base_tasks - INFO - Pass: CommutativeCancellation - 0.26011 (ms)
2025-07-25 05:40:49,794 - qiskit.passmanager.base_tasks - INFO - Pass: ContractIdleWiresInControlFlow - 0.00119 (ms)
2025-07-25 05:40:49,794 - qiskit.passmanager.base_tasks - INFO - Pass: GatesInBasis - 0.10109 (ms)
2025-07-25 05:40:49,794 - qiskit.passmanager.base_tasks - INFO - Pass: Depth - 0.08082 (ms)
2025-07-25 05:40:49,794 - qiskit.passmanager.base_tasks - INFO - Pass: Size - 0.00095 (ms)
2025-07-25 05:40:49,794 - qiskit.passmanager.base_tasks - INFO - Pass: MinimumPoint - 0.00095 (ms)
2025-07-25 05:40:49,795 - qiskit.passmanager.base_tasks - INFO - Pass: ConsolidateBlocks - 0.71621 (ms)
2025-07-25 05:40:49,795 - qiskit.passmanager.base_tasks - INFO - Pass: UnitarySynthesis - 0.45204 (ms)
2025-07-25 05:40:49,796 - qiskit.passmanager.base_tasks - INFO - Pass: RemoveIdentityEquivalent - 0.03123 (ms)
2025-07-25 05:40:49,796 - qiskit.passmanager.base_tasks - INFO - Pass: Optimize1qGatesDecomposition - 0.22507 (ms)
2025-07-25 05:40:49,796 - qiskit.passmanager.base_tasks - INFO - Pass: CommutativeCancellation - 0.24891 (ms)
2025-07-25 05:40:49,796 - qiskit.passmanager.base_tasks - INFO - Pass: ContractIdleWiresInControlFlow - 0.00095 (ms)
2025-07-25 05:40:49,796 - qiskit.passmanager.base_tasks - INFO - Pass: GatesInBasis - 0.10395 (ms)
2025-07-25 05:40:49,796 - qiskit.passmanager.base_tasks - INFO - Pass: Depth - 0.08011 (ms)
2025-07-25 05:40:49,796 - qiskit.passmanager.base_tasks - INFO - Pass: Size - 0.00095 (ms)
2025-07-25 05:40:49,796 - qiskit.passmanager.base_tasks - INFO - Pass: MinimumPoint - 0.00191 (ms)
2025-07-25 05:40:49,796 - qiskit.passmanager.base_tasks - INFO - Pass: ContainsInstruction - 0.00310 (ms)
2025-07-25 05:40:49,796 - qiskit.passmanager.base_tasks - INFO - Pass: InstructionDurationCheck - 0.12088 (ms)
