2025-08-06 17:15:06,096 - root - INFO - ++++++++++++++++ Starting at 2025-08-06 17:15:06.096674 +++++++++++++++++
2025-08-06 17:15:06,096 - src.ProcessQaoa - INFO - Using p_level:: 1
2025-08-06 17:15:09,692 - src.ProcessQaoa - INFO - Using Real Hardware
2025-08-06 17:15:13,426 - qiskit.passmanager.base_tasks - INFO - Pass: ContainsInstruction - 0.16093 (ms)
2025-08-06 17:15:13,426 - qiskit.passmanager.base_tasks - INFO - Pass: UnitarySynthesis - 0.00310 (ms)
2025-08-06 17:15:13,515 - qiskit.passmanager.base_tasks - INFO - Pass: HighLevelSynthesis - 88.76896 (ms)
2025-08-06 17:15:13,515 - qiskit.passmanager.base_tasks - INFO - Pass: BasisTranslator - 0.08512 (ms)
2025-08-06 17:15:13,515 - qiskit.passmanager.base_tasks - INFO - Pass: ElidePermutations - 0.00381 (ms)
2025-08-06 17:15:13,516 - qiskit.passmanager.base_tasks - INFO - Pass: RemoveDiagonalGatesBeforeMeasure - 0.20194 (ms)
2025-08-06 17:15:13,516 - qiskit.passmanager.base_tasks - INFO - Pass: RemoveIdentityEquivalent - 0.00906 (ms)
2025-08-06 17:15:13,517 - qiskit.passmanager.base_tasks - INFO - Pass: InverseCancellation - 0.76103 (ms)
2025-08-06 17:15:13,517 - qiskit.passmanager.base_tasks - INFO - Pass: ContractIdleWiresInControlFlow - 0.00095 (ms)
2025-08-06 17:15:13,517 - qiskit.passmanager.base_tasks - INFO - Pass: CommutativeCancellation - 0.38886 (ms)
2025-08-06 17:15:13,517 - qiskit.passmanager.base_tasks - INFO - Pass: ConsolidateBlocks - 0.20480 (ms)
2025-08-06 17:15:13,517 - qiskit.passmanager.base_tasks - INFO - Pass: Split2QUnitaries - 0.02813 (ms)
2025-08-06 17:15:13,517 - qiskit.passmanager.base_tasks - INFO - Pass: SetLayout - 0.00095 (ms)
2025-08-06 17:15:13,522 - qiskit.passmanager.base_tasks - INFO - Pass: VF2Layout - 4.74906 (ms)
2025-08-06 17:15:13,522 - qiskit.passmanager.base_tasks - INFO - Pass: BarrierBeforeFinalMeasurements - 0.00381 (ms)
2025-08-06 17:15:13,945 - qiskit.passmanager.base_tasks - INFO - Pass: SabreLayout - 422.66083 (ms)
2025-08-06 17:15:13,945 - qiskit.passmanager.base_tasks - INFO - Pass: CheckMap - 0.05698 (ms)
2025-08-06 17:15:13,953 - qiskit.passmanager.base_tasks - INFO - Pass: VF2PostLayout - 8.43287 (ms)
2025-08-06 17:15:13,954 - qiskit.passmanager.base_tasks - INFO - Pass: FilterOpNodes - 1.03307 (ms)
2025-08-06 17:15:13,954 - qiskit.passmanager.base_tasks - INFO - Pass: UnitarySynthesis - 0.00405 (ms)
2025-08-06 17:15:13,955 - qiskit.passmanager.base_tasks - INFO - Pass: HighLevelSynthesis - 0.28181 (ms)
2025-08-06 17:15:14,022 - qiskit.passmanager.base_tasks - INFO - Pass: BasisTranslator - 67.20400 (ms)
2025-08-06 17:15:14,022 - qiskit.passmanager.base_tasks - INFO - Pass: CheckGateDirection - 0.00620 (ms)
2025-08-06 17:15:14,121 - qiskit.passmanager.base_tasks - INFO - Pass: GateDirection - 99.04575 (ms)
2025-08-06 17:15:15,301 - qiskit.passmanager.base_tasks - INFO - Pass: BasisTranslator - 1179.23212 (ms)
2025-08-06 17:15:15,307 - qiskit.passmanager.base_tasks - INFO - Pass: Depth - 5.11479 (ms)
2025-08-06 17:15:15,307 - qiskit.passmanager.base_tasks - INFO - Pass: Size - 0.00501 (ms)
2025-08-06 17:15:15,307 - qiskit.passmanager.base_tasks - INFO - Pass: MinimumPoint - 0.00715 (ms)
2025-08-06 17:15:15,334 - qiskit.passmanager.base_tasks - INFO - Pass: ConsolidateBlocks - 27.47703 (ms)
2025-08-06 17:15:15,547 - qiskit.passmanager.base_tasks - INFO - Pass: UnitarySynthesis - 212.58068 (ms)
2025-08-06 17:15:15,549 - qiskit.passmanager.base_tasks - INFO - Pass: RemoveIdentityEquivalent - 1.30916 (ms)
2025-08-06 17:15:16,006 - qiskit.passmanager.base_tasks - INFO - Pass: Optimize1qGatesDecomposition - 457.70597 (ms)
2025-08-06 17:15:16,174 - qiskit.passmanager.base_tasks - INFO - Pass: CommutativeCancellation - 167.23418 (ms)
2025-08-06 17:15:16,174 - qiskit.passmanager.base_tasks - INFO - Pass: ContractIdleWiresInControlFlow - 0.00191 (ms)
2025-08-06 17:15:16,176 - qiskit.passmanager.base_tasks - INFO - Pass: GatesInBasis - 2.49314 (ms)
2025-08-06 17:15:16,179 - qiskit.passmanager.base_tasks - INFO - Pass: Depth - 2.68006 (ms)
2025-08-06 17:15:16,179 - qiskit.passmanager.base_tasks - INFO - Pass: Size - 0.00215 (ms)
2025-08-06 17:15:16,628 - qiskit.passmanager.base_tasks - INFO - Pass: MinimumPoint - 448.93694 (ms)
2025-08-06 17:15:16,648 - qiskit.passmanager.base_tasks - INFO - Pass: ConsolidateBlocks - 20.05720 (ms)
2025-08-06 17:15:16,689 - qiskit.passmanager.base_tasks - INFO - Pass: UnitarySynthesis - 40.98368 (ms)
2025-08-06 17:15:16,692 - qiskit.passmanager.base_tasks - INFO - Pass: RemoveIdentityEquivalent - 1.19090 (ms)
2025-08-06 17:15:16,699 - qiskit.passmanager.base_tasks - INFO - Pass: Optimize1qGatesDecomposition - 7.88903 (ms)
2025-08-06 17:15:16,723 - qiskit.passmanager.base_tasks - INFO - Pass: CommutativeCancellation - 23.52405 (ms)
2025-08-06 17:15:16,723 - qiskit.passmanager.base_tasks - INFO - Pass: ContractIdleWiresInControlFlow - 0.00310 (ms)
2025-08-06 17:15:16,726 - qiskit.passmanager.base_tasks - INFO - Pass: GatesInBasis - 2.36082 (ms)
2025-08-06 17:15:16,728 - qiskit.passmanager.base_tasks - INFO - Pass: Depth - 2.50387 (ms)
2025-08-06 17:15:16,728 - qiskit.passmanager.base_tasks - INFO - Pass: Size - 0.00286 (ms)
2025-08-06 17:15:17,194 - qiskit.passmanager.base_tasks - INFO - Pass: MinimumPoint - 466.09783 (ms)
2025-08-06 17:15:17,214 - qiskit.passmanager.base_tasks - INFO - Pass: ConsolidateBlocks - 19.47975 (ms)
2025-08-06 17:15:17,246 - qiskit.passmanager.base_tasks - INFO - Pass: UnitarySynthesis - 31.92210 (ms)
2025-08-06 17:15:17,247 - qiskit.passmanager.base_tasks - INFO - Pass: RemoveIdentityEquivalent - 0.94175 (ms)
2025-08-06 17:15:17,255 - qiskit.passmanager.base_tasks - INFO - Pass: Optimize1qGatesDecomposition - 7.22313 (ms)
2025-08-06 17:15:17,268 - qiskit.passmanager.base_tasks - INFO - Pass: CommutativeCancellation - 12.96687 (ms)
2025-08-06 17:15:17,268 - qiskit.passmanager.base_tasks - INFO - Pass: ContractIdleWiresInControlFlow - 0.00191 (ms)
2025-08-06 17:15:17,270 - qiskit.passmanager.base_tasks - INFO - Pass: GatesInBasis - 2.51627 (ms)
2025-08-06 17:15:17,273 - qiskit.passmanager.base_tasks - INFO - Pass: Depth - 2.41303 (ms)
2025-08-06 17:15:17,273 - qiskit.passmanager.base_tasks - INFO - Pass: Size - 0.00191 (ms)
2025-08-06 17:15:17,697 - qiskit.passmanager.base_tasks - INFO - Pass: MinimumPoint - 424.67690 (ms)
2025-08-06 17:15:17,717 - qiskit.passmanager.base_tasks - INFO - Pass: ConsolidateBlocks - 19.50598 (ms)
2025-08-06 17:15:17,747 - qiskit.passmanager.base_tasks - INFO - Pass: UnitarySynthesis - 29.92105 (ms)
2025-08-06 17:15:17,749 - qiskit.passmanager.base_tasks - INFO - Pass: RemoveIdentityEquivalent - 0.95797 (ms)
2025-08-06 17:15:17,755 - qiskit.passmanager.base_tasks - INFO - Pass: Optimize1qGatesDecomposition - 6.56104 (ms)
2025-08-06 17:15:17,763 - qiskit.passmanager.base_tasks - INFO - Pass: CommutativeCancellation - 7.77912 (ms)
2025-08-06 17:15:17,763 - qiskit.passmanager.base_tasks - INFO - Pass: ContractIdleWiresInControlFlow - 0.00310 (ms)
2025-08-06 17:15:17,766 - qiskit.passmanager.base_tasks - INFO - Pass: GatesInBasis - 2.50816 (ms)
2025-08-06 17:15:17,768 - qiskit.passmanager.base_tasks - INFO - Pass: Depth - 2.46286 (ms)
2025-08-06 17:15:17,768 - qiskit.passmanager.base_tasks - INFO - Pass: Size - 0.00381 (ms)
2025-08-06 17:15:17,768 - qiskit.passmanager.base_tasks - INFO - Pass: MinimumPoint - 0.00572 (ms)
2025-08-06 17:15:17,787 - qiskit.passmanager.base_tasks - INFO - Pass: ConsolidateBlocks - 18.56327 (ms)
2025-08-06 17:15:17,816 - qiskit.passmanager.base_tasks - INFO - Pass: UnitarySynthesis - 29.10161 (ms)
2025-08-06 17:15:17,818 - qiskit.passmanager.base_tasks - INFO - Pass: RemoveIdentityEquivalent - 0.97680 (ms)
2025-08-06 17:15:17,824 - qiskit.passmanager.base_tasks - INFO - Pass: Optimize1qGatesDecomposition - 6.47116 (ms)
2025-08-06 17:15:17,832 - qiskit.passmanager.base_tasks - INFO - Pass: CommutativeCancellation - 7.73096 (ms)
2025-08-06 17:15:17,832 - qiskit.passmanager.base_tasks - INFO - Pass: ContractIdleWiresInControlFlow - 0.00310 (ms)
2025-08-06 17:15:17,835 - qiskit.passmanager.base_tasks - INFO - Pass: GatesInBasis - 2.50602 (ms)
2025-08-06 17:15:17,837 - qiskit.passmanager.base_tasks - INFO - Pass: Depth - 2.47407 (ms)
2025-08-06 17:15:17,837 - qiskit.passmanager.base_tasks - INFO - Pass: Size - 0.00167 (ms)
2025-08-06 17:15:17,837 - qiskit.passmanager.base_tasks - INFO - Pass: MinimumPoint - 0.00525 (ms)
2025-08-06 17:15:17,855 - qiskit.passmanager.base_tasks - INFO - Pass: ConsolidateBlocks - 18.34393 (ms)
2025-08-06 17:15:17,885 - qiskit.passmanager.base_tasks - INFO - Pass: UnitarySynthesis - 29.24800 (ms)
2025-08-06 17:15:17,886 - qiskit.passmanager.base_tasks - INFO - Pass: RemoveIdentityEquivalent - 0.99707 (ms)
2025-08-06 17:15:17,893 - qiskit.passmanager.base_tasks - INFO - Pass: Optimize1qGatesDecomposition - 6.48594 (ms)
2025-08-06 17:15:17,900 - qiskit.passmanager.base_tasks - INFO - Pass: CommutativeCancellation - 7.48014 (ms)
2025-08-06 17:15:17,901 - qiskit.passmanager.base_tasks - INFO - Pass: ContractIdleWiresInControlFlow - 0.00215 (ms)
2025-08-06 17:15:17,903 - qiskit.passmanager.base_tasks - INFO - Pass: GatesInBasis - 2.50506 (ms)
2025-08-06 17:15:17,906 - qiskit.passmanager.base_tasks - INFO - Pass: Depth - 2.83599 (ms)
2025-08-06 17:15:17,906 - qiskit.passmanager.base_tasks - INFO - Pass: Size - 0.00215 (ms)
2025-08-06 17:15:17,906 - qiskit.passmanager.base_tasks - INFO - Pass: MinimumPoint - 0.00501 (ms)
2025-08-06 17:15:17,925 - qiskit.passmanager.base_tasks - INFO - Pass: ConsolidateBlocks - 19.23108 (ms)
2025-08-06 17:15:17,957 - qiskit.passmanager.base_tasks - INFO - Pass: UnitarySynthesis - 32.04513 (ms)
2025-08-06 17:15:17,960 - qiskit.passmanager.base_tasks - INFO - Pass: RemoveIdentityEquivalent - 1.17302 (ms)
2025-08-06 17:15:17,966 - qiskit.passmanager.base_tasks - INFO - Pass: Optimize1qGatesDecomposition - 6.59370 (ms)
2025-08-06 17:15:17,976 - qiskit.passmanager.base_tasks - INFO - Pass: CommutativeCancellation - 9.33409 (ms)
2025-08-06 17:15:17,976 - qiskit.passmanager.base_tasks - INFO - Pass: ContractIdleWiresInControlFlow - 0.00501 (ms)
2025-08-06 17:15:17,978 - qiskit.passmanager.base_tasks - INFO - Pass: GatesInBasis - 2.47502 (ms)
2025-08-06 17:15:17,981 - qiskit.passmanager.base_tasks - INFO - Pass: Depth - 2.70200 (ms)
2025-08-06 17:15:17,981 - qiskit.passmanager.base_tasks - INFO - Pass: Size - 0.00310 (ms)
2025-08-06 17:15:17,981 - qiskit.passmanager.base_tasks - INFO - Pass: MinimumPoint - 0.00811 (ms)
2025-08-06 17:15:17,983 - qiskit.passmanager.base_tasks - INFO - Pass: ContainsInstruction - 0.00882 (ms)
2025-08-06 17:15:17,986 - qiskit.passmanager.base_tasks - INFO - Pass: InstructionDurationCheck - 3.05319 (ms)
