2025-08-04 21:11:49,502 - root - INFO - ++++++++++++++++ Starting at 2025-08-04 21:11:49.502105 +++++++++++++++++
2025-08-04 21:11:49,502 - src.ProcessQaoa - INFO - Using p_level:: 1
2025-08-04 21:11:50,877 - src.ProcessQaoa - INFO - Using Simulator
2025-08-04 21:11:52,917 - qiskit.passmanager.base_tasks - INFO - Pass: ContainsInstruction - 0.13590 (ms)
2025-08-04 21:11:52,917 - qiskit.passmanager.base_tasks - INFO - Pass: UnitarySynthesis - 0.00262 (ms)
2025-08-04 21:11:52,941 - qiskit.passmanager.base_tasks - INFO - Pass: HighLevelSynthesis - 24.21689 (ms)
2025-08-04 21:11:52,941 - qiskit.passmanager.base_tasks - INFO - Pass: BasisTranslator - 0.04315 (ms)
2025-08-04 21:11:52,941 - qiskit.passmanager.base_tasks - INFO - Pass: ElidePermutations - 0.00381 (ms)
2025-08-04 21:11:52,941 - qiskit.passmanager.base_tasks - INFO - Pass: RemoveDiagonalGatesBeforeMeasure - 0.17905 (ms)
2025-08-04 21:11:52,942 - qiskit.passmanager.base_tasks - INFO - Pass: RemoveIdentityEquivalent - 0.00405 (ms)
2025-08-04 21:11:52,942 - qiskit.passmanager.base_tasks - INFO - Pass: InverseCancellation - 0.80490 (ms)
2025-08-04 21:11:52,942 - qiskit.passmanager.base_tasks - INFO - Pass: ContractIdleWiresInControlFlow - 0.00072 (ms)
2025-08-04 21:11:52,943 - qiskit.passmanager.base_tasks - INFO - Pass: CommutativeCancellation - 0.18382 (ms)
2025-08-04 21:11:52,943 - qiskit.passmanager.base_tasks - INFO - Pass: ConsolidateBlocks - 0.10085 (ms)
2025-08-04 21:11:52,943 - qiskit.passmanager.base_tasks - INFO - Pass: Split2QUnitaries - 0.03362 (ms)
2025-08-04 21:11:52,943 - qiskit.passmanager.base_tasks - INFO - Pass: SetLayout - 0.00215 (ms)
2025-08-04 21:11:52,947 - qiskit.passmanager.base_tasks - INFO - Pass: VF2Layout - 3.73411 (ms)
2025-08-04 21:11:52,947 - qiskit.passmanager.base_tasks - INFO - Pass: BarrierBeforeFinalMeasurements - 0.00381 (ms)
2025-08-04 21:11:53,080 - qiskit.passmanager.base_tasks - INFO - Pass: SabreLayout - 132.98988 (ms)
2025-08-04 21:11:53,080 - qiskit.passmanager.base_tasks - INFO - Pass: CheckMap - 0.02789 (ms)
2025-08-04 21:11:53,088 - qiskit.passmanager.base_tasks - INFO - Pass: VF2PostLayout - 8.43978 (ms)
2025-08-04 21:11:53,090 - qiskit.passmanager.base_tasks - INFO - Pass: ApplyLayout - 2.14815 (ms)
2025-08-04 21:11:53,091 - qiskit.passmanager.base_tasks - INFO - Pass: FilterOpNodes - 0.50402 (ms)
2025-08-04 21:11:53,091 - qiskit.passmanager.base_tasks - INFO - Pass: UnitarySynthesis - 0.00381 (ms)
2025-08-04 21:11:53,091 - qiskit.passmanager.base_tasks - INFO - Pass: HighLevelSynthesis - 0.10085 (ms)
2025-08-04 21:11:53,098 - qiskit.passmanager.base_tasks - INFO - Pass: BasisTranslator - 7.15756 (ms)
2025-08-04 21:11:53,098 - qiskit.passmanager.base_tasks - INFO - Pass: CheckGateDirection - 0.00429 (ms)
2025-08-04 21:11:53,114 - qiskit.passmanager.base_tasks - INFO - Pass: GateDirection - 15.59305 (ms)
2025-08-04 21:11:53,227 - qiskit.passmanager.base_tasks - INFO - Pass: BasisTranslator - 113.03401 (ms)
2025-08-04 21:11:53,229 - qiskit.passmanager.base_tasks - INFO - Pass: Depth - 1.39713 (ms)
2025-08-04 21:11:53,229 - qiskit.passmanager.base_tasks - INFO - Pass: Size - 0.00191 (ms)
2025-08-04 21:11:53,229 - qiskit.passmanager.base_tasks - INFO - Pass: MinimumPoint - 0.00668 (ms)
2025-08-04 21:11:53,238 - qiskit.passmanager.base_tasks - INFO - Pass: ConsolidateBlocks - 9.09805 (ms)
2025-08-04 21:11:53,267 - qiskit.passmanager.base_tasks - INFO - Pass: UnitarySynthesis - 28.63121 (ms)
2025-08-04 21:11:53,267 - qiskit.passmanager.base_tasks - INFO - Pass: RemoveIdentityEquivalent - 0.30994 (ms)
2025-08-04 21:11:53,363 - qiskit.passmanager.base_tasks - INFO - Pass: Optimize1qGatesDecomposition - 95.76082 (ms)
2025-08-04 21:11:53,382 - qiskit.passmanager.base_tasks - INFO - Pass: CommutativeCancellation - 18.74709 (ms)
2025-08-04 21:11:53,382 - qiskit.passmanager.base_tasks - INFO - Pass: ContractIdleWiresInControlFlow - 0.00191 (ms)
2025-08-04 21:11:53,383 - qiskit.passmanager.base_tasks - INFO - Pass: GatesInBasis - 0.75698 (ms)
2025-08-04 21:11:53,383 - qiskit.passmanager.base_tasks - INFO - Pass: Depth - 0.71764 (ms)
2025-08-04 21:11:53,383 - qiskit.passmanager.base_tasks - INFO - Pass: Size - 0.00095 (ms)
2025-08-04 21:11:53,493 - qiskit.passmanager.base_tasks - INFO - Pass: MinimumPoint - 110.02707 (ms)
2025-08-04 21:11:53,500 - qiskit.passmanager.base_tasks - INFO - Pass: ConsolidateBlocks - 6.34503 (ms)
2025-08-04 21:11:53,508 - qiskit.passmanager.base_tasks - INFO - Pass: UnitarySynthesis - 8.28195 (ms)
2025-08-04 21:11:53,509 - qiskit.passmanager.base_tasks - INFO - Pass: RemoveIdentityEquivalent - 0.28086 (ms)
2025-08-04 21:11:53,511 - qiskit.passmanager.base_tasks - INFO - Pass: Optimize1qGatesDecomposition - 1.92380 (ms)
2025-08-04 21:11:53,516 - qiskit.passmanager.base_tasks - INFO - Pass: CommutativeCancellation - 5.11217 (ms)
2025-08-04 21:11:53,516 - qiskit.passmanager.base_tasks - INFO - Pass: ContractIdleWiresInControlFlow - 0.00072 (ms)
2025-08-04 21:11:53,517 - qiskit.passmanager.base_tasks - INFO - Pass: GatesInBasis - 0.76175 (ms)
2025-08-04 21:11:53,517 - qiskit.passmanager.base_tasks - INFO - Pass: Depth - 0.72622 (ms)
2025-08-04 21:11:53,517 - qiskit.passmanager.base_tasks - INFO - Pass: Size - 0.00215 (ms)
2025-08-04 21:11:53,687 - qiskit.passmanager.base_tasks - INFO - Pass: MinimumPoint - 169.45076 (ms)
2025-08-04 21:11:53,693 - qiskit.passmanager.base_tasks - INFO - Pass: ConsolidateBlocks - 5.67198 (ms)
2025-08-04 21:11:53,698 - qiskit.passmanager.base_tasks - INFO - Pass: UnitarySynthesis - 5.75590 (ms)
2025-08-04 21:11:53,699 - qiskit.passmanager.base_tasks - INFO - Pass: RemoveIdentityEquivalent - 0.26083 (ms)
2025-08-04 21:11:53,701 - qiskit.passmanager.base_tasks - INFO - Pass: Optimize1qGatesDecomposition - 1.82414 (ms)
2025-08-04 21:11:53,704 - qiskit.passmanager.base_tasks - INFO - Pass: CommutativeCancellation - 3.15809 (ms)
2025-08-04 21:11:53,704 - qiskit.passmanager.base_tasks - INFO - Pass: ContractIdleWiresInControlFlow - 0.00167 (ms)
2025-08-04 21:11:53,705 - qiskit.passmanager.base_tasks - INFO - Pass: GatesInBasis - 0.73981 (ms)
2025-08-04 21:11:53,706 - qiskit.passmanager.base_tasks - INFO - Pass: Depth - 0.70095 (ms)
2025-08-04 21:11:53,706 - qiskit.passmanager.base_tasks - INFO - Pass: Size - 0.00095 (ms)
2025-08-04 21:11:53,816 - qiskit.passmanager.base_tasks - INFO - Pass: MinimumPoint - 110.68177 (ms)
2025-08-04 21:11:53,822 - qiskit.passmanager.base_tasks - INFO - Pass: ConsolidateBlocks - 5.80525 (ms)
2025-08-04 21:11:53,827 - qiskit.passmanager.base_tasks - INFO - Pass: UnitarySynthesis - 5.29885 (ms)
2025-08-04 21:11:53,828 - qiskit.passmanager.base_tasks - INFO - Pass: RemoveIdentityEquivalent - 0.24772 (ms)
2025-08-04 21:11:53,830 - qiskit.passmanager.base_tasks - INFO - Pass: Optimize1qGatesDecomposition - 1.75881 (ms)
2025-08-04 21:11:53,832 - qiskit.passmanager.base_tasks - INFO - Pass: CommutativeCancellation - 1.89018 (ms)
2025-08-04 21:11:53,832 - qiskit.passmanager.base_tasks - INFO - Pass: ContractIdleWiresInControlFlow - 0.00095 (ms)
2025-08-04 21:11:53,832 - qiskit.passmanager.base_tasks - INFO - Pass: GatesInBasis - 0.74387 (ms)
2025-08-04 21:11:53,833 - qiskit.passmanager.base_tasks - INFO - Pass: Depth - 0.60177 (ms)
2025-08-04 21:11:53,833 - qiskit.passmanager.base_tasks - INFO - Pass: Size - 0.00095 (ms)
2025-08-04 21:11:53,833 - qiskit.passmanager.base_tasks - INFO - Pass: MinimumPoint - 0.00310 (ms)
2025-08-04 21:11:53,838 - qiskit.passmanager.base_tasks - INFO - Pass: ConsolidateBlocks - 5.40900 (ms)
2025-08-04 21:11:53,844 - qiskit.passmanager.base_tasks - INFO - Pass: UnitarySynthesis - 5.12695 (ms)
2025-08-04 21:11:53,844 - qiskit.passmanager.base_tasks - INFO - Pass: RemoveIdentityEquivalent - 0.25392 (ms)
2025-08-04 21:11:53,846 - qiskit.passmanager.base_tasks - INFO - Pass: Optimize1qGatesDecomposition - 1.68014 (ms)
2025-08-04 21:11:53,847 - qiskit.passmanager.base_tasks - INFO - Pass: CommutativeCancellation - 1.81389 (ms)
2025-08-04 21:11:53,848 - qiskit.passmanager.base_tasks - INFO - Pass: ContractIdleWiresInControlFlow - 0.00119 (ms)
2025-08-04 21:11:53,848 - qiskit.passmanager.base_tasks - INFO - Pass: GatesInBasis - 0.73504 (ms)
2025-08-04 21:11:53,849 - qiskit.passmanager.base_tasks - INFO - Pass: Depth - 0.59986 (ms)
2025-08-04 21:11:53,849 - qiskit.passmanager.base_tasks - INFO - Pass: Size - 0.00095 (ms)
2025-08-04 21:11:53,849 - qiskit.passmanager.base_tasks - INFO - Pass: MinimumPoint - 0.00167 (ms)
2025-08-04 21:11:53,854 - qiskit.passmanager.base_tasks - INFO - Pass: ConsolidateBlocks - 5.44000 (ms)
2025-08-04 21:11:53,859 - qiskit.passmanager.base_tasks - INFO - Pass: UnitarySynthesis - 5.11408 (ms)
2025-08-04 21:11:53,860 - qiskit.passmanager.base_tasks - INFO - Pass: RemoveIdentityEquivalent - 0.24581 (ms)
2025-08-04 21:11:53,862 - qiskit.passmanager.base_tasks - INFO - Pass: Optimize1qGatesDecomposition - 1.70016 (ms)
2025-08-04 21:11:53,863 - qiskit.passmanager.base_tasks - INFO - Pass: CommutativeCancellation - 1.83892 (ms)
2025-08-04 21:11:53,863 - qiskit.passmanager.base_tasks - INFO - Pass: ContractIdleWiresInControlFlow - 0.00119 (ms)
2025-08-04 21:11:53,864 - qiskit.passmanager.base_tasks - INFO - Pass: GatesInBasis - 0.74625 (ms)
2025-08-04 21:11:53,865 - qiskit.passmanager.base_tasks - INFO - Pass: Depth - 0.59390 (ms)
2025-08-04 21:11:53,865 - qiskit.passmanager.base_tasks - INFO - Pass: Size - 0.00119 (ms)
2025-08-04 21:11:53,865 - qiskit.passmanager.base_tasks - INFO - Pass: MinimumPoint - 0.00191 (ms)
2025-08-04 21:11:53,870 - qiskit.passmanager.base_tasks - INFO - Pass: ConsolidateBlocks - 5.45001 (ms)
2025-08-04 21:11:53,875 - qiskit.passmanager.base_tasks - INFO - Pass: UnitarySynthesis - 5.07903 (ms)
2025-08-04 21:11:53,876 - qiskit.passmanager.base_tasks - INFO - Pass: RemoveIdentityEquivalent - 0.24676 (ms)
2025-08-04 21:11:53,878 - qiskit.passmanager.base_tasks - INFO - Pass: Optimize1qGatesDecomposition - 1.70684 (ms)
2025-08-04 21:11:53,879 - qiskit.passmanager.base_tasks - INFO - Pass: CommutativeCancellation - 1.86205 (ms)
2025-08-04 21:11:53,879 - qiskit.passmanager.base_tasks - INFO - Pass: ContractIdleWiresInControlFlow - 0.00215 (ms)
2025-08-04 21:11:53,880 - qiskit.passmanager.base_tasks - INFO - Pass: GatesInBasis - 0.74482 (ms)
2025-08-04 21:11:53,881 - qiskit.passmanager.base_tasks - INFO - Pass: Depth - 0.68808 (ms)
2025-08-04 21:11:53,881 - qiskit.passmanager.base_tasks - INFO - Pass: Size - 0.00119 (ms)
2025-08-04 21:11:53,881 - qiskit.passmanager.base_tasks - INFO - Pass: MinimumPoint - 0.00286 (ms)
2025-08-04 21:11:53,881 - qiskit.passmanager.base_tasks - INFO - Pass: ContainsInstruction - 0.00405 (ms)
2025-08-04 21:11:53,882 - qiskit.passmanager.base_tasks - INFO - Pass: InstructionDurationCheck - 0.92387 (ms)
2025-08-04 21:11:54,343 - qiskit.passmanager.base_tasks - INFO - Pass: Optimize1qGatesDecomposition - 0.01788 (ms)
2025-08-04 21:11:54,877 - qiskit_aer.backends.aerbackend - WARNING - Simulation failed and returned the following error message:
ERROR:  [Experiment 0] a circuit requires more memory than max_memory_mb.
