2025-08-06 15:36:56,625 - root - INFO - ++++++++++++++++ Starting at 2025-08-06 15:36:56.625657 +++++++++++++++++
2025-08-06 15:36:56,625 - src.ProcessQaoa - INFO - Using p_level:: 1
2025-08-06 15:37:03,852 - src.ProcessQaoa - INFO - Using Real Hardware
2025-08-06 15:37:24,495 - qiskit.passmanager.base_tasks - INFO - Pass: ContainsInstruction - 0.18620 (ms)
2025-08-06 15:37:24,496 - qiskit.passmanager.base_tasks - INFO - Pass: UnitarySynthesis - 0.00310 (ms)
2025-08-06 15:37:24,599 - qiskit.passmanager.base_tasks - INFO - Pass: HighLevelSynthesis - 102.90504 (ms)
2025-08-06 15:37:24,599 - qiskit.passmanager.base_tasks - INFO - Pass: BasisTranslator - 0.10800 (ms)
2025-08-06 15:37:24,599 - qiskit.passmanager.base_tasks - INFO - Pass: ElidePermutations - 0.00715 (ms)
2025-08-06 15:37:24,599 - qiskit.passmanager.base_tasks - INFO - Pass: RemoveDiagonalGatesBeforeMeasure - 0.23508 (ms)
2025-08-06 15:37:24,599 - qiskit.passmanager.base_tasks - INFO - Pass: RemoveIdentityEquivalent - 0.00906 (ms)
2025-08-06 15:37:24,600 - qiskit.passmanager.base_tasks - INFO - Pass: InverseCancellation - 0.50426 (ms)
2025-08-06 15:37:24,600 - qiskit.passmanager.base_tasks - INFO - Pass: ContractIdleWiresInControlFlow - 0.00095 (ms)
2025-08-06 15:37:24,600 - qiskit.passmanager.base_tasks - INFO - Pass: CommutativeCancellation - 0.38791 (ms)
2025-08-06 15:37:24,600 - qiskit.passmanager.base_tasks - INFO - Pass: ConsolidateBlocks - 0.18930 (ms)
2025-08-06 15:37:24,601 - qiskit.passmanager.base_tasks - INFO - Pass: Split2QUnitaries - 0.20504 (ms)
2025-08-06 15:37:24,601 - qiskit.passmanager.base_tasks - INFO - Pass: SetLayout - 0.00167 (ms)
2025-08-06 15:37:24,605 - qiskit.passmanager.base_tasks - INFO - Pass: VF2Layout - 4.36115 (ms)
2025-08-06 15:37:24,605 - qiskit.passmanager.base_tasks - INFO - Pass: BarrierBeforeFinalMeasurements - 0.00620 (ms)
2025-08-06 15:37:25,035 - qiskit.passmanager.base_tasks - INFO - Pass: SabreLayout - 430.10807 (ms)
2025-08-06 15:37:25,035 - qiskit.passmanager.base_tasks - INFO - Pass: CheckMap - 0.05078 (ms)
2025-08-06 15:37:25,044 - qiskit.passmanager.base_tasks - INFO - Pass: VF2PostLayout - 8.84700 (ms)
2025-08-06 15:37:25,045 - qiskit.passmanager.base_tasks - INFO - Pass: FilterOpNodes - 0.85616 (ms)
2025-08-06 15:37:25,045 - qiskit.passmanager.base_tasks - INFO - Pass: UnitarySynthesis - 0.00405 (ms)
2025-08-06 15:37:25,045 - qiskit.passmanager.base_tasks - INFO - Pass: HighLevelSynthesis - 0.29302 (ms)
2025-08-06 15:37:25,112 - qiskit.passmanager.base_tasks - INFO - Pass: BasisTranslator - 66.78104 (ms)
2025-08-06 15:37:25,112 - qiskit.passmanager.base_tasks - INFO - Pass: CheckGateDirection - 0.00620 (ms)
2025-08-06 15:37:25,213 - qiskit.passmanager.base_tasks - INFO - Pass: GateDirection - 100.64507 (ms)
2025-08-06 15:37:26,422 - qiskit.passmanager.base_tasks - INFO - Pass: BasisTranslator - 1208.90903 (ms)
2025-08-06 15:37:26,429 - qiskit.passmanager.base_tasks - INFO - Pass: Depth - 5.32722 (ms)
2025-08-06 15:37:26,429 - qiskit.passmanager.base_tasks - INFO - Pass: Size - 0.00310 (ms)
2025-08-06 15:37:26,429 - qiskit.passmanager.base_tasks - INFO - Pass: MinimumPoint - 0.00691 (ms)
2025-08-06 15:37:26,456 - qiskit.passmanager.base_tasks - INFO - Pass: ConsolidateBlocks - 27.78983 (ms)
2025-08-06 15:37:26,670 - qiskit.passmanager.base_tasks - INFO - Pass: UnitarySynthesis - 213.21797 (ms)
2025-08-06 15:37:26,671 - qiskit.passmanager.base_tasks - INFO - Pass: RemoveIdentityEquivalent - 1.22380 (ms)
2025-08-06 15:37:27,142 - qiskit.passmanager.base_tasks - INFO - Pass: Optimize1qGatesDecomposition - 471.32397 (ms)
2025-08-06 15:37:27,314 - qiskit.passmanager.base_tasks - INFO - Pass: CommutativeCancellation - 171.08297 (ms)
2025-08-06 15:37:27,314 - qiskit.passmanager.base_tasks - INFO - Pass: ContractIdleWiresInControlFlow - 0.00310 (ms)
2025-08-06 15:37:27,316 - qiskit.passmanager.base_tasks - INFO - Pass: GatesInBasis - 2.50697 (ms)
2025-08-06 15:37:27,319 - qiskit.passmanager.base_tasks - INFO - Pass: Depth - 2.67816 (ms)
2025-08-06 15:37:27,319 - qiskit.passmanager.base_tasks - INFO - Pass: Size - 0.00167 (ms)
2025-08-06 15:37:27,766 - qiskit.passmanager.base_tasks - INFO - Pass: MinimumPoint - 447.45708 (ms)
2025-08-06 15:37:27,786 - qiskit.passmanager.base_tasks - INFO - Pass: ConsolidateBlocks - 19.77086 (ms)
2025-08-06 15:37:27,825 - qiskit.passmanager.base_tasks - INFO - Pass: UnitarySynthesis - 38.89203 (ms)
2025-08-06 15:37:27,827 - qiskit.passmanager.base_tasks - INFO - Pass: RemoveIdentityEquivalent - 0.95534 (ms)
2025-08-06 15:37:27,834 - qiskit.passmanager.base_tasks - INFO - Pass: Optimize1qGatesDecomposition - 7.20716 (ms)
2025-08-06 15:37:27,856 - qiskit.passmanager.base_tasks - INFO - Pass: CommutativeCancellation - 21.35396 (ms)
2025-08-06 15:37:27,856 - qiskit.passmanager.base_tasks - INFO - Pass: ContractIdleWiresInControlFlow - 0.00191 (ms)
2025-08-06 15:37:27,858 - qiskit.passmanager.base_tasks - INFO - Pass: GatesInBasis - 2.48885 (ms)
2025-08-06 15:37:27,860 - qiskit.passmanager.base_tasks - INFO - Pass: Depth - 2.36893 (ms)
2025-08-06 15:37:27,861 - qiskit.passmanager.base_tasks - INFO - Pass: Size - 0.00095 (ms)
2025-08-06 15:37:28,325 - qiskit.passmanager.base_tasks - INFO - Pass: MinimumPoint - 464.93196 (ms)
2025-08-06 15:37:28,345 - qiskit.passmanager.base_tasks - INFO - Pass: ConsolidateBlocks - 19.83809 (ms)
2025-08-06 15:37:28,378 - qiskit.passmanager.base_tasks - INFO - Pass: UnitarySynthesis - 32.54795 (ms)
2025-08-06 15:37:28,380 - qiskit.passmanager.base_tasks - INFO - Pass: RemoveIdentityEquivalent - 0.89073 (ms)
2025-08-06 15:37:28,387 - qiskit.passmanager.base_tasks - INFO - Pass: Optimize1qGatesDecomposition - 7.13420 (ms)
2025-08-06 15:37:28,400 - qiskit.passmanager.base_tasks - INFO - Pass: CommutativeCancellation - 13.01813 (ms)
2025-08-06 15:37:28,400 - qiskit.passmanager.base_tasks - INFO - Pass: ContractIdleWiresInControlFlow - 0.00191 (ms)
2025-08-06 15:37:28,402 - qiskit.passmanager.base_tasks - INFO - Pass: GatesInBasis - 2.51198 (ms)
2025-08-06 15:37:28,405 - qiskit.passmanager.base_tasks - INFO - Pass: Depth - 2.38276 (ms)
2025-08-06 15:37:28,405 - qiskit.passmanager.base_tasks - INFO - Pass: Size - 0.00215 (ms)
2025-08-06 15:37:28,832 - qiskit.passmanager.base_tasks - INFO - Pass: MinimumPoint - 426.72205 (ms)
2025-08-06 15:37:28,851 - qiskit.passmanager.base_tasks - INFO - Pass: ConsolidateBlocks - 19.16838 (ms)
2025-08-06 15:37:28,881 - qiskit.passmanager.base_tasks - INFO - Pass: UnitarySynthesis - 29.88791 (ms)
2025-08-06 15:37:28,883 - qiskit.passmanager.base_tasks - INFO - Pass: RemoveIdentityEquivalent - 0.95987 (ms)
2025-08-06 15:37:28,889 - qiskit.passmanager.base_tasks - INFO - Pass: Optimize1qGatesDecomposition - 6.57105 (ms)
2025-08-06 15:37:28,897 - qiskit.passmanager.base_tasks - INFO - Pass: CommutativeCancellation - 8.22711 (ms)
2025-08-06 15:37:28,897 - qiskit.passmanager.base_tasks - INFO - Pass: ContractIdleWiresInControlFlow - 0.00286 (ms)
2025-08-06 15:37:28,900 - qiskit.passmanager.base_tasks - INFO - Pass: GatesInBasis - 2.58303 (ms)
2025-08-06 15:37:28,903 - qiskit.passmanager.base_tasks - INFO - Pass: Depth - 2.51412 (ms)
2025-08-06 15:37:28,903 - qiskit.passmanager.base_tasks - INFO - Pass: Size - 0.00119 (ms)
2025-08-06 15:37:28,903 - qiskit.passmanager.base_tasks - INFO - Pass: MinimumPoint - 0.00501 (ms)
2025-08-06 15:37:28,921 - qiskit.passmanager.base_tasks - INFO - Pass: ConsolidateBlocks - 18.58997 (ms)
2025-08-06 15:37:28,951 - qiskit.passmanager.base_tasks - INFO - Pass: UnitarySynthesis - 29.63424 (ms)
2025-08-06 15:37:28,952 - qiskit.passmanager.base_tasks - INFO - Pass: RemoveIdentityEquivalent - 0.90170 (ms)
2025-08-06 15:37:28,959 - qiskit.passmanager.base_tasks - INFO - Pass: Optimize1qGatesDecomposition - 6.55603 (ms)
2025-08-06 15:37:28,969 - qiskit.passmanager.base_tasks - INFO - Pass: CommutativeCancellation - 10.35810 (ms)
2025-08-06 15:37:28,970 - qiskit.passmanager.base_tasks - INFO - Pass: ContractIdleWiresInControlFlow - 0.00286 (ms)
2025-08-06 15:37:28,972 - qiskit.passmanager.base_tasks - INFO - Pass: GatesInBasis - 2.43497 (ms)
2025-08-06 15:37:28,974 - qiskit.passmanager.base_tasks - INFO - Pass: Depth - 2.45190 (ms)
2025-08-06 15:37:28,974 - qiskit.passmanager.base_tasks - INFO - Pass: Size - 0.00215 (ms)
2025-08-06 15:37:28,975 - qiskit.passmanager.base_tasks - INFO - Pass: MinimumPoint - 0.00429 (ms)
2025-08-06 15:37:28,993 - qiskit.passmanager.base_tasks - INFO - Pass: ConsolidateBlocks - 18.47100 (ms)
2025-08-06 15:37:29,023 - qiskit.passmanager.base_tasks - INFO - Pass: UnitarySynthesis - 29.71601 (ms)
2025-08-06 15:37:29,024 - qiskit.passmanager.base_tasks - INFO - Pass: RemoveIdentityEquivalent - 0.99778 (ms)
2025-08-06 15:37:29,031 - qiskit.passmanager.base_tasks - INFO - Pass: Optimize1qGatesDecomposition - 6.51288 (ms)
2025-08-06 15:37:29,040 - qiskit.passmanager.base_tasks - INFO - Pass: CommutativeCancellation - 8.99410 (ms)
2025-08-06 15:37:29,040 - qiskit.passmanager.base_tasks - INFO - Pass: ContractIdleWiresInControlFlow - 0.00310 (ms)
2025-08-06 15:37:29,043 - qiskit.passmanager.base_tasks - INFO - Pass: GatesInBasis - 2.48122 (ms)
2025-08-06 15:37:29,045 - qiskit.passmanager.base_tasks - INFO - Pass: Depth - 2.54011 (ms)
2025-08-06 15:37:29,045 - qiskit.passmanager.base_tasks - INFO - Pass: Size - 0.00215 (ms)
2025-08-06 15:37:29,045 - qiskit.passmanager.base_tasks - INFO - Pass: MinimumPoint - 0.00501 (ms)
2025-08-06 15:37:29,065 - qiskit.passmanager.base_tasks - INFO - Pass: ConsolidateBlocks - 19.33312 (ms)
2025-08-06 15:37:29,095 - qiskit.passmanager.base_tasks - INFO - Pass: UnitarySynthesis - 30.14016 (ms)
2025-08-06 15:37:29,097 - qiskit.passmanager.base_tasks - INFO - Pass: RemoveIdentityEquivalent - 1.11198 (ms)
2025-08-06 15:37:29,104 - qiskit.passmanager.base_tasks - INFO - Pass: Optimize1qGatesDecomposition - 6.65522 (ms)
2025-08-06 15:37:29,115 - qiskit.passmanager.base_tasks - INFO - Pass: CommutativeCancellation - 11.04689 (ms)
2025-08-06 15:37:29,115 - qiskit.passmanager.base_tasks - INFO - Pass: ContractIdleWiresInControlFlow - 0.00381 (ms)
2025-08-06 15:37:29,117 - qiskit.passmanager.base_tasks - INFO - Pass: GatesInBasis - 2.38299 (ms)
2025-08-06 15:37:29,120 - qiskit.passmanager.base_tasks - INFO - Pass: Depth - 2.53487 (ms)
2025-08-06 15:37:29,120 - qiskit.passmanager.base_tasks - INFO - Pass: Size - 0.00262 (ms)
2025-08-06 15:37:29,120 - qiskit.passmanager.base_tasks - INFO - Pass: MinimumPoint - 0.00572 (ms)
2025-08-06 15:37:29,122 - qiskit.passmanager.base_tasks - INFO - Pass: ContainsInstruction - 0.01001 (ms)
2025-08-06 15:37:29,125 - qiskit.passmanager.base_tasks - INFO - Pass: InstructionDurationCheck - 2.97284 (ms)
2025-08-06 15:49:37,168 - urllib3.connectionpool - WARNING - Retrying (PostForcelistRetry(total=4, connect=3, read=None, redirect=None, status=None)) after connection broken by 'RemoteDisconnected('Remote end closed connection without response')': /api/v1/jobs/d29mltbac8as73am2s5g?exclude_params=true
2025-08-06 15:49:38,211 - urllib3.connectionpool - WARNING - Retrying (PostForcelistRetry(total=3, connect=2, read=None, redirect=None, status=None)) after connection broken by 'NameResolutionError("<urllib3.connection.HTTPSConnection object at 0x123cc16d0>: Failed to resolve 'quantum.cloud.ibm.com' ([Errno 8] nodename nor servname provided, or not known)")': /api/v1/jobs/d29mltbac8as73am2s5g?exclude_params=true
2025-08-06 15:49:40,224 - urllib3.connectionpool - WARNING - Retrying (PostForcelistRetry(total=2, connect=1, read=None, redirect=None, status=None)) after connection broken by 'NameResolutionError("<urllib3.connection.HTTPSConnection object at 0x13bc323d0>: Failed to resolve 'quantum.cloud.ibm.com' ([Errno 8] nodename nor servname provided, or not known)")': /api/v1/jobs/d29mltbac8as73am2s5g?exclude_params=true
2025-08-06 15:49:44,233 - urllib3.connectionpool - WARNING - Retrying (PostForcelistRetry(total=1, connect=0, read=None, redirect=None, status=None)) after connection broken by 'NameResolutionError("<urllib3.connection.HTTPSConnection object at 0x13bc33790>: Failed to resolve 'quantum.cloud.ibm.com' ([Errno 8] nodename nor servname provided, or not known)")': /api/v1/jobs/d29mltbac8as73am2s5g?exclude_params=true
