2025-08-07 20:02:26,881 - root - INFO - ++++++++++++++++ Starting at 2025-08-07 20:02:26.881271 +++++++++++++++++
2025-08-07 20:02:26,881 - src.ProcessQaoa - INFO - Using p_level:: 1
2025-08-07 20:02:29,483 - src.ProcessQaoa - INFO - Using Real Hardware
2025-08-07 20:02:31,617 - qiskit.passmanager.base_tasks - INFO - Pass: ContainsInstruction - 0.15402 (ms)
2025-08-07 20:02:31,617 - qiskit.passmanager.base_tasks - INFO - Pass: UnitarySynthesis - 0.00310 (ms)
2025-08-07 20:02:31,683 - qiskit.passmanager.base_tasks - INFO - Pass: HighLevelSynthesis - 66.29610 (ms)
2025-08-07 20:02:31,683 - qiskit.passmanager.base_tasks - INFO - Pass: BasisTranslator - 0.05627 (ms)
2025-08-07 20:02:31,683 - qiskit.passmanager.base_tasks - INFO - Pass: ElidePermutations - 0.00381 (ms)
2025-08-07 20:02:31,684 - qiskit.passmanager.base_tasks - INFO - Pass: RemoveDiagonalGatesBeforeMeasure - 0.22483 (ms)
2025-08-07 20:02:31,684 - qiskit.passmanager.base_tasks - INFO - Pass: RemoveIdentityEquivalent - 0.00620 (ms)
2025-08-07 20:02:31,684 - qiskit.passmanager.base_tasks - INFO - Pass: InverseCancellation - 0.30398 (ms)
2025-08-07 20:02:31,684 - qiskit.passmanager.base_tasks - INFO - Pass: ContractIdleWiresInControlFlow - 0.00215 (ms)
2025-08-07 20:02:31,684 - qiskit.passmanager.base_tasks - INFO - Pass: CommutativeCancellation - 0.23222 (ms)
2025-08-07 20:02:31,684 - qiskit.passmanager.base_tasks - INFO - Pass: ConsolidateBlocks - 0.12326 (ms)
2025-08-07 20:02:31,685 - qiskit.passmanager.base_tasks - INFO - Pass: Split2QUnitaries - 0.20409 (ms)
2025-08-07 20:02:31,685 - qiskit.passmanager.base_tasks - INFO - Pass: SetLayout - 0.00191 (ms)
2025-08-07 20:02:31,687 - qiskit.passmanager.base_tasks - INFO - Pass: VF2Layout - 2.77114 (ms)
2025-08-07 20:02:31,687 - qiskit.passmanager.base_tasks - INFO - Pass: BarrierBeforeFinalMeasurements - 0.00405 (ms)
2025-08-07 20:02:31,944 - qiskit.passmanager.base_tasks - INFO - Pass: SabreLayout - 256.58703 (ms)
2025-08-07 20:02:31,944 - qiskit.passmanager.base_tasks - INFO - Pass: CheckMap - 0.05102 (ms)
2025-08-07 20:02:31,951 - qiskit.passmanager.base_tasks - INFO - Pass: VF2PostLayout - 7.32589 (ms)
2025-08-07 20:02:31,955 - qiskit.passmanager.base_tasks - INFO - Pass: ApplyLayout - 3.78919 (ms)
2025-08-07 20:02:31,956 - qiskit.passmanager.base_tasks - INFO - Pass: FilterOpNodes - 0.50521 (ms)
2025-08-07 20:02:31,956 - qiskit.passmanager.base_tasks - INFO - Pass: UnitarySynthesis - 0.00405 (ms)
2025-08-07 20:02:31,956 - qiskit.passmanager.base_tasks - INFO - Pass: HighLevelSynthesis - 0.17786 (ms)
2025-08-07 20:02:31,973 - qiskit.passmanager.base_tasks - INFO - Pass: BasisTranslator - 17.03596 (ms)
2025-08-07 20:02:31,973 - qiskit.passmanager.base_tasks - INFO - Pass: CheckGateDirection - 0.00501 (ms)
2025-08-07 20:02:32,016 - qiskit.passmanager.base_tasks - INFO - Pass: GateDirection - 42.96708 (ms)
2025-08-07 20:02:32,439 - qiskit.passmanager.base_tasks - INFO - Pass: BasisTranslator - 422.40477 (ms)
2025-08-07 20:02:32,442 - qiskit.passmanager.base_tasks - INFO - Pass: Depth - 3.07465 (ms)
2025-08-07 20:02:32,442 - qiskit.passmanager.base_tasks - INFO - Pass: Size - 0.00310 (ms)
2025-08-07 20:02:32,442 - qiskit.passmanager.base_tasks - INFO - Pass: MinimumPoint - 0.00691 (ms)
2025-08-07 20:02:32,459 - qiskit.passmanager.base_tasks - INFO - Pass: ConsolidateBlocks - 16.05821 (ms)
2025-08-07 20:02:32,535 - qiskit.passmanager.base_tasks - INFO - Pass: UnitarySynthesis - 76.57290 (ms)
2025-08-07 20:02:32,536 - qiskit.passmanager.base_tasks - INFO - Pass: RemoveIdentityEquivalent - 0.59128 (ms)
2025-08-07 20:02:32,689 - qiskit.passmanager.base_tasks - INFO - Pass: Optimize1qGatesDecomposition - 152.69899 (ms)
2025-08-07 20:02:32,756 - qiskit.passmanager.base_tasks - INFO - Pass: CommutativeCancellation - 67.22903 (ms)
2025-08-07 20:02:32,756 - qiskit.passmanager.base_tasks - INFO - Pass: ContractIdleWiresInControlFlow - 0.00191 (ms)
2025-08-07 20:02:32,757 - qiskit.passmanager.base_tasks - INFO - Pass: GatesInBasis - 1.40810 (ms)
2025-08-07 20:02:32,759 - qiskit.passmanager.base_tasks - INFO - Pass: Depth - 1.53804 (ms)
2025-08-07 20:02:32,759 - qiskit.passmanager.base_tasks - INFO - Pass: Size - 0.00167 (ms)
2025-08-07 20:02:33,036 - qiskit.passmanager.base_tasks - INFO - Pass: MinimumPoint - 276.53980 (ms)
2025-08-07 20:02:33,047 - qiskit.passmanager.base_tasks - INFO - Pass: ConsolidateBlocks - 11.05690 (ms)
2025-08-07 20:02:33,062 - qiskit.passmanager.base_tasks - INFO - Pass: UnitarySynthesis - 15.34009 (ms)
2025-08-07 20:02:33,063 - qiskit.passmanager.base_tasks - INFO - Pass: RemoveIdentityEquivalent - 0.46825 (ms)
2025-08-07 20:02:33,067 - qiskit.passmanager.base_tasks - INFO - Pass: Optimize1qGatesDecomposition - 3.94487 (ms)
2025-08-07 20:02:33,076 - qiskit.passmanager.base_tasks - INFO - Pass: CommutativeCancellation - 8.80408 (ms)
2025-08-07 20:02:33,076 - qiskit.passmanager.base_tasks - INFO - Pass: ContractIdleWiresInControlFlow - 0.00191 (ms)
2025-08-07 20:02:33,077 - qiskit.passmanager.base_tasks - INFO - Pass: GatesInBasis - 1.37091 (ms)
2025-08-07 20:02:33,078 - qiskit.passmanager.base_tasks - INFO - Pass: Depth - 1.27196 (ms)
2025-08-07 20:02:33,078 - qiskit.passmanager.base_tasks - INFO - Pass: Size - 0.00119 (ms)
2025-08-07 20:02:33,327 - qiskit.passmanager.base_tasks - INFO - Pass: MinimumPoint - 248.63100 (ms)
2025-08-07 20:02:33,338 - qiskit.passmanager.base_tasks - INFO - Pass: ConsolidateBlocks - 11.07907 (ms)
2025-08-07 20:02:33,351 - qiskit.passmanager.base_tasks - INFO - Pass: UnitarySynthesis - 12.57396 (ms)
2025-08-07 20:02:33,352 - qiskit.passmanager.base_tasks - INFO - Pass: RemoveIdentityEquivalent - 0.51808 (ms)
2025-08-07 20:02:33,356 - qiskit.passmanager.base_tasks - INFO - Pass: Optimize1qGatesDecomposition - 3.67594 (ms)
2025-08-07 20:02:33,361 - qiskit.passmanager.base_tasks - INFO - Pass: CommutativeCancellation - 5.85389 (ms)
2025-08-07 20:02:33,362 - qiskit.passmanager.base_tasks - INFO - Pass: ContractIdleWiresInControlFlow - 0.00191 (ms)
2025-08-07 20:02:33,363 - qiskit.passmanager.base_tasks - INFO - Pass: GatesInBasis - 1.41597 (ms)
2025-08-07 20:02:33,364 - qiskit.passmanager.base_tasks - INFO - Pass: Depth - 1.39713 (ms)
2025-08-07 20:02:33,364 - qiskit.passmanager.base_tasks - INFO - Pass: Size - 0.00191 (ms)
2025-08-07 20:02:33,617 - qiskit.passmanager.base_tasks - INFO - Pass: MinimumPoint - 252.90394 (ms)
2025-08-07 20:02:33,629 - qiskit.passmanager.base_tasks - INFO - Pass: ConsolidateBlocks - 11.11722 (ms)
2025-08-07 20:02:33,641 - qiskit.passmanager.base_tasks - INFO - Pass: UnitarySynthesis - 11.92594 (ms)
2025-08-07 20:02:33,642 - qiskit.passmanager.base_tasks - INFO - Pass: RemoveIdentityEquivalent - 0.51713 (ms)
2025-08-07 20:02:33,645 - qiskit.passmanager.base_tasks - INFO - Pass: Optimize1qGatesDecomposition - 3.55005 (ms)
2025-08-07 20:02:33,649 - qiskit.passmanager.base_tasks - INFO - Pass: CommutativeCancellation - 4.05312 (ms)
2025-08-07 20:02:33,649 - qiskit.passmanager.base_tasks - INFO - Pass: ContractIdleWiresInControlFlow - 0.00191 (ms)
2025-08-07 20:02:33,651 - qiskit.passmanager.base_tasks - INFO - Pass: GatesInBasis - 1.45411 (ms)
2025-08-07 20:02:33,652 - qiskit.passmanager.base_tasks - INFO - Pass: Depth - 1.45102 (ms)
2025-08-07 20:02:33,652 - qiskit.passmanager.base_tasks - INFO - Pass: Size - 0.00191 (ms)
2025-08-07 20:02:33,652 - qiskit.passmanager.base_tasks - INFO - Pass: MinimumPoint - 0.00405 (ms)
2025-08-07 20:02:33,663 - qiskit.passmanager.base_tasks - INFO - Pass: ConsolidateBlocks - 10.57220 (ms)
2025-08-07 20:02:33,675 - qiskit.passmanager.base_tasks - INFO - Pass: UnitarySynthesis - 12.11476 (ms)
2025-08-07 20:02:33,676 - qiskit.passmanager.base_tasks - INFO - Pass: RemoveIdentityEquivalent - 0.51117 (ms)
2025-08-07 20:02:33,680 - qiskit.passmanager.base_tasks - INFO - Pass: Optimize1qGatesDecomposition - 3.54600 (ms)
2025-08-07 20:02:33,683 - qiskit.passmanager.base_tasks - INFO - Pass: CommutativeCancellation - 3.84998 (ms)
2025-08-07 20:02:33,683 - qiskit.passmanager.base_tasks - INFO - Pass: ContractIdleWiresInControlFlow - 0.00215 (ms)
2025-08-07 20:02:33,685 - qiskit.passmanager.base_tasks - INFO - Pass: GatesInBasis - 1.44219 (ms)
2025-08-07 20:02:33,686 - qiskit.passmanager.base_tasks - INFO - Pass: Depth - 1.38021 (ms)
2025-08-07 20:02:33,686 - qiskit.passmanager.base_tasks - INFO - Pass: Size - 0.00215 (ms)
2025-08-07 20:02:33,686 - qiskit.passmanager.base_tasks - INFO - Pass: MinimumPoint - 0.00262 (ms)
2025-08-07 20:02:33,697 - qiskit.passmanager.base_tasks - INFO - Pass: ConsolidateBlocks - 10.45799 (ms)
2025-08-07 20:02:33,709 - qiskit.passmanager.base_tasks - INFO - Pass: UnitarySynthesis - 12.10499 (ms)
2025-08-07 20:02:33,710 - qiskit.passmanager.base_tasks - INFO - Pass: RemoveIdentityEquivalent - 0.48780 (ms)
2025-08-07 20:02:33,713 - qiskit.passmanager.base_tasks - INFO - Pass: Optimize1qGatesDecomposition - 3.46303 (ms)
2025-08-07 20:02:33,718 - qiskit.passmanager.base_tasks - INFO - Pass: CommutativeCancellation - 4.51565 (ms)
2025-08-07 20:02:33,718 - qiskit.passmanager.base_tasks - INFO - Pass: ContractIdleWiresInControlFlow - 0.00191 (ms)
2025-08-07 20:02:33,719 - qiskit.passmanager.base_tasks - INFO - Pass: GatesInBasis - 1.36995 (ms)
2025-08-07 20:02:33,721 - qiskit.passmanager.base_tasks - INFO - Pass: Depth - 1.55973 (ms)
2025-08-07 20:02:33,721 - qiskit.passmanager.base_tasks - INFO - Pass: Size - 0.00119 (ms)
2025-08-07 20:02:33,721 - qiskit.passmanager.base_tasks - INFO - Pass: MinimumPoint - 0.00286 (ms)
2025-08-07 20:02:33,731 - qiskit.passmanager.base_tasks - INFO - Pass: ConsolidateBlocks - 10.44464 (ms)
2025-08-07 20:02:33,743 - qiskit.passmanager.base_tasks - INFO - Pass: UnitarySynthesis - 12.01105 (ms)
2025-08-07 20:02:33,744 - qiskit.passmanager.base_tasks - INFO - Pass: RemoveIdentityEquivalent - 0.50402 (ms)
2025-08-07 20:02:33,748 - qiskit.passmanager.base_tasks - INFO - Pass: Optimize1qGatesDecomposition - 3.50189 (ms)
2025-08-07 20:02:33,751 - qiskit.passmanager.base_tasks - INFO - Pass: CommutativeCancellation - 3.82400 (ms)
2025-08-07 20:02:33,751 - qiskit.passmanager.base_tasks - INFO - Pass: ContractIdleWiresInControlFlow - 0.00191 (ms)
2025-08-07 20:02:33,753 - qiskit.passmanager.base_tasks - INFO - Pass: GatesInBasis - 1.43194 (ms)
2025-08-07 20:02:33,754 - qiskit.passmanager.base_tasks - INFO - Pass: Depth - 1.36495 (ms)
2025-08-07 20:02:33,754 - qiskit.passmanager.base_tasks - INFO - Pass: Size - 0.00095 (ms)
2025-08-07 20:02:33,754 - qiskit.passmanager.base_tasks - INFO - Pass: MinimumPoint - 0.00501 (ms)
2025-08-07 20:02:33,755 - qiskit.passmanager.base_tasks - INFO - Pass: ContainsInstruction - 0.00596 (ms)
2025-08-07 20:02:33,757 - qiskit.passmanager.base_tasks - INFO - Pass: InstructionDurationCheck - 1.59383 (ms)
