2025-08-06 22:48:01,905 - root - INFO - ++++++++++++++++ Starting at 2025-08-06 22:48:01.905290 +++++++++++++++++
2025-08-06 22:48:01,905 - src.ProcessQaoa - INFO - Using p_level:: 1
2025-08-06 22:48:05,639 - src.ProcessQaoa - INFO - Using Real Hardware
2025-08-06 22:48:09,177 - qiskit.passmanager.base_tasks - INFO - Pass: ContainsInstruction - 0.14281 (ms)
2025-08-06 22:48:09,177 - qiskit.passmanager.base_tasks - INFO - Pass: UnitarySynthesis - 0.00310 (ms)
2025-08-06 22:48:09,242 - qiskit.passmanager.base_tasks - INFO - Pass: HighLevelSynthesis - 64.89968 (ms)
2025-08-06 22:48:09,243 - qiskit.passmanager.base_tasks - INFO - Pass: BasisTranslator - 0.12016 (ms)
2025-08-06 22:48:09,243 - qiskit.passmanager.base_tasks - INFO - Pass: ElidePermutations - 0.00286 (ms)
2025-08-06 22:48:09,243 - qiskit.passmanager.base_tasks - INFO - Pass: RemoveDiagonalGatesBeforeMeasure - 0.23293 (ms)
2025-08-06 22:48:09,243 - qiskit.passmanager.base_tasks - INFO - Pass: RemoveIdentityEquivalent - 0.00715 (ms)
2025-08-06 22:48:09,244 - qiskit.passmanager.base_tasks - INFO - Pass: InverseCancellation - 0.51999 (ms)
2025-08-06 22:48:09,244 - qiskit.passmanager.base_tasks - INFO - Pass: ContractIdleWiresInControlFlow - 0.00119 (ms)
2025-08-06 22:48:09,244 - qiskit.passmanager.base_tasks - INFO - Pass: CommutativeCancellation - 0.23389 (ms)
2025-08-06 22:48:09,244 - qiskit.passmanager.base_tasks - INFO - Pass: ConsolidateBlocks - 0.12589 (ms)
2025-08-06 22:48:09,244 - qiskit.passmanager.base_tasks - INFO - Pass: Split2QUnitaries - 0.20313 (ms)
2025-08-06 22:48:09,244 - qiskit.passmanager.base_tasks - INFO - Pass: SetLayout - 0.00215 (ms)
2025-08-06 22:48:09,247 - qiskit.passmanager.base_tasks - INFO - Pass: VF2Layout - 2.97403 (ms)
2025-08-06 22:48:09,247 - qiskit.passmanager.base_tasks - INFO - Pass: BarrierBeforeFinalMeasurements - 0.00405 (ms)
2025-08-06 22:48:09,514 - qiskit.passmanager.base_tasks - INFO - Pass: SabreLayout - 266.67190 (ms)
2025-08-06 22:48:09,514 - qiskit.passmanager.base_tasks - INFO - Pass: CheckMap - 0.04387 (ms)
2025-08-06 22:48:09,521 - qiskit.passmanager.base_tasks - INFO - Pass: VF2PostLayout - 7.20716 (ms)
2025-08-06 22:48:09,525 - qiskit.passmanager.base_tasks - INFO - Pass: ApplyLayout - 3.66521 (ms)
2025-08-06 22:48:09,526 - qiskit.passmanager.base_tasks - INFO - Pass: FilterOpNodes - 0.55861 (ms)
2025-08-06 22:48:09,526 - qiskit.passmanager.base_tasks - INFO - Pass: UnitarySynthesis - 0.00381 (ms)
2025-08-06 22:48:09,526 - qiskit.passmanager.base_tasks - INFO - Pass: HighLevelSynthesis - 0.17500 (ms)
2025-08-06 22:48:09,543 - qiskit.passmanager.base_tasks - INFO - Pass: BasisTranslator - 16.99209 (ms)
2025-08-06 22:48:09,543 - qiskit.passmanager.base_tasks - INFO - Pass: CheckGateDirection - 0.00477 (ms)
2025-08-06 22:48:09,588 - qiskit.passmanager.base_tasks - INFO - Pass: GateDirection - 44.58594 (ms)
2025-08-06 22:48:10,032 - qiskit.passmanager.base_tasks - INFO - Pass: BasisTranslator - 444.08393 (ms)
2025-08-06 22:48:10,035 - qiskit.passmanager.base_tasks - INFO - Pass: Depth - 2.80714 (ms)
2025-08-06 22:48:10,035 - qiskit.passmanager.base_tasks - INFO - Pass: Size - 0.00310 (ms)
2025-08-06 22:48:10,035 - qiskit.passmanager.base_tasks - INFO - Pass: MinimumPoint - 0.00691 (ms)
2025-08-06 22:48:10,052 - qiskit.passmanager.base_tasks - INFO - Pass: ConsolidateBlocks - 16.20388 (ms)
2025-08-06 22:48:10,131 - qiskit.passmanager.base_tasks - INFO - Pass: UnitarySynthesis - 79.32377 (ms)
2025-08-06 22:48:10,132 - qiskit.passmanager.base_tasks - INFO - Pass: RemoveIdentityEquivalent - 0.59700 (ms)
2025-08-06 22:48:10,295 - qiskit.passmanager.base_tasks - INFO - Pass: Optimize1qGatesDecomposition - 163.16700 (ms)
2025-08-06 22:48:10,361 - qiskit.passmanager.base_tasks - INFO - Pass: CommutativeCancellation - 66.41793 (ms)
2025-08-06 22:48:10,361 - qiskit.passmanager.base_tasks - INFO - Pass: ContractIdleWiresInControlFlow - 0.00286 (ms)
2025-08-06 22:48:10,363 - qiskit.passmanager.base_tasks - INFO - Pass: GatesInBasis - 1.46508 (ms)
2025-08-06 22:48:10,364 - qiskit.passmanager.base_tasks - INFO - Pass: Depth - 1.49703 (ms)
2025-08-06 22:48:10,364 - qiskit.passmanager.base_tasks - INFO - Pass: Size - 0.00095 (ms)
2025-08-06 22:48:10,642 - qiskit.passmanager.base_tasks - INFO - Pass: MinimumPoint - 277.54784 (ms)
2025-08-06 22:48:10,653 - qiskit.passmanager.base_tasks - INFO - Pass: ConsolidateBlocks - 11.35516 (ms)
2025-08-06 22:48:10,670 - qiskit.passmanager.base_tasks - INFO - Pass: UnitarySynthesis - 16.47115 (ms)
2025-08-06 22:48:10,671 - qiskit.passmanager.base_tasks - INFO - Pass: RemoveIdentityEquivalent - 0.49806 (ms)
2025-08-06 22:48:10,675 - qiskit.passmanager.base_tasks - INFO - Pass: Optimize1qGatesDecomposition - 4.01998 (ms)
2025-08-06 22:48:10,684 - qiskit.passmanager.base_tasks - INFO - Pass: CommutativeCancellation - 9.13620 (ms)
2025-08-06 22:48:10,684 - qiskit.passmanager.base_tasks - INFO - Pass: ContractIdleWiresInControlFlow - 0.00215 (ms)
2025-08-06 22:48:10,686 - qiskit.passmanager.base_tasks - INFO - Pass: GatesInBasis - 1.42884 (ms)
2025-08-06 22:48:10,687 - qiskit.passmanager.base_tasks - INFO - Pass: Depth - 1.33681 (ms)
2025-08-06 22:48:10,687 - qiskit.passmanager.base_tasks - INFO - Pass: Size - 0.00191 (ms)
2025-08-06 22:48:10,938 - qiskit.passmanager.base_tasks - INFO - Pass: MinimumPoint - 250.92673 (ms)
2025-08-06 22:48:10,949 - qiskit.passmanager.base_tasks - INFO - Pass: ConsolidateBlocks - 10.97178 (ms)
2025-08-06 22:48:10,962 - qiskit.passmanager.base_tasks - INFO - Pass: UnitarySynthesis - 12.91704 (ms)
2025-08-06 22:48:10,963 - qiskit.passmanager.base_tasks - INFO - Pass: RemoveIdentityEquivalent - 0.56005 (ms)
2025-08-06 22:48:10,967 - qiskit.passmanager.base_tasks - INFO - Pass: Optimize1qGatesDecomposition - 3.74079 (ms)
2025-08-06 22:48:10,972 - qiskit.passmanager.base_tasks - INFO - Pass: CommutativeCancellation - 5.68390 (ms)
2025-08-06 22:48:10,972 - qiskit.passmanager.base_tasks - INFO - Pass: ContractIdleWiresInControlFlow - 0.00215 (ms)
2025-08-06 22:48:10,974 - qiskit.passmanager.base_tasks - INFO - Pass: GatesInBasis - 1.45102 (ms)
2025-08-06 22:48:10,975 - qiskit.passmanager.base_tasks - INFO - Pass: Depth - 1.42121 (ms)
2025-08-06 22:48:10,975 - qiskit.passmanager.base_tasks - INFO - Pass: Size - 0.00119 (ms)
2025-08-06 22:48:11,227 - qiskit.passmanager.base_tasks - INFO - Pass: MinimumPoint - 251.68681 (ms)
2025-08-06 22:48:11,238 - qiskit.passmanager.base_tasks - INFO - Pass: ConsolidateBlocks - 11.19494 (ms)
2025-08-06 22:48:11,251 - qiskit.passmanager.base_tasks - INFO - Pass: UnitarySynthesis - 12.57086 (ms)
2025-08-06 22:48:11,252 - qiskit.passmanager.base_tasks - INFO - Pass: RemoveIdentityEquivalent - 0.53883 (ms)
2025-08-06 22:48:11,255 - qiskit.passmanager.base_tasks - INFO - Pass: Optimize1qGatesDecomposition - 3.54505 (ms)
2025-08-06 22:48:11,260 - qiskit.passmanager.base_tasks - INFO - Pass: CommutativeCancellation - 4.15301 (ms)
2025-08-06 22:48:11,260 - qiskit.passmanager.base_tasks - INFO - Pass: ContractIdleWiresInControlFlow - 0.00215 (ms)
2025-08-06 22:48:11,261 - qiskit.passmanager.base_tasks - INFO - Pass: GatesInBasis - 1.43576 (ms)
2025-08-06 22:48:11,263 - qiskit.passmanager.base_tasks - INFO - Pass: Depth - 1.33586 (ms)
2025-08-06 22:48:11,263 - qiskit.passmanager.base_tasks - INFO - Pass: Size - 0.00095 (ms)
2025-08-06 22:48:11,263 - qiskit.passmanager.base_tasks - INFO - Pass: MinimumPoint - 0.00405 (ms)
2025-08-06 22:48:11,273 - qiskit.passmanager.base_tasks - INFO - Pass: ConsolidateBlocks - 10.43081 (ms)
2025-08-06 22:48:11,285 - qiskit.passmanager.base_tasks - INFO - Pass: UnitarySynthesis - 12.10403 (ms)
2025-08-06 22:48:11,286 - qiskit.passmanager.base_tasks - INFO - Pass: RemoveIdentityEquivalent - 0.50187 (ms)
2025-08-06 22:48:11,290 - qiskit.passmanager.base_tasks - INFO - Pass: Optimize1qGatesDecomposition - 3.51501 (ms)
2025-08-06 22:48:11,293 - qiskit.passmanager.base_tasks - INFO - Pass: CommutativeCancellation - 3.88908 (ms)
2025-08-06 22:48:11,293 - qiskit.passmanager.base_tasks - INFO - Pass: ContractIdleWiresInControlFlow - 0.00191 (ms)
2025-08-06 22:48:11,295 - qiskit.passmanager.base_tasks - INFO - Pass: GatesInBasis - 1.45984 (ms)
2025-08-06 22:48:11,296 - qiskit.passmanager.base_tasks - INFO - Pass: Depth - 1.28818 (ms)
2025-08-06 22:48:11,296 - qiskit.passmanager.base_tasks - INFO - Pass: Size - 0.00119 (ms)
2025-08-06 22:48:11,296 - qiskit.passmanager.base_tasks - INFO - Pass: MinimumPoint - 0.00310 (ms)
2025-08-06 22:48:11,307 - qiskit.passmanager.base_tasks - INFO - Pass: ConsolidateBlocks - 10.49805 (ms)
2025-08-06 22:48:11,319 - qiskit.passmanager.base_tasks - INFO - Pass: UnitarySynthesis - 12.20918 (ms)
2025-08-06 22:48:11,320 - qiskit.passmanager.base_tasks - INFO - Pass: RemoveIdentityEquivalent - 0.54002 (ms)
2025-08-06 22:48:11,323 - qiskit.passmanager.base_tasks - INFO - Pass: Optimize1qGatesDecomposition - 3.49212 (ms)
2025-08-06 22:48:11,327 - qiskit.passmanager.base_tasks - INFO - Pass: CommutativeCancellation - 3.79109 (ms)
2025-08-06 22:48:11,327 - qiskit.passmanager.base_tasks - INFO - Pass: ContractIdleWiresInControlFlow - 0.00095 (ms)
2025-08-06 22:48:11,329 - qiskit.passmanager.base_tasks - INFO - Pass: GatesInBasis - 1.42598 (ms)
2025-08-06 22:48:11,330 - qiskit.passmanager.base_tasks - INFO - Pass: Depth - 1.32298 (ms)
2025-08-06 22:48:11,330 - qiskit.passmanager.base_tasks - INFO - Pass: Size - 0.00095 (ms)
2025-08-06 22:48:11,330 - qiskit.passmanager.base_tasks - INFO - Pass: MinimumPoint - 0.00381 (ms)
2025-08-06 22:48:11,341 - qiskit.passmanager.base_tasks - INFO - Pass: ConsolidateBlocks - 10.41675 (ms)
2025-08-06 22:48:11,353 - qiskit.passmanager.base_tasks - INFO - Pass: UnitarySynthesis - 12.11882 (ms)
2025-08-06 22:48:11,354 - qiskit.passmanager.base_tasks - INFO - Pass: RemoveIdentityEquivalent - 0.50926 (ms)
2025-08-06 22:48:11,357 - qiskit.passmanager.base_tasks - INFO - Pass: Optimize1qGatesDecomposition - 3.48783 (ms)
2025-08-06 22:48:11,361 - qiskit.passmanager.base_tasks - INFO - Pass: CommutativeCancellation - 3.88575 (ms)
2025-08-06 22:48:11,361 - qiskit.passmanager.base_tasks - INFO - Pass: ContractIdleWiresInControlFlow - 0.00310 (ms)
2025-08-06 22:48:11,362 - qiskit.passmanager.base_tasks - INFO - Pass: GatesInBasis - 1.42479 (ms)
2025-08-06 22:48:11,364 - qiskit.passmanager.base_tasks - INFO - Pass: Depth - 1.30367 (ms)
2025-08-06 22:48:11,364 - qiskit.passmanager.base_tasks - INFO - Pass: Size - 0.00191 (ms)
2025-08-06 22:48:11,364 - qiskit.passmanager.base_tasks - INFO - Pass: MinimumPoint - 0.00381 (ms)
2025-08-06 22:48:11,365 - qiskit.passmanager.base_tasks - INFO - Pass: ContainsInstruction - 0.00691 (ms)
2025-08-06 22:48:11,366 - qiskit.passmanager.base_tasks - INFO - Pass: InstructionDurationCheck - 1.61672 (ms)
