2025-07-21 10:23:16,441 - root - INFO - ++++++++++++++++ Starting at 2025-07-21 10:23:16.441320 +++++++++++++++++
2025-07-21 10:23:16,441 - src.ProcessQaoa - INFO - Using p_level:: 1
2025-07-21 10:23:18,735 - src.ProcessQaoa - INFO - Using Real Hardware
2025-07-21 10:23:20,025 - qiskit.passmanager.base_tasks - INFO - Pass: ContainsInstruction - 0.01812 (ms)
2025-07-21 10:23:20,025 - qiskit.passmanager.base_tasks - INFO - Pass: UnitarySynthesis - 0.00429 (ms)
2025-07-21 10:23:20,028 - qiskit.passmanager.base_tasks - INFO - Pass: HighLevelSynthesis - 3.17526 (ms)
2025-07-21 10:23:20,029 - qiskit.passmanager.base_tasks - INFO - Pass: BasisTranslator - 0.01478 (ms)
2025-07-21 10:23:20,029 - qiskit.passmanager.base_tasks - INFO - Pass: ElidePermutations - 0.00286 (ms)
2025-07-21 10:23:20,029 - qiskit.passmanager.base_tasks - INFO - Pass: RemoveDiagonalGatesBeforeMeasure - 0.21982 (ms)
2025-07-21 10:23:20,029 - qiskit.passmanager.base_tasks - INFO - Pass: RemoveIdentityEquivalent - 0.00310 (ms)
2025-07-21 10:23:20,029 - qiskit.passmanager.base_tasks - INFO - Pass: InverseCancellation - 0.37289 (ms)
2025-07-21 10:23:20,029 - qiskit.passmanager.base_tasks - INFO - Pass: ContractIdleWiresInControlFlow - 0.00095 (ms)
2025-07-21 10:23:20,029 - qiskit.passmanager.base_tasks - INFO - Pass: CommutativeCancellation - 0.03600 (ms)
2025-07-21 10:23:20,029 - qiskit.passmanager.base_tasks - INFO - Pass: ConsolidateBlocks - 0.02885 (ms)
2025-07-21 10:23:20,030 - qiskit.passmanager.base_tasks - INFO - Pass: Split2QUnitaries - 0.17285 (ms)
2025-07-21 10:23:20,030 - qiskit.passmanager.base_tasks - INFO - Pass: SetLayout - 0.00215 (ms)
2025-07-21 10:23:20,031 - qiskit.passmanager.base_tasks - INFO - Pass: VF2Layout - 1.47986 (ms)
2025-07-21 10:23:20,031 - qiskit.passmanager.base_tasks - INFO - Pass: BarrierBeforeFinalMeasurements - 0.00310 (ms)
2025-07-21 10:23:20,037 - qiskit.passmanager.base_tasks - INFO - Pass: SabreLayout - 5.41782 (ms)
2025-07-21 10:23:20,037 - qiskit.passmanager.base_tasks - INFO - Pass: CheckMap - 0.02217 (ms)
2025-07-21 10:23:20,039 - qiskit.passmanager.base_tasks - INFO - Pass: VF2PostLayout - 2.75826 (ms)
2025-07-21 10:23:20,040 - qiskit.passmanager.base_tasks - INFO - Pass: ApplyLayout - 0.43702 (ms)
2025-07-21 10:23:20,040 - qiskit.passmanager.base_tasks - INFO - Pass: FilterOpNodes - 0.02837 (ms)
2025-07-21 10:23:20,040 - qiskit.passmanager.base_tasks - INFO - Pass: UnitarySynthesis - 0.00286 (ms)
2025-07-21 10:23:20,040 - qiskit.passmanager.base_tasks - INFO - Pass: HighLevelSynthesis - 0.01121 (ms)
2025-07-21 10:23:20,041 - qiskit.passmanager.base_tasks - INFO - Pass: BasisTranslator - 0.79012 (ms)
2025-07-21 10:23:20,041 - qiskit.passmanager.base_tasks - INFO - Pass: CheckGateDirection - 0.00310 (ms)
2025-07-21 10:23:20,041 - qiskit.passmanager.base_tasks - INFO - Pass: GateDirection - 0.16117 (ms)
2025-07-21 10:23:20,042 - qiskit.passmanager.base_tasks - INFO - Pass: BasisTranslator - 0.54693 (ms)
2025-07-21 10:23:20,042 - qiskit.passmanager.base_tasks - INFO - Pass: Depth - 0.20313 (ms)
2025-07-21 10:23:20,042 - qiskit.passmanager.base_tasks - INFO - Pass: Size - 0.00167 (ms)
2025-07-21 10:23:20,042 - qiskit.passmanager.base_tasks - INFO - Pass: MinimumPoint - 0.00477 (ms)
2025-07-21 10:23:20,042 - qiskit.passmanager.base_tasks - INFO - Pass: ConsolidateBlocks - 0.54073 (ms)
2025-07-21 10:23:20,043 - qiskit.passmanager.base_tasks - INFO - Pass: UnitarySynthesis - 0.99206 (ms)
2025-07-21 10:23:20,043 - qiskit.passmanager.base_tasks - INFO - Pass: RemoveIdentityEquivalent - 0.00787 (ms)
2025-07-21 10:23:20,044 - qiskit.passmanager.base_tasks - INFO - Pass: Optimize1qGatesDecomposition - 0.15497 (ms)
2025-07-21 10:23:20,044 - qiskit.passmanager.base_tasks - INFO - Pass: CommutativeCancellation - 0.14400 (ms)
2025-07-21 10:23:20,044 - qiskit.passmanager.base_tasks - INFO - Pass: ContractIdleWiresInControlFlow - 0.00095 (ms)
2025-07-21 10:23:20,044 - qiskit.passmanager.base_tasks - INFO - Pass: GatesInBasis - 0.02003 (ms)
2025-07-21 10:23:20,044 - qiskit.passmanager.base_tasks - INFO - Pass: Depth - 0.02527 (ms)
2025-07-21 10:23:20,044 - qiskit.passmanager.base_tasks - INFO - Pass: Size - 0.00095 (ms)
2025-07-21 10:23:20,071 - qiskit.passmanager.base_tasks - INFO - Pass: MinimumPoint - 27.46797 (ms)
2025-07-21 10:23:20,072 - qiskit.passmanager.base_tasks - INFO - Pass: ConsolidateBlocks - 0.15783 (ms)
2025-07-21 10:23:20,072 - qiskit.passmanager.base_tasks - INFO - Pass: UnitarySynthesis - 0.00286 (ms)
2025-07-21 10:23:20,072 - qiskit.passmanager.base_tasks - INFO - Pass: RemoveIdentityEquivalent - 0.00715 (ms)
2025-07-21 10:23:20,072 - qiskit.passmanager.base_tasks - INFO - Pass: Optimize1qGatesDecomposition - 0.05198 (ms)
2025-07-21 10:23:20,072 - qiskit.passmanager.base_tasks - INFO - Pass: CommutativeCancellation - 0.07081 (ms)
2025-07-21 10:23:20,072 - qiskit.passmanager.base_tasks - INFO - Pass: ContractIdleWiresInControlFlow - 0.00095 (ms)
2025-07-21 10:23:20,072 - qiskit.passmanager.base_tasks - INFO - Pass: GatesInBasis - 0.01931 (ms)
2025-07-21 10:23:20,072 - qiskit.passmanager.base_tasks - INFO - Pass: Depth - 0.02098 (ms)
2025-07-21 10:23:20,072 - qiskit.passmanager.base_tasks - INFO - Pass: Size - 0.00119 (ms)
2025-07-21 10:23:20,072 - qiskit.passmanager.base_tasks - INFO - Pass: MinimumPoint - 0.00310 (ms)
2025-07-21 10:23:20,072 - qiskit.passmanager.base_tasks - INFO - Pass: ContainsInstruction - 0.00310 (ms)
2025-07-21 10:23:20,072 - qiskit.passmanager.base_tasks - INFO - Pass: InstructionDurationCheck - 0.02408 (ms)
