2025-08-07 17:48:20,534 - root - INFO - ++++++++++++++++ Starting at 2025-08-07 17:48:20.534104 +++++++++++++++++
2025-08-07 17:48:20,534 - src.ProcessQaoa - INFO - Using p_level:: 1
2025-08-07 17:48:23,233 - src.ProcessQaoa - INFO - Using Real Hardware
2025-08-07 17:48:25,290 - qiskit.passmanager.base_tasks - INFO - Pass: ContainsInstruction - 0.01693 (ms)
2025-08-07 17:48:25,290 - qiskit.passmanager.base_tasks - INFO - Pass: UnitarySynthesis - 0.00310 (ms)
2025-08-07 17:48:25,341 - qiskit.passmanager.base_tasks - INFO - Pass: HighLevelSynthesis - 51.11599 (ms)
2025-08-07 17:48:25,341 - qiskit.passmanager.base_tasks - INFO - Pass: BasisTranslator - 0.04315 (ms)
2025-08-07 17:48:25,341 - qiskit.passmanager.base_tasks - INFO - Pass: ElidePermutations - 0.00381 (ms)
2025-08-07 17:48:25,341 - qiskit.passmanager.base_tasks - INFO - Pass: RemoveDiagonalGatesBeforeMeasure - 0.20027 (ms)
2025-08-07 17:48:25,341 - qiskit.passmanager.base_tasks - INFO - Pass: RemoveIdentityEquivalent - 0.00501 (ms)
2025-08-07 17:48:25,341 - qiskit.passmanager.base_tasks - INFO - Pass: InverseCancellation - 0.27394 (ms)
2025-08-07 17:48:25,341 - qiskit.passmanager.base_tasks - INFO - Pass: ContractIdleWiresInControlFlow - 0.00095 (ms)
2025-08-07 17:48:25,342 - qiskit.passmanager.base_tasks - INFO - Pass: CommutativeCancellation - 0.15998 (ms)
2025-08-07 17:48:25,342 - qiskit.passmanager.base_tasks - INFO - Pass: ConsolidateBlocks - 0.08082 (ms)
2025-08-07 17:48:25,342 - qiskit.passmanager.base_tasks - INFO - Pass: Split2QUnitaries - 0.15187 (ms)
2025-08-07 17:48:25,342 - qiskit.passmanager.base_tasks - INFO - Pass: SetLayout - 0.00191 (ms)
2025-08-07 17:48:25,345 - qiskit.passmanager.base_tasks - INFO - Pass: VF2Layout - 2.70391 (ms)
2025-08-07 17:48:25,345 - qiskit.passmanager.base_tasks - INFO - Pass: BarrierBeforeFinalMeasurements - 0.00405 (ms)
2025-08-07 17:48:25,480 - qiskit.passmanager.base_tasks - INFO - Pass: SabreLayout - 135.21409 (ms)
2025-08-07 17:48:25,480 - qiskit.passmanager.base_tasks - INFO - Pass: CheckMap - 0.03982 (ms)
2025-08-07 17:48:25,488 - qiskit.passmanager.base_tasks - INFO - Pass: VF2PostLayout - 8.17204 (ms)
2025-08-07 17:48:25,490 - qiskit.passmanager.base_tasks - INFO - Pass: ApplyLayout - 2.11406 (ms)
2025-08-07 17:48:25,491 - qiskit.passmanager.base_tasks - INFO - Pass: FilterOpNodes - 0.28324 (ms)
2025-08-07 17:48:25,491 - qiskit.passmanager.base_tasks - INFO - Pass: UnitarySynthesis - 0.00381 (ms)
2025-08-07 17:48:25,491 - qiskit.passmanager.base_tasks - INFO - Pass: HighLevelSynthesis - 0.09918 (ms)
2025-08-07 17:48:25,498 - qiskit.passmanager.base_tasks - INFO - Pass: BasisTranslator - 7.09510 (ms)
2025-08-07 17:48:25,498 - qiskit.passmanager.base_tasks - INFO - Pass: CheckGateDirection - 0.00691 (ms)
2025-08-07 17:48:25,515 - qiskit.passmanager.base_tasks - INFO - Pass: GateDirection - 16.35385 (ms)
2025-08-07 17:48:25,628 - qiskit.passmanager.base_tasks - INFO - Pass: BasisTranslator - 113.63506 (ms)
2025-08-07 17:48:25,630 - qiskit.passmanager.base_tasks - INFO - Pass: Depth - 1.14989 (ms)
2025-08-07 17:48:25,630 - qiskit.passmanager.base_tasks - INFO - Pass: Size - 0.00191 (ms)
2025-08-07 17:48:25,630 - qiskit.passmanager.base_tasks - INFO - Pass: MinimumPoint - 0.00715 (ms)
2025-08-07 17:48:25,638 - qiskit.passmanager.base_tasks - INFO - Pass: ConsolidateBlocks - 8.38494 (ms)
2025-08-07 17:48:25,665 - qiskit.passmanager.base_tasks - INFO - Pass: UnitarySynthesis - 26.62206 (ms)
2025-08-07 17:48:25,665 - qiskit.passmanager.base_tasks - INFO - Pass: RemoveIdentityEquivalent - 0.29492 (ms)
2025-08-07 17:48:25,704 - qiskit.passmanager.base_tasks - INFO - Pass: Optimize1qGatesDecomposition - 39.19411 (ms)
2025-08-07 17:48:25,725 - qiskit.passmanager.base_tasks - INFO - Pass: CommutativeCancellation - 20.55812 (ms)
2025-08-07 17:48:25,725 - qiskit.passmanager.base_tasks - INFO - Pass: ContractIdleWiresInControlFlow - 0.00286 (ms)
2025-08-07 17:48:25,726 - qiskit.passmanager.base_tasks - INFO - Pass: GatesInBasis - 0.70500 (ms)
2025-08-07 17:48:25,727 - qiskit.passmanager.base_tasks - INFO - Pass: Depth - 0.86308 (ms)
2025-08-07 17:48:25,727 - qiskit.passmanager.base_tasks - INFO - Pass: Size - 0.00215 (ms)
2025-08-07 17:48:25,869 - qiskit.passmanager.base_tasks - INFO - Pass: MinimumPoint - 142.62080 (ms)
2025-08-07 17:48:25,875 - qiskit.passmanager.base_tasks - INFO - Pass: ConsolidateBlocks - 5.84602 (ms)
2025-08-07 17:48:25,882 - qiskit.passmanager.base_tasks - INFO - Pass: UnitarySynthesis - 6.94394 (ms)
2025-08-07 17:48:25,883 - qiskit.passmanager.base_tasks - INFO - Pass: RemoveIdentityEquivalent - 0.24700 (ms)
2025-08-07 17:48:25,885 - qiskit.passmanager.base_tasks - INFO - Pass: Optimize1qGatesDecomposition - 1.88899 (ms)
2025-08-07 17:48:25,889 - qiskit.passmanager.base_tasks - INFO - Pass: CommutativeCancellation - 4.56405 (ms)
2025-08-07 17:48:25,889 - qiskit.passmanager.base_tasks - INFO - Pass: ContractIdleWiresInControlFlow - 0.00095 (ms)
2025-08-07 17:48:25,890 - qiskit.passmanager.base_tasks - INFO - Pass: GatesInBasis - 0.73910 (ms)
2025-08-07 17:48:25,891 - qiskit.passmanager.base_tasks - INFO - Pass: Depth - 0.64397 (ms)
2025-08-07 17:48:25,891 - qiskit.passmanager.base_tasks - INFO - Pass: Size - 0.00215 (ms)
2025-08-07 17:48:26,039 - qiskit.passmanager.base_tasks - INFO - Pass: MinimumPoint - 147.77589 (ms)
2025-08-07 17:48:26,044 - qiskit.passmanager.base_tasks - INFO - Pass: ConsolidateBlocks - 5.65886 (ms)
2025-08-07 17:48:26,050 - qiskit.passmanager.base_tasks - INFO - Pass: UnitarySynthesis - 5.46288 (ms)
2025-08-07 17:48:26,050 - qiskit.passmanager.base_tasks - INFO - Pass: RemoveIdentityEquivalent - 0.24295 (ms)
2025-08-07 17:48:26,052 - qiskit.passmanager.base_tasks - INFO - Pass: Optimize1qGatesDecomposition - 1.83702 (ms)
2025-08-07 17:48:26,055 - qiskit.passmanager.base_tasks - INFO - Pass: CommutativeCancellation - 2.94185 (ms)
2025-08-07 17:48:26,055 - qiskit.passmanager.base_tasks - INFO - Pass: ContractIdleWiresInControlFlow - 0.00095 (ms)
2025-08-07 17:48:26,056 - qiskit.passmanager.base_tasks - INFO - Pass: GatesInBasis - 0.74506 (ms)
2025-08-07 17:48:26,056 - qiskit.passmanager.base_tasks - INFO - Pass: Depth - 0.67306 (ms)
2025-08-07 17:48:26,056 - qiskit.passmanager.base_tasks - INFO - Pass: Size - 0.00072 (ms)
2025-08-07 17:48:26,198 - qiskit.passmanager.base_tasks - INFO - Pass: MinimumPoint - 141.28900 (ms)
2025-08-07 17:48:26,204 - qiskit.passmanager.base_tasks - INFO - Pass: ConsolidateBlocks - 5.62787 (ms)
2025-08-07 17:48:26,208 - qiskit.passmanager.base_tasks - INFO - Pass: UnitarySynthesis - 4.75502 (ms)
2025-08-07 17:48:26,209 - qiskit.passmanager.base_tasks - INFO - Pass: RemoveIdentityEquivalent - 0.24724 (ms)
2025-08-07 17:48:26,211 - qiskit.passmanager.base_tasks - INFO - Pass: Optimize1qGatesDecomposition - 1.80721 (ms)
2025-08-07 17:48:26,213 - qiskit.passmanager.base_tasks - INFO - Pass: CommutativeCancellation - 2.02513 (ms)
2025-08-07 17:48:26,213 - qiskit.passmanager.base_tasks - INFO - Pass: ContractIdleWiresInControlFlow - 0.00095 (ms)
2025-08-07 17:48:26,213 - qiskit.passmanager.base_tasks - INFO - Pass: GatesInBasis - 0.74410 (ms)
2025-08-07 17:48:26,214 - qiskit.passmanager.base_tasks - INFO - Pass: Depth - 0.64898 (ms)
2025-08-07 17:48:26,214 - qiskit.passmanager.base_tasks - INFO - Pass: Size - 0.00119 (ms)
2025-08-07 17:48:26,214 - qiskit.passmanager.base_tasks - INFO - Pass: MinimumPoint - 0.00286 (ms)
2025-08-07 17:48:26,219 - qiskit.passmanager.base_tasks - INFO - Pass: ConsolidateBlocks - 5.28288 (ms)
2025-08-07 17:48:26,224 - qiskit.passmanager.base_tasks - INFO - Pass: UnitarySynthesis - 4.64201 (ms)
2025-08-07 17:48:26,224 - qiskit.passmanager.base_tasks - INFO - Pass: RemoveIdentityEquivalent - 0.25010 (ms)
2025-08-07 17:48:26,226 - qiskit.passmanager.base_tasks - INFO - Pass: Optimize1qGatesDecomposition - 1.76311 (ms)
2025-08-07 17:48:26,228 - qiskit.passmanager.base_tasks - INFO - Pass: CommutativeCancellation - 1.86682 (ms)
2025-08-07 17:48:26,228 - qiskit.passmanager.base_tasks - INFO - Pass: ContractIdleWiresInControlFlow - 0.00095 (ms)
2025-08-07 17:48:26,229 - qiskit.passmanager.base_tasks - INFO - Pass: GatesInBasis - 0.73385 (ms)
2025-08-07 17:48:26,230 - qiskit.passmanager.base_tasks - INFO - Pass: Depth - 0.63729 (ms)
2025-08-07 17:48:26,230 - qiskit.passmanager.base_tasks - INFO - Pass: Size - 0.00095 (ms)
2025-08-07 17:48:26,230 - qiskit.passmanager.base_tasks - INFO - Pass: MinimumPoint - 0.00310 (ms)
2025-08-07 17:48:26,235 - qiskit.passmanager.base_tasks - INFO - Pass: ConsolidateBlocks - 5.27716 (ms)
2025-08-07 17:48:26,239 - qiskit.passmanager.base_tasks - INFO - Pass: UnitarySynthesis - 4.60577 (ms)
2025-08-07 17:48:26,240 - qiskit.passmanager.base_tasks - INFO - Pass: RemoveIdentityEquivalent - 0.24390 (ms)
2025-08-07 17:48:26,242 - qiskit.passmanager.base_tasks - INFO - Pass: Optimize1qGatesDecomposition - 1.75786 (ms)
2025-08-07 17:48:26,244 - qiskit.passmanager.base_tasks - INFO - Pass: CommutativeCancellation - 2.08592 (ms)
2025-08-07 17:48:26,244 - qiskit.passmanager.base_tasks - INFO - Pass: ContractIdleWiresInControlFlow - 0.00095 (ms)
2025-08-07 17:48:26,245 - qiskit.passmanager.base_tasks - INFO - Pass: GatesInBasis - 0.78797 (ms)
2025-08-07 17:48:26,245 - qiskit.passmanager.base_tasks - INFO - Pass: Depth - 0.76795 (ms)
2025-08-07 17:48:26,245 - qiskit.passmanager.base_tasks - INFO - Pass: Size - 0.00405 (ms)
2025-08-07 17:48:26,245 - qiskit.passmanager.base_tasks - INFO - Pass: MinimumPoint - 0.00691 (ms)
2025-08-07 17:48:26,251 - qiskit.passmanager.base_tasks - INFO - Pass: ConsolidateBlocks - 5.69582 (ms)
2025-08-07 17:48:26,256 - qiskit.passmanager.base_tasks - INFO - Pass: UnitarySynthesis - 4.71091 (ms)
2025-08-07 17:48:26,256 - qiskit.passmanager.base_tasks - INFO - Pass: RemoveIdentityEquivalent - 0.25320 (ms)
2025-08-07 17:48:26,258 - qiskit.passmanager.base_tasks - INFO - Pass: Optimize1qGatesDecomposition - 1.85204 (ms)
2025-08-07 17:48:26,260 - qiskit.passmanager.base_tasks - INFO - Pass: CommutativeCancellation - 1.98197 (ms)
2025-08-07 17:48:26,260 - qiskit.passmanager.base_tasks - INFO - Pass: ContractIdleWiresInControlFlow - 0.00310 (ms)
2025-08-07 17:48:26,261 - qiskit.passmanager.base_tasks - INFO - Pass: GatesInBasis - 0.74315 (ms)
2025-08-07 17:48:26,262 - qiskit.passmanager.base_tasks - INFO - Pass: Depth - 0.67568 (ms)
2025-08-07 17:48:26,262 - qiskit.passmanager.base_tasks - INFO - Pass: Size - 0.00191 (ms)
2025-08-07 17:48:26,262 - qiskit.passmanager.base_tasks - INFO - Pass: MinimumPoint - 0.00620 (ms)
2025-08-07 17:48:26,263 - qiskit.passmanager.base_tasks - INFO - Pass: ContainsInstruction - 0.00691 (ms)
2025-08-07 17:48:26,263 - qiskit.passmanager.base_tasks - INFO - Pass: InstructionDurationCheck - 0.80204 (ms)
