2025-07-25 03:30:41,836 - root - INFO - ++++++++++++++++ Starting at 2025-07-25 03:30:41.836836 +++++++++++++++++
2025-07-25 03:30:41,836 - src.ProcessQaoa - INFO - Using p_level:: 1
2025-07-25 03:30:43,917 - src.ProcessQaoa - INFO - Using Real Hardware
2025-07-25 03:30:45,393 - qiskit.passmanager.base_tasks - INFO - Pass: ContainsInstruction - 0.16475 (ms)
2025-07-25 03:30:45,393 - qiskit.passmanager.base_tasks - INFO - Pass: UnitarySynthesis - 0.00310 (ms)
2025-07-25 03:30:45,481 - qiskit.passmanager.base_tasks - INFO - Pass: HighLevelSynthesis - 87.99982 (ms)
2025-07-25 03:30:45,482 - qiskit.passmanager.base_tasks - INFO - Pass: BasisTranslator - 0.08130 (ms)
2025-07-25 03:30:45,482 - qiskit.passmanager.base_tasks - INFO - Pass: ElidePermutations - 0.00310 (ms)
2025-07-25 03:30:45,482 - qiskit.passmanager.base_tasks - INFO - Pass: RemoveDiagonalGatesBeforeMeasure - 0.18406 (ms)
2025-07-25 03:30:45,482 - qiskit.passmanager.base_tasks - INFO - Pass: RemoveIdentityEquivalent - 0.00787 (ms)
2025-07-25 03:30:45,482 - qiskit.passmanager.base_tasks - INFO - Pass: InverseCancellation - 0.42772 (ms)
2025-07-25 03:30:45,482 - qiskit.passmanager.base_tasks - INFO - Pass: ContractIdleWiresInControlFlow - 0.00191 (ms)
2025-07-25 03:30:45,483 - qiskit.passmanager.base_tasks - INFO - Pass: CommutativeCancellation - 0.34785 (ms)
2025-07-25 03:30:45,483 - qiskit.passmanager.base_tasks - INFO - Pass: ConsolidateBlocks - 0.17881 (ms)
2025-07-25 03:30:45,483 - qiskit.passmanager.base_tasks - INFO - Pass: Split2QUnitaries - 0.13590 (ms)
2025-07-25 03:30:45,483 - qiskit.passmanager.base_tasks - INFO - Pass: SetLayout - 0.00191 (ms)
2025-07-25 03:30:45,490 - qiskit.passmanager.base_tasks - INFO - Pass: VF2Layout - 6.72197 (ms)
2025-07-25 03:30:45,490 - qiskit.passmanager.base_tasks - INFO - Pass: BarrierBeforeFinalMeasurements - 0.00477 (ms)
2025-07-25 03:30:45,918 - qiskit.passmanager.base_tasks - INFO - Pass: SabreLayout - 428.02000 (ms)
2025-07-25 03:30:45,918 - qiskit.passmanager.base_tasks - INFO - Pass: CheckMap - 0.04888 (ms)
2025-07-25 03:30:45,927 - qiskit.passmanager.base_tasks - INFO - Pass: VF2PostLayout - 8.41093 (ms)
2025-07-25 03:30:45,927 - qiskit.passmanager.base_tasks - INFO - Pass: FilterOpNodes - 0.82517 (ms)
2025-07-25 03:30:45,927 - qiskit.passmanager.base_tasks - INFO - Pass: UnitarySynthesis - 0.00405 (ms)
2025-07-25 03:30:45,928 - qiskit.passmanager.base_tasks - INFO - Pass: HighLevelSynthesis - 0.28586 (ms)
2025-07-25 03:30:45,996 - qiskit.passmanager.base_tasks - INFO - Pass: BasisTranslator - 67.73591 (ms)
2025-07-25 03:30:45,996 - qiskit.passmanager.base_tasks - INFO - Pass: CheckGateDirection - 0.00525 (ms)
2025-07-25 03:30:46,098 - qiskit.passmanager.base_tasks - INFO - Pass: GateDirection - 102.05603 (ms)
2025-07-25 03:30:47,266 - qiskit.passmanager.base_tasks - INFO - Pass: BasisTranslator - 1168.11800 (ms)
2025-07-25 03:30:47,273 - qiskit.passmanager.base_tasks - INFO - Pass: Depth - 5.31387 (ms)
2025-07-25 03:30:47,273 - qiskit.passmanager.base_tasks - INFO - Pass: Size - 0.00310 (ms)
2025-07-25 03:30:47,273 - qiskit.passmanager.base_tasks - INFO - Pass: MinimumPoint - 0.00882 (ms)
2025-07-25 03:30:47,301 - qiskit.passmanager.base_tasks - INFO - Pass: ConsolidateBlocks - 27.85730 (ms)
2025-07-25 03:30:47,506 - qiskit.passmanager.base_tasks - INFO - Pass: UnitarySynthesis - 205.21116 (ms)
2025-07-25 03:30:47,507 - qiskit.passmanager.base_tasks - INFO - Pass: RemoveIdentityEquivalent - 1.09315 (ms)
2025-07-25 03:30:47,958 - qiskit.passmanager.base_tasks - INFO - Pass: Optimize1qGatesDecomposition - 450.88983 (ms)
2025-07-25 03:30:48,119 - qiskit.passmanager.base_tasks - INFO - Pass: CommutativeCancellation - 161.25727 (ms)
2025-07-25 03:30:48,119 - qiskit.passmanager.base_tasks - INFO - Pass: ContractIdleWiresInControlFlow - 0.00286 (ms)
2025-07-25 03:30:48,122 - qiskit.passmanager.base_tasks - INFO - Pass: GatesInBasis - 2.48384 (ms)
2025-07-25 03:30:48,125 - qiskit.passmanager.base_tasks - INFO - Pass: Depth - 2.60091 (ms)
2025-07-25 03:30:48,125 - qiskit.passmanager.base_tasks - INFO - Pass: Size - 0.00119 (ms)
2025-07-25 03:30:48,577 - qiskit.passmanager.base_tasks - INFO - Pass: MinimumPoint - 451.98894 (ms)
2025-07-25 03:30:48,596 - qiskit.passmanager.base_tasks - INFO - Pass: ConsolidateBlocks - 19.21701 (ms)
2025-07-25 03:30:48,632 - qiskit.passmanager.base_tasks - INFO - Pass: UnitarySynthesis - 36.41319 (ms)
2025-07-25 03:30:48,634 - qiskit.passmanager.base_tasks - INFO - Pass: RemoveIdentityEquivalent - 0.84090 (ms)
2025-07-25 03:30:48,641 - qiskit.passmanager.base_tasks - INFO - Pass: Optimize1qGatesDecomposition - 6.96111 (ms)
2025-07-25 03:30:48,662 - qiskit.passmanager.base_tasks - INFO - Pass: CommutativeCancellation - 20.88284 (ms)
2025-07-25 03:30:48,662 - qiskit.passmanager.base_tasks - INFO - Pass: ContractIdleWiresInControlFlow - 0.00167 (ms)
2025-07-25 03:30:48,664 - qiskit.passmanager.base_tasks - INFO - Pass: GatesInBasis - 2.45976 (ms)
2025-07-25 03:30:48,667 - qiskit.passmanager.base_tasks - INFO - Pass: Depth - 2.30932 (ms)
2025-07-25 03:30:48,667 - qiskit.passmanager.base_tasks - INFO - Pass: Size - 0.00215 (ms)
2025-07-25 03:30:49,136 - qiskit.passmanager.base_tasks - INFO - Pass: MinimumPoint - 469.58089 (ms)
2025-07-25 03:30:49,156 - qiskit.passmanager.base_tasks - INFO - Pass: ConsolidateBlocks - 19.13691 (ms)
2025-07-25 03:30:49,186 - qiskit.passmanager.base_tasks - INFO - Pass: UnitarySynthesis - 30.82013 (ms)
2025-07-25 03:30:49,188 - qiskit.passmanager.base_tasks - INFO - Pass: RemoveIdentityEquivalent - 0.97585 (ms)
2025-07-25 03:30:49,195 - qiskit.passmanager.base_tasks - INFO - Pass: Optimize1qGatesDecomposition - 7.24483 (ms)
2025-07-25 03:30:49,208 - qiskit.passmanager.base_tasks - INFO - Pass: CommutativeCancellation - 12.14290 (ms)
2025-07-25 03:30:49,208 - qiskit.passmanager.base_tasks - INFO - Pass: ContractIdleWiresInControlFlow - 0.00310 (ms)
2025-07-25 03:30:49,210 - qiskit.passmanager.base_tasks - INFO - Pass: GatesInBasis - 2.45404 (ms)
2025-07-25 03:30:49,212 - qiskit.passmanager.base_tasks - INFO - Pass: Depth - 2.40493 (ms)
2025-07-25 03:30:49,213 - qiskit.passmanager.base_tasks - INFO - Pass: Size - 0.00095 (ms)
2025-07-25 03:30:49,633 - qiskit.passmanager.base_tasks - INFO - Pass: MinimumPoint - 420.38083 (ms)
2025-07-25 03:30:49,652 - qiskit.passmanager.base_tasks - INFO - Pass: ConsolidateBlocks - 19.18387 (ms)
2025-07-25 03:30:49,680 - qiskit.passmanager.base_tasks - INFO - Pass: UnitarySynthesis - 27.55404 (ms)
2025-07-25 03:30:49,681 - qiskit.passmanager.base_tasks - INFO - Pass: RemoveIdentityEquivalent - 0.84925 (ms)
2025-07-25 03:30:49,688 - qiskit.passmanager.base_tasks - INFO - Pass: Optimize1qGatesDecomposition - 6.30784 (ms)
2025-07-25 03:30:49,695 - qiskit.passmanager.base_tasks - INFO - Pass: CommutativeCancellation - 7.33900 (ms)
2025-07-25 03:30:49,695 - qiskit.passmanager.base_tasks - INFO - Pass: ContractIdleWiresInControlFlow - 0.00215 (ms)
2025-07-25 03:30:49,698 - qiskit.passmanager.base_tasks - INFO - Pass: GatesInBasis - 2.48194 (ms)
2025-07-25 03:30:49,700 - qiskit.passmanager.base_tasks - INFO - Pass: Depth - 2.34890 (ms)
2025-07-25 03:30:49,700 - qiskit.passmanager.base_tasks - INFO - Pass: Size - 0.00215 (ms)
2025-07-25 03:30:49,700 - qiskit.passmanager.base_tasks - INFO - Pass: MinimumPoint - 0.00525 (ms)
2025-07-25 03:30:49,718 - qiskit.passmanager.base_tasks - INFO - Pass: ConsolidateBlocks - 18.40687 (ms)
2025-07-25 03:30:49,747 - qiskit.passmanager.base_tasks - INFO - Pass: UnitarySynthesis - 28.19610 (ms)
2025-07-25 03:30:49,748 - qiskit.passmanager.base_tasks - INFO - Pass: RemoveIdentityEquivalent - 0.92888 (ms)
2025-07-25 03:30:49,755 - qiskit.passmanager.base_tasks - INFO - Pass: Optimize1qGatesDecomposition - 6.38413 (ms)
2025-07-25 03:30:49,762 - qiskit.passmanager.base_tasks - INFO - Pass: CommutativeCancellation - 7.45296 (ms)
2025-07-25 03:30:49,762 - qiskit.passmanager.base_tasks - INFO - Pass: ContractIdleWiresInControlFlow - 0.00286 (ms)
2025-07-25 03:30:49,765 - qiskit.passmanager.base_tasks - INFO - Pass: GatesInBasis - 2.51007 (ms)
2025-07-25 03:30:49,767 - qiskit.passmanager.base_tasks - INFO - Pass: Depth - 2.37274 (ms)
2025-07-25 03:30:49,767 - qiskit.passmanager.base_tasks - INFO - Pass: Size - 0.00191 (ms)
2025-07-25 03:30:49,767 - qiskit.passmanager.base_tasks - INFO - Pass: MinimumPoint - 0.00381 (ms)
2025-07-25 03:30:49,786 - qiskit.passmanager.base_tasks - INFO - Pass: ConsolidateBlocks - 18.71014 (ms)
2025-07-25 03:30:49,814 - qiskit.passmanager.base_tasks - INFO - Pass: UnitarySynthesis - 27.96006 (ms)
2025-07-25 03:30:49,815 - qiskit.passmanager.base_tasks - INFO - Pass: RemoveIdentityEquivalent - 0.93079 (ms)
2025-07-25 03:30:49,822 - qiskit.passmanager.base_tasks - INFO - Pass: Optimize1qGatesDecomposition - 6.20818 (ms)
2025-07-25 03:30:49,829 - qiskit.passmanager.base_tasks - INFO - Pass: CommutativeCancellation - 7.33781 (ms)
2025-07-25 03:30:49,829 - qiskit.passmanager.base_tasks - INFO - Pass: ContractIdleWiresInControlFlow - 0.00072 (ms)
2025-07-25 03:30:49,831 - qiskit.passmanager.base_tasks - INFO - Pass: GatesInBasis - 2.48814 (ms)
2025-07-25 03:30:49,834 - qiskit.passmanager.base_tasks - INFO - Pass: Depth - 2.31504 (ms)
2025-07-25 03:30:49,834 - qiskit.passmanager.base_tasks - INFO - Pass: Size - 0.00095 (ms)
2025-07-25 03:30:49,834 - qiskit.passmanager.base_tasks - INFO - Pass: MinimumPoint - 0.00286 (ms)
2025-07-25 03:30:49,853 - qiskit.passmanager.base_tasks - INFO - Pass: ConsolidateBlocks - 19.17911 (ms)
2025-07-25 03:30:49,885 - qiskit.passmanager.base_tasks - INFO - Pass: UnitarySynthesis - 31.43096 (ms)
2025-07-25 03:30:49,888 - qiskit.passmanager.base_tasks - INFO - Pass: RemoveIdentityEquivalent - 1.49107 (ms)
2025-07-25 03:30:49,895 - qiskit.passmanager.base_tasks - INFO - Pass: Optimize1qGatesDecomposition - 7.46298 (ms)
2025-07-25 03:30:49,905 - qiskit.passmanager.base_tasks - INFO - Pass: CommutativeCancellation - 9.36484 (ms)
2025-07-25 03:30:49,905 - qiskit.passmanager.base_tasks - INFO - Pass: ContractIdleWiresInControlFlow - 0.00501 (ms)
2025-07-25 03:30:49,907 - qiskit.passmanager.base_tasks - INFO - Pass: GatesInBasis - 2.53797 (ms)
2025-07-25 03:30:49,910 - qiskit.passmanager.base_tasks - INFO - Pass: Depth - 2.62070 (ms)
2025-07-25 03:30:49,910 - qiskit.passmanager.base_tasks - INFO - Pass: Size - 0.00286 (ms)
2025-07-25 03:30:49,910 - qiskit.passmanager.base_tasks - INFO - Pass: MinimumPoint - 0.00620 (ms)
2025-07-25 03:30:49,912 - qiskit.passmanager.base_tasks - INFO - Pass: ContainsInstruction - 0.00811 (ms)
2025-07-25 03:30:49,915 - qiskit.passmanager.base_tasks - INFO - Pass: InstructionDurationCheck - 3.08514 (ms)
