2025-08-04 21:05:07,940 - root - INFO - ++++++++++++++++ Starting at 2025-08-04 21:05:07.940566 +++++++++++++++++
2025-08-04 21:05:07,940 - src.ProcessQaoa - INFO - Using p_level:: 1
2025-08-04 21:05:09,203 - src.ProcessQaoa - INFO - Using Simulator
2025-08-04 21:05:11,128 - qiskit.passmanager.base_tasks - INFO - Pass: ContainsInstruction - 0.16999 (ms)
2025-08-04 21:05:11,128 - qiskit.passmanager.base_tasks - INFO - Pass: UnitarySynthesis - 0.00310 (ms)
2025-08-04 21:05:11,153 - qiskit.passmanager.base_tasks - INFO - Pass: HighLevelSynthesis - 24.08218 (ms)
2025-08-04 21:05:11,153 - qiskit.passmanager.base_tasks - INFO - Pass: BasisTranslator - 0.04292 (ms)
2025-08-04 21:05:11,153 - qiskit.passmanager.base_tasks - INFO - Pass: ElidePermutations - 0.00429 (ms)
2025-08-04 21:05:11,153 - qiskit.passmanager.base_tasks - INFO - Pass: RemoveDiagonalGatesBeforeMeasure - 0.21386 (ms)
2025-08-04 21:05:11,153 - qiskit.passmanager.base_tasks - INFO - Pass: RemoveIdentityEquivalent - 0.00525 (ms)
2025-08-04 21:05:11,153 - qiskit.passmanager.base_tasks - INFO - Pass: InverseCancellation - 0.39411 (ms)
2025-08-04 21:05:11,153 - qiskit.passmanager.base_tasks - INFO - Pass: ContractIdleWiresInControlFlow - 0.00215 (ms)
2025-08-04 21:05:11,154 - qiskit.passmanager.base_tasks - INFO - Pass: CommutativeCancellation - 0.16904 (ms)
2025-08-04 21:05:11,154 - qiskit.passmanager.base_tasks - INFO - Pass: ConsolidateBlocks - 0.08678 (ms)
2025-08-04 21:05:11,154 - qiskit.passmanager.base_tasks - INFO - Pass: Split2QUnitaries - 0.20099 (ms)
2025-08-04 21:05:11,154 - qiskit.passmanager.base_tasks - INFO - Pass: SetLayout - 0.00095 (ms)
2025-08-04 21:05:11,157 - qiskit.passmanager.base_tasks - INFO - Pass: VF2Layout - 2.67982 (ms)
2025-08-04 21:05:11,157 - qiskit.passmanager.base_tasks - INFO - Pass: BarrierBeforeFinalMeasurements - 0.00429 (ms)
2025-08-04 21:05:11,285 - qiskit.passmanager.base_tasks - INFO - Pass: SabreLayout - 127.83122 (ms)
2025-08-04 21:05:11,285 - qiskit.passmanager.base_tasks - INFO - Pass: CheckMap - 0.03219 (ms)
2025-08-04 21:05:11,293 - qiskit.passmanager.base_tasks - INFO - Pass: VF2PostLayout - 8.71515 (ms)
2025-08-04 21:05:11,296 - qiskit.passmanager.base_tasks - INFO - Pass: ApplyLayout - 2.11000 (ms)
2025-08-04 21:05:11,296 - qiskit.passmanager.base_tasks - INFO - Pass: FilterOpNodes - 0.27490 (ms)
2025-08-04 21:05:11,296 - qiskit.passmanager.base_tasks - INFO - Pass: UnitarySynthesis - 0.00405 (ms)
2025-08-04 21:05:11,296 - qiskit.passmanager.base_tasks - INFO - Pass: HighLevelSynthesis - 0.09894 (ms)
2025-08-04 21:05:11,303 - qiskit.passmanager.base_tasks - INFO - Pass: BasisTranslator - 7.08485 (ms)
2025-08-04 21:05:11,303 - qiskit.passmanager.base_tasks - INFO - Pass: CheckGateDirection - 0.00310 (ms)
2025-08-04 21:05:11,318 - qiskit.passmanager.base_tasks - INFO - Pass: GateDirection - 15.08904 (ms)
2025-08-04 21:05:11,490 - qiskit.passmanager.base_tasks - INFO - Pass: BasisTranslator - 172.22095 (ms)
2025-08-04 21:05:11,493 - qiskit.passmanager.base_tasks - INFO - Pass: Depth - 2.03800 (ms)
2025-08-04 21:05:11,493 - qiskit.passmanager.base_tasks - INFO - Pass: Size - 0.00310 (ms)
2025-08-04 21:05:11,493 - qiskit.passmanager.base_tasks - INFO - Pass: MinimumPoint - 0.00620 (ms)
2025-08-04 21:05:11,501 - qiskit.passmanager.base_tasks - INFO - Pass: ConsolidateBlocks - 8.22306 (ms)
2025-08-04 21:05:11,527 - qiskit.passmanager.base_tasks - INFO - Pass: UnitarySynthesis - 25.85697 (ms)
2025-08-04 21:05:11,528 - qiskit.passmanager.base_tasks - INFO - Pass: RemoveIdentityEquivalent - 0.30017 (ms)
2025-08-04 21:05:11,567 - qiskit.passmanager.base_tasks - INFO - Pass: Optimize1qGatesDecomposition - 39.52312 (ms)
2025-08-04 21:05:11,586 - qiskit.passmanager.base_tasks - INFO - Pass: CommutativeCancellation - 18.47410 (ms)
2025-08-04 21:05:11,586 - qiskit.passmanager.base_tasks - INFO - Pass: ContractIdleWiresInControlFlow - 0.00095 (ms)
2025-08-04 21:05:11,586 - qiskit.passmanager.base_tasks - INFO - Pass: GatesInBasis - 0.74482 (ms)
2025-08-04 21:05:11,587 - qiskit.passmanager.base_tasks - INFO - Pass: Depth - 0.68521 (ms)
2025-08-04 21:05:11,587 - qiskit.passmanager.base_tasks - INFO - Pass: Size - 0.00119 (ms)
2025-08-04 21:05:11,695 - qiskit.passmanager.base_tasks - INFO - Pass: MinimumPoint - 107.62882 (ms)
2025-08-04 21:05:11,701 - qiskit.passmanager.base_tasks - INFO - Pass: ConsolidateBlocks - 6.06704 (ms)
2025-08-04 21:05:11,709 - qiskit.passmanager.base_tasks - INFO - Pass: UnitarySynthesis - 8.05593 (ms)
2025-08-04 21:05:11,710 - qiskit.passmanager.base_tasks - INFO - Pass: RemoveIdentityEquivalent - 0.26274 (ms)
2025-08-04 21:05:11,712 - qiskit.passmanager.base_tasks - INFO - Pass: Optimize1qGatesDecomposition - 1.83392 (ms)
2025-08-04 21:05:11,717 - qiskit.passmanager.base_tasks - INFO - Pass: CommutativeCancellation - 5.13220 (ms)
2025-08-04 21:05:11,717 - qiskit.passmanager.base_tasks - INFO - Pass: ContractIdleWiresInControlFlow - 0.00215 (ms)
2025-08-04 21:05:11,718 - qiskit.passmanager.base_tasks - INFO - Pass: GatesInBasis - 0.76199 (ms)
2025-08-04 21:05:11,718 - qiskit.passmanager.base_tasks - INFO - Pass: Depth - 0.69928 (ms)
2025-08-04 21:05:11,718 - qiskit.passmanager.base_tasks - INFO - Pass: Size - 0.00095 (ms)
2025-08-04 21:05:11,899 - qiskit.passmanager.base_tasks - INFO - Pass: MinimumPoint - 180.29118 (ms)
2025-08-04 21:05:11,905 - qiskit.passmanager.base_tasks - INFO - Pass: ConsolidateBlocks - 5.97405 (ms)
2025-08-04 21:05:11,911 - qiskit.passmanager.base_tasks - INFO - Pass: UnitarySynthesis - 6.08110 (ms)
2025-08-04 21:05:11,911 - qiskit.passmanager.base_tasks - INFO - Pass: RemoveIdentityEquivalent - 0.26393 (ms)
2025-08-04 21:05:11,913 - qiskit.passmanager.base_tasks - INFO - Pass: Optimize1qGatesDecomposition - 1.87516 (ms)
2025-08-04 21:05:11,916 - qiskit.passmanager.base_tasks - INFO - Pass: CommutativeCancellation - 3.11303 (ms)
2025-08-04 21:05:11,916 - qiskit.passmanager.base_tasks - INFO - Pass: ContractIdleWiresInControlFlow - 0.00119 (ms)
2025-08-04 21:05:11,917 - qiskit.passmanager.base_tasks - INFO - Pass: GatesInBasis - 0.73290 (ms)
2025-08-04 21:05:11,918 - qiskit.passmanager.base_tasks - INFO - Pass: Depth - 0.69118 (ms)
2025-08-04 21:05:11,918 - qiskit.passmanager.base_tasks - INFO - Pass: Size - 0.00095 (ms)
2025-08-04 21:05:12,028 - qiskit.passmanager.base_tasks - INFO - Pass: MinimumPoint - 109.69090 (ms)
2025-08-04 21:05:12,033 - qiskit.passmanager.base_tasks - INFO - Pass: ConsolidateBlocks - 5.64504 (ms)
2025-08-04 21:05:12,039 - qiskit.passmanager.base_tasks - INFO - Pass: UnitarySynthesis - 5.35011 (ms)
2025-08-04 21:05:12,039 - qiskit.passmanager.base_tasks - INFO - Pass: RemoveIdentityEquivalent - 0.25582 (ms)
2025-08-04 21:05:12,041 - qiskit.passmanager.base_tasks - INFO - Pass: Optimize1qGatesDecomposition - 1.76692 (ms)
2025-08-04 21:05:12,043 - qiskit.passmanager.base_tasks - INFO - Pass: CommutativeCancellation - 2.35081 (ms)
2025-08-04 21:05:12,043 - qiskit.passmanager.base_tasks - INFO - Pass: ContractIdleWiresInControlFlow - 0.00095 (ms)
2025-08-04 21:05:12,044 - qiskit.passmanager.base_tasks - INFO - Pass: GatesInBasis - 0.73695 (ms)
2025-08-04 21:05:12,045 - qiskit.passmanager.base_tasks - INFO - Pass: Depth - 0.72074 (ms)
2025-08-04 21:05:12,045 - qiskit.passmanager.base_tasks - INFO - Pass: Size - 0.00191 (ms)
2025-08-04 21:05:12,045 - qiskit.passmanager.base_tasks - INFO - Pass: MinimumPoint - 0.00405 (ms)
2025-08-04 21:05:12,050 - qiskit.passmanager.base_tasks - INFO - Pass: ConsolidateBlocks - 5.40209 (ms)
2025-08-04 21:05:12,056 - qiskit.passmanager.base_tasks - INFO - Pass: UnitarySynthesis - 5.30005 (ms)
2025-08-04 21:05:12,056 - qiskit.passmanager.base_tasks - INFO - Pass: RemoveIdentityEquivalent - 0.24915 (ms)
2025-08-04 21:05:12,058 - qiskit.passmanager.base_tasks - INFO - Pass: Optimize1qGatesDecomposition - 1.77884 (ms)
2025-08-04 21:05:12,060 - qiskit.passmanager.base_tasks - INFO - Pass: CommutativeCancellation - 1.94001 (ms)
2025-08-04 21:05:12,060 - qiskit.passmanager.base_tasks - INFO - Pass: ContractIdleWiresInControlFlow - 0.00095 (ms)
2025-08-04 21:05:12,060 - qiskit.passmanager.base_tasks - INFO - Pass: GatesInBasis - 0.73290 (ms)
2025-08-04 21:05:12,061 - qiskit.passmanager.base_tasks - INFO - Pass: Depth - 0.65207 (ms)
2025-08-04 21:05:12,061 - qiskit.passmanager.base_tasks - INFO - Pass: Size - 0.00191 (ms)
2025-08-04 21:05:12,061 - qiskit.passmanager.base_tasks - INFO - Pass: MinimumPoint - 0.00310 (ms)
2025-08-04 21:05:12,067 - qiskit.passmanager.base_tasks - INFO - Pass: ConsolidateBlocks - 5.38111 (ms)
2025-08-04 21:05:12,072 - qiskit.passmanager.base_tasks - INFO - Pass: UnitarySynthesis - 5.35393 (ms)
2025-08-04 21:05:12,072 - qiskit.passmanager.base_tasks - INFO - Pass: RemoveIdentityEquivalent - 0.24724 (ms)
2025-08-04 21:05:12,074 - qiskit.passmanager.base_tasks - INFO - Pass: Optimize1qGatesDecomposition - 1.75214 (ms)
2025-08-04 21:05:12,076 - qiskit.passmanager.base_tasks - INFO - Pass: CommutativeCancellation - 1.85323 (ms)
2025-08-04 21:05:12,076 - qiskit.passmanager.base_tasks - INFO - Pass: ContractIdleWiresInControlFlow - 0.00119 (ms)
2025-08-04 21:05:12,077 - qiskit.passmanager.base_tasks - INFO - Pass: GatesInBasis - 0.72932 (ms)
2025-08-04 21:05:12,077 - qiskit.passmanager.base_tasks - INFO - Pass: Depth - 0.60797 (ms)
2025-08-04 21:05:12,077 - qiskit.passmanager.base_tasks - INFO - Pass: Size - 0.00119 (ms)
2025-08-04 21:05:12,077 - qiskit.passmanager.base_tasks - INFO - Pass: MinimumPoint - 0.00286 (ms)
2025-08-04 21:05:12,083 - qiskit.passmanager.base_tasks - INFO - Pass: ConsolidateBlocks - 5.46503 (ms)
2025-08-04 21:05:12,088 - qiskit.passmanager.base_tasks - INFO - Pass: UnitarySynthesis - 5.30481 (ms)
2025-08-04 21:05:12,089 - qiskit.passmanager.base_tasks - INFO - Pass: RemoveIdentityEquivalent - 0.26107 (ms)
2025-08-04 21:05:12,090 - qiskit.passmanager.base_tasks - INFO - Pass: Optimize1qGatesDecomposition - 1.76001 (ms)
2025-08-04 21:05:12,092 - qiskit.passmanager.base_tasks - INFO - Pass: CommutativeCancellation - 1.79696 (ms)
2025-08-04 21:05:12,092 - qiskit.passmanager.base_tasks - INFO - Pass: ContractIdleWiresInControlFlow - 0.00191 (ms)
2025-08-04 21:05:12,093 - qiskit.passmanager.base_tasks - INFO - Pass: GatesInBasis - 0.73600 (ms)
2025-08-04 21:05:12,094 - qiskit.passmanager.base_tasks - INFO - Pass: Depth - 0.60415 (ms)
2025-08-04 21:05:12,094 - qiskit.passmanager.base_tasks - INFO - Pass: Size - 0.00095 (ms)
2025-08-04 21:05:12,094 - qiskit.passmanager.base_tasks - INFO - Pass: MinimumPoint - 0.00405 (ms)
2025-08-04 21:05:12,094 - qiskit.passmanager.base_tasks - INFO - Pass: ContainsInstruction - 0.00477 (ms)
2025-08-04 21:05:12,095 - qiskit.passmanager.base_tasks - INFO - Pass: InstructionDurationCheck - 0.86999 (ms)
2025-08-04 21:05:12,549 - qiskit.passmanager.base_tasks - INFO - Pass: Optimize1qGatesDecomposition - 0.02003 (ms)
2025-08-04 21:05:13,090 - qiskit_aer.backends.aerbackend - WARNING - Simulation failed and returned the following error message:
ERROR:  [Experiment 0] a circuit requires more memory than max_memory_mb.
