2025-08-07 20:44:00,803 - root - INFO - ++++++++++++++++ Starting at 2025-08-07 20:44:00.803011 +++++++++++++++++
2025-08-07 20:44:00,803 - src.ProcessQaoa - INFO - Using p_level:: 1
2025-08-07 20:44:04,356 - src.ProcessQaoa - INFO - Using Real Hardware
2025-08-07 20:44:06,494 - qiskit.passmanager.base_tasks - INFO - Pass: ContainsInstruction - 0.17190 (ms)
2025-08-07 20:44:06,494 - qiskit.passmanager.base_tasks - INFO - Pass: UnitarySynthesis - 0.00405 (ms)
2025-08-07 20:44:06,542 - qiskit.passmanager.base_tasks - INFO - Pass: HighLevelSynthesis - 48.56205 (ms)
2025-08-07 20:44:06,542 - qiskit.passmanager.base_tasks - INFO - Pass: BasisTranslator - 0.02098 (ms)
2025-08-07 20:44:06,543 - qiskit.passmanager.base_tasks - INFO - Pass: ElidePermutations - 0.00405 (ms)
2025-08-07 20:44:06,543 - qiskit.passmanager.base_tasks - INFO - Pass: RemoveDiagonalGatesBeforeMeasure - 0.22984 (ms)
2025-08-07 20:44:06,543 - qiskit.passmanager.base_tasks - INFO - Pass: RemoveIdentityEquivalent - 0.00286 (ms)
2025-08-07 20:44:06,543 - qiskit.passmanager.base_tasks - INFO - Pass: InverseCancellation - 0.37980 (ms)
2025-08-07 20:44:06,543 - qiskit.passmanager.base_tasks - INFO - Pass: ContractIdleWiresInControlFlow - 0.00215 (ms)
2025-08-07 20:44:06,543 - qiskit.passmanager.base_tasks - INFO - Pass: CommutativeCancellation - 0.05507 (ms)
2025-08-07 20:44:06,543 - qiskit.passmanager.base_tasks - INFO - Pass: ConsolidateBlocks - 0.03576 (ms)
2025-08-07 20:44:06,544 - qiskit.passmanager.base_tasks - INFO - Pass: Split2QUnitaries - 0.18787 (ms)
2025-08-07 20:44:06,544 - qiskit.passmanager.base_tasks - INFO - Pass: SetLayout - 0.00310 (ms)
2025-08-07 20:44:06,546 - qiskit.passmanager.base_tasks - INFO - Pass: VF2Layout - 2.26593 (ms)
2025-08-07 20:44:06,546 - qiskit.passmanager.base_tasks - INFO - Pass: BarrierBeforeFinalMeasurements - 0.01478 (ms)
2025-08-07 20:44:06,567 - qiskit.passmanager.base_tasks - INFO - Pass: SabreLayout - 20.57505 (ms)
2025-08-07 20:44:06,567 - qiskit.passmanager.base_tasks - INFO - Pass: CheckMap - 0.03290 (ms)
2025-08-07 20:44:06,570 - qiskit.passmanager.base_tasks - INFO - Pass: VF2PostLayout - 2.91800 (ms)
2025-08-07 20:44:06,570 - qiskit.passmanager.base_tasks - INFO - Pass: ApplyLayout - 0.60701 (ms)
2025-08-07 20:44:06,570 - qiskit.passmanager.base_tasks - INFO - Pass: FilterOpNodes - 0.05674 (ms)
2025-08-07 20:44:06,570 - qiskit.passmanager.base_tasks - INFO - Pass: UnitarySynthesis - 0.00381 (ms)
2025-08-07 20:44:06,570 - qiskit.passmanager.base_tasks - INFO - Pass: HighLevelSynthesis - 0.02289 (ms)
2025-08-07 20:44:06,572 - qiskit.passmanager.base_tasks - INFO - Pass: BasisTranslator - 1.39308 (ms)
2025-08-07 20:44:06,572 - qiskit.passmanager.base_tasks - INFO - Pass: CheckGateDirection - 0.00286 (ms)
2025-08-07 20:44:06,573 - qiskit.passmanager.base_tasks - INFO - Pass: GateDirection - 1.26600 (ms)
2025-08-07 20:44:06,577 - qiskit.passmanager.base_tasks - INFO - Pass: BasisTranslator - 3.51882 (ms)
2025-08-07 20:44:06,577 - qiskit.passmanager.base_tasks - INFO - Pass: Depth - 0.59295 (ms)
2025-08-07 20:44:06,577 - qiskit.passmanager.base_tasks - INFO - Pass: Size - 0.00286 (ms)
2025-08-07 20:44:06,577 - qiskit.passmanager.base_tasks - INFO - Pass: MinimumPoint - 0.00811 (ms)
2025-08-07 20:44:06,579 - qiskit.passmanager.base_tasks - INFO - Pass: ConsolidateBlocks - 1.79887 (ms)
2025-08-07 20:44:06,582 - qiskit.passmanager.base_tasks - INFO - Pass: UnitarySynthesis - 2.51698 (ms)
2025-08-07 20:44:06,582 - qiskit.passmanager.base_tasks - INFO - Pass: RemoveIdentityEquivalent - 0.04506 (ms)
2025-08-07 20:44:06,583 - qiskit.passmanager.base_tasks - INFO - Pass: Optimize1qGatesDecomposition - 1.23119 (ms)
2025-08-07 20:44:06,584 - qiskit.passmanager.base_tasks - INFO - Pass: CommutativeCancellation - 0.82207 (ms)
2025-08-07 20:44:06,584 - qiskit.passmanager.base_tasks - INFO - Pass: ContractIdleWiresInControlFlow - 0.00095 (ms)
2025-08-07 20:44:06,584 - qiskit.passmanager.base_tasks - INFO - Pass: GatesInBasis - 0.10085 (ms)
2025-08-07 20:44:06,584 - qiskit.passmanager.base_tasks - INFO - Pass: Depth - 0.09799 (ms)
2025-08-07 20:44:06,584 - qiskit.passmanager.base_tasks - INFO - Pass: Size - 0.00119 (ms)
2025-08-07 20:44:06,601 - qiskit.passmanager.base_tasks - INFO - Pass: MinimumPoint - 16.37506 (ms)
2025-08-07 20:44:06,602 - qiskit.passmanager.base_tasks - INFO - Pass: ConsolidateBlocks - 0.82302 (ms)
2025-08-07 20:44:06,602 - qiskit.passmanager.base_tasks - INFO - Pass: UnitarySynthesis - 0.64516 (ms)
2025-08-07 20:44:06,602 - qiskit.passmanager.base_tasks - INFO - Pass: RemoveIdentityEquivalent - 0.03314 (ms)
2025-08-07 20:44:06,603 - qiskit.passmanager.base_tasks - INFO - Pass: Optimize1qGatesDecomposition - 0.23699 (ms)
2025-08-07 20:44:06,603 - qiskit.passmanager.base_tasks - INFO - Pass: CommutativeCancellation - 0.32592 (ms)
2025-08-07 20:44:06,603 - qiskit.passmanager.base_tasks - INFO - Pass: ContractIdleWiresInControlFlow - 0.00119 (ms)
2025-08-07 20:44:06,603 - qiskit.passmanager.base_tasks - INFO - Pass: GatesInBasis - 0.09823 (ms)
2025-08-07 20:44:06,603 - qiskit.passmanager.base_tasks - INFO - Pass: Depth - 0.08297 (ms)
2025-08-07 20:44:06,603 - qiskit.passmanager.base_tasks - INFO - Pass: Size - 0.00095 (ms)
2025-08-07 20:44:06,618 - qiskit.passmanager.base_tasks - INFO - Pass: MinimumPoint - 15.02585 (ms)
2025-08-07 20:44:06,619 - qiskit.passmanager.base_tasks - INFO - Pass: ConsolidateBlocks - 0.78988 (ms)
2025-08-07 20:44:06,620 - qiskit.passmanager.base_tasks - INFO - Pass: UnitarySynthesis - 0.62895 (ms)
2025-08-07 20:44:06,620 - qiskit.passmanager.base_tasks - INFO - Pass: RemoveIdentityEquivalent - 0.03481 (ms)
2025-08-07 20:44:06,620 - qiskit.passmanager.base_tasks - INFO - Pass: Optimize1qGatesDecomposition - 0.23818 (ms)
2025-08-07 20:44:06,620 - qiskit.passmanager.base_tasks - INFO - Pass: CommutativeCancellation - 0.30398 (ms)
2025-08-07 20:44:06,620 - qiskit.passmanager.base_tasks - INFO - Pass: ContractIdleWiresInControlFlow - 0.00095 (ms)
2025-08-07 20:44:06,620 - qiskit.passmanager.base_tasks - INFO - Pass: GatesInBasis - 0.09799 (ms)
2025-08-07 20:44:06,621 - qiskit.passmanager.base_tasks - INFO - Pass: Depth - 0.08392 (ms)
2025-08-07 20:44:06,621 - qiskit.passmanager.base_tasks - INFO - Pass: Size - 0.00167 (ms)
2025-08-07 20:44:06,636 - qiskit.passmanager.base_tasks - INFO - Pass: MinimumPoint - 15.52296 (ms)
2025-08-07 20:44:06,637 - qiskit.passmanager.base_tasks - INFO - Pass: ConsolidateBlocks - 0.78607 (ms)
2025-08-07 20:44:06,638 - qiskit.passmanager.base_tasks - INFO - Pass: UnitarySynthesis - 0.59700 (ms)
2025-08-07 20:44:06,638 - qiskit.passmanager.base_tasks - INFO - Pass: RemoveIdentityEquivalent - 0.03505 (ms)
2025-08-07 20:44:06,638 - qiskit.passmanager.base_tasks - INFO - Pass: Optimize1qGatesDecomposition - 0.24080 (ms)
2025-08-07 20:44:06,638 - qiskit.passmanager.base_tasks - INFO - Pass: CommutativeCancellation - 0.29707 (ms)
2025-08-07 20:44:06,638 - qiskit.passmanager.base_tasks - INFO - Pass: ContractIdleWiresInControlFlow - 0.00095 (ms)
2025-08-07 20:44:06,638 - qiskit.passmanager.base_tasks - INFO - Pass: GatesInBasis - 0.09799 (ms)
2025-08-07 20:44:06,638 - qiskit.passmanager.base_tasks - INFO - Pass: Depth - 0.08488 (ms)
2025-08-07 20:44:06,639 - qiskit.passmanager.base_tasks - INFO - Pass: Size - 0.00072 (ms)
2025-08-07 20:44:06,639 - qiskit.passmanager.base_tasks - INFO - Pass: MinimumPoint - 0.00310 (ms)
2025-08-07 20:44:06,639 - qiskit.passmanager.base_tasks - INFO - Pass: ContainsInstruction - 0.00381 (ms)
2025-08-07 20:44:06,639 - qiskit.passmanager.base_tasks - INFO - Pass: InstructionDurationCheck - 0.11492 (ms)
