2025-08-05 08:55:20,979 - root - INFO - ++++++++++++++++ Starting at 2025-08-05 08:55:20.979707 +++++++++++++++++
2025-08-05 08:55:20,979 - src.ProcessQaoa - INFO - Using p_level:: 1
2025-08-05 08:55:23,315 - src.ProcessQaoa - INFO - Using Simulator
2025-08-05 08:55:25,304 - qiskit.passmanager.base_tasks - INFO - Pass: ContainsInstruction - 0.01884 (ms)
2025-08-05 08:55:25,304 - qiskit.passmanager.base_tasks - INFO - Pass: UnitarySynthesis - 0.00286 (ms)
2025-08-05 08:55:25,307 - qiskit.passmanager.base_tasks - INFO - Pass: HighLevelSynthesis - 3.05486 (ms)
2025-08-05 08:55:25,307 - qiskit.passmanager.base_tasks - INFO - Pass: BasisTranslator - 0.01621 (ms)
2025-08-05 08:55:25,308 - qiskit.passmanager.base_tasks - INFO - Pass: ElidePermutations - 0.00501 (ms)
2025-08-05 08:55:25,308 - qiskit.passmanager.base_tasks - INFO - Pass: RemoveDiagonalGatesBeforeMeasure - 0.17905 (ms)
2025-08-05 08:55:25,308 - qiskit.passmanager.base_tasks - INFO - Pass: RemoveIdentityEquivalent - 0.00167 (ms)
2025-08-05 08:55:25,308 - qiskit.passmanager.base_tasks - INFO - Pass: InverseCancellation - 0.17786 (ms)
2025-08-05 08:55:25,308 - qiskit.passmanager.base_tasks - INFO - Pass: ContractIdleWiresInControlFlow - 0.00215 (ms)
2025-08-05 08:55:25,308 - qiskit.passmanager.base_tasks - INFO - Pass: CommutativeCancellation - 0.05102 (ms)
2025-08-05 08:55:25,308 - qiskit.passmanager.base_tasks - INFO - Pass: ConsolidateBlocks - 0.04029 (ms)
2025-08-05 08:55:25,308 - qiskit.passmanager.base_tasks - INFO - Pass: Split2QUnitaries - 0.09608 (ms)
2025-08-05 08:55:25,308 - qiskit.passmanager.base_tasks - INFO - Pass: SetLayout - 0.00167 (ms)
2025-08-05 08:55:25,310 - qiskit.passmanager.base_tasks - INFO - Pass: VF2Layout - 1.91116 (ms)
2025-08-05 08:55:25,310 - qiskit.passmanager.base_tasks - INFO - Pass: BarrierBeforeFinalMeasurements - 0.00286 (ms)
2025-08-05 08:55:25,315 - qiskit.passmanager.base_tasks - INFO - Pass: SabreLayout - 4.97699 (ms)
2025-08-05 08:55:25,315 - qiskit.passmanager.base_tasks - INFO - Pass: CheckMap - 0.01788 (ms)
2025-08-05 08:55:25,317 - qiskit.passmanager.base_tasks - INFO - Pass: VF2PostLayout - 1.65200 (ms)
2025-08-05 08:55:25,317 - qiskit.passmanager.base_tasks - INFO - Pass: ApplyLayout - 0.34308 (ms)
2025-08-05 08:55:25,317 - qiskit.passmanager.base_tasks - INFO - Pass: FilterOpNodes - 0.05817 (ms)
2025-08-05 08:55:25,317 - qiskit.passmanager.base_tasks - INFO - Pass: UnitarySynthesis - 0.00191 (ms)
2025-08-05 08:55:25,317 - qiskit.passmanager.base_tasks - INFO - Pass: HighLevelSynthesis - 0.00906 (ms)
2025-08-05 08:55:25,318 - qiskit.passmanager.base_tasks - INFO - Pass: BasisTranslator - 0.77486 (ms)
2025-08-05 08:55:25,318 - qiskit.passmanager.base_tasks - INFO - Pass: CheckGateDirection - 0.00405 (ms)
2025-08-05 08:55:25,318 - qiskit.passmanager.base_tasks - INFO - Pass: GateDirection - 0.15783 (ms)
2025-08-05 08:55:25,319 - qiskit.passmanager.base_tasks - INFO - Pass: BasisTranslator - 0.51570 (ms)
2025-08-05 08:55:25,319 - qiskit.passmanager.base_tasks - INFO - Pass: Depth - 0.19884 (ms)
2025-08-05 08:55:25,319 - qiskit.passmanager.base_tasks - INFO - Pass: Size - 0.00215 (ms)
2025-08-05 08:55:25,319 - qiskit.passmanager.base_tasks - INFO - Pass: MinimumPoint - 0.00381 (ms)
2025-08-05 08:55:25,320 - qiskit.passmanager.base_tasks - INFO - Pass: ConsolidateBlocks - 0.74410 (ms)
2025-08-05 08:55:25,321 - qiskit.passmanager.base_tasks - INFO - Pass: UnitarySynthesis - 1.12200 (ms)
2025-08-05 08:55:25,321 - qiskit.passmanager.base_tasks - INFO - Pass: RemoveIdentityEquivalent - 0.00811 (ms)
2025-08-05 08:55:25,321 - qiskit.passmanager.base_tasks - INFO - Pass: Optimize1qGatesDecomposition - 0.13709 (ms)
2025-08-05 08:55:25,321 - qiskit.passmanager.base_tasks - INFO - Pass: CommutativeCancellation - 0.13685 (ms)
2025-08-05 08:55:25,321 - qiskit.passmanager.base_tasks - INFO - Pass: ContractIdleWiresInControlFlow - 0.00095 (ms)
2025-08-05 08:55:25,321 - qiskit.passmanager.base_tasks - INFO - Pass: GatesInBasis - 0.01693 (ms)
2025-08-05 08:55:25,322 - qiskit.passmanager.base_tasks - INFO - Pass: Depth - 0.02098 (ms)
2025-08-05 08:55:25,322 - qiskit.passmanager.base_tasks - INFO - Pass: Size - 0.00095 (ms)
2025-08-05 08:55:25,325 - qiskit.passmanager.base_tasks - INFO - Pass: MinimumPoint - 3.26395 (ms)
2025-08-05 08:55:25,325 - qiskit.passmanager.base_tasks - INFO - Pass: ConsolidateBlocks - 0.14377 (ms)
2025-08-05 08:55:25,325 - qiskit.passmanager.base_tasks - INFO - Pass: UnitarySynthesis - 0.13709 (ms)
2025-08-05 08:55:25,325 - qiskit.passmanager.base_tasks - INFO - Pass: RemoveIdentityEquivalent - 0.00501 (ms)
2025-08-05 08:55:25,325 - qiskit.passmanager.base_tasks - INFO - Pass: Optimize1qGatesDecomposition - 0.04315 (ms)
2025-08-05 08:55:25,325 - qiskit.passmanager.base_tasks - INFO - Pass: CommutativeCancellation - 0.06294 (ms)
2025-08-05 08:55:25,325 - qiskit.passmanager.base_tasks - INFO - Pass: ContractIdleWiresInControlFlow - 0.00000 (ms)
2025-08-05 08:55:25,325 - qiskit.passmanager.base_tasks - INFO - Pass: GatesInBasis - 0.01597 (ms)
2025-08-05 08:55:25,325 - qiskit.passmanager.base_tasks - INFO - Pass: Depth - 0.01788 (ms)
2025-08-05 08:55:25,325 - qiskit.passmanager.base_tasks - INFO - Pass: Size - 0.00000 (ms)
2025-08-05 08:55:25,325 - qiskit.passmanager.base_tasks - INFO - Pass: MinimumPoint - 0.00215 (ms)
2025-08-05 08:55:25,325 - qiskit.passmanager.base_tasks - INFO - Pass: ContainsInstruction - 0.00167 (ms)
2025-08-05 08:55:25,325 - qiskit.passmanager.base_tasks - INFO - Pass: InstructionDurationCheck - 0.02098 (ms)
2025-08-05 08:55:25,706 - qiskit.passmanager.base_tasks - INFO - Pass: Optimize1qGatesDecomposition - 0.01526 (ms)
2025-08-05 08:55:26,594 - qiskit.passmanager.base_tasks - INFO - Pass: Optimize1qGatesDecomposition - 0.01693 (ms)
2025-08-05 08:55:27,339 - qiskit.passmanager.base_tasks - INFO - Pass: Optimize1qGatesDecomposition - 0.01478 (ms)
2025-08-05 08:55:28,150 - qiskit.passmanager.base_tasks - INFO - Pass: Optimize1qGatesDecomposition - 0.01597 (ms)
2025-08-05 08:55:28,825 - qiskit.passmanager.base_tasks - INFO - Pass: Optimize1qGatesDecomposition - 0.01407 (ms)
2025-08-05 08:55:30,253 - qiskit.passmanager.base_tasks - INFO - Pass: Optimize1qGatesDecomposition - 0.05674 (ms)
2025-08-05 08:55:31,103 - qiskit.passmanager.base_tasks - INFO - Pass: Optimize1qGatesDecomposition - 0.01407 (ms)
2025-08-05 08:55:31,887 - qiskit.passmanager.base_tasks - INFO - Pass: Optimize1qGatesDecomposition - 0.01502 (ms)
2025-08-05 08:55:32,708 - qiskit.passmanager.base_tasks - INFO - Pass: Optimize1qGatesDecomposition - 0.01502 (ms)
2025-08-05 08:55:33,413 - qiskit.passmanager.base_tasks - INFO - Pass: Optimize1qGatesDecomposition - 0.01526 (ms)
2025-08-05 08:55:34,170 - qiskit.passmanager.base_tasks - INFO - Pass: Optimize1qGatesDecomposition - 0.01597 (ms)
2025-08-05 08:55:34,892 - qiskit.passmanager.base_tasks - INFO - Pass: Optimize1qGatesDecomposition - 0.01502 (ms)
2025-08-05 08:55:35,658 - qiskit.passmanager.base_tasks - INFO - Pass: Optimize1qGatesDecomposition - 0.01502 (ms)
2025-08-05 08:55:36,465 - qiskit.passmanager.base_tasks - INFO - Pass: Optimize1qGatesDecomposition - 0.01597 (ms)
2025-08-05 08:55:37,148 - qiskit.passmanager.base_tasks - INFO - Pass: Optimize1qGatesDecomposition - 0.01407 (ms)
2025-08-05 08:55:37,866 - qiskit.passmanager.base_tasks - INFO - Pass: Optimize1qGatesDecomposition - 0.01526 (ms)
2025-08-05 08:55:38,616 - qiskit.passmanager.base_tasks - INFO - Pass: Optimize1qGatesDecomposition - 0.02193 (ms)
2025-08-05 08:55:39,395 - qiskit.passmanager.base_tasks - INFO - Pass: Optimize1qGatesDecomposition - 0.01574 (ms)
2025-08-05 08:55:40,259 - qiskit.passmanager.base_tasks - INFO - Pass: Optimize1qGatesDecomposition - 0.01693 (ms)
2025-08-05 08:55:40,991 - qiskit.passmanager.base_tasks - INFO - Pass: Optimize1qGatesDecomposition - 0.01502 (ms)
2025-08-05 08:55:41,767 - qiskit.passmanager.base_tasks - INFO - Pass: Optimize1qGatesDecomposition - 0.01478 (ms)
2025-08-05 08:55:42,687 - qiskit.passmanager.base_tasks - INFO - Pass: Optimize1qGatesDecomposition - 0.02098 (ms)
2025-08-05 08:55:43,595 - qiskit.passmanager.base_tasks - INFO - Pass: Optimize1qGatesDecomposition - 0.01574 (ms)
2025-08-05 08:55:44,592 - qiskit.passmanager.base_tasks - INFO - Pass: Optimize1qGatesDecomposition - 0.01693 (ms)
2025-08-05 08:55:45,416 - qiskit.passmanager.base_tasks - INFO - Pass: Optimize1qGatesDecomposition - 0.01478 (ms)
2025-08-05 08:55:46,322 - qiskit.passmanager.base_tasks - INFO - Pass: Optimize1qGatesDecomposition - 0.02098 (ms)
2025-08-05 08:55:47,260 - qiskit.passmanager.base_tasks - INFO - Pass: Optimize1qGatesDecomposition - 0.01907 (ms)
2025-08-05 08:55:48,646 - qiskit.passmanager.base_tasks - INFO - Pass: Optimize1qGatesDecomposition - 0.02694 (ms)
2025-08-05 08:55:49,888 - qiskit.passmanager.base_tasks - INFO - Pass: Optimize1qGatesDecomposition - 0.01693 (ms)
2025-08-05 08:55:50,705 - qiskit.passmanager.base_tasks - INFO - Pass: Optimize1qGatesDecomposition - 0.01884 (ms)
2025-08-05 08:55:51,496 - qiskit.passmanager.base_tasks - INFO - Pass: Optimize1qGatesDecomposition - 0.01597 (ms)
2025-08-05 08:55:52,273 - qiskit.passmanager.base_tasks - INFO - Pass: Optimize1qGatesDecomposition - 0.01693 (ms)
2025-08-05 08:55:53,248 - qiskit.passmanager.base_tasks - INFO - Pass: Optimize1qGatesDecomposition - 0.01884 (ms)
2025-08-05 08:55:54,271 - qiskit.passmanager.base_tasks - INFO - Pass: Optimize1qGatesDecomposition - 0.01621 (ms)
2025-08-05 08:55:55,077 - qiskit.passmanager.base_tasks - INFO - Pass: Optimize1qGatesDecomposition - 0.01597 (ms)
2025-08-05 08:55:56,261 - src.ProcessQaoa - INFO - Using p_level:: 1
2025-08-05 08:55:57,851 - src.ProcessQaoa - INFO - Using Simulator
2025-08-05 08:55:59,956 - qiskit.passmanager.base_tasks - INFO - Pass: ContainsInstruction - 0.18907 (ms)
2025-08-05 08:55:59,956 - qiskit.passmanager.base_tasks - INFO - Pass: UnitarySynthesis - 0.00191 (ms)
2025-08-05 08:55:59,962 - qiskit.passmanager.base_tasks - INFO - Pass: HighLevelSynthesis - 6.09899 (ms)
2025-08-05 08:55:59,963 - qiskit.passmanager.base_tasks - INFO - Pass: BasisTranslator - 0.35715 (ms)
2025-08-05 08:55:59,963 - qiskit.passmanager.base_tasks - INFO - Pass: ElidePermutations - 0.01216 (ms)
2025-08-05 08:55:59,963 - qiskit.passmanager.base_tasks - INFO - Pass: RemoveDiagonalGatesBeforeMeasure - 0.18096 (ms)
2025-08-05 08:55:59,963 - qiskit.passmanager.base_tasks - INFO - Pass: RemoveIdentityEquivalent - 0.00191 (ms)
2025-08-05 08:55:59,963 - qiskit.passmanager.base_tasks - INFO - Pass: InverseCancellation - 0.04292 (ms)
2025-08-05 08:55:59,963 - qiskit.passmanager.base_tasks - INFO - Pass: ContractIdleWiresInControlFlow - 0.00215 (ms)
2025-08-05 08:55:59,963 - qiskit.passmanager.base_tasks - INFO - Pass: CommutativeCancellation - 0.19193 (ms)
2025-08-05 08:55:59,963 - qiskit.passmanager.base_tasks - INFO - Pass: ConsolidateBlocks - 0.02193 (ms)
2025-08-05 08:55:59,963 - qiskit.passmanager.base_tasks - INFO - Pass: Split2QUnitaries - 0.00095 (ms)
2025-08-05 08:55:59,963 - qiskit.passmanager.base_tasks - INFO - Pass: SetLayout - 0.00072 (ms)
2025-08-05 08:55:59,965 - qiskit.passmanager.base_tasks - INFO - Pass: VF2Layout - 2.12097 (ms)
2025-08-05 08:55:59,965 - qiskit.passmanager.base_tasks - INFO - Pass: BarrierBeforeFinalMeasurements - 0.00191 (ms)
2025-08-05 08:55:59,971 - qiskit.passmanager.base_tasks - INFO - Pass: SabreLayout - 5.29575 (ms)
2025-08-05 08:55:59,971 - qiskit.passmanager.base_tasks - INFO - Pass: CheckMap - 0.01812 (ms)
2025-08-05 08:55:59,973 - qiskit.passmanager.base_tasks - INFO - Pass: VF2PostLayout - 2.04897 (ms)
2025-08-05 08:55:59,973 - qiskit.passmanager.base_tasks - INFO - Pass: ApplyLayout - 0.37599 (ms)
2025-08-05 08:55:59,973 - qiskit.passmanager.base_tasks - INFO - Pass: FilterOpNodes - 0.16904 (ms)
2025-08-05 08:55:59,973 - qiskit.passmanager.base_tasks - INFO - Pass: UnitarySynthesis - 0.00262 (ms)
2025-08-05 08:55:59,973 - qiskit.passmanager.base_tasks - INFO - Pass: HighLevelSynthesis - 0.00906 (ms)
2025-08-05 08:55:59,975 - qiskit.passmanager.base_tasks - INFO - Pass: BasisTranslator - 1.51777 (ms)
2025-08-05 08:55:59,975 - qiskit.passmanager.base_tasks - INFO - Pass: CheckGateDirection - 0.00381 (ms)
2025-08-05 08:55:59,975 - qiskit.passmanager.base_tasks - INFO - Pass: GateDirection - 0.18907 (ms)
2025-08-05 08:55:59,976 - qiskit.passmanager.base_tasks - INFO - Pass: BasisTranslator - 0.58699 (ms)
2025-08-05 08:55:59,976 - qiskit.passmanager.base_tasks - INFO - Pass: Depth - 0.19503 (ms)
2025-08-05 08:55:59,976 - qiskit.passmanager.base_tasks - INFO - Pass: Size - 0.00167 (ms)
2025-08-05 08:55:59,976 - qiskit.passmanager.base_tasks - INFO - Pass: MinimumPoint - 0.00405 (ms)
2025-08-05 08:55:59,977 - qiskit.passmanager.base_tasks - INFO - Pass: ConsolidateBlocks - 0.71812 (ms)
2025-08-05 08:55:59,978 - qiskit.passmanager.base_tasks - INFO - Pass: UnitarySynthesis - 0.74315 (ms)
2025-08-05 08:55:59,978 - qiskit.passmanager.base_tasks - INFO - Pass: RemoveIdentityEquivalent - 0.00691 (ms)
2025-08-05 08:55:59,978 - qiskit.passmanager.base_tasks - INFO - Pass: Optimize1qGatesDecomposition - 0.13590 (ms)
2025-08-05 08:55:59,978 - qiskit.passmanager.base_tasks - INFO - Pass: CommutativeCancellation - 0.14400 (ms)
2025-08-05 08:55:59,978 - qiskit.passmanager.base_tasks - INFO - Pass: ContractIdleWiresInControlFlow - 0.00095 (ms)
2025-08-05 08:55:59,978 - qiskit.passmanager.base_tasks - INFO - Pass: GatesInBasis - 0.01836 (ms)
2025-08-05 08:55:59,978 - qiskit.passmanager.base_tasks - INFO - Pass: Depth - 0.02098 (ms)
2025-08-05 08:55:59,978 - qiskit.passmanager.base_tasks - INFO - Pass: Size - 0.00000 (ms)
2025-08-05 08:55:59,982 - qiskit.passmanager.base_tasks - INFO - Pass: MinimumPoint - 3.48687 (ms)
2025-08-05 08:55:59,982 - qiskit.passmanager.base_tasks - INFO - Pass: ConsolidateBlocks - 0.13328 (ms)
2025-08-05 08:55:59,982 - qiskit.passmanager.base_tasks - INFO - Pass: UnitarySynthesis - 0.14114 (ms)
2025-08-05 08:55:59,982 - qiskit.passmanager.base_tasks - INFO - Pass: RemoveIdentityEquivalent - 0.00572 (ms)
2025-08-05 08:55:59,982 - qiskit.passmanager.base_tasks - INFO - Pass: Optimize1qGatesDecomposition - 0.04387 (ms)
2025-08-05 08:55:59,982 - qiskit.passmanager.base_tasks - INFO - Pass: CommutativeCancellation - 0.06390 (ms)
2025-08-05 08:55:59,982 - qiskit.passmanager.base_tasks - INFO - Pass: ContractIdleWiresInControlFlow - 0.00095 (ms)
2025-08-05 08:55:59,982 - qiskit.passmanager.base_tasks - INFO - Pass: GatesInBasis - 0.01788 (ms)
2025-08-05 08:55:59,982 - qiskit.passmanager.base_tasks - INFO - Pass: Depth - 0.01884 (ms)
2025-08-05 08:55:59,982 - qiskit.passmanager.base_tasks - INFO - Pass: Size - 0.00095 (ms)
2025-08-05 08:55:59,982 - qiskit.passmanager.base_tasks - INFO - Pass: MinimumPoint - 0.00215 (ms)
2025-08-05 08:55:59,982 - qiskit.passmanager.base_tasks - INFO - Pass: ContainsInstruction - 0.00215 (ms)
2025-08-05 08:55:59,982 - qiskit.passmanager.base_tasks - INFO - Pass: InstructionDurationCheck - 0.02193 (ms)
2025-08-05 08:56:00,354 - qiskit.passmanager.base_tasks - INFO - Pass: Optimize1qGatesDecomposition - 0.01597 (ms)
2025-08-05 08:56:01,110 - qiskit.passmanager.base_tasks - INFO - Pass: Optimize1qGatesDecomposition - 0.01502 (ms)
2025-08-05 08:56:01,820 - qiskit.passmanager.base_tasks - INFO - Pass: Optimize1qGatesDecomposition - 0.01526 (ms)
2025-08-05 08:56:02,671 - qiskit.passmanager.base_tasks - INFO - Pass: Optimize1qGatesDecomposition - 0.01597 (ms)
2025-08-05 08:56:03,398 - qiskit.passmanager.base_tasks - INFO - Pass: Optimize1qGatesDecomposition - 0.01788 (ms)
2025-08-05 08:56:04,163 - qiskit.passmanager.base_tasks - INFO - Pass: Optimize1qGatesDecomposition - 0.01502 (ms)
2025-08-05 08:56:05,014 - qiskit.passmanager.base_tasks - INFO - Pass: Optimize1qGatesDecomposition - 0.01621 (ms)
2025-08-05 08:56:05,743 - qiskit.passmanager.base_tasks - INFO - Pass: Optimize1qGatesDecomposition - 0.01478 (ms)
2025-08-05 08:56:06,507 - qiskit.passmanager.base_tasks - INFO - Pass: Optimize1qGatesDecomposition - 0.01407 (ms)
2025-08-05 08:56:07,270 - qiskit.passmanager.base_tasks - INFO - Pass: Optimize1qGatesDecomposition - 0.01502 (ms)
2025-08-05 08:56:08,016 - qiskit.passmanager.base_tasks - INFO - Pass: Optimize1qGatesDecomposition - 0.01407 (ms)
2025-08-05 08:56:08,863 - qiskit.passmanager.base_tasks - INFO - Pass: Optimize1qGatesDecomposition - 0.01717 (ms)
2025-08-05 08:56:09,634 - qiskit.passmanager.base_tasks - INFO - Pass: Optimize1qGatesDecomposition - 0.01407 (ms)
2025-08-05 08:56:10,461 - qiskit.passmanager.base_tasks - INFO - Pass: Optimize1qGatesDecomposition - 0.01717 (ms)
2025-08-05 08:56:11,243 - qiskit.passmanager.base_tasks - INFO - Pass: Optimize1qGatesDecomposition - 0.01574 (ms)
2025-08-05 08:56:12,022 - qiskit.passmanager.base_tasks - INFO - Pass: Optimize1qGatesDecomposition - 0.01884 (ms)
2025-08-05 08:56:12,855 - qiskit.passmanager.base_tasks - INFO - Pass: Optimize1qGatesDecomposition - 0.01478 (ms)
2025-08-05 08:56:13,586 - qiskit.passmanager.base_tasks - INFO - Pass: Optimize1qGatesDecomposition - 0.01597 (ms)
2025-08-05 08:56:14,350 - qiskit.passmanager.base_tasks - INFO - Pass: Optimize1qGatesDecomposition - 0.01526 (ms)
2025-08-05 08:56:15,116 - qiskit.passmanager.base_tasks - INFO - Pass: Optimize1qGatesDecomposition - 0.01478 (ms)
2025-08-05 08:56:15,877 - qiskit.passmanager.base_tasks - INFO - Pass: Optimize1qGatesDecomposition - 0.01478 (ms)
2025-08-05 08:56:16,695 - qiskit.passmanager.base_tasks - INFO - Pass: Optimize1qGatesDecomposition - 0.01407 (ms)
2025-08-05 08:56:17,430 - qiskit.passmanager.base_tasks - INFO - Pass: Optimize1qGatesDecomposition - 0.01717 (ms)
2025-08-05 08:56:18,293 - qiskit.passmanager.base_tasks - INFO - Pass: Optimize1qGatesDecomposition - 0.01502 (ms)
2025-08-05 08:56:19,016 - qiskit.passmanager.base_tasks - INFO - Pass: Optimize1qGatesDecomposition - 0.01502 (ms)
2025-08-05 08:56:19,769 - qiskit.passmanager.base_tasks - INFO - Pass: Optimize1qGatesDecomposition - 0.01502 (ms)
2025-08-05 08:56:20,596 - qiskit.passmanager.base_tasks - INFO - Pass: Optimize1qGatesDecomposition - 0.01621 (ms)
2025-08-05 08:56:21,313 - qiskit.passmanager.base_tasks - INFO - Pass: Optimize1qGatesDecomposition - 0.01597 (ms)
2025-08-05 08:56:22,060 - qiskit.passmanager.base_tasks - INFO - Pass: Optimize1qGatesDecomposition - 0.01502 (ms)
2025-08-05 08:56:22,811 - qiskit.passmanager.base_tasks - INFO - Pass: Optimize1qGatesDecomposition - 0.01478 (ms)
2025-08-05 08:56:23,549 - qiskit.passmanager.base_tasks - INFO - Pass: Optimize1qGatesDecomposition - 0.01407 (ms)
2025-08-05 08:56:24,438 - qiskit.passmanager.base_tasks - INFO - Pass: Optimize1qGatesDecomposition - 0.01502 (ms)
2025-08-05 08:56:25,204 - qiskit.passmanager.base_tasks - INFO - Pass: Optimize1qGatesDecomposition - 0.01502 (ms)
2025-08-05 08:56:26,358 - src.ProcessQaoa - INFO - Using p_level:: 1
2025-08-05 08:56:27,620 - src.ProcessQaoa - INFO - Using Simulator
2025-08-05 08:56:29,644 - qiskit.passmanager.base_tasks - INFO - Pass: ContainsInstruction - 0.00787 (ms)
2025-08-05 08:56:29,644 - qiskit.passmanager.base_tasks - INFO - Pass: UnitarySynthesis - 0.00215 (ms)
2025-08-05 08:56:29,646 - qiskit.passmanager.base_tasks - INFO - Pass: HighLevelSynthesis - 1.74785 (ms)
2025-08-05 08:56:29,646 - qiskit.passmanager.base_tasks - INFO - Pass: BasisTranslator - 0.01407 (ms)
2025-08-05 08:56:29,646 - qiskit.passmanager.base_tasks - INFO - Pass: ElidePermutations - 0.00477 (ms)
2025-08-05 08:56:29,646 - qiskit.passmanager.base_tasks - INFO - Pass: RemoveDiagonalGatesBeforeMeasure - 0.00405 (ms)
2025-08-05 08:56:29,646 - qiskit.passmanager.base_tasks - INFO - Pass: RemoveIdentityEquivalent - 0.00215 (ms)
2025-08-05 08:56:29,646 - qiskit.passmanager.base_tasks - INFO - Pass: InverseCancellation - 0.02789 (ms)
2025-08-05 08:56:29,646 - qiskit.passmanager.base_tasks - INFO - Pass: ContractIdleWiresInControlFlow - 0.00095 (ms)
2025-08-05 08:56:29,646 - qiskit.passmanager.base_tasks - INFO - Pass: CommutativeCancellation - 0.02193 (ms)
2025-08-05 08:56:29,646 - qiskit.passmanager.base_tasks - INFO - Pass: ConsolidateBlocks - 0.01788 (ms)
2025-08-05 08:56:29,646 - qiskit.passmanager.base_tasks - INFO - Pass: Split2QUnitaries - 0.00095 (ms)
2025-08-05 08:56:29,646 - qiskit.passmanager.base_tasks - INFO - Pass: SetLayout - 0.00191 (ms)
2025-08-05 08:56:29,647 - qiskit.passmanager.base_tasks - INFO - Pass: VF2Layout - 0.44203 (ms)
2025-08-05 08:56:29,647 - qiskit.passmanager.base_tasks - INFO - Pass: BarrierBeforeFinalMeasurements - 0.00191 (ms)
2025-08-05 08:56:29,651 - qiskit.passmanager.base_tasks - INFO - Pass: SabreLayout - 3.96681 (ms)
2025-08-05 08:56:29,651 - qiskit.passmanager.base_tasks - INFO - Pass: CheckMap - 0.02098 (ms)
2025-08-05 08:56:29,653 - qiskit.passmanager.base_tasks - INFO - Pass: VF2PostLayout - 1.73879 (ms)
2025-08-05 08:56:29,653 - qiskit.passmanager.base_tasks - INFO - Pass: ApplyLayout - 0.36693 (ms)
2025-08-05 08:56:29,653 - qiskit.passmanager.base_tasks - INFO - Pass: FilterOpNodes - 0.01574 (ms)
2025-08-05 08:56:29,653 - qiskit.passmanager.base_tasks - INFO - Pass: UnitarySynthesis - 0.00286 (ms)
2025-08-05 08:56:29,653 - qiskit.passmanager.base_tasks - INFO - Pass: HighLevelSynthesis - 0.00906 (ms)
2025-08-05 08:56:29,654 - qiskit.passmanager.base_tasks - INFO - Pass: BasisTranslator - 0.78797 (ms)
2025-08-05 08:56:29,654 - qiskit.passmanager.base_tasks - INFO - Pass: CheckGateDirection - 0.00405 (ms)
2025-08-05 08:56:29,654 - qiskit.passmanager.base_tasks - INFO - Pass: GateDirection - 0.17190 (ms)
2025-08-05 08:56:29,655 - qiskit.passmanager.base_tasks - INFO - Pass: BasisTranslator - 0.55075 (ms)
2025-08-05 08:56:29,655 - qiskit.passmanager.base_tasks - INFO - Pass: Depth - 0.03505 (ms)
2025-08-05 08:56:29,655 - qiskit.passmanager.base_tasks - INFO - Pass: Size - 0.00191 (ms)
2025-08-05 08:56:29,655 - qiskit.passmanager.base_tasks - INFO - Pass: MinimumPoint - 0.00405 (ms)
2025-08-05 08:56:29,655 - qiskit.passmanager.base_tasks - INFO - Pass: ConsolidateBlocks - 0.21291 (ms)
2025-08-05 08:56:29,656 - qiskit.passmanager.base_tasks - INFO - Pass: UnitarySynthesis - 0.35286 (ms)
2025-08-05 08:56:29,656 - qiskit.passmanager.base_tasks - INFO - Pass: RemoveIdentityEquivalent - 0.01001 (ms)
2025-08-05 08:56:29,656 - qiskit.passmanager.base_tasks - INFO - Pass: Optimize1qGatesDecomposition - 0.13399 (ms)
2025-08-05 08:56:29,656 - qiskit.passmanager.base_tasks - INFO - Pass: CommutativeCancellation - 0.14400 (ms)
2025-08-05 08:56:29,656 - qiskit.passmanager.base_tasks - INFO - Pass: ContractIdleWiresInControlFlow - 0.00215 (ms)
2025-08-05 08:56:29,656 - qiskit.passmanager.base_tasks - INFO - Pass: GatesInBasis - 0.01907 (ms)
2025-08-05 08:56:29,656 - qiskit.passmanager.base_tasks - INFO - Pass: Depth - 0.02313 (ms)
2025-08-05 08:56:29,656 - qiskit.passmanager.base_tasks - INFO - Pass: Size - 0.00095 (ms)
2025-08-05 08:56:29,659 - qiskit.passmanager.base_tasks - INFO - Pass: MinimumPoint - 3.16906 (ms)
2025-08-05 08:56:29,659 - qiskit.passmanager.base_tasks - INFO - Pass: ConsolidateBlocks - 0.13208 (ms)
2025-08-05 08:56:29,660 - qiskit.passmanager.base_tasks - INFO - Pass: UnitarySynthesis - 0.14687 (ms)
2025-08-05 08:56:29,660 - qiskit.passmanager.base_tasks - INFO - Pass: RemoveIdentityEquivalent - 0.00572 (ms)
2025-08-05 08:56:29,660 - qiskit.passmanager.base_tasks - INFO - Pass: Optimize1qGatesDecomposition - 0.04816 (ms)
2025-08-05 08:56:29,660 - qiskit.passmanager.base_tasks - INFO - Pass: CommutativeCancellation - 0.07200 (ms)
2025-08-05 08:56:29,660 - qiskit.passmanager.base_tasks - INFO - Pass: ContractIdleWiresInControlFlow - 0.00000 (ms)
2025-08-05 08:56:29,660 - qiskit.passmanager.base_tasks - INFO - Pass: GatesInBasis - 0.02003 (ms)
2025-08-05 08:56:29,660 - qiskit.passmanager.base_tasks - INFO - Pass: Depth - 0.02289 (ms)
2025-08-05 08:56:29,660 - qiskit.passmanager.base_tasks - INFO - Pass: Size - 0.00000 (ms)
2025-08-05 08:56:29,660 - qiskit.passmanager.base_tasks - INFO - Pass: MinimumPoint - 0.00191 (ms)
2025-08-05 08:56:29,660 - qiskit.passmanager.base_tasks - INFO - Pass: ContainsInstruction - 0.00286 (ms)
2025-08-05 08:56:29,660 - qiskit.passmanager.base_tasks - INFO - Pass: InstructionDurationCheck - 0.02098 (ms)
2025-08-05 08:56:30,028 - qiskit.passmanager.base_tasks - INFO - Pass: Optimize1qGatesDecomposition - 0.01526 (ms)
2025-08-05 08:56:30,734 - qiskit.passmanager.base_tasks - INFO - Pass: Optimize1qGatesDecomposition - 0.01526 (ms)
2025-08-05 08:56:31,548 - qiskit.passmanager.base_tasks - INFO - Pass: Optimize1qGatesDecomposition - 0.01597 (ms)
2025-08-05 08:56:32,391 - qiskit.passmanager.base_tasks - INFO - Pass: Optimize1qGatesDecomposition - 0.01597 (ms)
2025-08-05 08:56:33,088 - qiskit.passmanager.base_tasks - INFO - Pass: Optimize1qGatesDecomposition - 0.01502 (ms)
2025-08-05 08:56:33,910 - qiskit.passmanager.base_tasks - INFO - Pass: Optimize1qGatesDecomposition - 0.01502 (ms)
2025-08-05 08:56:34,632 - qiskit.passmanager.base_tasks - INFO - Pass: Optimize1qGatesDecomposition - 0.01502 (ms)
2025-08-05 08:56:35,387 - qiskit.passmanager.base_tasks - INFO - Pass: Optimize1qGatesDecomposition - 0.01478 (ms)
2025-08-05 08:56:36,513 - qiskit.passmanager.base_tasks - INFO - Pass: Optimize1qGatesDecomposition - 0.04888 (ms)
2025-08-05 08:56:37,412 - qiskit.passmanager.base_tasks - INFO - Pass: Optimize1qGatesDecomposition - 0.01717 (ms)
2025-08-05 08:56:38,204 - qiskit.passmanager.base_tasks - INFO - Pass: Optimize1qGatesDecomposition - 0.01407 (ms)
2025-08-05 08:56:38,962 - qiskit.passmanager.base_tasks - INFO - Pass: Optimize1qGatesDecomposition - 0.01502 (ms)
2025-08-05 08:56:39,714 - qiskit.passmanager.base_tasks - INFO - Pass: Optimize1qGatesDecomposition - 0.01621 (ms)
2025-08-05 08:56:40,505 - qiskit.passmanager.base_tasks - INFO - Pass: Optimize1qGatesDecomposition - 0.01478 (ms)
2025-08-05 08:56:41,236 - qiskit.passmanager.base_tasks - INFO - Pass: Optimize1qGatesDecomposition - 0.01383 (ms)
2025-08-05 08:56:42,108 - qiskit.passmanager.base_tasks - INFO - Pass: Optimize1qGatesDecomposition - 0.01812 (ms)
2025-08-05 08:56:42,824 - qiskit.passmanager.base_tasks - INFO - Pass: Optimize1qGatesDecomposition - 0.01621 (ms)
2025-08-05 08:56:43,716 - qiskit.passmanager.base_tasks - INFO - Pass: Optimize1qGatesDecomposition - 0.01693 (ms)
2025-08-05 08:56:44,690 - qiskit.passmanager.base_tasks - INFO - Pass: Optimize1qGatesDecomposition - 0.01526 (ms)
2025-08-05 08:56:45,434 - qiskit.passmanager.base_tasks - INFO - Pass: Optimize1qGatesDecomposition - 0.01478 (ms)
2025-08-05 08:56:46,207 - qiskit.passmanager.base_tasks - INFO - Pass: Optimize1qGatesDecomposition - 0.01621 (ms)
2025-08-05 08:56:46,958 - qiskit.passmanager.base_tasks - INFO - Pass: Optimize1qGatesDecomposition - 0.01502 (ms)
2025-08-05 08:56:47,709 - qiskit.passmanager.base_tasks - INFO - Pass: Optimize1qGatesDecomposition - 0.01597 (ms)
2025-08-05 08:56:48,509 - qiskit.passmanager.base_tasks - INFO - Pass: Optimize1qGatesDecomposition - 0.01526 (ms)
2025-08-05 08:56:49,247 - qiskit.passmanager.base_tasks - INFO - Pass: Optimize1qGatesDecomposition - 0.01407 (ms)
2025-08-05 08:56:50,071 - qiskit.passmanager.base_tasks - INFO - Pass: Optimize1qGatesDecomposition - 0.01478 (ms)
2025-08-05 08:56:50,781 - qiskit.passmanager.base_tasks - INFO - Pass: Optimize1qGatesDecomposition - 0.01526 (ms)
2025-08-05 08:56:51,521 - qiskit.passmanager.base_tasks - INFO - Pass: Optimize1qGatesDecomposition - 0.01717 (ms)
2025-08-05 08:56:52,349 - qiskit.passmanager.base_tasks - INFO - Pass: Optimize1qGatesDecomposition - 0.01478 (ms)
2025-08-05 08:56:53,059 - qiskit.passmanager.base_tasks - INFO - Pass: Optimize1qGatesDecomposition - 0.01478 (ms)
2025-08-05 08:56:53,811 - qiskit.passmanager.base_tasks - INFO - Pass: Optimize1qGatesDecomposition - 0.01502 (ms)
2025-08-05 08:56:54,971 - src.ProcessQaoa - INFO - Using p_level:: 1
2025-08-05 08:56:56,702 - src.ProcessQaoa - INFO - Using Simulator
2025-08-05 08:56:58,827 - qiskit.passmanager.base_tasks - INFO - Pass: ContainsInstruction - 0.00525 (ms)
2025-08-05 08:56:58,827 - qiskit.passmanager.base_tasks - INFO - Pass: UnitarySynthesis - 0.00191 (ms)
2025-08-05 08:56:58,829 - qiskit.passmanager.base_tasks - INFO - Pass: HighLevelSynthesis - 1.71709 (ms)
2025-08-05 08:56:58,829 - qiskit.passmanager.base_tasks - INFO - Pass: BasisTranslator - 0.01192 (ms)
2025-08-05 08:56:58,829 - qiskit.passmanager.base_tasks - INFO - Pass: ElidePermutations - 0.00286 (ms)
2025-08-05 08:56:58,829 - qiskit.passmanager.base_tasks - INFO - Pass: RemoveDiagonalGatesBeforeMeasure - 0.00286 (ms)
2025-08-05 08:56:58,829 - qiskit.passmanager.base_tasks - INFO - Pass: RemoveIdentityEquivalent - 0.00215 (ms)
2025-08-05 08:56:58,829 - qiskit.passmanager.base_tasks - INFO - Pass: InverseCancellation - 0.02813 (ms)
2025-08-05 08:56:58,829 - qiskit.passmanager.base_tasks - INFO - Pass: ContractIdleWiresInControlFlow - 0.00119 (ms)
2025-08-05 08:56:58,829 - qiskit.passmanager.base_tasks - INFO - Pass: CommutativeCancellation - 0.01907 (ms)
2025-08-05 08:56:58,829 - qiskit.passmanager.base_tasks - INFO - Pass: ConsolidateBlocks - 0.01407 (ms)
2025-08-05 08:56:58,829 - qiskit.passmanager.base_tasks - INFO - Pass: Split2QUnitaries - 0.00119 (ms)
2025-08-05 08:56:58,829 - qiskit.passmanager.base_tasks - INFO - Pass: SetLayout - 0.00095 (ms)
2025-08-05 08:56:58,829 - qiskit.passmanager.base_tasks - INFO - Pass: VF2Layout - 0.47588 (ms)
2025-08-05 08:56:58,829 - qiskit.passmanager.base_tasks - INFO - Pass: BarrierBeforeFinalMeasurements - 0.00215 (ms)
2025-08-05 08:56:58,833 - qiskit.passmanager.base_tasks - INFO - Pass: SabreLayout - 3.73387 (ms)
2025-08-05 08:56:58,833 - qiskit.passmanager.base_tasks - INFO - Pass: CheckMap - 0.01717 (ms)
2025-08-05 08:56:58,835 - qiskit.passmanager.base_tasks - INFO - Pass: VF2PostLayout - 1.65892 (ms)
2025-08-05 08:56:58,835 - qiskit.passmanager.base_tasks - INFO - Pass: ApplyLayout - 0.36502 (ms)
2025-08-05 08:56:58,835 - qiskit.passmanager.base_tasks - INFO - Pass: FilterOpNodes - 0.01407 (ms)
2025-08-05 08:56:58,835 - qiskit.passmanager.base_tasks - INFO - Pass: UnitarySynthesis - 0.00215 (ms)
2025-08-05 08:56:58,835 - qiskit.passmanager.base_tasks - INFO - Pass: HighLevelSynthesis - 0.00906 (ms)
2025-08-05 08:56:58,836 - qiskit.passmanager.base_tasks - INFO - Pass: BasisTranslator - 0.85402 (ms)
2025-08-05 08:56:58,836 - qiskit.passmanager.base_tasks - INFO - Pass: CheckGateDirection - 0.00381 (ms)
2025-08-05 08:56:58,836 - qiskit.passmanager.base_tasks - INFO - Pass: GateDirection - 0.16809 (ms)
2025-08-05 08:56:58,837 - qiskit.passmanager.base_tasks - INFO - Pass: BasisTranslator - 0.56100 (ms)
2025-08-05 08:56:58,837 - qiskit.passmanager.base_tasks - INFO - Pass: Depth - 0.03195 (ms)
2025-08-05 08:56:58,837 - qiskit.passmanager.base_tasks - INFO - Pass: Size - 0.00095 (ms)
2025-08-05 08:56:58,837 - qiskit.passmanager.base_tasks - INFO - Pass: MinimumPoint - 0.00405 (ms)
2025-08-05 08:56:58,837 - qiskit.passmanager.base_tasks - INFO - Pass: ConsolidateBlocks - 0.19383 (ms)
2025-08-05 08:56:58,838 - qiskit.passmanager.base_tasks - INFO - Pass: UnitarySynthesis - 0.34213 (ms)
2025-08-05 08:56:58,838 - qiskit.passmanager.base_tasks - INFO - Pass: RemoveIdentityEquivalent - 0.00691 (ms)
2025-08-05 08:56:58,838 - qiskit.passmanager.base_tasks - INFO - Pass: Optimize1qGatesDecomposition - 0.13590 (ms)
2025-08-05 08:56:58,838 - qiskit.passmanager.base_tasks - INFO - Pass: CommutativeCancellation - 0.14091 (ms)
2025-08-05 08:56:58,838 - qiskit.passmanager.base_tasks - INFO - Pass: ContractIdleWiresInControlFlow - 0.00119 (ms)
2025-08-05 08:56:58,838 - qiskit.passmanager.base_tasks - INFO - Pass: GatesInBasis - 0.01907 (ms)
2025-08-05 08:56:58,838 - qiskit.passmanager.base_tasks - INFO - Pass: Depth - 0.02217 (ms)
2025-08-05 08:56:58,838 - qiskit.passmanager.base_tasks - INFO - Pass: Size - 0.00095 (ms)
2025-08-05 08:56:58,842 - qiskit.passmanager.base_tasks - INFO - Pass: MinimumPoint - 3.47805 (ms)
2025-08-05 08:56:58,842 - qiskit.passmanager.base_tasks - INFO - Pass: ConsolidateBlocks - 0.13399 (ms)
2025-08-05 08:56:58,842 - qiskit.passmanager.base_tasks - INFO - Pass: UnitarySynthesis - 0.13614 (ms)
2025-08-05 08:56:58,842 - qiskit.passmanager.base_tasks - INFO - Pass: RemoveIdentityEquivalent - 0.00525 (ms)
2025-08-05 08:56:58,842 - qiskit.passmanager.base_tasks - INFO - Pass: Optimize1qGatesDecomposition - 0.04411 (ms)
2025-08-05 08:56:58,842 - qiskit.passmanager.base_tasks - INFO - Pass: CommutativeCancellation - 0.06390 (ms)
2025-08-05 08:56:58,842 - qiskit.passmanager.base_tasks - INFO - Pass: ContractIdleWiresInControlFlow - 0.00095 (ms)
2025-08-05 08:56:58,842 - qiskit.passmanager.base_tasks - INFO - Pass: GatesInBasis - 0.01907 (ms)
2025-08-05 08:56:58,842 - qiskit.passmanager.base_tasks - INFO - Pass: Depth - 0.01907 (ms)
2025-08-05 08:56:58,842 - qiskit.passmanager.base_tasks - INFO - Pass: Size - 0.00119 (ms)
2025-08-05 08:56:58,842 - qiskit.passmanager.base_tasks - INFO - Pass: MinimumPoint - 0.00215 (ms)
2025-08-05 08:56:58,842 - qiskit.passmanager.base_tasks - INFO - Pass: ContainsInstruction - 0.00191 (ms)
2025-08-05 08:56:58,842 - qiskit.passmanager.base_tasks - INFO - Pass: InstructionDurationCheck - 0.02098 (ms)
2025-08-05 08:56:59,237 - qiskit.passmanager.base_tasks - INFO - Pass: Optimize1qGatesDecomposition - 0.01597 (ms)
2025-08-05 08:56:59,969 - qiskit.passmanager.base_tasks - INFO - Pass: Optimize1qGatesDecomposition - 0.01502 (ms)
2025-08-05 08:57:00,804 - qiskit.passmanager.base_tasks - INFO - Pass: Optimize1qGatesDecomposition - 0.01597 (ms)
2025-08-05 08:57:01,514 - qiskit.passmanager.base_tasks - INFO - Pass: Optimize1qGatesDecomposition - 0.01574 (ms)
2025-08-05 08:57:02,263 - qiskit.passmanager.base_tasks - INFO - Pass: Optimize1qGatesDecomposition - 0.01407 (ms)
2025-08-05 08:57:03,083 - qiskit.passmanager.base_tasks - INFO - Pass: Optimize1qGatesDecomposition - 0.01597 (ms)
2025-08-05 08:57:03,777 - qiskit.passmanager.base_tasks - INFO - Pass: Optimize1qGatesDecomposition - 0.01478 (ms)
2025-08-05 08:57:04,612 - qiskit.passmanager.base_tasks - INFO - Pass: Optimize1qGatesDecomposition - 0.01502 (ms)
2025-08-05 08:57:05,318 - qiskit.passmanager.base_tasks - INFO - Pass: Optimize1qGatesDecomposition - 0.01526 (ms)
2025-08-05 08:57:06,065 - qiskit.passmanager.base_tasks - INFO - Pass: Optimize1qGatesDecomposition - 0.01383 (ms)
2025-08-05 08:57:06,818 - qiskit.passmanager.base_tasks - INFO - Pass: Optimize1qGatesDecomposition - 0.01407 (ms)
2025-08-05 08:57:07,596 - qiskit.passmanager.base_tasks - INFO - Pass: Optimize1qGatesDecomposition - 0.01407 (ms)
2025-08-05 08:57:08,393 - qiskit.passmanager.base_tasks - INFO - Pass: Optimize1qGatesDecomposition - 0.01526 (ms)
2025-08-05 08:57:09,133 - qiskit.passmanager.base_tasks - INFO - Pass: Optimize1qGatesDecomposition - 0.01526 (ms)
2025-08-05 08:57:09,980 - qiskit.passmanager.base_tasks - INFO - Pass: Optimize1qGatesDecomposition - 0.01478 (ms)
2025-08-05 08:57:10,687 - qiskit.passmanager.base_tasks - INFO - Pass: Optimize1qGatesDecomposition - 0.01574 (ms)
2025-08-05 08:57:11,430 - qiskit.passmanager.base_tasks - INFO - Pass: Optimize1qGatesDecomposition - 0.01597 (ms)
2025-08-05 08:57:12,259 - qiskit.passmanager.base_tasks - INFO - Pass: Optimize1qGatesDecomposition - 0.01526 (ms)
2025-08-05 08:57:12,979 - qiskit.passmanager.base_tasks - INFO - Pass: Optimize1qGatesDecomposition - 0.01502 (ms)
2025-08-05 08:57:13,740 - qiskit.passmanager.base_tasks - INFO - Pass: Optimize1qGatesDecomposition - 0.01407 (ms)
2025-08-05 08:57:14,499 - qiskit.passmanager.base_tasks - INFO - Pass: Optimize1qGatesDecomposition - 0.01526 (ms)
2025-08-05 08:57:15,284 - qiskit.passmanager.base_tasks - INFO - Pass: Optimize1qGatesDecomposition - 0.01502 (ms)
2025-08-05 08:57:16,083 - qiskit.passmanager.base_tasks - INFO - Pass: Optimize1qGatesDecomposition - 0.01502 (ms)
2025-08-05 08:57:16,838 - qiskit.passmanager.base_tasks - INFO - Pass: Optimize1qGatesDecomposition - 0.01526 (ms)
2025-08-05 08:57:17,665 - qiskit.passmanager.base_tasks - INFO - Pass: Optimize1qGatesDecomposition - 0.01478 (ms)
2025-08-05 08:57:18,371 - qiskit.passmanager.base_tasks - INFO - Pass: Optimize1qGatesDecomposition - 0.01407 (ms)
2025-08-05 08:57:19,114 - qiskit.passmanager.base_tasks - INFO - Pass: Optimize1qGatesDecomposition - 0.01478 (ms)
2025-08-05 08:57:19,939 - qiskit.passmanager.base_tasks - INFO - Pass: Optimize1qGatesDecomposition - 0.01502 (ms)
2025-08-05 08:57:20,651 - qiskit.passmanager.base_tasks - INFO - Pass: Optimize1qGatesDecomposition - 0.01383 (ms)
2025-08-05 08:57:21,401 - qiskit.passmanager.base_tasks - INFO - Pass: Optimize1qGatesDecomposition - 0.01502 (ms)
2025-08-05 08:57:22,162 - qiskit.passmanager.base_tasks - INFO - Pass: Optimize1qGatesDecomposition - 0.01502 (ms)
2025-08-05 08:57:22,911 - qiskit.passmanager.base_tasks - INFO - Pass: Optimize1qGatesDecomposition - 0.01478 (ms)
2025-08-05 08:57:23,716 - qiskit.passmanager.base_tasks - INFO - Pass: Optimize1qGatesDecomposition - 0.01502 (ms)
2025-08-05 08:57:24,456 - qiskit.passmanager.base_tasks - INFO - Pass: Optimize1qGatesDecomposition - 0.01287 (ms)
2025-08-05 08:57:25,288 - qiskit.passmanager.base_tasks - INFO - Pass: Optimize1qGatesDecomposition - 0.01574 (ms)
2025-08-05 08:57:26,001 - qiskit.passmanager.base_tasks - INFO - Pass: Optimize1qGatesDecomposition - 0.01478 (ms)
2025-08-05 08:57:27,156 - src.ProcessQaoa - INFO - Using p_level:: 1
2025-08-05 08:57:27,934 - src.ProcessQaoa - INFO - Using Simulator
2025-08-05 08:57:29,980 - qiskit.passmanager.base_tasks - INFO - Pass: ContainsInstruction - 0.00381 (ms)
2025-08-05 08:57:29,980 - qiskit.passmanager.base_tasks - INFO - Pass: UnitarySynthesis - 0.00191 (ms)
2025-08-05 08:57:29,982 - qiskit.passmanager.base_tasks - INFO - Pass: HighLevelSynthesis - 1.71995 (ms)
2025-08-05 08:57:29,982 - qiskit.passmanager.base_tasks - INFO - Pass: BasisTranslator - 0.01407 (ms)
2025-08-05 08:57:29,982 - qiskit.passmanager.base_tasks - INFO - Pass: ElidePermutations - 0.00286 (ms)
2025-08-05 08:57:29,982 - qiskit.passmanager.base_tasks - INFO - Pass: RemoveDiagonalGatesBeforeMeasure - 0.00381 (ms)
2025-08-05 08:57:29,982 - qiskit.passmanager.base_tasks - INFO - Pass: RemoveIdentityEquivalent - 0.00215 (ms)
2025-08-05 08:57:29,982 - qiskit.passmanager.base_tasks - INFO - Pass: InverseCancellation - 0.02813 (ms)
2025-08-05 08:57:29,982 - qiskit.passmanager.base_tasks - INFO - Pass: ContractIdleWiresInControlFlow - 0.00215 (ms)
2025-08-05 08:57:29,982 - qiskit.passmanager.base_tasks - INFO - Pass: CommutativeCancellation - 0.01884 (ms)
2025-08-05 08:57:29,982 - qiskit.passmanager.base_tasks - INFO - Pass: ConsolidateBlocks - 0.01597 (ms)
2025-08-05 08:57:29,982 - qiskit.passmanager.base_tasks - INFO - Pass: Split2QUnitaries - 0.00215 (ms)
2025-08-05 08:57:29,982 - qiskit.passmanager.base_tasks - INFO - Pass: SetLayout - 0.00215 (ms)
2025-08-05 08:57:29,983 - qiskit.passmanager.base_tasks - INFO - Pass: VF2Layout - 0.42582 (ms)
2025-08-05 08:57:29,983 - qiskit.passmanager.base_tasks - INFO - Pass: BarrierBeforeFinalMeasurements - 0.00286 (ms)
2025-08-05 08:57:29,987 - qiskit.passmanager.base_tasks - INFO - Pass: SabreLayout - 4.06098 (ms)
2025-08-05 08:57:29,987 - qiskit.passmanager.base_tasks - INFO - Pass: CheckMap - 0.01693 (ms)
2025-08-05 08:57:29,989 - qiskit.passmanager.base_tasks - INFO - Pass: VF2PostLayout - 1.67608 (ms)
2025-08-05 08:57:29,989 - qiskit.passmanager.base_tasks - INFO - Pass: ApplyLayout - 0.36812 (ms)
2025-08-05 08:57:29,989 - qiskit.passmanager.base_tasks - INFO - Pass: FilterOpNodes - 0.01478 (ms)
2025-08-05 08:57:29,989 - qiskit.passmanager.base_tasks - INFO - Pass: UnitarySynthesis - 0.00286 (ms)
2025-08-05 08:57:29,989 - qiskit.passmanager.base_tasks - INFO - Pass: HighLevelSynthesis - 0.00787 (ms)
2025-08-05 08:57:29,990 - qiskit.passmanager.base_tasks - INFO - Pass: BasisTranslator - 0.79274 (ms)
2025-08-05 08:57:29,990 - qiskit.passmanager.base_tasks - INFO - Pass: CheckGateDirection - 0.00381 (ms)
2025-08-05 08:57:29,990 - qiskit.passmanager.base_tasks - INFO - Pass: GateDirection - 0.16904 (ms)
2025-08-05 08:57:29,991 - qiskit.passmanager.base_tasks - INFO - Pass: BasisTranslator - 0.55504 (ms)
2025-08-05 08:57:29,991 - qiskit.passmanager.base_tasks - INFO - Pass: Depth - 0.03314 (ms)
2025-08-05 08:57:29,991 - qiskit.passmanager.base_tasks - INFO - Pass: Size - 0.00119 (ms)
2025-08-05 08:57:29,991 - qiskit.passmanager.base_tasks - INFO - Pass: MinimumPoint - 0.00310 (ms)
2025-08-05 08:57:29,991 - qiskit.passmanager.base_tasks - INFO - Pass: ConsolidateBlocks - 0.20218 (ms)
2025-08-05 08:57:29,991 - qiskit.passmanager.base_tasks - INFO - Pass: UnitarySynthesis - 0.33593 (ms)
2025-08-05 08:57:29,991 - qiskit.passmanager.base_tasks - INFO - Pass: RemoveIdentityEquivalent - 0.00787 (ms)
2025-08-05 08:57:29,992 - qiskit.passmanager.base_tasks - INFO - Pass: Optimize1qGatesDecomposition - 0.14496 (ms)
2025-08-05 08:57:29,992 - qiskit.passmanager.base_tasks - INFO - Pass: CommutativeCancellation - 0.14901 (ms)
2025-08-05 08:57:29,992 - qiskit.passmanager.base_tasks - INFO - Pass: ContractIdleWiresInControlFlow - 0.00072 (ms)
2025-08-05 08:57:29,992 - qiskit.passmanager.base_tasks - INFO - Pass: GatesInBasis - 0.01788 (ms)
2025-08-05 08:57:29,992 - qiskit.passmanager.base_tasks - INFO - Pass: Depth - 0.02193 (ms)
2025-08-05 08:57:29,992 - qiskit.passmanager.base_tasks - INFO - Pass: Size - 0.00072 (ms)
2025-08-05 08:57:29,995 - qiskit.passmanager.base_tasks - INFO - Pass: MinimumPoint - 3.16000 (ms)
2025-08-05 08:57:29,995 - qiskit.passmanager.base_tasks - INFO - Pass: ConsolidateBlocks - 0.13399 (ms)
2025-08-05 08:57:29,995 - qiskit.passmanager.base_tasks - INFO - Pass: UnitarySynthesis - 0.13208 (ms)
2025-08-05 08:57:29,995 - qiskit.passmanager.base_tasks - INFO - Pass: RemoveIdentityEquivalent - 0.00477 (ms)
2025-08-05 08:57:29,995 - qiskit.passmanager.base_tasks - INFO - Pass: Optimize1qGatesDecomposition - 0.04387 (ms)
2025-08-05 08:57:29,995 - qiskit.passmanager.base_tasks - INFO - Pass: CommutativeCancellation - 0.06485 (ms)
2025-08-05 08:57:29,996 - qiskit.passmanager.base_tasks - INFO - Pass: ContractIdleWiresInControlFlow - 0.00000 (ms)
2025-08-05 08:57:29,996 - qiskit.passmanager.base_tasks - INFO - Pass: GatesInBasis - 0.01717 (ms)
2025-08-05 08:57:29,996 - qiskit.passmanager.base_tasks - INFO - Pass: Depth - 0.01907 (ms)
2025-08-05 08:57:29,996 - qiskit.passmanager.base_tasks - INFO - Pass: Size - 0.00119 (ms)
2025-08-05 08:57:29,996 - qiskit.passmanager.base_tasks - INFO - Pass: MinimumPoint - 0.00095 (ms)
2025-08-05 08:57:29,996 - qiskit.passmanager.base_tasks - INFO - Pass: ContainsInstruction - 0.00215 (ms)
2025-08-05 08:57:29,996 - qiskit.passmanager.base_tasks - INFO - Pass: InstructionDurationCheck - 0.02098 (ms)
2025-08-05 08:57:30,379 - qiskit.passmanager.base_tasks - INFO - Pass: Optimize1qGatesDecomposition - 0.01478 (ms)
2025-08-05 08:57:31,161 - qiskit.passmanager.base_tasks - INFO - Pass: Optimize1qGatesDecomposition - 0.01502 (ms)
2025-08-05 08:57:31,928 - qiskit.passmanager.base_tasks - INFO - Pass: Optimize1qGatesDecomposition - 0.01597 (ms)
2025-08-05 08:57:32,721 - qiskit.passmanager.base_tasks - INFO - Pass: Optimize1qGatesDecomposition - 0.01526 (ms)
2025-08-05 08:57:33,489 - qiskit.passmanager.base_tasks - INFO - Pass: Optimize1qGatesDecomposition - 0.01407 (ms)
2025-08-05 08:57:34,276 - qiskit.passmanager.base_tasks - INFO - Pass: Optimize1qGatesDecomposition - 0.01621 (ms)
2025-08-05 08:57:35,042 - qiskit.passmanager.base_tasks - INFO - Pass: Optimize1qGatesDecomposition - 0.01597 (ms)
2025-08-05 08:57:35,822 - qiskit.passmanager.base_tasks - INFO - Pass: Optimize1qGatesDecomposition - 0.01478 (ms)
2025-08-05 08:57:36,586 - qiskit.passmanager.base_tasks - INFO - Pass: Optimize1qGatesDecomposition - 0.01526 (ms)
2025-08-05 08:57:37,385 - qiskit.passmanager.base_tasks - INFO - Pass: Optimize1qGatesDecomposition - 0.01621 (ms)
2025-08-05 08:57:38,193 - qiskit.passmanager.base_tasks - INFO - Pass: Optimize1qGatesDecomposition - 0.01884 (ms)
2025-08-05 08:57:38,973 - qiskit.passmanager.base_tasks - INFO - Pass: Optimize1qGatesDecomposition - 0.01478 (ms)
2025-08-05 08:57:39,739 - qiskit.passmanager.base_tasks - INFO - Pass: Optimize1qGatesDecomposition - 0.01621 (ms)
2025-08-05 08:57:40,528 - qiskit.passmanager.base_tasks - INFO - Pass: Optimize1qGatesDecomposition - 0.01502 (ms)
2025-08-05 08:57:41,289 - qiskit.passmanager.base_tasks - INFO - Pass: Optimize1qGatesDecomposition - 0.01407 (ms)
2025-08-05 08:57:42,068 - qiskit.passmanager.base_tasks - INFO - Pass: Optimize1qGatesDecomposition - 0.01502 (ms)
2025-08-05 08:57:42,846 - qiskit.passmanager.base_tasks - INFO - Pass: Optimize1qGatesDecomposition - 0.01526 (ms)
2025-08-05 08:57:43,625 - qiskit.passmanager.base_tasks - INFO - Pass: Optimize1qGatesDecomposition - 0.01502 (ms)
2025-08-05 08:57:44,392 - qiskit.passmanager.base_tasks - INFO - Pass: Optimize1qGatesDecomposition - 0.01407 (ms)
2025-08-05 08:57:45,169 - qiskit.passmanager.base_tasks - INFO - Pass: Optimize1qGatesDecomposition - 0.01526 (ms)
2025-08-05 08:57:45,948 - qiskit.passmanager.base_tasks - INFO - Pass: Optimize1qGatesDecomposition - 0.01502 (ms)
2025-08-05 08:57:46,733 - qiskit.passmanager.base_tasks - INFO - Pass: Optimize1qGatesDecomposition - 0.01407 (ms)
2025-08-05 08:57:47,504 - qiskit.passmanager.base_tasks - INFO - Pass: Optimize1qGatesDecomposition - 0.01502 (ms)
2025-08-05 08:57:48,296 - qiskit.passmanager.base_tasks - INFO - Pass: Optimize1qGatesDecomposition - 0.01502 (ms)
2025-08-05 08:57:49,074 - qiskit.passmanager.base_tasks - INFO - Pass: Optimize1qGatesDecomposition - 0.01502 (ms)
2025-08-05 08:57:49,853 - qiskit.passmanager.base_tasks - INFO - Pass: Optimize1qGatesDecomposition - 0.01502 (ms)
2025-08-05 08:57:50,643 - qiskit.passmanager.base_tasks - INFO - Pass: Optimize1qGatesDecomposition - 0.01502 (ms)
2025-08-05 08:57:51,448 - qiskit.passmanager.base_tasks - INFO - Pass: Optimize1qGatesDecomposition - 0.01907 (ms)
2025-08-05 08:57:52,265 - qiskit.passmanager.base_tasks - INFO - Pass: Optimize1qGatesDecomposition - 0.01502 (ms)
2025-08-05 08:57:53,052 - qiskit.passmanager.base_tasks - INFO - Pass: Optimize1qGatesDecomposition - 0.01526 (ms)
2025-08-05 08:57:53,817 - qiskit.passmanager.base_tasks - INFO - Pass: Optimize1qGatesDecomposition - 0.01407 (ms)
2025-08-05 08:57:54,613 - qiskit.passmanager.base_tasks - INFO - Pass: Optimize1qGatesDecomposition - 0.01574 (ms)
2025-08-05 08:57:55,391 - qiskit.passmanager.base_tasks - INFO - Pass: Optimize1qGatesDecomposition - 0.01407 (ms)
2025-08-05 08:57:56,180 - qiskit.passmanager.base_tasks - INFO - Pass: Optimize1qGatesDecomposition - 0.01597 (ms)
2025-08-05 08:57:56,965 - qiskit.passmanager.base_tasks - INFO - Pass: Optimize1qGatesDecomposition - 0.01478 (ms)
2025-08-05 08:57:57,827 - qiskit.passmanager.base_tasks - INFO - Pass: Optimize1qGatesDecomposition - 0.01478 (ms)
2025-08-05 08:57:58,635 - qiskit.passmanager.base_tasks - INFO - Pass: Optimize1qGatesDecomposition - 0.01574 (ms)
2025-08-05 08:57:59,429 - qiskit.passmanager.base_tasks - INFO - Pass: Optimize1qGatesDecomposition - 0.01478 (ms)
2025-08-05 08:58:00,284 - qiskit.passmanager.base_tasks - INFO - Pass: Optimize1qGatesDecomposition - 0.01478 (ms)
2025-08-05 08:58:01,127 - qiskit.passmanager.base_tasks - INFO - Pass: Optimize1qGatesDecomposition - 0.01526 (ms)
2025-08-05 08:58:02,216 - qiskit.passmanager.base_tasks - INFO - Pass: Optimize1qGatesDecomposition - 0.01812 (ms)
