2025-08-07 18:13:20,957 - root - INFO - ++++++++++++++++ Starting at 2025-08-07 18:13:20.957311 +++++++++++++++++
2025-08-07 18:13:20,957 - src.ProcessQaoa - INFO - Using p_level:: 1
2025-08-07 18:13:23,431 - src.ProcessQaoa - INFO - Using Real Hardware
2025-08-07 18:13:25,642 - qiskit.passmanager.base_tasks - INFO - Pass: ContainsInstruction - 0.01693 (ms)
2025-08-07 18:13:25,642 - qiskit.passmanager.base_tasks - INFO - Pass: UnitarySynthesis - 0.00310 (ms)
2025-08-07 18:13:25,685 - qiskit.passmanager.base_tasks - INFO - Pass: HighLevelSynthesis - 43.42675 (ms)
2025-08-07 18:13:25,685 - qiskit.passmanager.base_tasks - INFO - Pass: BasisTranslator - 0.02718 (ms)
2025-08-07 18:13:25,685 - qiskit.passmanager.base_tasks - INFO - Pass: ElidePermutations - 0.00405 (ms)
2025-08-07 18:13:25,686 - qiskit.passmanager.base_tasks - INFO - Pass: RemoveDiagonalGatesBeforeMeasure - 0.22888 (ms)
2025-08-07 18:13:25,686 - qiskit.passmanager.base_tasks - INFO - Pass: RemoveIdentityEquivalent - 0.00405 (ms)
2025-08-07 18:13:25,686 - qiskit.passmanager.base_tasks - INFO - Pass: InverseCancellation - 0.26679 (ms)
2025-08-07 18:13:25,686 - qiskit.passmanager.base_tasks - INFO - Pass: ContractIdleWiresInControlFlow - 0.00215 (ms)
2025-08-07 18:13:25,686 - qiskit.passmanager.base_tasks - INFO - Pass: CommutativeCancellation - 0.10300 (ms)
2025-08-07 18:13:25,686 - qiskit.passmanager.base_tasks - INFO - Pass: ConsolidateBlocks - 0.05722 (ms)
2025-08-07 18:13:25,686 - qiskit.passmanager.base_tasks - INFO - Pass: Split2QUnitaries - 0.14591 (ms)
2025-08-07 18:13:25,686 - qiskit.passmanager.base_tasks - INFO - Pass: SetLayout - 0.00095 (ms)
2025-08-07 18:13:25,690 - qiskit.passmanager.base_tasks - INFO - Pass: VF2Layout - 3.20315 (ms)
2025-08-07 18:13:25,690 - qiskit.passmanager.base_tasks - INFO - Pass: BarrierBeforeFinalMeasurements - 0.00381 (ms)
2025-08-07 18:13:25,751 - qiskit.passmanager.base_tasks - INFO - Pass: SabreLayout - 60.79292 (ms)
2025-08-07 18:13:25,751 - qiskit.passmanager.base_tasks - INFO - Pass: CheckMap - 0.02789 (ms)
2025-08-07 18:13:25,754 - qiskit.passmanager.base_tasks - INFO - Pass: VF2PostLayout - 3.11279 (ms)
2025-08-07 18:13:25,755 - qiskit.passmanager.base_tasks - INFO - Pass: ApplyLayout - 1.11985 (ms)
2025-08-07 18:13:25,755 - qiskit.passmanager.base_tasks - INFO - Pass: FilterOpNodes - 0.33188 (ms)
2025-08-07 18:13:25,755 - qiskit.passmanager.base_tasks - INFO - Pass: UnitarySynthesis - 0.00381 (ms)
2025-08-07 18:13:25,755 - qiskit.passmanager.base_tasks - INFO - Pass: HighLevelSynthesis - 0.05078 (ms)
2025-08-07 18:13:25,758 - qiskit.passmanager.base_tasks - INFO - Pass: BasisTranslator - 3.04413 (ms)
2025-08-07 18:13:25,758 - qiskit.passmanager.base_tasks - INFO - Pass: CheckGateDirection - 0.00286 (ms)
2025-08-07 18:13:25,764 - qiskit.passmanager.base_tasks - INFO - Pass: GateDirection - 5.34415 (ms)
2025-08-07 18:13:25,790 - qiskit.passmanager.base_tasks - INFO - Pass: BasisTranslator - 25.96498 (ms)
2025-08-07 18:13:25,790 - qiskit.passmanager.base_tasks - INFO - Pass: Depth - 0.45991 (ms)
2025-08-07 18:13:25,790 - qiskit.passmanager.base_tasks - INFO - Pass: Size - 0.00095 (ms)
2025-08-07 18:13:25,790 - qiskit.passmanager.base_tasks - INFO - Pass: MinimumPoint - 0.00525 (ms)
2025-08-07 18:13:25,795 - qiskit.passmanager.base_tasks - INFO - Pass: ConsolidateBlocks - 4.25482 (ms)
2025-08-07 18:13:25,803 - qiskit.passmanager.base_tasks - INFO - Pass: UnitarySynthesis - 8.62122 (ms)
2025-08-07 18:13:25,803 - qiskit.passmanager.base_tasks - INFO - Pass: RemoveIdentityEquivalent - 0.13375 (ms)
2025-08-07 18:13:25,812 - qiskit.passmanager.base_tasks - INFO - Pass: Optimize1qGatesDecomposition - 8.93378 (ms)
2025-08-07 18:13:25,817 - qiskit.passmanager.base_tasks - INFO - Pass: CommutativeCancellation - 4.80604 (ms)
2025-08-07 18:13:25,817 - qiskit.passmanager.base_tasks - INFO - Pass: ContractIdleWiresInControlFlow - 0.00095 (ms)
2025-08-07 18:13:25,818 - qiskit.passmanager.base_tasks - INFO - Pass: GatesInBasis - 0.31304 (ms)
2025-08-07 18:13:25,818 - qiskit.passmanager.base_tasks - INFO - Pass: Depth - 0.28896 (ms)
2025-08-07 18:13:25,818 - qiskit.passmanager.base_tasks - INFO - Pass: Size - 0.00095 (ms)
2025-08-07 18:13:25,866 - qiskit.passmanager.base_tasks - INFO - Pass: MinimumPoint - 48.39110 (ms)
2025-08-07 18:13:25,869 - qiskit.passmanager.base_tasks - INFO - Pass: ConsolidateBlocks - 2.61569 (ms)
2025-08-07 18:13:25,871 - qiskit.passmanager.base_tasks - INFO - Pass: UnitarySynthesis - 2.33698 (ms)
2025-08-07 18:13:25,872 - qiskit.passmanager.base_tasks - INFO - Pass: RemoveIdentityEquivalent - 0.10490 (ms)
2025-08-07 18:13:25,872 - qiskit.passmanager.base_tasks - INFO - Pass: Optimize1qGatesDecomposition - 0.81611 (ms)
2025-08-07 18:13:25,874 - qiskit.passmanager.base_tasks - INFO - Pass: CommutativeCancellation - 1.23024 (ms)
2025-08-07 18:13:25,874 - qiskit.passmanager.base_tasks - INFO - Pass: ContractIdleWiresInControlFlow - 0.00119 (ms)
2025-08-07 18:13:25,874 - qiskit.passmanager.base_tasks - INFO - Pass: GatesInBasis - 0.30899 (ms)
2025-08-07 18:13:25,874 - qiskit.passmanager.base_tasks - INFO - Pass: Depth - 0.30589 (ms)
2025-08-07 18:13:25,874 - qiskit.passmanager.base_tasks - INFO - Pass: Size - 0.00215 (ms)
2025-08-07 18:13:25,961 - qiskit.passmanager.base_tasks - INFO - Pass: MinimumPoint - 86.12609 (ms)
2025-08-07 18:13:25,963 - qiskit.passmanager.base_tasks - INFO - Pass: ConsolidateBlocks - 2.55990 (ms)
2025-08-07 18:13:25,965 - qiskit.passmanager.base_tasks - INFO - Pass: UnitarySynthesis - 1.77622 (ms)
2025-08-07 18:13:25,965 - qiskit.passmanager.base_tasks - INFO - Pass: RemoveIdentityEquivalent - 0.11015 (ms)
2025-08-07 18:13:25,966 - qiskit.passmanager.base_tasks - INFO - Pass: Optimize1qGatesDecomposition - 0.83923 (ms)
2025-08-07 18:13:25,967 - qiskit.passmanager.base_tasks - INFO - Pass: CommutativeCancellation - 0.96798 (ms)
2025-08-07 18:13:25,967 - qiskit.passmanager.base_tasks - INFO - Pass: ContractIdleWiresInControlFlow - 0.00191 (ms)
2025-08-07 18:13:25,967 - qiskit.passmanager.base_tasks - INFO - Pass: GatesInBasis - 0.32997 (ms)
2025-08-07 18:13:25,968 - qiskit.passmanager.base_tasks - INFO - Pass: Depth - 0.28372 (ms)
2025-08-07 18:13:25,968 - qiskit.passmanager.base_tasks - INFO - Pass: Size - 0.00072 (ms)
2025-08-07 18:13:26,015 - qiskit.passmanager.base_tasks - INFO - Pass: MinimumPoint - 47.20688 (ms)
2025-08-07 18:13:26,017 - qiskit.passmanager.base_tasks - INFO - Pass: ConsolidateBlocks - 2.43306 (ms)
2025-08-07 18:13:26,019 - qiskit.passmanager.base_tasks - INFO - Pass: UnitarySynthesis - 1.62983 (ms)
2025-08-07 18:13:26,019 - qiskit.passmanager.base_tasks - INFO - Pass: RemoveIdentityEquivalent - 0.10800 (ms)
2025-08-07 18:13:26,020 - qiskit.passmanager.base_tasks - INFO - Pass: Optimize1qGatesDecomposition - 0.81587 (ms)
2025-08-07 18:13:26,021 - qiskit.passmanager.base_tasks - INFO - Pass: CommutativeCancellation - 0.86093 (ms)
2025-08-07 18:13:26,021 - qiskit.passmanager.base_tasks - INFO - Pass: ContractIdleWiresInControlFlow - 0.00119 (ms)
2025-08-07 18:13:26,021 - qiskit.passmanager.base_tasks - INFO - Pass: GatesInBasis - 0.32902 (ms)
2025-08-07 18:13:26,022 - qiskit.passmanager.base_tasks - INFO - Pass: Depth - 0.28491 (ms)
2025-08-07 18:13:26,022 - qiskit.passmanager.base_tasks - INFO - Pass: Size - 0.00095 (ms)
2025-08-07 18:13:26,022 - qiskit.passmanager.base_tasks - INFO - Pass: MinimumPoint - 0.00286 (ms)
2025-08-07 18:13:26,024 - qiskit.passmanager.base_tasks - INFO - Pass: ConsolidateBlocks - 2.40111 (ms)
2025-08-07 18:13:26,026 - qiskit.passmanager.base_tasks - INFO - Pass: UnitarySynthesis - 1.55497 (ms)
2025-08-07 18:13:26,026 - qiskit.passmanager.base_tasks - INFO - Pass: RemoveIdentityEquivalent - 0.10705 (ms)
2025-08-07 18:13:26,027 - qiskit.passmanager.base_tasks - INFO - Pass: Optimize1qGatesDecomposition - 0.78583 (ms)
2025-08-07 18:13:26,028 - qiskit.passmanager.base_tasks - INFO - Pass: CommutativeCancellation - 0.83399 (ms)
2025-08-07 18:13:26,028 - qiskit.passmanager.base_tasks - INFO - Pass: ContractIdleWiresInControlFlow - 0.00000 (ms)
2025-08-07 18:13:26,028 - qiskit.passmanager.base_tasks - INFO - Pass: GatesInBasis - 0.33879 (ms)
2025-08-07 18:13:26,028 - qiskit.passmanager.base_tasks - INFO - Pass: Depth - 0.27919 (ms)
2025-08-07 18:13:26,028 - qiskit.passmanager.base_tasks - INFO - Pass: Size - 0.00095 (ms)
2025-08-07 18:13:26,028 - qiskit.passmanager.base_tasks - INFO - Pass: MinimumPoint - 0.00191 (ms)
2025-08-07 18:13:26,031 - qiskit.passmanager.base_tasks - INFO - Pass: ConsolidateBlocks - 2.39897 (ms)
2025-08-07 18:13:26,032 - qiskit.passmanager.base_tasks - INFO - Pass: UnitarySynthesis - 1.54781 (ms)
2025-08-07 18:13:26,032 - qiskit.passmanager.base_tasks - INFO - Pass: RemoveIdentityEquivalent - 0.10705 (ms)
2025-08-07 18:13:26,033 - qiskit.passmanager.base_tasks - INFO - Pass: Optimize1qGatesDecomposition - 0.78607 (ms)
2025-08-07 18:13:26,034 - qiskit.passmanager.base_tasks - INFO - Pass: CommutativeCancellation - 0.79918 (ms)
2025-08-07 18:13:26,034 - qiskit.passmanager.base_tasks - INFO - Pass: ContractIdleWiresInControlFlow - 0.00095 (ms)
2025-08-07 18:13:26,034 - qiskit.passmanager.base_tasks - INFO - Pass: GatesInBasis - 0.32783 (ms)
2025-08-07 18:13:26,035 - qiskit.passmanager.base_tasks - INFO - Pass: Depth - 0.27084 (ms)
2025-08-07 18:13:26,035 - qiskit.passmanager.base_tasks - INFO - Pass: Size - 0.00119 (ms)
2025-08-07 18:13:26,035 - qiskit.passmanager.base_tasks - INFO - Pass: MinimumPoint - 0.00095 (ms)
2025-08-07 18:13:26,037 - qiskit.passmanager.base_tasks - INFO - Pass: ConsolidateBlocks - 2.38895 (ms)
2025-08-07 18:13:26,039 - qiskit.passmanager.base_tasks - INFO - Pass: UnitarySynthesis - 1.55115 (ms)
2025-08-07 18:13:26,039 - qiskit.passmanager.base_tasks - INFO - Pass: RemoveIdentityEquivalent - 0.10705 (ms)
2025-08-07 18:13:26,040 - qiskit.passmanager.base_tasks - INFO - Pass: Optimize1qGatesDecomposition - 0.78106 (ms)
2025-08-07 18:13:26,040 - qiskit.passmanager.base_tasks - INFO - Pass: CommutativeCancellation - 0.80276 (ms)
2025-08-07 18:13:26,040 - qiskit.passmanager.base_tasks - INFO - Pass: ContractIdleWiresInControlFlow - 0.00191 (ms)
2025-08-07 18:13:26,041 - qiskit.passmanager.base_tasks - INFO - Pass: GatesInBasis - 0.32902 (ms)
2025-08-07 18:13:26,041 - qiskit.passmanager.base_tasks - INFO - Pass: Depth - 0.27394 (ms)
2025-08-07 18:13:26,041 - qiskit.passmanager.base_tasks - INFO - Pass: Size - 0.00119 (ms)
2025-08-07 18:13:26,041 - qiskit.passmanager.base_tasks - INFO - Pass: MinimumPoint - 0.00310 (ms)
2025-08-07 18:13:26,041 - qiskit.passmanager.base_tasks - INFO - Pass: ContainsInstruction - 0.00381 (ms)
2025-08-07 18:13:26,042 - qiskit.passmanager.base_tasks - INFO - Pass: InstructionDurationCheck - 0.37980 (ms)
