2025-08-04 21:09:20,408 - root - INFO - ++++++++++++++++ Starting at 2025-08-04 21:09:20.408407 +++++++++++++++++
2025-08-04 21:09:20,408 - src.ProcessQaoa - INFO - Using p_level:: 1
2025-08-04 21:09:21,664 - src.ProcessQaoa - INFO - Using Simulator
2025-08-04 21:09:22,712 - qiskit.passmanager.base_tasks - INFO - Pass: ContainsInstruction - 0.01407 (ms)
2025-08-04 21:09:22,712 - qiskit.passmanager.base_tasks - INFO - Pass: UnitarySynthesis - 0.00215 (ms)
2025-08-04 21:09:22,736 - qiskit.passmanager.base_tasks - INFO - Pass: HighLevelSynthesis - 23.29993 (ms)
2025-08-04 21:09:22,736 - qiskit.passmanager.base_tasks - INFO - Pass: BasisTranslator - 0.05102 (ms)
2025-08-04 21:09:22,736 - qiskit.passmanager.base_tasks - INFO - Pass: ElidePermutations - 0.00310 (ms)
2025-08-04 21:09:22,736 - qiskit.passmanager.base_tasks - INFO - Pass: RemoveDiagonalGatesBeforeMeasure - 0.21124 (ms)
2025-08-04 21:09:22,736 - qiskit.passmanager.base_tasks - INFO - Pass: RemoveIdentityEquivalent - 0.00405 (ms)
2025-08-04 21:09:22,736 - qiskit.passmanager.base_tasks - INFO - Pass: InverseCancellation - 0.26798 (ms)
2025-08-04 21:09:22,737 - qiskit.passmanager.base_tasks - INFO - Pass: ContractIdleWiresInControlFlow - 0.00215 (ms)
2025-08-04 21:09:22,737 - qiskit.passmanager.base_tasks - INFO - Pass: CommutativeCancellation - 0.16713 (ms)
2025-08-04 21:09:22,737 - qiskit.passmanager.base_tasks - INFO - Pass: ConsolidateBlocks - 0.07820 (ms)
2025-08-04 21:09:22,737 - qiskit.passmanager.base_tasks - INFO - Pass: Split2QUnitaries - 0.20194 (ms)
2025-08-04 21:09:22,737 - qiskit.passmanager.base_tasks - INFO - Pass: UnitarySynthesis - 0.00191 (ms)
2025-08-04 21:09:22,737 - qiskit.passmanager.base_tasks - INFO - Pass: HighLevelSynthesis - 0.06604 (ms)
2025-08-04 21:09:22,737 - qiskit.passmanager.base_tasks - INFO - Pass: BasisTranslator - 0.14114 (ms)
2025-08-04 21:09:22,738 - qiskit.passmanager.base_tasks - INFO - Pass: Depth - 0.27394 (ms)
2025-08-04 21:09:22,738 - qiskit.passmanager.base_tasks - INFO - Pass: Size - 0.00095 (ms)
2025-08-04 21:09:22,738 - qiskit.passmanager.base_tasks - INFO - Pass: MinimumPoint - 0.00405 (ms)
2025-08-04 21:09:22,738 - qiskit.passmanager.base_tasks - INFO - Pass: ConsolidateBlocks - 0.07915 (ms)
2025-08-04 21:09:22,738 - qiskit.passmanager.base_tasks - INFO - Pass: UnitarySynthesis - 0.00191 (ms)
2025-08-04 21:09:22,738 - qiskit.passmanager.base_tasks - INFO - Pass: RemoveIdentityEquivalent - 0.00310 (ms)
2025-08-04 21:09:22,738 - qiskit.passmanager.base_tasks - INFO - Pass: Optimize1qGatesDecomposition - 0.14615 (ms)
2025-08-04 21:09:22,738 - qiskit.passmanager.base_tasks - INFO - Pass: CommutativeCancellation - 0.14210 (ms)
2025-08-04 21:09:22,738 - qiskit.passmanager.base_tasks - INFO - Pass: ContractIdleWiresInControlFlow - 0.00072 (ms)
2025-08-04 21:09:22,738 - qiskit.passmanager.base_tasks - INFO - Pass: GatesInBasis - 0.05913 (ms)
2025-08-04 21:09:22,738 - qiskit.passmanager.base_tasks - INFO - Pass: Depth - 0.04792 (ms)
2025-08-04 21:09:22,738 - qiskit.passmanager.base_tasks - INFO - Pass: Size - 0.00000 (ms)
2025-08-04 21:09:22,749 - qiskit.passmanager.base_tasks - INFO - Pass: MinimumPoint - 11.02400 (ms)
2025-08-04 21:09:22,749 - qiskit.passmanager.base_tasks - INFO - Pass: ConsolidateBlocks - 0.08488 (ms)
2025-08-04 21:09:22,749 - qiskit.passmanager.base_tasks - INFO - Pass: UnitarySynthesis - 0.00167 (ms)
2025-08-04 21:09:22,749 - qiskit.passmanager.base_tasks - INFO - Pass: RemoveIdentityEquivalent - 0.00310 (ms)
2025-08-04 21:09:22,750 - qiskit.passmanager.base_tasks - INFO - Pass: Optimize1qGatesDecomposition - 0.10896 (ms)
2025-08-04 21:09:22,750 - qiskit.passmanager.base_tasks - INFO - Pass: CommutativeCancellation - 0.14806 (ms)
2025-08-04 21:09:22,750 - qiskit.passmanager.base_tasks - INFO - Pass: ContractIdleWiresInControlFlow - 0.00095 (ms)
2025-08-04 21:09:22,750 - qiskit.passmanager.base_tasks - INFO - Pass: GatesInBasis - 0.06080 (ms)
2025-08-04 21:09:22,750 - qiskit.passmanager.base_tasks - INFO - Pass: Depth - 0.04983 (ms)
2025-08-04 21:09:22,750 - qiskit.passmanager.base_tasks - INFO - Pass: Size - 0.00095 (ms)
2025-08-04 21:09:22,750 - qiskit.passmanager.base_tasks - INFO - Pass: MinimumPoint - 0.00167 (ms)
2025-08-04 21:09:22,750 - qiskit.passmanager.base_tasks - INFO - Pass: ContainsInstruction - 0.00215 (ms)
