2025-08-06 20:18:05,329 - root - INFO - ++++++++++++++++ Starting at 2025-08-06 20:18:05.329632 +++++++++++++++++
2025-08-06 20:18:05,329 - src.ProcessQaoa - INFO - Using p_level:: 1
2025-08-06 20:18:09,354 - src.ProcessQaoa - INFO - Using Real Hardware
2025-08-06 20:18:12,256 - qiskit.passmanager.base_tasks - INFO - Pass: ContainsInstruction - 0.01431 (ms)
2025-08-06 20:18:12,256 - qiskit.passmanager.base_tasks - INFO - Pass: UnitarySynthesis - 0.00191 (ms)
2025-08-06 20:18:12,409 - qiskit.passmanager.base_tasks - INFO - Pass: HighLevelSynthesis - 153.45192 (ms)
2025-08-06 20:18:12,410 - qiskit.passmanager.base_tasks - INFO - Pass: BasisTranslator - 0.12279 (ms)
2025-08-06 20:18:12,410 - qiskit.passmanager.base_tasks - INFO - Pass: ElidePermutations - 0.00405 (ms)
2025-08-06 20:18:12,410 - qiskit.passmanager.base_tasks - INFO - Pass: RemoveDiagonalGatesBeforeMeasure - 0.01979 (ms)
2025-08-06 20:18:12,410 - qiskit.passmanager.base_tasks - INFO - Pass: RemoveIdentityEquivalent - 0.01097 (ms)
2025-08-06 20:18:12,410 - qiskit.passmanager.base_tasks - INFO - Pass: InverseCancellation - 0.21291 (ms)
2025-08-06 20:18:12,410 - qiskit.passmanager.base_tasks - INFO - Pass: ContractIdleWiresInControlFlow - 0.00095 (ms)
2025-08-06 20:18:12,411 - qiskit.passmanager.base_tasks - INFO - Pass: CommutativeCancellation - 0.55194 (ms)
2025-08-06 20:18:12,411 - qiskit.passmanager.base_tasks - INFO - Pass: ConsolidateBlocks - 0.27990 (ms)
2025-08-06 20:18:12,411 - qiskit.passmanager.base_tasks - INFO - Pass: Split2QUnitaries - 0.00906 (ms)
2025-08-06 20:18:12,411 - qiskit.passmanager.base_tasks - INFO - Pass: SetLayout - 0.00119 (ms)
2025-08-06 20:18:12,415 - qiskit.passmanager.base_tasks - INFO - Pass: VF2Layout - 4.18615 (ms)
2025-08-06 20:18:12,415 - qiskit.passmanager.base_tasks - INFO - Pass: BarrierBeforeFinalMeasurements - 0.00525 (ms)
2025-08-06 20:18:13,085 - qiskit.passmanager.base_tasks - INFO - Pass: SabreLayout - 670.04108 (ms)
2025-08-06 20:18:13,085 - qiskit.passmanager.base_tasks - INFO - Pass: CheckMap - 0.05889 (ms)
2025-08-06 20:18:13,108 - qiskit.passmanager.base_tasks - INFO - Pass: VF2PostLayout - 22.50409 (ms)
2025-08-06 20:18:13,109 - qiskit.passmanager.base_tasks - INFO - Pass: FilterOpNodes - 1.28794 (ms)
2025-08-06 20:18:13,109 - qiskit.passmanager.base_tasks - INFO - Pass: UnitarySynthesis - 0.00477 (ms)
2025-08-06 20:18:13,110 - qiskit.passmanager.base_tasks - INFO - Pass: HighLevelSynthesis - 0.43893 (ms)
2025-08-06 20:18:13,190 - qiskit.passmanager.base_tasks - INFO - Pass: BasisTranslator - 80.38306 (ms)
2025-08-06 20:18:13,190 - qiskit.passmanager.base_tasks - INFO - Pass: CheckGateDirection - 0.00596 (ms)
2025-08-06 20:18:13,421 - qiskit.passmanager.base_tasks - INFO - Pass: GateDirection - 230.18384 (ms)
2025-08-06 20:18:16,777 - qiskit.passmanager.base_tasks - INFO - Pass: BasisTranslator - 3356.60696 (ms)
2025-08-06 20:18:16,788 - qiskit.passmanager.base_tasks - INFO - Pass: Depth - 8.30388 (ms)
2025-08-06 20:18:16,788 - qiskit.passmanager.base_tasks - INFO - Pass: Size - 0.00596 (ms)
2025-08-06 20:18:16,788 - qiskit.passmanager.base_tasks - INFO - Pass: MinimumPoint - 0.00811 (ms)
2025-08-06 20:18:16,832 - qiskit.passmanager.base_tasks - INFO - Pass: ConsolidateBlocks - 44.38400 (ms)
2025-08-06 20:18:17,347 - qiskit.passmanager.base_tasks - INFO - Pass: UnitarySynthesis - 514.91594 (ms)
2025-08-06 20:18:17,349 - qiskit.passmanager.base_tasks - INFO - Pass: RemoveIdentityEquivalent - 2.03109 (ms)
2025-08-06 20:18:18,605 - qiskit.passmanager.base_tasks - INFO - Pass: Optimize1qGatesDecomposition - 1255.87416 (ms)
2025-08-06 20:18:19,052 - qiskit.passmanager.base_tasks - INFO - Pass: CommutativeCancellation - 446.62976 (ms)
2025-08-06 20:18:19,052 - qiskit.passmanager.base_tasks - INFO - Pass: ContractIdleWiresInControlFlow - 0.00310 (ms)
2025-08-06 20:18:19,056 - qiskit.passmanager.base_tasks - INFO - Pass: GatesInBasis - 4.12202 (ms)
2025-08-06 20:18:19,061 - qiskit.passmanager.base_tasks - INFO - Pass: Depth - 4.85301 (ms)
2025-08-06 20:18:19,061 - qiskit.passmanager.base_tasks - INFO - Pass: Size - 0.00215 (ms)
2025-08-06 20:18:19,803 - qiskit.passmanager.base_tasks - INFO - Pass: MinimumPoint - 742.20014 (ms)
2025-08-06 20:18:19,835 - qiskit.passmanager.base_tasks - INFO - Pass: ConsolidateBlocks - 31.33535 (ms)
2025-08-06 20:18:19,906 - qiskit.passmanager.base_tasks - INFO - Pass: UnitarySynthesis - 70.76907 (ms)
2025-08-06 20:18:19,908 - qiskit.passmanager.base_tasks - INFO - Pass: RemoveIdentityEquivalent - 1.32132 (ms)
2025-08-06 20:18:19,922 - qiskit.passmanager.base_tasks - INFO - Pass: Optimize1qGatesDecomposition - 13.50307 (ms)
2025-08-06 20:18:19,960 - qiskit.passmanager.base_tasks - INFO - Pass: CommutativeCancellation - 38.21111 (ms)
2025-08-06 20:18:19,960 - qiskit.passmanager.base_tasks - INFO - Pass: ContractIdleWiresInControlFlow - 0.00310 (ms)
2025-08-06 20:18:19,964 - qiskit.passmanager.base_tasks - INFO - Pass: GatesInBasis - 4.02403 (ms)
2025-08-06 20:18:19,968 - qiskit.passmanager.base_tasks - INFO - Pass: Depth - 4.20523 (ms)
2025-08-06 20:18:19,969 - qiskit.passmanager.base_tasks - INFO - Pass: Size - 0.00215 (ms)
2025-08-06 20:18:20,627 - qiskit.passmanager.base_tasks - INFO - Pass: MinimumPoint - 658.81324 (ms)
2025-08-06 20:18:20,658 - qiskit.passmanager.base_tasks - INFO - Pass: ConsolidateBlocks - 30.11107 (ms)
2025-08-06 20:18:20,719 - qiskit.passmanager.base_tasks - INFO - Pass: UnitarySynthesis - 61.20515 (ms)
2025-08-06 20:18:20,722 - qiskit.passmanager.base_tasks - INFO - Pass: RemoveIdentityEquivalent - 1.47820 (ms)
2025-08-06 20:18:20,734 - qiskit.passmanager.base_tasks - INFO - Pass: Optimize1qGatesDecomposition - 12.73918 (ms)
2025-08-06 20:18:20,757 - qiskit.passmanager.base_tasks - INFO - Pass: CommutativeCancellation - 22.19486 (ms)
2025-08-06 20:18:20,757 - qiskit.passmanager.base_tasks - INFO - Pass: ContractIdleWiresInControlFlow - 0.00215 (ms)
2025-08-06 20:18:20,761 - qiskit.passmanager.base_tasks - INFO - Pass: GatesInBasis - 4.08196 (ms)
2025-08-06 20:18:20,765 - qiskit.passmanager.base_tasks - INFO - Pass: Depth - 4.39286 (ms)
2025-08-06 20:18:20,765 - qiskit.passmanager.base_tasks - INFO - Pass: Size - 0.00191 (ms)
2025-08-06 20:18:21,489 - qiskit.passmanager.base_tasks - INFO - Pass: MinimumPoint - 723.85788 (ms)
2025-08-06 20:18:21,519 - qiskit.passmanager.base_tasks - INFO - Pass: ConsolidateBlocks - 29.60587 (ms)
2025-08-06 20:18:21,572 - qiskit.passmanager.base_tasks - INFO - Pass: UnitarySynthesis - 52.71769 (ms)
2025-08-06 20:18:21,574 - qiskit.passmanager.base_tasks - INFO - Pass: RemoveIdentityEquivalent - 1.45388 (ms)
2025-08-06 20:18:21,584 - qiskit.passmanager.base_tasks - INFO - Pass: Optimize1qGatesDecomposition - 10.40196 (ms)
2025-08-06 20:18:21,596 - qiskit.passmanager.base_tasks - INFO - Pass: CommutativeCancellation - 11.50107 (ms)
2025-08-06 20:18:21,596 - qiskit.passmanager.base_tasks - INFO - Pass: ContractIdleWiresInControlFlow - 0.00811 (ms)
2025-08-06 20:18:21,600 - qiskit.passmanager.base_tasks - INFO - Pass: GatesInBasis - 4.00186 (ms)
2025-08-06 20:18:21,604 - qiskit.passmanager.base_tasks - INFO - Pass: Depth - 3.76987 (ms)
2025-08-06 20:18:21,604 - qiskit.passmanager.base_tasks - INFO - Pass: Size - 0.00191 (ms)
2025-08-06 20:18:21,604 - qiskit.passmanager.base_tasks - INFO - Pass: MinimumPoint - 0.00525 (ms)
2025-08-06 20:18:21,633 - qiskit.passmanager.base_tasks - INFO - Pass: ConsolidateBlocks - 28.77212 (ms)
2025-08-06 20:18:21,688 - qiskit.passmanager.base_tasks - INFO - Pass: UnitarySynthesis - 54.98219 (ms)
2025-08-06 20:18:21,690 - qiskit.passmanager.base_tasks - INFO - Pass: RemoveIdentityEquivalent - 1.53804 (ms)
2025-08-06 20:18:21,701 - qiskit.passmanager.base_tasks - INFO - Pass: Optimize1qGatesDecomposition - 10.55479 (ms)
2025-08-06 20:18:21,716 - qiskit.passmanager.base_tasks - INFO - Pass: CommutativeCancellation - 14.64009 (ms)
2025-08-06 20:18:21,716 - qiskit.passmanager.base_tasks - INFO - Pass: ContractIdleWiresInControlFlow - 0.00286 (ms)
2025-08-06 20:18:21,720 - qiskit.passmanager.base_tasks - INFO - Pass: GatesInBasis - 4.07600 (ms)
2025-08-06 20:18:21,725 - qiskit.passmanager.base_tasks - INFO - Pass: Depth - 4.66108 (ms)
2025-08-06 20:18:21,725 - qiskit.passmanager.base_tasks - INFO - Pass: Size - 0.00405 (ms)
2025-08-06 20:18:21,725 - qiskit.passmanager.base_tasks - INFO - Pass: MinimumPoint - 0.00501 (ms)
2025-08-06 20:18:21,756 - qiskit.passmanager.base_tasks - INFO - Pass: ConsolidateBlocks - 31.42571 (ms)
2025-08-06 20:18:21,814 - qiskit.passmanager.base_tasks - INFO - Pass: UnitarySynthesis - 57.36184 (ms)
2025-08-06 20:18:21,816 - qiskit.passmanager.base_tasks - INFO - Pass: RemoveIdentityEquivalent - 1.66821 (ms)
2025-08-06 20:18:21,827 - qiskit.passmanager.base_tasks - INFO - Pass: Optimize1qGatesDecomposition - 10.39004 (ms)
2025-08-06 20:18:21,839 - qiskit.passmanager.base_tasks - INFO - Pass: CommutativeCancellation - 11.95312 (ms)
2025-08-06 20:18:21,839 - qiskit.passmanager.base_tasks - INFO - Pass: ContractIdleWiresInControlFlow - 0.00286 (ms)
2025-08-06 20:18:21,843 - qiskit.passmanager.base_tasks - INFO - Pass: GatesInBasis - 4.00782 (ms)
2025-08-06 20:18:21,847 - qiskit.passmanager.base_tasks - INFO - Pass: Depth - 3.97801 (ms)
2025-08-06 20:18:21,847 - qiskit.passmanager.base_tasks - INFO - Pass: Size - 0.00215 (ms)
2025-08-06 20:18:21,847 - qiskit.passmanager.base_tasks - INFO - Pass: MinimumPoint - 0.00501 (ms)
2025-08-06 20:18:21,876 - qiskit.passmanager.base_tasks - INFO - Pass: ConsolidateBlocks - 29.31309 (ms)
2025-08-06 20:18:21,931 - qiskit.passmanager.base_tasks - INFO - Pass: UnitarySynthesis - 55.09400 (ms)
2025-08-06 20:18:21,934 - qiskit.passmanager.base_tasks - INFO - Pass: RemoveIdentityEquivalent - 1.64914 (ms)
2025-08-06 20:18:21,945 - qiskit.passmanager.base_tasks - INFO - Pass: Optimize1qGatesDecomposition - 10.63514 (ms)
2025-08-06 20:18:21,960 - qiskit.passmanager.base_tasks - INFO - Pass: CommutativeCancellation - 14.46295 (ms)
2025-08-06 20:18:21,960 - qiskit.passmanager.base_tasks - INFO - Pass: ContractIdleWiresInControlFlow - 0.00381 (ms)
2025-08-06 20:18:21,964 - qiskit.passmanager.base_tasks - INFO - Pass: GatesInBasis - 4.15397 (ms)
2025-08-06 20:18:21,968 - qiskit.passmanager.base_tasks - INFO - Pass: Depth - 4.40288 (ms)
2025-08-06 20:18:21,968 - qiskit.passmanager.base_tasks - INFO - Pass: Size - 0.00381 (ms)
2025-08-06 20:18:21,968 - qiskit.passmanager.base_tasks - INFO - Pass: MinimumPoint - 0.00596 (ms)
2025-08-06 20:18:21,972 - qiskit.passmanager.base_tasks - INFO - Pass: ContainsInstruction - 0.01478 (ms)
2025-08-06 20:18:21,976 - qiskit.passmanager.base_tasks - INFO - Pass: InstructionDurationCheck - 4.62484 (ms)
