2025-08-05 09:23:09,166 - root - INFO - ++++++++++++++++ Starting at 2025-08-05 09:23:09.166121 +++++++++++++++++
2025-08-05 09:23:09,166 - src.ProcessQaoa - INFO - Using p_level:: 1
2025-08-05 09:23:10,609 - src.ProcessQaoa - INFO - Using Simulator
2025-08-05 09:23:11,699 - qiskit.passmanager.base_tasks - INFO - Pass: ContainsInstruction - 0.01407 (ms)
2025-08-05 09:23:11,699 - qiskit.passmanager.base_tasks - INFO - Pass: UnitarySynthesis - 0.00215 (ms)
2025-08-05 09:23:11,739 - qiskit.passmanager.base_tasks - INFO - Pass: HighLevelSynthesis - 39.80088 (ms)
2025-08-05 09:23:11,739 - qiskit.passmanager.base_tasks - INFO - Pass: BasisTranslator - 0.07296 (ms)
2025-08-05 09:23:11,739 - qiskit.passmanager.base_tasks - INFO - Pass: ElidePermutations - 0.00286 (ms)
2025-08-05 09:23:11,740 - qiskit.passmanager.base_tasks - INFO - Pass: RemoveDiagonalGatesBeforeMeasure - 0.22602 (ms)
2025-08-05 09:23:11,740 - qiskit.passmanager.base_tasks - INFO - Pass: RemoveIdentityEquivalent - 0.00691 (ms)
2025-08-05 09:23:11,740 - qiskit.passmanager.base_tasks - INFO - Pass: InverseCancellation - 0.30017 (ms)
2025-08-05 09:23:11,740 - qiskit.passmanager.base_tasks - INFO - Pass: ContractIdleWiresInControlFlow - 0.00119 (ms)
2025-08-05 09:23:11,740 - qiskit.passmanager.base_tasks - INFO - Pass: CommutativeCancellation - 0.23699 (ms)
2025-08-05 09:23:11,740 - qiskit.passmanager.base_tasks - INFO - Pass: ConsolidateBlocks - 0.12422 (ms)
2025-08-05 09:23:11,741 - qiskit.passmanager.base_tasks - INFO - Pass: Split2QUnitaries - 0.20719 (ms)
2025-08-05 09:23:11,741 - qiskit.passmanager.base_tasks - INFO - Pass: UnitarySynthesis - 0.00191 (ms)
2025-08-05 09:23:11,741 - qiskit.passmanager.base_tasks - INFO - Pass: HighLevelSynthesis - 0.14901 (ms)
2025-08-05 09:23:11,741 - qiskit.passmanager.base_tasks - INFO - Pass: BasisTranslator - 0.25177 (ms)
2025-08-05 09:23:11,741 - qiskit.passmanager.base_tasks - INFO - Pass: Depth - 0.41604 (ms)
2025-08-05 09:23:11,741 - qiskit.passmanager.base_tasks - INFO - Pass: Size - 0.00215 (ms)
2025-08-05 09:23:11,741 - qiskit.passmanager.base_tasks - INFO - Pass: MinimumPoint - 0.00525 (ms)
2025-08-05 09:23:11,742 - qiskit.passmanager.base_tasks - INFO - Pass: ConsolidateBlocks - 0.13685 (ms)
2025-08-05 09:23:11,742 - qiskit.passmanager.base_tasks - INFO - Pass: UnitarySynthesis - 0.00310 (ms)
2025-08-05 09:23:11,742 - qiskit.passmanager.base_tasks - INFO - Pass: RemoveIdentityEquivalent - 0.00620 (ms)
2025-08-05 09:23:11,743 - qiskit.passmanager.base_tasks - INFO - Pass: Optimize1qGatesDecomposition - 1.49989 (ms)
