2025-08-06 21:22:55,918 - root - INFO - ++++++++++++++++ Starting at 2025-08-06 21:22:55.918660 +++++++++++++++++
2025-08-06 21:22:55,918 - src.ProcessQaoa - INFO - Using p_level:: 1
2025-08-06 21:22:59,097 - src.ProcessQaoa - INFO - Using Real Hardware
2025-08-06 21:23:02,507 - qiskit.passmanager.base_tasks - INFO - Pass: ContainsInstruction - 0.14687 (ms)
2025-08-06 21:23:02,508 - qiskit.passmanager.base_tasks - INFO - Pass: UnitarySynthesis - 0.00286 (ms)
2025-08-06 21:23:02,584 - qiskit.passmanager.base_tasks - INFO - Pass: HighLevelSynthesis - 76.84302 (ms)
2025-08-06 21:23:02,585 - qiskit.passmanager.base_tasks - INFO - Pass: BasisTranslator - 0.07105 (ms)
2025-08-06 21:23:02,585 - qiskit.passmanager.base_tasks - INFO - Pass: ElidePermutations - 0.00715 (ms)
2025-08-06 21:23:02,586 - qiskit.passmanager.base_tasks - INFO - Pass: RemoveDiagonalGatesBeforeMeasure - 0.49305 (ms)
2025-08-06 21:23:02,586 - qiskit.passmanager.base_tasks - INFO - Pass: RemoveIdentityEquivalent - 0.00882 (ms)
2025-08-06 21:23:02,587 - qiskit.passmanager.base_tasks - INFO - Pass: InverseCancellation - 1.48821 (ms)
2025-08-06 21:23:02,587 - qiskit.passmanager.base_tasks - INFO - Pass: ContractIdleWiresInControlFlow - 0.00119 (ms)
2025-08-06 21:23:02,588 - qiskit.passmanager.base_tasks - INFO - Pass: CommutativeCancellation - 0.27204 (ms)
2025-08-06 21:23:02,588 - qiskit.passmanager.base_tasks - INFO - Pass: ConsolidateBlocks - 0.15736 (ms)
2025-08-06 21:23:02,588 - qiskit.passmanager.base_tasks - INFO - Pass: Split2QUnitaries - 0.05507 (ms)
2025-08-06 21:23:02,588 - qiskit.passmanager.base_tasks - INFO - Pass: SetLayout - 0.00191 (ms)
2025-08-06 21:23:02,591 - qiskit.passmanager.base_tasks - INFO - Pass: VF2Layout - 3.54695 (ms)
2025-08-06 21:23:02,591 - qiskit.passmanager.base_tasks - INFO - Pass: BarrierBeforeFinalMeasurements - 0.00501 (ms)
2025-08-06 21:23:02,872 - qiskit.passmanager.base_tasks - INFO - Pass: SabreLayout - 280.36618 (ms)
2025-08-06 21:23:02,872 - qiskit.passmanager.base_tasks - INFO - Pass: CheckMap - 0.04005 (ms)
2025-08-06 21:23:02,880 - qiskit.passmanager.base_tasks - INFO - Pass: VF2PostLayout - 7.65705 (ms)
2025-08-06 21:23:02,883 - qiskit.passmanager.base_tasks - INFO - Pass: ApplyLayout - 3.67570 (ms)
2025-08-06 21:23:02,884 - qiskit.passmanager.base_tasks - INFO - Pass: FilterOpNodes - 0.53024 (ms)
2025-08-06 21:23:02,884 - qiskit.passmanager.base_tasks - INFO - Pass: UnitarySynthesis - 0.00381 (ms)
2025-08-06 21:23:02,884 - qiskit.passmanager.base_tasks - INFO - Pass: HighLevelSynthesis - 0.17309 (ms)
2025-08-06 21:23:02,901 - qiskit.passmanager.base_tasks - INFO - Pass: BasisTranslator - 17.03286 (ms)
2025-08-06 21:23:02,901 - qiskit.passmanager.base_tasks - INFO - Pass: CheckGateDirection - 0.00596 (ms)
2025-08-06 21:23:02,946 - qiskit.passmanager.base_tasks - INFO - Pass: GateDirection - 44.68107 (ms)
2025-08-06 21:23:03,394 - qiskit.passmanager.base_tasks - INFO - Pass: BasisTranslator - 448.16518 (ms)
2025-08-06 21:23:03,399 - qiskit.passmanager.base_tasks - INFO - Pass: Depth - 3.18170 (ms)
2025-08-06 21:23:03,399 - qiskit.passmanager.base_tasks - INFO - Pass: Size - 0.00310 (ms)
2025-08-06 21:23:03,399 - qiskit.passmanager.base_tasks - INFO - Pass: MinimumPoint - 0.00906 (ms)
2025-08-06 21:23:03,414 - qiskit.passmanager.base_tasks - INFO - Pass: ConsolidateBlocks - 15.61189 (ms)
2025-08-06 21:23:03,494 - qiskit.passmanager.base_tasks - INFO - Pass: UnitarySynthesis - 79.61917 (ms)
2025-08-06 21:23:03,495 - qiskit.passmanager.base_tasks - INFO - Pass: RemoveIdentityEquivalent - 0.59772 (ms)
2025-08-06 21:23:03,660 - qiskit.passmanager.base_tasks - INFO - Pass: Optimize1qGatesDecomposition - 165.05909 (ms)
2025-08-06 21:23:03,730 - qiskit.passmanager.base_tasks - INFO - Pass: CommutativeCancellation - 70.14561 (ms)
2025-08-06 21:23:03,730 - qiskit.passmanager.base_tasks - INFO - Pass: ContractIdleWiresInControlFlow - 0.00405 (ms)
2025-08-06 21:23:03,731 - qiskit.passmanager.base_tasks - INFO - Pass: GatesInBasis - 1.47200 (ms)
2025-08-06 21:23:03,733 - qiskit.passmanager.base_tasks - INFO - Pass: Depth - 1.51920 (ms)
2025-08-06 21:23:03,733 - qiskit.passmanager.base_tasks - INFO - Pass: Size - 0.00095 (ms)
2025-08-06 21:23:04,012 - qiskit.passmanager.base_tasks - INFO - Pass: MinimumPoint - 278.83005 (ms)
2025-08-06 21:23:04,023 - qiskit.passmanager.base_tasks - INFO - Pass: ConsolidateBlocks - 11.30009 (ms)
2025-08-06 21:23:04,040 - qiskit.passmanager.base_tasks - INFO - Pass: UnitarySynthesis - 16.50882 (ms)
2025-08-06 21:23:04,041 - qiskit.passmanager.base_tasks - INFO - Pass: RemoveIdentityEquivalent - 0.51618 (ms)
2025-08-06 21:23:04,045 - qiskit.passmanager.base_tasks - INFO - Pass: Optimize1qGatesDecomposition - 4.01211 (ms)
2025-08-06 21:23:04,054 - qiskit.passmanager.base_tasks - INFO - Pass: CommutativeCancellation - 9.18388 (ms)
2025-08-06 21:23:04,054 - qiskit.passmanager.base_tasks - INFO - Pass: ContractIdleWiresInControlFlow - 0.00167 (ms)
2025-08-06 21:23:04,056 - qiskit.passmanager.base_tasks - INFO - Pass: GatesInBasis - 1.44410 (ms)
2025-08-06 21:23:04,057 - qiskit.passmanager.base_tasks - INFO - Pass: Depth - 1.33514 (ms)
2025-08-06 21:23:04,057 - qiskit.passmanager.base_tasks - INFO - Pass: Size - 0.00095 (ms)
2025-08-06 21:23:04,305 - qiskit.passmanager.base_tasks - INFO - Pass: MinimumPoint - 247.80416 (ms)
2025-08-06 21:23:04,316 - qiskit.passmanager.base_tasks - INFO - Pass: ConsolidateBlocks - 11.23691 (ms)
2025-08-06 21:23:04,329 - qiskit.passmanager.base_tasks - INFO - Pass: UnitarySynthesis - 12.98404 (ms)
2025-08-06 21:23:04,330 - qiskit.passmanager.base_tasks - INFO - Pass: RemoveIdentityEquivalent - 0.54336 (ms)
2025-08-06 21:23:04,334 - qiskit.passmanager.base_tasks - INFO - Pass: Optimize1qGatesDecomposition - 3.74889 (ms)
2025-08-06 21:23:04,340 - qiskit.passmanager.base_tasks - INFO - Pass: CommutativeCancellation - 5.84698 (ms)
2025-08-06 21:23:04,340 - qiskit.passmanager.base_tasks - INFO - Pass: ContractIdleWiresInControlFlow - 0.00167 (ms)
2025-08-06 21:23:04,341 - qiskit.passmanager.base_tasks - INFO - Pass: GatesInBasis - 1.47414 (ms)
2025-08-06 21:23:04,343 - qiskit.passmanager.base_tasks - INFO - Pass: Depth - 1.42288 (ms)
2025-08-06 21:23:04,343 - qiskit.passmanager.base_tasks - INFO - Pass: Size - 0.00215 (ms)
2025-08-06 21:23:04,596 - qiskit.passmanager.base_tasks - INFO - Pass: MinimumPoint - 253.45612 (ms)
2025-08-06 21:23:04,607 - qiskit.passmanager.base_tasks - INFO - Pass: ConsolidateBlocks - 11.11102 (ms)
2025-08-06 21:23:04,620 - qiskit.passmanager.base_tasks - INFO - Pass: UnitarySynthesis - 12.28905 (ms)
2025-08-06 21:23:04,621 - qiskit.passmanager.base_tasks - INFO - Pass: RemoveIdentityEquivalent - 0.52190 (ms)
2025-08-06 21:23:04,624 - qiskit.passmanager.base_tasks - INFO - Pass: Optimize1qGatesDecomposition - 3.55220 (ms)
2025-08-06 21:23:04,628 - qiskit.passmanager.base_tasks - INFO - Pass: CommutativeCancellation - 3.83687 (ms)
2025-08-06 21:23:04,628 - qiskit.passmanager.base_tasks - INFO - Pass: ContractIdleWiresInControlFlow - 0.00191 (ms)
2025-08-06 21:23:04,630 - qiskit.passmanager.base_tasks - INFO - Pass: GatesInBasis - 1.43909 (ms)
2025-08-06 21:23:04,631 - qiskit.passmanager.base_tasks - INFO - Pass: Depth - 1.34301 (ms)
2025-08-06 21:23:04,631 - qiskit.passmanager.base_tasks - INFO - Pass: Size - 0.00215 (ms)
2025-08-06 21:23:04,631 - qiskit.passmanager.base_tasks - INFO - Pass: MinimumPoint - 0.00405 (ms)
2025-08-06 21:23:04,641 - qiskit.passmanager.base_tasks - INFO - Pass: ConsolidateBlocks - 10.36119 (ms)
2025-08-06 21:23:04,653 - qiskit.passmanager.base_tasks - INFO - Pass: UnitarySynthesis - 12.00223 (ms)
2025-08-06 21:23:04,654 - qiskit.passmanager.base_tasks - INFO - Pass: RemoveIdentityEquivalent - 0.50306 (ms)
2025-08-06 21:23:04,658 - qiskit.passmanager.base_tasks - INFO - Pass: Optimize1qGatesDecomposition - 3.46208 (ms)
2025-08-06 21:23:04,662 - qiskit.passmanager.base_tasks - INFO - Pass: CommutativeCancellation - 3.87526 (ms)
2025-08-06 21:23:04,662 - qiskit.passmanager.base_tasks - INFO - Pass: ContractIdleWiresInControlFlow - 0.00119 (ms)
2025-08-06 21:23:04,663 - qiskit.passmanager.base_tasks - INFO - Pass: GatesInBasis - 1.43719 (ms)
2025-08-06 21:23:04,664 - qiskit.passmanager.base_tasks - INFO - Pass: Depth - 1.27316 (ms)
2025-08-06 21:23:04,664 - qiskit.passmanager.base_tasks - INFO - Pass: Size - 0.00191 (ms)
2025-08-06 21:23:04,664 - qiskit.passmanager.base_tasks - INFO - Pass: MinimumPoint - 0.00310 (ms)
2025-08-06 21:23:04,675 - qiskit.passmanager.base_tasks - INFO - Pass: ConsolidateBlocks - 10.23626 (ms)
2025-08-06 21:23:04,687 - qiskit.passmanager.base_tasks - INFO - Pass: UnitarySynthesis - 12.08806 (ms)
2025-08-06 21:23:04,688 - qiskit.passmanager.base_tasks - INFO - Pass: RemoveIdentityEquivalent - 0.49996 (ms)
2025-08-06 21:23:04,691 - qiskit.passmanager.base_tasks - INFO - Pass: Optimize1qGatesDecomposition - 3.45683 (ms)
2025-08-06 21:23:04,695 - qiskit.passmanager.base_tasks - INFO - Pass: CommutativeCancellation - 3.70288 (ms)
2025-08-06 21:23:04,695 - qiskit.passmanager.base_tasks - INFO - Pass: ContractIdleWiresInControlFlow - 0.00119 (ms)
2025-08-06 21:23:04,696 - qiskit.passmanager.base_tasks - INFO - Pass: GatesInBasis - 1.43600 (ms)
2025-08-06 21:23:04,698 - qiskit.passmanager.base_tasks - INFO - Pass: Depth - 1.25694 (ms)
2025-08-06 21:23:04,698 - qiskit.passmanager.base_tasks - INFO - Pass: Size - 0.00095 (ms)
2025-08-06 21:23:04,698 - qiskit.passmanager.base_tasks - INFO - Pass: MinimumPoint - 0.00310 (ms)
2025-08-06 21:23:04,708 - qiskit.passmanager.base_tasks - INFO - Pass: ConsolidateBlocks - 10.35404 (ms)
2025-08-06 21:23:04,720 - qiskit.passmanager.base_tasks - INFO - Pass: UnitarySynthesis - 12.05397 (ms)
2025-08-06 21:23:04,721 - qiskit.passmanager.base_tasks - INFO - Pass: RemoveIdentityEquivalent - 0.50211 (ms)
2025-08-06 21:23:04,724 - qiskit.passmanager.base_tasks - INFO - Pass: Optimize1qGatesDecomposition - 3.46708 (ms)
2025-08-06 21:23:04,728 - qiskit.passmanager.base_tasks - INFO - Pass: CommutativeCancellation - 3.97301 (ms)
2025-08-06 21:23:04,728 - qiskit.passmanager.base_tasks - INFO - Pass: ContractIdleWiresInControlFlow - 0.00191 (ms)
2025-08-06 21:23:04,730 - qiskit.passmanager.base_tasks - INFO - Pass: GatesInBasis - 1.43313 (ms)
2025-08-06 21:23:04,731 - qiskit.passmanager.base_tasks - INFO - Pass: Depth - 1.27316 (ms)
2025-08-06 21:23:04,731 - qiskit.passmanager.base_tasks - INFO - Pass: Size - 0.00095 (ms)
2025-08-06 21:23:04,731 - qiskit.passmanager.base_tasks - INFO - Pass: MinimumPoint - 0.00405 (ms)
2025-08-06 21:23:04,732 - qiskit.passmanager.base_tasks - INFO - Pass: ContainsInstruction - 0.00620 (ms)
2025-08-06 21:23:04,734 - qiskit.passmanager.base_tasks - INFO - Pass: InstructionDurationCheck - 1.66607 (ms)
