2025-07-25 03:44:36,046 - root - INFO - ++++++++++++++++ Starting at 2025-07-25 03:44:36.046275 +++++++++++++++++
2025-07-25 03:44:36,046 - src.ProcessQaoa - INFO - Using p_level:: 1
2025-07-25 03:44:38,381 - src.ProcessQaoa - INFO - Using Real Hardware
2025-07-25 03:44:39,830 - qiskit.passmanager.base_tasks - INFO - Pass: ContainsInstruction - 0.17715 (ms)
2025-07-25 03:44:39,830 - qiskit.passmanager.base_tasks - INFO - Pass: UnitarySynthesis - 0.00286 (ms)
2025-07-25 03:44:39,919 - qiskit.passmanager.base_tasks - INFO - Pass: HighLevelSynthesis - 88.50503 (ms)
2025-07-25 03:44:39,919 - qiskit.passmanager.base_tasks - INFO - Pass: BasisTranslator - 0.08416 (ms)
2025-07-25 03:44:39,919 - qiskit.passmanager.base_tasks - INFO - Pass: ElidePermutations - 0.00310 (ms)
2025-07-25 03:44:39,919 - qiskit.passmanager.base_tasks - INFO - Pass: RemoveDiagonalGatesBeforeMeasure - 0.18883 (ms)
2025-07-25 03:44:39,919 - qiskit.passmanager.base_tasks - INFO - Pass: RemoveIdentityEquivalent - 0.00906 (ms)
2025-07-25 03:44:39,919 - qiskit.passmanager.base_tasks - INFO - Pass: InverseCancellation - 0.31281 (ms)
2025-07-25 03:44:39,919 - qiskit.passmanager.base_tasks - INFO - Pass: ContractIdleWiresInControlFlow - 0.00095 (ms)
2025-07-25 03:44:39,920 - qiskit.passmanager.base_tasks - INFO - Pass: CommutativeCancellation - 0.36693 (ms)
2025-07-25 03:44:39,920 - qiskit.passmanager.base_tasks - INFO - Pass: ConsolidateBlocks - 0.17786 (ms)
2025-07-25 03:44:39,920 - qiskit.passmanager.base_tasks - INFO - Pass: Split2QUnitaries - 0.14806 (ms)
2025-07-25 03:44:39,920 - qiskit.passmanager.base_tasks - INFO - Pass: SetLayout - 0.00215 (ms)
2025-07-25 03:44:39,924 - qiskit.passmanager.base_tasks - INFO - Pass: VF2Layout - 4.03690 (ms)
2025-07-25 03:44:39,924 - qiskit.passmanager.base_tasks - INFO - Pass: BarrierBeforeFinalMeasurements - 0.00477 (ms)
2025-07-25 03:44:40,358 - qiskit.passmanager.base_tasks - INFO - Pass: SabreLayout - 433.70295 (ms)
2025-07-25 03:44:40,358 - qiskit.passmanager.base_tasks - INFO - Pass: CheckMap - 0.07868 (ms)
2025-07-25 03:44:40,367 - qiskit.passmanager.base_tasks - INFO - Pass: VF2PostLayout - 8.44598 (ms)
2025-07-25 03:44:40,368 - qiskit.passmanager.base_tasks - INFO - Pass: FilterOpNodes - 0.84400 (ms)
2025-07-25 03:44:40,368 - qiskit.passmanager.base_tasks - INFO - Pass: UnitarySynthesis - 0.00405 (ms)
2025-07-25 03:44:40,368 - qiskit.passmanager.base_tasks - INFO - Pass: HighLevelSynthesis - 0.29206 (ms)
2025-07-25 03:44:40,435 - qiskit.passmanager.base_tasks - INFO - Pass: BasisTranslator - 67.28888 (ms)
2025-07-25 03:44:40,435 - qiskit.passmanager.base_tasks - INFO - Pass: CheckGateDirection - 0.00596 (ms)
2025-07-25 03:44:40,531 - qiskit.passmanager.base_tasks - INFO - Pass: GateDirection - 95.21413 (ms)
2025-07-25 03:44:41,706 - qiskit.passmanager.base_tasks - INFO - Pass: BasisTranslator - 1175.52590 (ms)
2025-07-25 03:44:41,712 - qiskit.passmanager.base_tasks - INFO - Pass: Depth - 4.57716 (ms)
2025-07-25 03:44:41,712 - qiskit.passmanager.base_tasks - INFO - Pass: Size - 0.00286 (ms)
2025-07-25 03:44:41,712 - qiskit.passmanager.base_tasks - INFO - Pass: MinimumPoint - 0.00691 (ms)
2025-07-25 03:44:41,740 - qiskit.passmanager.base_tasks - INFO - Pass: ConsolidateBlocks - 27.85397 (ms)
2025-07-25 03:44:41,953 - qiskit.passmanager.base_tasks - INFO - Pass: UnitarySynthesis - 212.41212 (ms)
2025-07-25 03:44:41,954 - qiskit.passmanager.base_tasks - INFO - Pass: RemoveIdentityEquivalent - 1.19090 (ms)
2025-07-25 03:44:42,398 - qiskit.passmanager.base_tasks - INFO - Pass: Optimize1qGatesDecomposition - 444.30304 (ms)
2025-07-25 03:44:42,564 - qiskit.passmanager.base_tasks - INFO - Pass: CommutativeCancellation - 165.29012 (ms)
2025-07-25 03:44:42,564 - qiskit.passmanager.base_tasks - INFO - Pass: ContractIdleWiresInControlFlow - 0.00310 (ms)
2025-07-25 03:44:42,566 - qiskit.passmanager.base_tasks - INFO - Pass: GatesInBasis - 2.53701 (ms)
2025-07-25 03:44:42,569 - qiskit.passmanager.base_tasks - INFO - Pass: Depth - 2.76303 (ms)
2025-07-25 03:44:42,569 - qiskit.passmanager.base_tasks - INFO - Pass: Size - 0.00191 (ms)
2025-07-25 03:44:43,025 - qiskit.passmanager.base_tasks - INFO - Pass: MinimumPoint - 455.51682 (ms)
2025-07-25 03:44:43,045 - qiskit.passmanager.base_tasks - INFO - Pass: ConsolidateBlocks - 19.75012 (ms)
2025-07-25 03:44:43,083 - qiskit.passmanager.base_tasks - INFO - Pass: UnitarySynthesis - 38.42187 (ms)
2025-07-25 03:44:43,085 - qiskit.passmanager.base_tasks - INFO - Pass: RemoveIdentityEquivalent - 0.86021 (ms)
2025-07-25 03:44:43,092 - qiskit.passmanager.base_tasks - INFO - Pass: Optimize1qGatesDecomposition - 7.25293 (ms)
2025-07-25 03:44:43,114 - qiskit.passmanager.base_tasks - INFO - Pass: CommutativeCancellation - 22.14599 (ms)
2025-07-25 03:44:43,114 - qiskit.passmanager.base_tasks - INFO - Pass: ContractIdleWiresInControlFlow - 0.00167 (ms)
2025-07-25 03:44:43,117 - qiskit.passmanager.base_tasks - INFO - Pass: GatesInBasis - 2.49290 (ms)
2025-07-25 03:44:43,119 - qiskit.passmanager.base_tasks - INFO - Pass: Depth - 2.51102 (ms)
2025-07-25 03:44:43,119 - qiskit.passmanager.base_tasks - INFO - Pass: Size - 0.00119 (ms)
2025-07-25 03:44:43,589 - qiskit.passmanager.base_tasks - INFO - Pass: MinimumPoint - 469.43712 (ms)
2025-07-25 03:44:43,608 - qiskit.passmanager.base_tasks - INFO - Pass: ConsolidateBlocks - 19.23823 (ms)
2025-07-25 03:44:43,638 - qiskit.passmanager.base_tasks - INFO - Pass: UnitarySynthesis - 30.22504 (ms)
2025-07-25 03:44:43,640 - qiskit.passmanager.base_tasks - INFO - Pass: RemoveIdentityEquivalent - 0.93484 (ms)
2025-07-25 03:44:43,647 - qiskit.passmanager.base_tasks - INFO - Pass: Optimize1qGatesDecomposition - 7.21407 (ms)
2025-07-25 03:44:43,660 - qiskit.passmanager.base_tasks - INFO - Pass: CommutativeCancellation - 12.51006 (ms)
2025-07-25 03:44:43,660 - qiskit.passmanager.base_tasks - INFO - Pass: ContractIdleWiresInControlFlow - 0.00286 (ms)
2025-07-25 03:44:43,662 - qiskit.passmanager.base_tasks - INFO - Pass: GatesInBasis - 2.45571 (ms)
2025-07-25 03:44:43,665 - qiskit.passmanager.base_tasks - INFO - Pass: Depth - 2.37083 (ms)
2025-07-25 03:44:43,665 - qiskit.passmanager.base_tasks - INFO - Pass: Size - 0.00191 (ms)
2025-07-25 03:44:44,089 - qiskit.passmanager.base_tasks - INFO - Pass: MinimumPoint - 424.06893 (ms)
2025-07-25 03:44:44,108 - qiskit.passmanager.base_tasks - INFO - Pass: ConsolidateBlocks - 19.39201 (ms)
2025-07-25 03:44:44,136 - qiskit.passmanager.base_tasks - INFO - Pass: UnitarySynthesis - 27.67205 (ms)
2025-07-25 03:44:44,138 - qiskit.passmanager.base_tasks - INFO - Pass: RemoveIdentityEquivalent - 0.89288 (ms)
2025-07-25 03:44:44,144 - qiskit.passmanager.base_tasks - INFO - Pass: Optimize1qGatesDecomposition - 6.57582 (ms)
2025-07-25 03:44:44,152 - qiskit.passmanager.base_tasks - INFO - Pass: CommutativeCancellation - 7.83181 (ms)
2025-07-25 03:44:44,152 - qiskit.passmanager.base_tasks - INFO - Pass: ContractIdleWiresInControlFlow - 0.00215 (ms)
2025-07-25 03:44:44,155 - qiskit.passmanager.base_tasks - INFO - Pass: GatesInBasis - 2.47121 (ms)
2025-07-25 03:44:44,157 - qiskit.passmanager.base_tasks - INFO - Pass: Depth - 2.42305 (ms)
2025-07-25 03:44:44,157 - qiskit.passmanager.base_tasks - INFO - Pass: Size - 0.00167 (ms)
2025-07-25 03:44:44,157 - qiskit.passmanager.base_tasks - INFO - Pass: MinimumPoint - 0.00525 (ms)
2025-07-25 03:44:44,176 - qiskit.passmanager.base_tasks - INFO - Pass: ConsolidateBlocks - 18.32986 (ms)
2025-07-25 03:44:44,204 - qiskit.passmanager.base_tasks - INFO - Pass: UnitarySynthesis - 28.26023 (ms)
2025-07-25 03:44:44,205 - qiskit.passmanager.base_tasks - INFO - Pass: RemoveIdentityEquivalent - 0.94390 (ms)
2025-07-25 03:44:44,212 - qiskit.passmanager.base_tasks - INFO - Pass: Optimize1qGatesDecomposition - 6.36101 (ms)
2025-07-25 03:44:44,219 - qiskit.passmanager.base_tasks - INFO - Pass: CommutativeCancellation - 7.53188 (ms)
2025-07-25 03:44:44,219 - qiskit.passmanager.base_tasks - INFO - Pass: ContractIdleWiresInControlFlow - 0.00191 (ms)
2025-07-25 03:44:44,222 - qiskit.passmanager.base_tasks - INFO - Pass: GatesInBasis - 2.48122 (ms)
2025-07-25 03:44:44,224 - qiskit.passmanager.base_tasks - INFO - Pass: Depth - 2.43497 (ms)
2025-07-25 03:44:44,224 - qiskit.passmanager.base_tasks - INFO - Pass: Size - 0.00215 (ms)
2025-07-25 03:44:44,224 - qiskit.passmanager.base_tasks - INFO - Pass: MinimumPoint - 0.00429 (ms)
2025-07-25 03:44:44,243 - qiskit.passmanager.base_tasks - INFO - Pass: ConsolidateBlocks - 18.47100 (ms)
2025-07-25 03:44:44,271 - qiskit.passmanager.base_tasks - INFO - Pass: UnitarySynthesis - 28.56278 (ms)
2025-07-25 03:44:44,273 - qiskit.passmanager.base_tasks - INFO - Pass: RemoveIdentityEquivalent - 0.92483 (ms)
2025-07-25 03:44:44,279 - qiskit.passmanager.base_tasks - INFO - Pass: Optimize1qGatesDecomposition - 6.42395 (ms)
2025-07-25 03:44:44,287 - qiskit.passmanager.base_tasks - INFO - Pass: CommutativeCancellation - 7.42912 (ms)
2025-07-25 03:44:44,287 - qiskit.passmanager.base_tasks - INFO - Pass: ContractIdleWiresInControlFlow - 0.00191 (ms)
2025-07-25 03:44:44,289 - qiskit.passmanager.base_tasks - INFO - Pass: GatesInBasis - 2.49481 (ms)
2025-07-25 03:44:44,292 - qiskit.passmanager.base_tasks - INFO - Pass: Depth - 2.59614 (ms)
2025-07-25 03:44:44,292 - qiskit.passmanager.base_tasks - INFO - Pass: Size - 0.00119 (ms)
2025-07-25 03:44:44,292 - qiskit.passmanager.base_tasks - INFO - Pass: MinimumPoint - 0.00310 (ms)
2025-07-25 03:44:44,312 - qiskit.passmanager.base_tasks - INFO - Pass: ConsolidateBlocks - 19.47498 (ms)
2025-07-25 03:44:44,344 - qiskit.passmanager.base_tasks - INFO - Pass: UnitarySynthesis - 31.85987 (ms)
2025-07-25 03:44:44,346 - qiskit.passmanager.base_tasks - INFO - Pass: RemoveIdentityEquivalent - 1.23191 (ms)
2025-07-25 03:44:44,353 - qiskit.passmanager.base_tasks - INFO - Pass: Optimize1qGatesDecomposition - 7.12109 (ms)
2025-07-25 03:44:44,362 - qiskit.passmanager.base_tasks - INFO - Pass: CommutativeCancellation - 9.19485 (ms)
2025-07-25 03:44:44,363 - qiskit.passmanager.base_tasks - INFO - Pass: ContractIdleWiresInControlFlow - 0.00596 (ms)
2025-07-25 03:44:44,365 - qiskit.passmanager.base_tasks - INFO - Pass: GatesInBasis - 2.53415 (ms)
2025-07-25 03:44:44,368 - qiskit.passmanager.base_tasks - INFO - Pass: Depth - 2.69103 (ms)
2025-07-25 03:44:44,368 - qiskit.passmanager.base_tasks - INFO - Pass: Size - 0.00215 (ms)
2025-07-25 03:44:44,368 - qiskit.passmanager.base_tasks - INFO - Pass: MinimumPoint - 0.01407 (ms)
2025-07-25 03:44:44,370 - qiskit.passmanager.base_tasks - INFO - Pass: ContainsInstruction - 0.00787 (ms)
2025-07-25 03:44:44,373 - qiskit.passmanager.base_tasks - INFO - Pass: InstructionDurationCheck - 2.93994 (ms)
