2025-07-26 19:33:12,397 - root - INFO - ++++++++++++++++ Starting at 2025-07-26 19:33:12.397106 +++++++++++++++++
2025-07-26 19:33:12,397 - src.ProcessQaoa - INFO - Using p_level:: 1
2025-07-26 19:33:13,597 - src.ProcessQaoa - INFO - Using Simulator
2025-07-26 19:33:14,199 - qiskit.passmanager.base_tasks - INFO - Pass: ContainsInstruction - 0.01907 (ms)
2025-07-26 19:33:14,199 - qiskit.passmanager.base_tasks - INFO - Pass: UnitarySynthesis - 0.00787 (ms)
2025-07-26 19:33:14,212 - qiskit.passmanager.base_tasks - INFO - Pass: HighLevelSynthesis - 13.55124 (ms)
2025-07-26 19:33:14,212 - qiskit.passmanager.base_tasks - INFO - Pass: BasisTranslator - 0.05603 (ms)
2025-07-26 19:33:14,213 - qiskit.passmanager.base_tasks - INFO - Pass: ElidePermutations - 0.00715 (ms)
2025-07-26 19:33:14,213 - qiskit.passmanager.base_tasks - INFO - Pass: RemoveDiagonalGatesBeforeMeasure - 0.21386 (ms)
2025-07-26 19:33:14,213 - qiskit.passmanager.base_tasks - INFO - Pass: RemoveIdentityEquivalent - 0.00620 (ms)
2025-07-26 19:33:14,213 - qiskit.passmanager.base_tasks - INFO - Pass: InverseCancellation - 0.28110 (ms)
2025-07-26 19:33:14,213 - qiskit.passmanager.base_tasks - INFO - Pass: ContractIdleWiresInControlFlow - 0.00095 (ms)
2025-07-26 19:33:14,213 - qiskit.passmanager.base_tasks - INFO - Pass: CommutativeCancellation - 0.11897 (ms)
2025-07-26 19:33:14,213 - qiskit.passmanager.base_tasks - INFO - Pass: ConsolidateBlocks - 0.06032 (ms)
2025-07-26 19:33:14,214 - qiskit.passmanager.base_tasks - INFO - Pass: Split2QUnitaries - 0.15926 (ms)
2025-07-26 19:33:14,214 - qiskit.passmanager.base_tasks - INFO - Pass: UnitarySynthesis - 0.00405 (ms)
2025-07-26 19:33:14,214 - qiskit.passmanager.base_tasks - INFO - Pass: HighLevelSynthesis - 0.03934 (ms)
2025-07-26 19:33:14,214 - qiskit.passmanager.base_tasks - INFO - Pass: BasisTranslator - 0.09799 (ms)
2025-07-26 19:33:14,214 - qiskit.passmanager.base_tasks - INFO - Pass: Depth - 0.20003 (ms)
2025-07-26 19:33:14,214 - qiskit.passmanager.base_tasks - INFO - Pass: Size - 0.00215 (ms)
2025-07-26 19:33:14,214 - qiskit.passmanager.base_tasks - INFO - Pass: MinimumPoint - 0.01001 (ms)
2025-07-26 19:33:14,214 - qiskit.passmanager.base_tasks - INFO - Pass: ConsolidateBlocks - 0.05603 (ms)
2025-07-26 19:33:14,214 - qiskit.passmanager.base_tasks - INFO - Pass: UnitarySynthesis - 0.00191 (ms)
2025-07-26 19:33:14,214 - qiskit.passmanager.base_tasks - INFO - Pass: RemoveIdentityEquivalent - 0.00310 (ms)
2025-07-26 19:33:14,214 - qiskit.passmanager.base_tasks - INFO - Pass: Optimize1qGatesDecomposition - 0.11611 (ms)
2025-07-26 19:33:14,214 - qiskit.passmanager.base_tasks - INFO - Pass: CommutativeCancellation - 0.09894 (ms)
2025-07-26 19:33:14,214 - qiskit.passmanager.base_tasks - INFO - Pass: ContractIdleWiresInControlFlow - 0.00095 (ms)
2025-07-26 19:33:14,214 - qiskit.passmanager.base_tasks - INFO - Pass: GatesInBasis - 0.03600 (ms)
2025-07-26 19:33:14,214 - qiskit.passmanager.base_tasks - INFO - Pass: Depth - 0.02909 (ms)
2025-07-26 19:33:14,214 - qiskit.passmanager.base_tasks - INFO - Pass: Size - 0.00095 (ms)
2025-07-26 19:33:14,221 - qiskit.passmanager.base_tasks - INFO - Pass: MinimumPoint - 6.17123 (ms)
2025-07-26 19:33:14,221 - qiskit.passmanager.base_tasks - INFO - Pass: ConsolidateBlocks - 0.08321 (ms)
2025-07-26 19:33:14,221 - qiskit.passmanager.base_tasks - INFO - Pass: UnitarySynthesis - 0.00381 (ms)
2025-07-26 19:33:14,221 - qiskit.passmanager.base_tasks - INFO - Pass: RemoveIdentityEquivalent - 0.00381 (ms)
2025-07-26 19:33:14,221 - qiskit.passmanager.base_tasks - INFO - Pass: Optimize1qGatesDecomposition - 0.08392 (ms)
2025-07-26 19:33:14,221 - qiskit.passmanager.base_tasks - INFO - Pass: CommutativeCancellation - 0.09704 (ms)
2025-07-26 19:33:14,221 - qiskit.passmanager.base_tasks - INFO - Pass: ContractIdleWiresInControlFlow - 0.00095 (ms)
2025-07-26 19:33:14,221 - qiskit.passmanager.base_tasks - INFO - Pass: GatesInBasis - 0.03505 (ms)
2025-07-26 19:33:14,221 - qiskit.passmanager.base_tasks - INFO - Pass: Depth - 0.03314 (ms)
2025-07-26 19:33:14,221 - qiskit.passmanager.base_tasks - INFO - Pass: Size - 0.00095 (ms)
2025-07-26 19:33:14,221 - qiskit.passmanager.base_tasks - INFO - Pass: MinimumPoint - 0.00286 (ms)
2025-07-26 19:33:14,221 - qiskit.passmanager.base_tasks - INFO - Pass: ContainsInstruction - 0.00310 (ms)
