2025-07-30 14:43:04,847 - root - INFO - ++++++++++++++++ Starting at 2025-07-30 14:43:04.847600 +++++++++++++++++
2025-07-30 14:43:04,847 - src.ProcessQaoa - INFO - Using p_level:: 1
2025-07-30 14:43:07,823 - src.ProcessQaoa - INFO - Using Simulator
2025-07-30 14:43:09,386 - qiskit.passmanager.base_tasks - INFO - Pass: ContainsInstruction - 0.01717 (ms)
2025-07-30 14:43:09,386 - qiskit.passmanager.base_tasks - INFO - Pass: UnitarySynthesis - 0.00286 (ms)
2025-07-30 14:43:09,389 - qiskit.passmanager.base_tasks - INFO - Pass: HighLevelSynthesis - 2.94209 (ms)
2025-07-30 14:43:09,389 - qiskit.passmanager.base_tasks - INFO - Pass: BasisTranslator - 0.01431 (ms)
2025-07-30 14:43:09,389 - qiskit.passmanager.base_tasks - INFO - Pass: ElidePermutations - 0.00381 (ms)
2025-07-30 14:43:09,389 - qiskit.passmanager.base_tasks - INFO - Pass: RemoveDiagonalGatesBeforeMeasure - 0.18787 (ms)
2025-07-30 14:43:09,389 - qiskit.passmanager.base_tasks - INFO - Pass: RemoveIdentityEquivalent - 0.00191 (ms)
2025-07-30 14:43:09,390 - qiskit.passmanager.base_tasks - INFO - Pass: InverseCancellation - 0.43488 (ms)
2025-07-30 14:43:09,390 - qiskit.passmanager.base_tasks - INFO - Pass: ContractIdleWiresInControlFlow - 0.00215 (ms)
2025-07-30 14:43:09,390 - qiskit.passmanager.base_tasks - INFO - Pass: CommutativeCancellation - 0.06390 (ms)
2025-07-30 14:43:09,390 - qiskit.passmanager.base_tasks - INFO - Pass: ConsolidateBlocks - 0.04601 (ms)
2025-07-30 14:43:09,390 - qiskit.passmanager.base_tasks - INFO - Pass: Split2QUnitaries - 0.03576 (ms)
2025-07-30 14:43:09,390 - qiskit.passmanager.base_tasks - INFO - Pass: SetLayout - 0.00095 (ms)
2025-07-30 14:43:09,393 - qiskit.passmanager.base_tasks - INFO - Pass: VF2Layout - 2.74515 (ms)
2025-07-30 14:43:09,393 - qiskit.passmanager.base_tasks - INFO - Pass: BarrierBeforeFinalMeasurements - 0.00286 (ms)
2025-07-30 14:43:09,398 - qiskit.passmanager.base_tasks - INFO - Pass: SabreLayout - 5.07808 (ms)
2025-07-30 14:43:09,398 - qiskit.passmanager.base_tasks - INFO - Pass: CheckMap - 0.01836 (ms)
2025-07-30 14:43:09,400 - qiskit.passmanager.base_tasks - INFO - Pass: VF2PostLayout - 1.67799 (ms)
2025-07-30 14:43:09,400 - qiskit.passmanager.base_tasks - INFO - Pass: ApplyLayout - 0.41223 (ms)
2025-07-30 14:43:09,400 - qiskit.passmanager.base_tasks - INFO - Pass: FilterOpNodes - 0.07296 (ms)
2025-07-30 14:43:09,400 - qiskit.passmanager.base_tasks - INFO - Pass: UnitarySynthesis - 0.00310 (ms)
2025-07-30 14:43:09,400 - qiskit.passmanager.base_tasks - INFO - Pass: HighLevelSynthesis - 0.01311 (ms)
2025-07-30 14:43:09,401 - qiskit.passmanager.base_tasks - INFO - Pass: BasisTranslator - 0.93794 (ms)
2025-07-30 14:43:09,401 - qiskit.passmanager.base_tasks - INFO - Pass: CheckGateDirection - 0.00405 (ms)
2025-07-30 14:43:09,401 - qiskit.passmanager.base_tasks - INFO - Pass: GateDirection - 0.29182 (ms)
2025-07-30 14:43:09,402 - qiskit.passmanager.base_tasks - INFO - Pass: BasisTranslator - 0.74983 (ms)
2025-07-30 14:43:09,402 - qiskit.passmanager.base_tasks - INFO - Pass: Depth - 0.04816 (ms)
2025-07-30 14:43:09,402 - qiskit.passmanager.base_tasks - INFO - Pass: Size - 0.00095 (ms)
2025-07-30 14:43:09,402 - qiskit.passmanager.base_tasks - INFO - Pass: MinimumPoint - 0.00525 (ms)
2025-07-30 14:43:09,403 - qiskit.passmanager.base_tasks - INFO - Pass: ConsolidateBlocks - 0.92387 (ms)
2025-07-30 14:43:09,404 - qiskit.passmanager.base_tasks - INFO - Pass: UnitarySynthesis - 1.07598 (ms)
2025-07-30 14:43:09,404 - qiskit.passmanager.base_tasks - INFO - Pass: RemoveIdentityEquivalent - 0.00906 (ms)
2025-07-30 14:43:09,405 - qiskit.passmanager.base_tasks - INFO - Pass: Optimize1qGatesDecomposition - 0.17095 (ms)
2025-07-30 14:43:09,405 - qiskit.passmanager.base_tasks - INFO - Pass: CommutativeCancellation - 0.18501 (ms)
2025-07-30 14:43:09,405 - qiskit.passmanager.base_tasks - INFO - Pass: ContractIdleWiresInControlFlow - 0.00000 (ms)
2025-07-30 14:43:09,405 - qiskit.passmanager.base_tasks - INFO - Pass: GatesInBasis - 0.01907 (ms)
2025-07-30 14:43:09,405 - qiskit.passmanager.base_tasks - INFO - Pass: Depth - 0.02289 (ms)
2025-07-30 14:43:09,405 - qiskit.passmanager.base_tasks - INFO - Pass: Size - 0.00095 (ms)
2025-07-30 14:43:09,408 - qiskit.passmanager.base_tasks - INFO - Pass: MinimumPoint - 3.47686 (ms)
2025-07-30 14:43:09,409 - qiskit.passmanager.base_tasks - INFO - Pass: ConsolidateBlocks - 0.31209 (ms)
2025-07-30 14:43:09,409 - qiskit.passmanager.base_tasks - INFO - Pass: UnitarySynthesis - 0.00310 (ms)
2025-07-30 14:43:09,409 - qiskit.passmanager.base_tasks - INFO - Pass: RemoveIdentityEquivalent - 0.00834 (ms)
2025-07-30 14:43:09,409 - qiskit.passmanager.base_tasks - INFO - Pass: Optimize1qGatesDecomposition - 0.05698 (ms)
2025-07-30 14:43:09,409 - qiskit.passmanager.base_tasks - INFO - Pass: CommutativeCancellation - 0.07892 (ms)
2025-07-30 14:43:09,409 - qiskit.passmanager.base_tasks - INFO - Pass: ContractIdleWiresInControlFlow - 0.00072 (ms)
2025-07-30 14:43:09,409 - qiskit.passmanager.base_tasks - INFO - Pass: GatesInBasis - 0.01979 (ms)
2025-07-30 14:43:09,409 - qiskit.passmanager.base_tasks - INFO - Pass: Depth - 0.02289 (ms)
2025-07-30 14:43:09,409 - qiskit.passmanager.base_tasks - INFO - Pass: Size - 0.00095 (ms)
2025-07-30 14:43:09,409 - qiskit.passmanager.base_tasks - INFO - Pass: MinimumPoint - 0.00191 (ms)
2025-07-30 14:43:09,409 - qiskit.passmanager.base_tasks - INFO - Pass: ContainsInstruction - 0.00167 (ms)
2025-07-30 14:43:09,409 - qiskit.passmanager.base_tasks - INFO - Pass: InstructionDurationCheck - 0.02599 (ms)
2025-07-30 14:43:09,741 - qiskit.passmanager.base_tasks - INFO - Pass: Optimize1qGatesDecomposition - 0.01502 (ms)
2025-07-30 14:43:10,429 - qiskit.passmanager.base_tasks - INFO - Pass: Optimize1qGatesDecomposition - 0.01788 (ms)
2025-07-30 14:43:11,144 - qiskit.passmanager.base_tasks - INFO - Pass: Optimize1qGatesDecomposition - 0.01502 (ms)
2025-07-30 14:43:11,877 - qiskit.passmanager.base_tasks - INFO - Pass: Optimize1qGatesDecomposition - 0.01502 (ms)
2025-07-30 14:43:12,523 - qiskit.passmanager.base_tasks - INFO - Pass: Optimize1qGatesDecomposition - 0.01502 (ms)
2025-07-30 14:43:13,205 - qiskit.passmanager.base_tasks - INFO - Pass: Optimize1qGatesDecomposition - 0.01502 (ms)
2025-07-30 14:43:13,886 - qiskit.passmanager.base_tasks - INFO - Pass: Optimize1qGatesDecomposition - 0.01502 (ms)
2025-07-30 14:43:14,629 - qiskit.passmanager.base_tasks - INFO - Pass: Optimize1qGatesDecomposition - 0.01526 (ms)
2025-07-30 14:43:15,331 - qiskit.passmanager.base_tasks - INFO - Pass: Optimize1qGatesDecomposition - 0.01597 (ms)
2025-07-30 14:43:16,036 - qiskit.passmanager.base_tasks - INFO - Pass: Optimize1qGatesDecomposition - 0.01502 (ms)
2025-07-30 14:43:16,675 - qiskit.passmanager.base_tasks - INFO - Pass: Optimize1qGatesDecomposition - 0.01407 (ms)
2025-07-30 14:43:17,344 - qiskit.passmanager.base_tasks - INFO - Pass: Optimize1qGatesDecomposition - 0.01478 (ms)
2025-07-30 14:43:18,096 - qiskit.passmanager.base_tasks - INFO - Pass: Optimize1qGatesDecomposition - 0.01383 (ms)
2025-07-30 14:43:18,797 - qiskit.passmanager.base_tasks - INFO - Pass: Optimize1qGatesDecomposition - 0.01407 (ms)
2025-07-30 14:43:19,433 - qiskit.passmanager.base_tasks - INFO - Pass: Optimize1qGatesDecomposition - 0.01407 (ms)
2025-07-30 14:43:20,114 - qiskit.passmanager.base_tasks - INFO - Pass: Optimize1qGatesDecomposition - 0.01407 (ms)
2025-07-30 14:43:20,873 - qiskit.passmanager.base_tasks - INFO - Pass: Optimize1qGatesDecomposition - 0.01907 (ms)
2025-07-30 14:43:21,575 - qiskit.passmanager.base_tasks - INFO - Pass: Optimize1qGatesDecomposition - 0.01407 (ms)
2025-07-30 14:43:22,219 - qiskit.passmanager.base_tasks - INFO - Pass: Optimize1qGatesDecomposition - 0.01407 (ms)
2025-07-30 14:43:22,888 - qiskit.passmanager.base_tasks - INFO - Pass: Optimize1qGatesDecomposition - 0.01383 (ms)
2025-07-30 14:43:23,625 - qiskit.passmanager.base_tasks - INFO - Pass: Optimize1qGatesDecomposition - 0.01502 (ms)
2025-07-30 14:43:24,315 - qiskit.passmanager.base_tasks - INFO - Pass: Optimize1qGatesDecomposition - 0.01478 (ms)
2025-07-30 14:43:25,012 - qiskit.passmanager.base_tasks - INFO - Pass: Optimize1qGatesDecomposition - 0.01502 (ms)
2025-07-30 14:43:25,704 - qiskit.passmanager.base_tasks - INFO - Pass: Optimize1qGatesDecomposition - 0.01597 (ms)
2025-07-30 14:43:26,455 - qiskit.passmanager.base_tasks - INFO - Pass: Optimize1qGatesDecomposition - 0.01526 (ms)
2025-07-30 14:43:27,162 - qiskit.passmanager.base_tasks - INFO - Pass: Optimize1qGatesDecomposition - 0.01526 (ms)
2025-07-30 14:43:27,872 - qiskit.passmanager.base_tasks - INFO - Pass: Optimize1qGatesDecomposition - 0.01311 (ms)
2025-07-30 14:43:28,539 - qiskit.passmanager.base_tasks - INFO - Pass: Optimize1qGatesDecomposition - 0.01526 (ms)
2025-07-30 14:43:29,215 - qiskit.passmanager.base_tasks - INFO - Pass: Optimize1qGatesDecomposition - 0.01407 (ms)
