2025-08-07 18:40:00,341 - root - INFO - ++++++++++++++++ Starting at 2025-08-07 18:40:00.341355 +++++++++++++++++
2025-08-07 18:40:00,341 - src.ProcessQaoa - INFO - Using p_level:: 1
2025-08-07 18:40:03,122 - src.ProcessQaoa - INFO - Using Real Hardware
2025-08-07 18:40:05,172 - qiskit.passmanager.base_tasks - INFO - Pass: ContainsInstruction - 0.01574 (ms)
2025-08-07 18:40:05,172 - qiskit.passmanager.base_tasks - INFO - Pass: UnitarySynthesis - 0.00310 (ms)
2025-08-07 18:40:05,205 - qiskit.passmanager.base_tasks - INFO - Pass: HighLevelSynthesis - 33.36978 (ms)
2025-08-07 18:40:05,205 - qiskit.passmanager.base_tasks - INFO - Pass: BasisTranslator - 0.01907 (ms)
2025-08-07 18:40:05,205 - qiskit.passmanager.base_tasks - INFO - Pass: ElidePermutations - 0.00381 (ms)
2025-08-07 18:40:05,206 - qiskit.passmanager.base_tasks - INFO - Pass: RemoveDiagonalGatesBeforeMeasure - 0.21482 (ms)
2025-08-07 18:40:05,206 - qiskit.passmanager.base_tasks - INFO - Pass: RemoveIdentityEquivalent - 0.00310 (ms)
2025-08-07 18:40:05,206 - qiskit.passmanager.base_tasks - INFO - Pass: InverseCancellation - 0.09179 (ms)
2025-08-07 18:40:05,206 - qiskit.passmanager.base_tasks - INFO - Pass: ContractIdleWiresInControlFlow - 0.00095 (ms)
2025-08-07 18:40:05,206 - qiskit.passmanager.base_tasks - INFO - Pass: CommutativeCancellation - 0.05078 (ms)
2025-08-07 18:40:05,206 - qiskit.passmanager.base_tasks - INFO - Pass: ConsolidateBlocks - 0.03672 (ms)
2025-08-07 18:40:05,206 - qiskit.passmanager.base_tasks - INFO - Pass: Split2QUnitaries - 0.20814 (ms)
2025-08-07 18:40:05,206 - qiskit.passmanager.base_tasks - INFO - Pass: SetLayout - 0.00191 (ms)
2025-08-07 18:40:05,208 - qiskit.passmanager.base_tasks - INFO - Pass: VF2Layout - 2.04420 (ms)
2025-08-07 18:40:05,208 - qiskit.passmanager.base_tasks - INFO - Pass: BarrierBeforeFinalMeasurements - 0.00310 (ms)
2025-08-07 18:40:05,226 - qiskit.passmanager.base_tasks - INFO - Pass: SabreLayout - 17.85898 (ms)
2025-08-07 18:40:05,226 - qiskit.passmanager.base_tasks - INFO - Pass: CheckMap - 0.02193 (ms)
2025-08-07 18:40:05,229 - qiskit.passmanager.base_tasks - INFO - Pass: VF2PostLayout - 2.88105 (ms)
2025-08-07 18:40:05,230 - qiskit.passmanager.base_tasks - INFO - Pass: ApplyLayout - 0.59700 (ms)
2025-08-07 18:40:05,230 - qiskit.passmanager.base_tasks - INFO - Pass: FilterOpNodes - 0.05770 (ms)
2025-08-07 18:40:05,230 - qiskit.passmanager.base_tasks - INFO - Pass: UnitarySynthesis - 0.00286 (ms)
2025-08-07 18:40:05,230 - qiskit.passmanager.base_tasks - INFO - Pass: HighLevelSynthesis - 0.02193 (ms)
2025-08-07 18:40:05,231 - qiskit.passmanager.base_tasks - INFO - Pass: BasisTranslator - 1.25408 (ms)
2025-08-07 18:40:05,231 - qiskit.passmanager.base_tasks - INFO - Pass: CheckGateDirection - 0.00429 (ms)
2025-08-07 18:40:05,232 - qiskit.passmanager.base_tasks - INFO - Pass: GateDirection - 1.15323 (ms)
2025-08-07 18:40:05,236 - qiskit.passmanager.base_tasks - INFO - Pass: BasisTranslator - 3.47805 (ms)
2025-08-07 18:40:05,236 - qiskit.passmanager.base_tasks - INFO - Pass: Depth - 0.13804 (ms)
2025-08-07 18:40:05,236 - qiskit.passmanager.base_tasks - INFO - Pass: Size - 0.00095 (ms)
2025-08-07 18:40:05,236 - qiskit.passmanager.base_tasks - INFO - Pass: MinimumPoint - 0.00501 (ms)
2025-08-07 18:40:05,237 - qiskit.passmanager.base_tasks - INFO - Pass: ConsolidateBlocks - 1.25408 (ms)
2025-08-07 18:40:05,240 - qiskit.passmanager.base_tasks - INFO - Pass: UnitarySynthesis - 2.33388 (ms)
2025-08-07 18:40:05,240 - qiskit.passmanager.base_tasks - INFO - Pass: RemoveIdentityEquivalent - 0.03815 (ms)
2025-08-07 18:40:05,241 - qiskit.passmanager.base_tasks - INFO - Pass: Optimize1qGatesDecomposition - 1.14107 (ms)
2025-08-07 18:40:05,242 - qiskit.passmanager.base_tasks - INFO - Pass: CommutativeCancellation - 0.71335 (ms)
2025-08-07 18:40:05,242 - qiskit.passmanager.base_tasks - INFO - Pass: ContractIdleWiresInControlFlow - 0.00000 (ms)
2025-08-07 18:40:05,242 - qiskit.passmanager.base_tasks - INFO - Pass: GatesInBasis - 0.09775 (ms)
2025-08-07 18:40:05,242 - qiskit.passmanager.base_tasks - INFO - Pass: Depth - 0.09012 (ms)
2025-08-07 18:40:05,242 - qiskit.passmanager.base_tasks - INFO - Pass: Size - 0.00119 (ms)
2025-08-07 18:40:05,257 - qiskit.passmanager.base_tasks - INFO - Pass: MinimumPoint - 15.30600 (ms)
2025-08-07 18:40:05,258 - qiskit.passmanager.base_tasks - INFO - Pass: ConsolidateBlocks - 0.71979 (ms)
2025-08-07 18:40:05,259 - qiskit.passmanager.base_tasks - INFO - Pass: UnitarySynthesis - 0.54812 (ms)
2025-08-07 18:40:05,259 - qiskit.passmanager.base_tasks - INFO - Pass: RemoveIdentityEquivalent - 0.03028 (ms)
2025-08-07 18:40:05,259 - qiskit.passmanager.base_tasks - INFO - Pass: Optimize1qGatesDecomposition - 0.22602 (ms)
2025-08-07 18:40:05,259 - qiskit.passmanager.base_tasks - INFO - Pass: CommutativeCancellation - 0.27895 (ms)
2025-08-07 18:40:05,259 - qiskit.passmanager.base_tasks - INFO - Pass: ContractIdleWiresInControlFlow - 0.00000 (ms)
2025-08-07 18:40:05,259 - qiskit.passmanager.base_tasks - INFO - Pass: GatesInBasis - 0.09608 (ms)
2025-08-07 18:40:05,259 - qiskit.passmanager.base_tasks - INFO - Pass: Depth - 0.08082 (ms)
2025-08-07 18:40:05,259 - qiskit.passmanager.base_tasks - INFO - Pass: Size - 0.00095 (ms)
2025-08-07 18:40:05,274 - qiskit.passmanager.base_tasks - INFO - Pass: MinimumPoint - 14.83917 (ms)
2025-08-07 18:40:05,275 - qiskit.passmanager.base_tasks - INFO - Pass: ConsolidateBlocks - 0.76604 (ms)
2025-08-07 18:40:05,276 - qiskit.passmanager.base_tasks - INFO - Pass: UnitarySynthesis - 0.49019 (ms)
2025-08-07 18:40:05,276 - qiskit.passmanager.base_tasks - INFO - Pass: RemoveIdentityEquivalent - 0.03004 (ms)
2025-08-07 18:40:05,276 - qiskit.passmanager.base_tasks - INFO - Pass: Optimize1qGatesDecomposition - 0.22125 (ms)
2025-08-07 18:40:05,276 - qiskit.passmanager.base_tasks - INFO - Pass: CommutativeCancellation - 0.26488 (ms)
2025-08-07 18:40:05,276 - qiskit.passmanager.base_tasks - INFO - Pass: ContractIdleWiresInControlFlow - 0.00000 (ms)
2025-08-07 18:40:05,276 - qiskit.passmanager.base_tasks - INFO - Pass: GatesInBasis - 0.09608 (ms)
2025-08-07 18:40:05,276 - qiskit.passmanager.base_tasks - INFO - Pass: Depth - 0.07820 (ms)
2025-08-07 18:40:05,276 - qiskit.passmanager.base_tasks - INFO - Pass: Size - 0.00000 (ms)
2025-08-07 18:40:05,291 - qiskit.passmanager.base_tasks - INFO - Pass: MinimumPoint - 14.83798 (ms)
2025-08-07 18:40:05,292 - qiskit.passmanager.base_tasks - INFO - Pass: ConsolidateBlocks - 0.75889 (ms)
2025-08-07 18:40:05,293 - qiskit.passmanager.base_tasks - INFO - Pass: UnitarySynthesis - 0.51498 (ms)
2025-08-07 18:40:05,293 - qiskit.passmanager.base_tasks - INFO - Pass: RemoveIdentityEquivalent - 0.03099 (ms)
2025-08-07 18:40:05,293 - qiskit.passmanager.base_tasks - INFO - Pass: Optimize1qGatesDecomposition - 0.21791 (ms)
2025-08-07 18:40:05,293 - qiskit.passmanager.base_tasks - INFO - Pass: CommutativeCancellation - 0.24915 (ms)
2025-08-07 18:40:05,293 - qiskit.passmanager.base_tasks - INFO - Pass: ContractIdleWiresInControlFlow - 0.00000 (ms)
2025-08-07 18:40:05,293 - qiskit.passmanager.base_tasks - INFO - Pass: GatesInBasis - 0.09608 (ms)
2025-08-07 18:40:05,293 - qiskit.passmanager.base_tasks - INFO - Pass: Depth - 0.07796 (ms)
2025-08-07 18:40:05,293 - qiskit.passmanager.base_tasks - INFO - Pass: Size - 0.00095 (ms)
2025-08-07 18:40:05,293 - qiskit.passmanager.base_tasks - INFO - Pass: MinimumPoint - 0.00215 (ms)
2025-08-07 18:40:05,294 - qiskit.passmanager.base_tasks - INFO - Pass: ConsolidateBlocks - 0.70190 (ms)
2025-08-07 18:40:05,295 - qiskit.passmanager.base_tasks - INFO - Pass: UnitarySynthesis - 0.48685 (ms)
2025-08-07 18:40:05,295 - qiskit.passmanager.base_tasks - INFO - Pass: RemoveIdentityEquivalent - 0.02980 (ms)
2025-08-07 18:40:05,295 - qiskit.passmanager.base_tasks - INFO - Pass: Optimize1qGatesDecomposition - 0.21577 (ms)
2025-08-07 18:40:05,295 - qiskit.passmanager.base_tasks - INFO - Pass: CommutativeCancellation - 0.24509 (ms)
2025-08-07 18:40:05,295 - qiskit.passmanager.base_tasks - INFO - Pass: ContractIdleWiresInControlFlow - 0.00095 (ms)
2025-08-07 18:40:05,295 - qiskit.passmanager.base_tasks - INFO - Pass: GatesInBasis - 0.09608 (ms)
2025-08-07 18:40:05,295 - qiskit.passmanager.base_tasks - INFO - Pass: Depth - 0.07772 (ms)
2025-08-07 18:40:05,295 - qiskit.passmanager.base_tasks - INFO - Pass: Size - 0.00095 (ms)
2025-08-07 18:40:05,295 - qiskit.passmanager.base_tasks - INFO - Pass: MinimumPoint - 0.00095 (ms)
2025-08-07 18:40:05,296 - qiskit.passmanager.base_tasks - INFO - Pass: ConsolidateBlocks - 0.70691 (ms)
2025-08-07 18:40:05,297 - qiskit.passmanager.base_tasks - INFO - Pass: UnitarySynthesis - 0.48018 (ms)
2025-08-07 18:40:05,297 - qiskit.passmanager.base_tasks - INFO - Pass: RemoveIdentityEquivalent - 0.03195 (ms)
2025-08-07 18:40:05,297 - qiskit.passmanager.base_tasks - INFO - Pass: Optimize1qGatesDecomposition - 0.23198 (ms)
2025-08-07 18:40:05,297 - qiskit.passmanager.base_tasks - INFO - Pass: CommutativeCancellation - 0.27585 (ms)
2025-08-07 18:40:05,297 - qiskit.passmanager.base_tasks - INFO - Pass: ContractIdleWiresInControlFlow - 0.00000 (ms)
2025-08-07 18:40:05,297 - qiskit.passmanager.base_tasks - INFO - Pass: GatesInBasis - 0.10300 (ms)
2025-08-07 18:40:05,297 - qiskit.passmanager.base_tasks - INFO - Pass: Depth - 0.08392 (ms)
2025-08-07 18:40:05,297 - qiskit.passmanager.base_tasks - INFO - Pass: Size - 0.00095 (ms)
2025-08-07 18:40:05,297 - qiskit.passmanager.base_tasks - INFO - Pass: MinimumPoint - 0.00119 (ms)
2025-08-07 18:40:05,298 - qiskit.passmanager.base_tasks - INFO - Pass: ConsolidateBlocks - 0.75173 (ms)
2025-08-07 18:40:05,299 - qiskit.passmanager.base_tasks - INFO - Pass: UnitarySynthesis - 0.50783 (ms)
2025-08-07 18:40:05,299 - qiskit.passmanager.base_tasks - INFO - Pass: RemoveIdentityEquivalent - 0.03195 (ms)
2025-08-07 18:40:05,299 - qiskit.passmanager.base_tasks - INFO - Pass: Optimize1qGatesDecomposition - 0.22888 (ms)
2025-08-07 18:40:05,299 - qiskit.passmanager.base_tasks - INFO - Pass: CommutativeCancellation - 0.24509 (ms)
2025-08-07 18:40:05,299 - qiskit.passmanager.base_tasks - INFO - Pass: ContractIdleWiresInControlFlow - 0.00215 (ms)
2025-08-07 18:40:05,299 - qiskit.passmanager.base_tasks - INFO - Pass: GatesInBasis - 0.09608 (ms)
2025-08-07 18:40:05,300 - qiskit.passmanager.base_tasks - INFO - Pass: Depth - 0.07892 (ms)
2025-08-07 18:40:05,300 - qiskit.passmanager.base_tasks - INFO - Pass: Size - 0.00119 (ms)
2025-08-07 18:40:05,300 - qiskit.passmanager.base_tasks - INFO - Pass: MinimumPoint - 0.00215 (ms)
2025-08-07 18:40:05,300 - qiskit.passmanager.base_tasks - INFO - Pass: ContainsInstruction - 0.00215 (ms)
2025-08-07 18:40:05,300 - qiskit.passmanager.base_tasks - INFO - Pass: InstructionDurationCheck - 0.11683 (ms)
