2025-07-25 03:11:43,771 - root - INFO - ++++++++++++++++ Starting at 2025-07-25 03:11:43.771625 +++++++++++++++++
2025-07-25 03:11:43,771 - src.ProcessQaoa - INFO - Using p_level:: 1
2025-07-25 03:11:45,827 - src.ProcessQaoa - INFO - Using Real Hardware
2025-07-25 03:11:47,186 - qiskit.passmanager.base_tasks - INFO - Pass: ContainsInstruction - 0.22197 (ms)
2025-07-25 03:11:47,186 - qiskit.passmanager.base_tasks - INFO - Pass: UnitarySynthesis - 0.00381 (ms)
2025-07-25 03:11:47,254 - qiskit.passmanager.base_tasks - INFO - Pass: HighLevelSynthesis - 67.66582 (ms)
2025-07-25 03:11:47,254 - qiskit.passmanager.base_tasks - INFO - Pass: BasisTranslator - 0.05698 (ms)
2025-07-25 03:11:47,254 - qiskit.passmanager.base_tasks - INFO - Pass: ElidePermutations - 0.00405 (ms)
2025-07-25 03:11:47,254 - qiskit.passmanager.base_tasks - INFO - Pass: RemoveDiagonalGatesBeforeMeasure - 0.20003 (ms)
2025-07-25 03:11:47,254 - qiskit.passmanager.base_tasks - INFO - Pass: RemoveIdentityEquivalent - 0.00691 (ms)
2025-07-25 03:11:47,254 - qiskit.passmanager.base_tasks - INFO - Pass: InverseCancellation - 0.29206 (ms)
2025-07-25 03:11:47,254 - qiskit.passmanager.base_tasks - INFO - Pass: ContractIdleWiresInControlFlow - 0.00215 (ms)
2025-07-25 03:11:47,255 - qiskit.passmanager.base_tasks - INFO - Pass: CommutativeCancellation - 0.23413 (ms)
2025-07-25 03:11:47,255 - qiskit.passmanager.base_tasks - INFO - Pass: ConsolidateBlocks - 0.12326 (ms)
2025-07-25 03:11:47,255 - qiskit.passmanager.base_tasks - INFO - Pass: Split2QUnitaries - 0.16212 (ms)
2025-07-25 03:11:47,255 - qiskit.passmanager.base_tasks - INFO - Pass: SetLayout - 0.00215 (ms)
2025-07-25 03:11:47,258 - qiskit.passmanager.base_tasks - INFO - Pass: VF2Layout - 2.98786 (ms)
2025-07-25 03:11:47,258 - qiskit.passmanager.base_tasks - INFO - Pass: BarrierBeforeFinalMeasurements - 0.00381 (ms)
2025-07-25 03:11:47,515 - qiskit.passmanager.base_tasks - INFO - Pass: SabreLayout - 257.33709 (ms)
2025-07-25 03:11:47,515 - qiskit.passmanager.base_tasks - INFO - Pass: CheckMap - 0.05198 (ms)
2025-07-25 03:11:47,523 - qiskit.passmanager.base_tasks - INFO - Pass: VF2PostLayout - 7.71713 (ms)
2025-07-25 03:11:47,527 - qiskit.passmanager.base_tasks - INFO - Pass: ApplyLayout - 3.83592 (ms)
2025-07-25 03:11:47,528 - qiskit.passmanager.base_tasks - INFO - Pass: FilterOpNodes - 0.55909 (ms)
2025-07-25 03:11:47,528 - qiskit.passmanager.base_tasks - INFO - Pass: UnitarySynthesis - 0.00405 (ms)
2025-07-25 03:11:47,528 - qiskit.passmanager.base_tasks - INFO - Pass: HighLevelSynthesis - 0.18406 (ms)
2025-07-25 03:11:47,545 - qiskit.passmanager.base_tasks - INFO - Pass: BasisTranslator - 17.12394 (ms)
2025-07-25 03:11:47,545 - qiskit.passmanager.base_tasks - INFO - Pass: CheckGateDirection - 0.00501 (ms)
2025-07-25 03:11:47,589 - qiskit.passmanager.base_tasks - INFO - Pass: GateDirection - 44.24715 (ms)
2025-07-25 03:11:48,025 - qiskit.passmanager.base_tasks - INFO - Pass: BasisTranslator - 435.23002 (ms)
2025-07-25 03:11:48,028 - qiskit.passmanager.base_tasks - INFO - Pass: Depth - 3.01003 (ms)
2025-07-25 03:11:48,029 - qiskit.passmanager.base_tasks - INFO - Pass: Size - 0.00286 (ms)
2025-07-25 03:11:48,029 - qiskit.passmanager.base_tasks - INFO - Pass: MinimumPoint - 0.00811 (ms)
2025-07-25 03:11:48,044 - qiskit.passmanager.base_tasks - INFO - Pass: ConsolidateBlocks - 15.81216 (ms)
2025-07-25 03:11:48,121 - qiskit.passmanager.base_tasks - INFO - Pass: UnitarySynthesis - 76.69187 (ms)
2025-07-25 03:11:48,122 - qiskit.passmanager.base_tasks - INFO - Pass: RemoveIdentityEquivalent - 0.55909 (ms)
2025-07-25 03:11:48,280 - qiskit.passmanager.base_tasks - INFO - Pass: Optimize1qGatesDecomposition - 158.11205 (ms)
2025-07-25 03:11:48,346 - qiskit.passmanager.base_tasks - INFO - Pass: CommutativeCancellation - 65.97400 (ms)
2025-07-25 03:11:48,346 - qiskit.passmanager.base_tasks - INFO - Pass: ContractIdleWiresInControlFlow - 0.00310 (ms)
2025-07-25 03:11:48,348 - qiskit.passmanager.base_tasks - INFO - Pass: GatesInBasis - 1.45030 (ms)
2025-07-25 03:11:48,349 - qiskit.passmanager.base_tasks - INFO - Pass: Depth - 1.58000 (ms)
2025-07-25 03:11:48,349 - qiskit.passmanager.base_tasks - INFO - Pass: Size - 0.00215 (ms)
2025-07-25 03:11:48,642 - qiskit.passmanager.base_tasks - INFO - Pass: MinimumPoint - 292.45114 (ms)
2025-07-25 03:11:48,653 - qiskit.passmanager.base_tasks - INFO - Pass: ConsolidateBlocks - 11.34491 (ms)
2025-07-25 03:11:48,669 - qiskit.passmanager.base_tasks - INFO - Pass: UnitarySynthesis - 15.93971 (ms)
2025-07-25 03:11:48,670 - qiskit.passmanager.base_tasks - INFO - Pass: RemoveIdentityEquivalent - 0.52404 (ms)
2025-07-25 03:11:48,674 - qiskit.passmanager.base_tasks - INFO - Pass: Optimize1qGatesDecomposition - 3.99208 (ms)
2025-07-25 03:11:48,684 - qiskit.passmanager.base_tasks - INFO - Pass: CommutativeCancellation - 9.33981 (ms)
2025-07-25 03:11:48,684 - qiskit.passmanager.base_tasks - INFO - Pass: ContractIdleWiresInControlFlow - 0.00310 (ms)
2025-07-25 03:11:48,685 - qiskit.passmanager.base_tasks - INFO - Pass: GatesInBasis - 1.31702 (ms)
2025-07-25 03:11:48,686 - qiskit.passmanager.base_tasks - INFO - Pass: Depth - 1.37377 (ms)
2025-07-25 03:11:48,686 - qiskit.passmanager.base_tasks - INFO - Pass: Size - 0.00095 (ms)
2025-07-25 03:11:48,934 - qiskit.passmanager.base_tasks - INFO - Pass: MinimumPoint - 247.50590 (ms)
2025-07-25 03:11:48,945 - qiskit.passmanager.base_tasks - INFO - Pass: ConsolidateBlocks - 10.89668 (ms)
2025-07-25 03:11:48,958 - qiskit.passmanager.base_tasks - INFO - Pass: UnitarySynthesis - 12.93516 (ms)
2025-07-25 03:11:48,959 - qiskit.passmanager.base_tasks - INFO - Pass: RemoveIdentityEquivalent - 0.51403 (ms)
2025-07-25 03:11:48,963 - qiskit.passmanager.base_tasks - INFO - Pass: Optimize1qGatesDecomposition - 3.70836 (ms)
2025-07-25 03:11:48,968 - qiskit.passmanager.base_tasks - INFO - Pass: CommutativeCancellation - 5.69224 (ms)
2025-07-25 03:11:48,968 - qiskit.passmanager.base_tasks - INFO - Pass: ContractIdleWiresInControlFlow - 0.00191 (ms)
2025-07-25 03:11:48,970 - qiskit.passmanager.base_tasks - INFO - Pass: GatesInBasis - 1.38402 (ms)
2025-07-25 03:11:48,971 - qiskit.passmanager.base_tasks - INFO - Pass: Depth - 1.44410 (ms)
2025-07-25 03:11:48,971 - qiskit.passmanager.base_tasks - INFO - Pass: Size - 0.00215 (ms)
2025-07-25 03:11:49,231 - qiskit.passmanager.base_tasks - INFO - Pass: MinimumPoint - 259.96804 (ms)
2025-07-25 03:11:49,243 - qiskit.passmanager.base_tasks - INFO - Pass: ConsolidateBlocks - 11.23118 (ms)
2025-07-25 03:11:49,255 - qiskit.passmanager.base_tasks - INFO - Pass: UnitarySynthesis - 11.94167 (ms)
2025-07-25 03:11:49,255 - qiskit.passmanager.base_tasks - INFO - Pass: RemoveIdentityEquivalent - 0.47779 (ms)
2025-07-25 03:11:49,259 - qiskit.passmanager.base_tasks - INFO - Pass: Optimize1qGatesDecomposition - 3.57914 (ms)
2025-07-25 03:11:49,263 - qiskit.passmanager.base_tasks - INFO - Pass: CommutativeCancellation - 4.31204 (ms)
2025-07-25 03:11:49,264 - qiskit.passmanager.base_tasks - INFO - Pass: ContractIdleWiresInControlFlow - 0.00477 (ms)
2025-07-25 03:11:49,265 - qiskit.passmanager.base_tasks - INFO - Pass: GatesInBasis - 1.36685 (ms)
2025-07-25 03:11:49,266 - qiskit.passmanager.base_tasks - INFO - Pass: Depth - 1.35517 (ms)
2025-07-25 03:11:49,266 - qiskit.passmanager.base_tasks - INFO - Pass: Size - 0.00215 (ms)
2025-07-25 03:11:49,266 - qiskit.passmanager.base_tasks - INFO - Pass: MinimumPoint - 0.00381 (ms)
2025-07-25 03:11:49,277 - qiskit.passmanager.base_tasks - INFO - Pass: ConsolidateBlocks - 10.66542 (ms)
2025-07-25 03:11:49,289 - qiskit.passmanager.base_tasks - INFO - Pass: UnitarySynthesis - 12.13694 (ms)
2025-07-25 03:11:49,290 - qiskit.passmanager.base_tasks - INFO - Pass: RemoveIdentityEquivalent - 0.53406 (ms)
2025-07-25 03:11:49,294 - qiskit.passmanager.base_tasks - INFO - Pass: Optimize1qGatesDecomposition - 3.65782 (ms)
2025-07-25 03:11:49,298 - qiskit.passmanager.base_tasks - INFO - Pass: CommutativeCancellation - 4.35591 (ms)
2025-07-25 03:11:49,298 - qiskit.passmanager.base_tasks - INFO - Pass: ContractIdleWiresInControlFlow - 0.00215 (ms)
2025-07-25 03:11:49,300 - qiskit.passmanager.base_tasks - INFO - Pass: GatesInBasis - 1.40786 (ms)
2025-07-25 03:11:49,301 - qiskit.passmanager.base_tasks - INFO - Pass: Depth - 1.32513 (ms)
2025-07-25 03:11:49,301 - qiskit.passmanager.base_tasks - INFO - Pass: Size - 0.00191 (ms)
2025-07-25 03:11:49,301 - qiskit.passmanager.base_tasks - INFO - Pass: MinimumPoint - 0.00525 (ms)
2025-07-25 03:11:49,312 - qiskit.passmanager.base_tasks - INFO - Pass: ConsolidateBlocks - 10.70189 (ms)
2025-07-25 03:11:49,324 - qiskit.passmanager.base_tasks - INFO - Pass: UnitarySynthesis - 12.01701 (ms)
2025-07-25 03:11:49,325 - qiskit.passmanager.base_tasks - INFO - Pass: RemoveIdentityEquivalent - 0.53716 (ms)
2025-07-25 03:11:49,329 - qiskit.passmanager.base_tasks - INFO - Pass: Optimize1qGatesDecomposition - 3.76797 (ms)
2025-07-25 03:11:49,333 - qiskit.passmanager.base_tasks - INFO - Pass: CommutativeCancellation - 3.94797 (ms)
2025-07-25 03:11:49,333 - qiskit.passmanager.base_tasks - INFO - Pass: ContractIdleWiresInControlFlow - 0.00167 (ms)
2025-07-25 03:11:49,334 - qiskit.passmanager.base_tasks - INFO - Pass: GatesInBasis - 1.39093 (ms)
2025-07-25 03:11:49,335 - qiskit.passmanager.base_tasks - INFO - Pass: Depth - 1.31512 (ms)
2025-07-25 03:11:49,335 - qiskit.passmanager.base_tasks - INFO - Pass: Size - 0.00191 (ms)
2025-07-25 03:11:49,336 - qiskit.passmanager.base_tasks - INFO - Pass: MinimumPoint - 0.00501 (ms)
2025-07-25 03:11:49,346 - qiskit.passmanager.base_tasks - INFO - Pass: ConsolidateBlocks - 10.55217 (ms)
2025-07-25 03:11:49,358 - qiskit.passmanager.base_tasks - INFO - Pass: UnitarySynthesis - 12.18104 (ms)
2025-07-25 03:11:49,359 - qiskit.passmanager.base_tasks - INFO - Pass: RemoveIdentityEquivalent - 0.62108 (ms)
2025-07-25 03:11:49,363 - qiskit.passmanager.base_tasks - INFO - Pass: Optimize1qGatesDecomposition - 3.42798 (ms)
2025-07-25 03:11:49,367 - qiskit.passmanager.base_tasks - INFO - Pass: CommutativeCancellation - 3.79086 (ms)
2025-07-25 03:11:49,367 - qiskit.passmanager.base_tasks - INFO - Pass: ContractIdleWiresInControlFlow - 0.00310 (ms)
2025-07-25 03:11:49,368 - qiskit.passmanager.base_tasks - INFO - Pass: GatesInBasis - 1.32990 (ms)
2025-07-25 03:11:49,369 - qiskit.passmanager.base_tasks - INFO - Pass: Depth - 1.34993 (ms)
2025-07-25 03:11:49,369 - qiskit.passmanager.base_tasks - INFO - Pass: Size - 0.00095 (ms)
2025-07-25 03:11:49,369 - qiskit.passmanager.base_tasks - INFO - Pass: MinimumPoint - 0.00501 (ms)
2025-07-25 03:11:49,371 - qiskit.passmanager.base_tasks - INFO - Pass: ContainsInstruction - 0.00787 (ms)
2025-07-25 03:11:49,372 - qiskit.passmanager.base_tasks - INFO - Pass: InstructionDurationCheck - 1.56736 (ms)
