2025-08-06 17:44:03,219 - root - INFO - ++++++++++++++++ Starting at 2025-08-06 17:44:03.218995 +++++++++++++++++
2025-08-06 17:44:03,219 - src.ProcessQaoa - INFO - Using p_level:: 1
2025-08-06 17:44:07,037 - src.ProcessQaoa - INFO - Using Real Hardware
2025-08-06 17:44:14,916 - qiskit.passmanager.base_tasks - INFO - Pass: ContainsInstruction - 0.13709 (ms)
2025-08-06 17:44:14,916 - qiskit.passmanager.base_tasks - INFO - Pass: UnitarySynthesis - 0.00310 (ms)
2025-08-06 17:44:15,004 - qiskit.passmanager.base_tasks - INFO - Pass: HighLevelSynthesis - 87.98885 (ms)
2025-08-06 17:44:15,005 - qiskit.passmanager.base_tasks - INFO - Pass: BasisTranslator - 0.09775 (ms)
2025-08-06 17:44:15,005 - qiskit.passmanager.base_tasks - INFO - Pass: ElidePermutations - 0.00310 (ms)
2025-08-06 17:44:15,005 - qiskit.passmanager.base_tasks - INFO - Pass: RemoveDiagonalGatesBeforeMeasure - 0.18001 (ms)
2025-08-06 17:44:15,005 - qiskit.passmanager.base_tasks - INFO - Pass: RemoveIdentityEquivalent - 0.00787 (ms)
2025-08-06 17:44:15,006 - qiskit.passmanager.base_tasks - INFO - Pass: InverseCancellation - 0.84114 (ms)
2025-08-06 17:44:15,006 - qiskit.passmanager.base_tasks - INFO - Pass: ContractIdleWiresInControlFlow - 0.00119 (ms)
2025-08-06 17:44:15,006 - qiskit.passmanager.base_tasks - INFO - Pass: CommutativeCancellation - 0.34618 (ms)
2025-08-06 17:44:15,006 - qiskit.passmanager.base_tasks - INFO - Pass: ConsolidateBlocks - 0.20385 (ms)
2025-08-06 17:44:15,006 - qiskit.passmanager.base_tasks - INFO - Pass: Split2QUnitaries - 0.03576 (ms)
2025-08-06 17:44:15,007 - qiskit.passmanager.base_tasks - INFO - Pass: SetLayout - 0.00095 (ms)
2025-08-06 17:44:15,010 - qiskit.passmanager.base_tasks - INFO - Pass: VF2Layout - 3.86190 (ms)
2025-08-06 17:44:15,010 - qiskit.passmanager.base_tasks - INFO - Pass: BarrierBeforeFinalMeasurements - 0.00381 (ms)
2025-08-06 17:44:15,459 - qiskit.passmanager.base_tasks - INFO - Pass: SabreLayout - 448.42196 (ms)
2025-08-06 17:44:15,459 - qiskit.passmanager.base_tasks - INFO - Pass: CheckMap - 0.06700 (ms)
2025-08-06 17:44:15,468 - qiskit.passmanager.base_tasks - INFO - Pass: VF2PostLayout - 8.51464 (ms)
2025-08-06 17:44:15,469 - qiskit.passmanager.base_tasks - INFO - Pass: FilterOpNodes - 0.86093 (ms)
2025-08-06 17:44:15,469 - qiskit.passmanager.base_tasks - INFO - Pass: UnitarySynthesis - 0.00405 (ms)
2025-08-06 17:44:15,469 - qiskit.passmanager.base_tasks - INFO - Pass: HighLevelSynthesis - 0.28801 (ms)
2025-08-06 17:44:15,538 - qiskit.passmanager.base_tasks - INFO - Pass: BasisTranslator - 68.84623 (ms)
2025-08-06 17:44:15,538 - qiskit.passmanager.base_tasks - INFO - Pass: CheckGateDirection - 0.00501 (ms)
2025-08-06 17:44:15,639 - qiskit.passmanager.base_tasks - INFO - Pass: GateDirection - 100.95477 (ms)
2025-08-06 17:44:16,833 - qiskit.passmanager.base_tasks - INFO - Pass: BasisTranslator - 1194.39721 (ms)
2025-08-06 17:44:16,839 - qiskit.passmanager.base_tasks - INFO - Pass: Depth - 4.61602 (ms)
2025-08-06 17:44:16,839 - qiskit.passmanager.base_tasks - INFO - Pass: Size - 0.00405 (ms)
2025-08-06 17:44:16,839 - qiskit.passmanager.base_tasks - INFO - Pass: MinimumPoint - 0.00572 (ms)
2025-08-06 17:44:16,867 - qiskit.passmanager.base_tasks - INFO - Pass: ConsolidateBlocks - 28.11122 (ms)
2025-08-06 17:44:17,078 - qiskit.passmanager.base_tasks - INFO - Pass: UnitarySynthesis - 209.98287 (ms)
2025-08-06 17:44:17,079 - qiskit.passmanager.base_tasks - INFO - Pass: RemoveIdentityEquivalent - 1.43600 (ms)
2025-08-06 17:44:17,538 - qiskit.passmanager.base_tasks - INFO - Pass: Optimize1qGatesDecomposition - 459.19585 (ms)
2025-08-06 17:44:17,707 - qiskit.passmanager.base_tasks - INFO - Pass: CommutativeCancellation - 168.91623 (ms)
2025-08-06 17:44:17,707 - qiskit.passmanager.base_tasks - INFO - Pass: ContractIdleWiresInControlFlow - 0.00286 (ms)
2025-08-06 17:44:17,710 - qiskit.passmanager.base_tasks - INFO - Pass: GatesInBasis - 2.55728 (ms)
2025-08-06 17:44:17,713 - qiskit.passmanager.base_tasks - INFO - Pass: Depth - 2.72512 (ms)
2025-08-06 17:44:17,713 - qiskit.passmanager.base_tasks - INFO - Pass: Size - 0.00191 (ms)
2025-08-06 17:44:18,163 - qiskit.passmanager.base_tasks - INFO - Pass: MinimumPoint - 449.69916 (ms)
2025-08-06 17:44:18,183 - qiskit.passmanager.base_tasks - INFO - Pass: ConsolidateBlocks - 20.27702 (ms)
2025-08-06 17:44:18,222 - qiskit.passmanager.base_tasks - INFO - Pass: UnitarySynthesis - 38.78903 (ms)
2025-08-06 17:44:18,223 - qiskit.passmanager.base_tasks - INFO - Pass: RemoveIdentityEquivalent - 0.90194 (ms)
2025-08-06 17:44:18,231 - qiskit.passmanager.base_tasks - INFO - Pass: Optimize1qGatesDecomposition - 7.18689 (ms)
2025-08-06 17:44:18,252 - qiskit.passmanager.base_tasks - INFO - Pass: CommutativeCancellation - 21.18969 (ms)
2025-08-06 17:44:18,252 - qiskit.passmanager.base_tasks - INFO - Pass: ContractIdleWiresInControlFlow - 0.00215 (ms)
2025-08-06 17:44:18,254 - qiskit.passmanager.base_tasks - INFO - Pass: GatesInBasis - 2.52390 (ms)
2025-08-06 17:44:18,257 - qiskit.passmanager.base_tasks - INFO - Pass: Depth - 2.45190 (ms)
2025-08-06 17:44:18,257 - qiskit.passmanager.base_tasks - INFO - Pass: Size - 0.00167 (ms)
2025-08-06 17:44:18,721 - qiskit.passmanager.base_tasks - INFO - Pass: MinimumPoint - 464.28704 (ms)
2025-08-06 17:44:18,741 - qiskit.passmanager.base_tasks - INFO - Pass: ConsolidateBlocks - 19.80519 (ms)
2025-08-06 17:44:18,774 - qiskit.passmanager.base_tasks - INFO - Pass: UnitarySynthesis - 32.75585 (ms)
2025-08-06 17:44:18,776 - qiskit.passmanager.base_tasks - INFO - Pass: RemoveIdentityEquivalent - 0.90885 (ms)
2025-08-06 17:44:18,783 - qiskit.passmanager.base_tasks - INFO - Pass: Optimize1qGatesDecomposition - 7.20000 (ms)
2025-08-06 17:44:18,795 - qiskit.passmanager.base_tasks - INFO - Pass: CommutativeCancellation - 12.57825 (ms)
2025-08-06 17:44:18,795 - qiskit.passmanager.base_tasks - INFO - Pass: ContractIdleWiresInControlFlow - 0.00310 (ms)
2025-08-06 17:44:18,798 - qiskit.passmanager.base_tasks - INFO - Pass: GatesInBasis - 2.54393 (ms)
2025-08-06 17:44:18,801 - qiskit.passmanager.base_tasks - INFO - Pass: Depth - 2.49195 (ms)
2025-08-06 17:44:18,801 - qiskit.passmanager.base_tasks - INFO - Pass: Size - 0.00191 (ms)
2025-08-06 17:44:19,221 - qiskit.passmanager.base_tasks - INFO - Pass: MinimumPoint - 420.39514 (ms)
2025-08-06 17:44:19,241 - qiskit.passmanager.base_tasks - INFO - Pass: ConsolidateBlocks - 19.69099 (ms)
2025-08-06 17:44:19,270 - qiskit.passmanager.base_tasks - INFO - Pass: UnitarySynthesis - 29.68717 (ms)
2025-08-06 17:44:19,272 - qiskit.passmanager.base_tasks - INFO - Pass: RemoveIdentityEquivalent - 0.95201 (ms)
2025-08-06 17:44:19,279 - qiskit.passmanager.base_tasks - INFO - Pass: Optimize1qGatesDecomposition - 6.54006 (ms)
2025-08-06 17:44:19,286 - qiskit.passmanager.base_tasks - INFO - Pass: CommutativeCancellation - 7.54571 (ms)
2025-08-06 17:44:19,286 - qiskit.passmanager.base_tasks - INFO - Pass: ContractIdleWiresInControlFlow - 0.00191 (ms)
2025-08-06 17:44:19,289 - qiskit.passmanager.base_tasks - INFO - Pass: GatesInBasis - 2.51198 (ms)
2025-08-06 17:44:19,291 - qiskit.passmanager.base_tasks - INFO - Pass: Depth - 2.45690 (ms)
2025-08-06 17:44:19,291 - qiskit.passmanager.base_tasks - INFO - Pass: Size - 0.00286 (ms)
2025-08-06 17:44:19,291 - qiskit.passmanager.base_tasks - INFO - Pass: MinimumPoint - 0.00501 (ms)
2025-08-06 17:44:19,310 - qiskit.passmanager.base_tasks - INFO - Pass: ConsolidateBlocks - 18.79907 (ms)
2025-08-06 17:44:19,340 - qiskit.passmanager.base_tasks - INFO - Pass: UnitarySynthesis - 29.48403 (ms)
2025-08-06 17:44:19,341 - qiskit.passmanager.base_tasks - INFO - Pass: RemoveIdentityEquivalent - 0.97585 (ms)
2025-08-06 17:44:19,348 - qiskit.passmanager.base_tasks - INFO - Pass: Optimize1qGatesDecomposition - 6.45089 (ms)
2025-08-06 17:44:19,355 - qiskit.passmanager.base_tasks - INFO - Pass: CommutativeCancellation - 7.50899 (ms)
2025-08-06 17:44:19,355 - qiskit.passmanager.base_tasks - INFO - Pass: ContractIdleWiresInControlFlow - 0.00215 (ms)
2025-08-06 17:44:19,358 - qiskit.passmanager.base_tasks - INFO - Pass: GatesInBasis - 2.53010 (ms)
2025-08-06 17:44:19,360 - qiskit.passmanager.base_tasks - INFO - Pass: Depth - 2.39778 (ms)
2025-08-06 17:44:19,360 - qiskit.passmanager.base_tasks - INFO - Pass: Size - 0.00286 (ms)
2025-08-06 17:44:19,360 - qiskit.passmanager.base_tasks - INFO - Pass: MinimumPoint - 0.00525 (ms)
2025-08-06 17:44:19,379 - qiskit.passmanager.base_tasks - INFO - Pass: ConsolidateBlocks - 18.71896 (ms)
2025-08-06 17:44:19,408 - qiskit.passmanager.base_tasks - INFO - Pass: UnitarySynthesis - 28.51200 (ms)
2025-08-06 17:44:19,409 - qiskit.passmanager.base_tasks - INFO - Pass: RemoveIdentityEquivalent - 0.96989 (ms)
2025-08-06 17:44:19,416 - qiskit.passmanager.base_tasks - INFO - Pass: Optimize1qGatesDecomposition - 6.39987 (ms)
2025-08-06 17:44:19,423 - qiskit.passmanager.base_tasks - INFO - Pass: CommutativeCancellation - 7.45988 (ms)
2025-08-06 17:44:19,423 - qiskit.passmanager.base_tasks - INFO - Pass: ContractIdleWiresInControlFlow - 0.00191 (ms)
2025-08-06 17:44:19,426 - qiskit.passmanager.base_tasks - INFO - Pass: GatesInBasis - 2.54798 (ms)
2025-08-06 17:44:19,428 - qiskit.passmanager.base_tasks - INFO - Pass: Depth - 2.43092 (ms)
2025-08-06 17:44:19,428 - qiskit.passmanager.base_tasks - INFO - Pass: Size - 0.00191 (ms)
2025-08-06 17:44:19,428 - qiskit.passmanager.base_tasks - INFO - Pass: MinimumPoint - 0.00405 (ms)
2025-08-06 17:44:19,448 - qiskit.passmanager.base_tasks - INFO - Pass: ConsolidateBlocks - 19.39797 (ms)
2025-08-06 17:44:19,479 - qiskit.passmanager.base_tasks - INFO - Pass: UnitarySynthesis - 31.12316 (ms)
2025-08-06 17:44:19,481 - qiskit.passmanager.base_tasks - INFO - Pass: RemoveIdentityEquivalent - 1.10221 (ms)
2025-08-06 17:44:19,488 - qiskit.passmanager.base_tasks - INFO - Pass: Optimize1qGatesDecomposition - 6.88601 (ms)
2025-08-06 17:44:19,499 - qiskit.passmanager.base_tasks - INFO - Pass: CommutativeCancellation - 10.56385 (ms)
2025-08-06 17:44:19,499 - qiskit.passmanager.base_tasks - INFO - Pass: ContractIdleWiresInControlFlow - 0.00525 (ms)
2025-08-06 17:44:19,502 - qiskit.passmanager.base_tasks - INFO - Pass: GatesInBasis - 2.64692 (ms)
2025-08-06 17:44:19,504 - qiskit.passmanager.base_tasks - INFO - Pass: Depth - 2.50697 (ms)
2025-08-06 17:44:19,504 - qiskit.passmanager.base_tasks - INFO - Pass: Size - 0.00191 (ms)
2025-08-06 17:44:19,504 - qiskit.passmanager.base_tasks - INFO - Pass: MinimumPoint - 0.00620 (ms)
2025-08-06 17:44:19,506 - qiskit.passmanager.base_tasks - INFO - Pass: ContainsInstruction - 0.00834 (ms)
2025-08-06 17:44:19,509 - qiskit.passmanager.base_tasks - INFO - Pass: InstructionDurationCheck - 3.00622 (ms)
