2025-07-26 19:14:06,587 - root - INFO - ++++++++++++++++ Starting at 2025-07-26 19:14:06.587714 +++++++++++++++++
2025-07-26 19:14:06,587 - src.ProcessQaoa - INFO - Using p_level:: 1
2025-07-26 19:14:08,844 - src.ProcessQaoa - INFO - Using Simulator
2025-07-26 19:14:10,259 - qiskit.passmanager.base_tasks - INFO - Pass: ContainsInstruction - 0.01621 (ms)
2025-07-26 19:14:10,259 - qiskit.passmanager.base_tasks - INFO - Pass: UnitarySynthesis - 0.00215 (ms)
2025-07-26 19:14:10,272 - qiskit.passmanager.base_tasks - INFO - Pass: HighLevelSynthesis - 13.03315 (ms)
2025-07-26 19:14:10,272 - qiskit.passmanager.base_tasks - INFO - Pass: BasisTranslator - 0.03099 (ms)
2025-07-26 19:14:10,272 - qiskit.passmanager.base_tasks - INFO - Pass: ElidePermutations - 0.00405 (ms)
2025-07-26 19:14:10,272 - qiskit.passmanager.base_tasks - INFO - Pass: RemoveDiagonalGatesBeforeMeasure - 0.19622 (ms)
2025-07-26 19:14:10,272 - qiskit.passmanager.base_tasks - INFO - Pass: RemoveIdentityEquivalent - 0.00501 (ms)
2025-07-26 19:14:10,273 - qiskit.passmanager.base_tasks - INFO - Pass: InverseCancellation - 0.17810 (ms)
2025-07-26 19:14:10,273 - qiskit.passmanager.base_tasks - INFO - Pass: ContractIdleWiresInControlFlow - 0.00072 (ms)
2025-07-26 19:14:10,273 - qiskit.passmanager.base_tasks - INFO - Pass: CommutativeCancellation - 0.11587 (ms)
2025-07-26 19:14:10,273 - qiskit.passmanager.base_tasks - INFO - Pass: ConsolidateBlocks - 0.07701 (ms)
2025-07-26 19:14:10,273 - qiskit.passmanager.base_tasks - INFO - Pass: Split2QUnitaries - 0.03886 (ms)
2025-07-26 19:14:10,273 - qiskit.passmanager.base_tasks - INFO - Pass: SetLayout - 0.00191 (ms)
2025-07-26 19:14:10,275 - qiskit.passmanager.base_tasks - INFO - Pass: VF2Layout - 2.23017 (ms)
2025-07-26 19:14:10,275 - qiskit.passmanager.base_tasks - INFO - Pass: BarrierBeforeFinalMeasurements - 0.00405 (ms)
2025-07-26 19:14:10,343 - qiskit.passmanager.base_tasks - INFO - Pass: SabreLayout - 67.50512 (ms)
2025-07-26 19:14:10,343 - qiskit.passmanager.base_tasks - INFO - Pass: CheckMap - 0.02718 (ms)
2025-07-26 19:14:10,347 - qiskit.passmanager.base_tasks - INFO - Pass: VF2PostLayout - 3.67999 (ms)
2025-07-26 19:14:10,348 - qiskit.passmanager.base_tasks - INFO - Pass: ApplyLayout - 1.23477 (ms)
2025-07-26 19:14:10,348 - qiskit.passmanager.base_tasks - INFO - Pass: FilterOpNodes - 0.17905 (ms)
2025-07-26 19:14:10,348 - qiskit.passmanager.base_tasks - INFO - Pass: UnitarySynthesis - 0.00405 (ms)
2025-07-26 19:14:10,348 - qiskit.passmanager.base_tasks - INFO - Pass: HighLevelSynthesis - 0.05293 (ms)
2025-07-26 19:14:10,352 - qiskit.passmanager.base_tasks - INFO - Pass: BasisTranslator - 3.45016 (ms)
2025-07-26 19:14:10,352 - qiskit.passmanager.base_tasks - INFO - Pass: CheckGateDirection - 0.00429 (ms)
2025-07-26 19:14:10,358 - qiskit.passmanager.base_tasks - INFO - Pass: GateDirection - 5.93877 (ms)
2025-07-26 19:14:10,387 - qiskit.passmanager.base_tasks - INFO - Pass: BasisTranslator - 29.03509 (ms)
2025-07-26 19:14:10,388 - qiskit.passmanager.base_tasks - INFO - Pass: Depth - 0.53596 (ms)
2025-07-26 19:14:10,388 - qiskit.passmanager.base_tasks - INFO - Pass: Size - 0.00310 (ms)
2025-07-26 19:14:10,388 - qiskit.passmanager.base_tasks - INFO - Pass: MinimumPoint - 0.00691 (ms)
2025-07-26 19:14:10,392 - qiskit.passmanager.base_tasks - INFO - Pass: ConsolidateBlocks - 4.82607 (ms)
2025-07-26 19:14:10,402 - qiskit.passmanager.base_tasks - INFO - Pass: UnitarySynthesis - 9.06491 (ms)
2025-07-26 19:14:10,402 - qiskit.passmanager.base_tasks - INFO - Pass: RemoveIdentityEquivalent - 0.13804 (ms)
2025-07-26 19:14:10,412 - qiskit.passmanager.base_tasks - INFO - Pass: Optimize1qGatesDecomposition - 9.90677 (ms)
2025-07-26 19:14:10,417 - qiskit.passmanager.base_tasks - INFO - Pass: CommutativeCancellation - 5.31983 (ms)
2025-07-26 19:14:10,417 - qiskit.passmanager.base_tasks - INFO - Pass: ContractIdleWiresInControlFlow - 0.00215 (ms)
2025-07-26 19:14:10,417 - qiskit.passmanager.base_tasks - INFO - Pass: GatesInBasis - 0.34404 (ms)
2025-07-26 19:14:10,418 - qiskit.passmanager.base_tasks - INFO - Pass: Depth - 0.35310 (ms)
2025-07-26 19:14:10,418 - qiskit.passmanager.base_tasks - INFO - Pass: Size - 0.00119 (ms)
2025-07-26 19:14:10,466 - qiskit.passmanager.base_tasks - INFO - Pass: MinimumPoint - 48.56205 (ms)
2025-07-26 19:14:10,469 - qiskit.passmanager.base_tasks - INFO - Pass: ConsolidateBlocks - 2.60305 (ms)
2025-07-26 19:14:10,471 - qiskit.passmanager.base_tasks - INFO - Pass: UnitarySynthesis - 2.30074 (ms)
2025-07-26 19:14:10,472 - qiskit.passmanager.base_tasks - INFO - Pass: RemoveIdentityEquivalent - 0.12016 (ms)
2025-07-26 19:14:10,473 - qiskit.passmanager.base_tasks - INFO - Pass: Optimize1qGatesDecomposition - 0.94104 (ms)
2025-07-26 19:14:10,474 - qiskit.passmanager.base_tasks - INFO - Pass: CommutativeCancellation - 1.62888 (ms)
2025-07-26 19:14:10,474 - qiskit.passmanager.base_tasks - INFO - Pass: ContractIdleWiresInControlFlow - 0.00191 (ms)
2025-07-26 19:14:10,475 - qiskit.passmanager.base_tasks - INFO - Pass: GatesInBasis - 0.34499 (ms)
2025-07-26 19:14:10,475 - qiskit.passmanager.base_tasks - INFO - Pass: Depth - 0.40603 (ms)
2025-07-26 19:14:10,475 - qiskit.passmanager.base_tasks - INFO - Pass: Size - 0.00119 (ms)
2025-07-26 19:14:10,596 - qiskit.passmanager.base_tasks - INFO - Pass: MinimumPoint - 120.94712 (ms)
2025-07-26 19:14:10,599 - qiskit.passmanager.base_tasks - INFO - Pass: ConsolidateBlocks - 2.60305 (ms)
2025-07-26 19:14:10,601 - qiskit.passmanager.base_tasks - INFO - Pass: UnitarySynthesis - 1.77002 (ms)
2025-07-26 19:14:10,601 - qiskit.passmanager.base_tasks - INFO - Pass: RemoveIdentityEquivalent - 0.11516 (ms)
2025-07-26 19:14:10,602 - qiskit.passmanager.base_tasks - INFO - Pass: Optimize1qGatesDecomposition - 0.85902 (ms)
2025-07-26 19:14:10,603 - qiskit.passmanager.base_tasks - INFO - Pass: CommutativeCancellation - 1.01209 (ms)
2025-07-26 19:14:10,603 - qiskit.passmanager.base_tasks - INFO - Pass: ContractIdleWiresInControlFlow - 0.00095 (ms)
2025-07-26 19:14:10,603 - qiskit.passmanager.base_tasks - INFO - Pass: GatesInBasis - 0.33689 (ms)
2025-07-26 19:14:10,603 - qiskit.passmanager.base_tasks - INFO - Pass: Depth - 0.30422 (ms)
2025-07-26 19:14:10,603 - qiskit.passmanager.base_tasks - INFO - Pass: Size - 0.00095 (ms)
2025-07-26 19:14:10,650 - qiskit.passmanager.base_tasks - INFO - Pass: MinimumPoint - 46.52905 (ms)
2025-07-26 19:14:10,653 - qiskit.passmanager.base_tasks - INFO - Pass: ConsolidateBlocks - 2.62189 (ms)
2025-07-26 19:14:10,654 - qiskit.passmanager.base_tasks - INFO - Pass: UnitarySynthesis - 1.77908 (ms)
2025-07-26 19:14:10,655 - qiskit.passmanager.base_tasks - INFO - Pass: RemoveIdentityEquivalent - 0.10967 (ms)
2025-07-26 19:14:10,655 - qiskit.passmanager.base_tasks - INFO - Pass: Optimize1qGatesDecomposition - 0.84496 (ms)
2025-07-26 19:14:10,656 - qiskit.passmanager.base_tasks - INFO - Pass: CommutativeCancellation - 0.88096 (ms)
2025-07-26 19:14:10,656 - qiskit.passmanager.base_tasks - INFO - Pass: ContractIdleWiresInControlFlow - 0.00072 (ms)
2025-07-26 19:14:10,657 - qiskit.passmanager.base_tasks - INFO - Pass: GatesInBasis - 0.34308 (ms)
2025-07-26 19:14:10,657 - qiskit.passmanager.base_tasks - INFO - Pass: Depth - 0.29874 (ms)
2025-07-26 19:14:10,657 - qiskit.passmanager.base_tasks - INFO - Pass: Size - 0.00095 (ms)
2025-07-26 19:14:10,657 - qiskit.passmanager.base_tasks - INFO - Pass: MinimumPoint - 0.00310 (ms)
2025-07-26 19:14:10,660 - qiskit.passmanager.base_tasks - INFO - Pass: ConsolidateBlocks - 2.46811 (ms)
2025-07-26 19:14:10,661 - qiskit.passmanager.base_tasks - INFO - Pass: UnitarySynthesis - 1.55997 (ms)
2025-07-26 19:14:10,661 - qiskit.passmanager.base_tasks - INFO - Pass: RemoveIdentityEquivalent - 0.10896 (ms)
2025-07-26 19:14:10,662 - qiskit.passmanager.base_tasks - INFO - Pass: Optimize1qGatesDecomposition - 0.80991 (ms)
2025-07-26 19:14:10,663 - qiskit.passmanager.base_tasks - INFO - Pass: CommutativeCancellation - 0.86617 (ms)
2025-07-26 19:14:10,663 - qiskit.passmanager.base_tasks - INFO - Pass: ContractIdleWiresInControlFlow - 0.00000 (ms)
2025-07-26 19:14:10,663 - qiskit.passmanager.base_tasks - INFO - Pass: GatesInBasis - 0.35691 (ms)
2025-07-26 19:14:10,664 - qiskit.passmanager.base_tasks - INFO - Pass: Depth - 0.29016 (ms)
2025-07-26 19:14:10,664 - qiskit.passmanager.base_tasks - INFO - Pass: Size - 0.00095 (ms)
2025-07-26 19:14:10,664 - qiskit.passmanager.base_tasks - INFO - Pass: MinimumPoint - 0.00215 (ms)
2025-07-26 19:14:10,666 - qiskit.passmanager.base_tasks - INFO - Pass: ConsolidateBlocks - 2.50697 (ms)
2025-07-26 19:14:10,668 - qiskit.passmanager.base_tasks - INFO - Pass: UnitarySynthesis - 1.63412 (ms)
2025-07-26 19:14:10,668 - qiskit.passmanager.base_tasks - INFO - Pass: RemoveIdentityEquivalent - 0.10896 (ms)
2025-07-26 19:14:10,669 - qiskit.passmanager.base_tasks - INFO - Pass: Optimize1qGatesDecomposition - 0.80204 (ms)
2025-07-26 19:14:10,670 - qiskit.passmanager.base_tasks - INFO - Pass: CommutativeCancellation - 0.85998 (ms)
2025-07-26 19:14:10,670 - qiskit.passmanager.base_tasks - INFO - Pass: ContractIdleWiresInControlFlow - 0.00095 (ms)
2025-07-26 19:14:10,670 - qiskit.passmanager.base_tasks - INFO - Pass: GatesInBasis - 0.33474 (ms)
2025-07-26 19:14:10,671 - qiskit.passmanager.base_tasks - INFO - Pass: Depth - 0.28896 (ms)
2025-07-26 19:14:10,671 - qiskit.passmanager.base_tasks - INFO - Pass: Size - 0.00072 (ms)
2025-07-26 19:14:10,671 - qiskit.passmanager.base_tasks - INFO - Pass: MinimumPoint - 0.00095 (ms)
2025-07-26 19:14:10,673 - qiskit.passmanager.base_tasks - INFO - Pass: ConsolidateBlocks - 2.50697 (ms)
2025-07-26 19:14:10,675 - qiskit.passmanager.base_tasks - INFO - Pass: UnitarySynthesis - 1.57595 (ms)
2025-07-26 19:14:10,675 - qiskit.passmanager.base_tasks - INFO - Pass: RemoveIdentityEquivalent - 0.10872 (ms)
2025-07-26 19:14:10,676 - qiskit.passmanager.base_tasks - INFO - Pass: Optimize1qGatesDecomposition - 0.81325 (ms)
2025-07-26 19:14:10,677 - qiskit.passmanager.base_tasks - INFO - Pass: CommutativeCancellation - 0.86284 (ms)
2025-07-26 19:14:10,677 - qiskit.passmanager.base_tasks - INFO - Pass: ContractIdleWiresInControlFlow - 0.00119 (ms)
2025-07-26 19:14:10,677 - qiskit.passmanager.base_tasks - INFO - Pass: GatesInBasis - 0.33498 (ms)
2025-07-26 19:14:10,677 - qiskit.passmanager.base_tasks - INFO - Pass: Depth - 0.29397 (ms)
2025-07-26 19:14:10,677 - qiskit.passmanager.base_tasks - INFO - Pass: Size - 0.00095 (ms)
2025-07-26 19:14:10,677 - qiskit.passmanager.base_tasks - INFO - Pass: MinimumPoint - 0.00405 (ms)
2025-07-26 19:14:10,677 - qiskit.passmanager.base_tasks - INFO - Pass: ContainsInstruction - 0.00405 (ms)
2025-07-26 19:14:10,678 - qiskit.passmanager.base_tasks - INFO - Pass: InstructionDurationCheck - 0.41413 (ms)
2025-07-26 19:14:11,062 - qiskit.passmanager.base_tasks - INFO - Pass: Optimize1qGatesDecomposition - 0.01717 (ms)
2025-07-26 19:16:15,048 - qiskit.passmanager.base_tasks - INFO - Pass: Optimize1qGatesDecomposition - 0.02289 (ms)
2025-07-26 19:18:30,336 - qiskit.passmanager.base_tasks - INFO - Pass: Optimize1qGatesDecomposition - 0.02313 (ms)
2025-07-26 19:21:00,889 - qiskit.passmanager.base_tasks - INFO - Pass: Optimize1qGatesDecomposition - 0.03409 (ms)
2025-07-26 19:24:07,066 - qiskit.passmanager.base_tasks - INFO - Pass: Optimize1qGatesDecomposition - 1.48773 (ms)
2025-07-26 19:27:29,550 - qiskit.passmanager.base_tasks - INFO - Pass: Optimize1qGatesDecomposition - 1.57785 (ms)
2025-07-26 19:30:20,310 - qiskit.passmanager.base_tasks - INFO - Pass: Optimize1qGatesDecomposition - 1.03307 (ms)
