2025-08-06 10:55:52,226 - root - INFO - ++++++++++++++++ Starting at 2025-08-06 10:55:52.226162 +++++++++++++++++
2025-08-06 10:55:52,226 - src.ProcessQaoa - INFO - Using p_level:: 1
2025-08-06 10:55:54,366 - src.ProcessQaoa - INFO - Using Real Hardware
2025-08-06 10:55:57,144 - qiskit.passmanager.base_tasks - INFO - Pass: ContainsInstruction - 0.16499 (ms)
2025-08-06 10:55:57,144 - qiskit.passmanager.base_tasks - INFO - Pass: UnitarySynthesis - 0.00620 (ms)
2025-08-06 10:55:57,395 - qiskit.passmanager.base_tasks - INFO - Pass: HighLevelSynthesis - 250.80299 (ms)
2025-08-06 10:55:57,395 - qiskit.passmanager.base_tasks - INFO - Pass: BasisTranslator - 0.15283 (ms)
2025-08-06 10:55:57,395 - qiskit.passmanager.base_tasks - INFO - Pass: ElidePermutations - 0.00501 (ms)
2025-08-06 10:55:57,395 - qiskit.passmanager.base_tasks - INFO - Pass: RemoveDiagonalGatesBeforeMeasure - 0.13828 (ms)
2025-08-06 10:55:57,395 - qiskit.passmanager.base_tasks - INFO - Pass: RemoveIdentityEquivalent - 0.01407 (ms)
2025-08-06 10:55:57,396 - qiskit.passmanager.base_tasks - INFO - Pass: InverseCancellation - 0.59080 (ms)
2025-08-06 10:55:57,396 - qiskit.passmanager.base_tasks - INFO - Pass: ContractIdleWiresInControlFlow - 0.00215 (ms)
2025-08-06 10:55:57,397 - qiskit.passmanager.base_tasks - INFO - Pass: CommutativeCancellation - 0.69618 (ms)
2025-08-06 10:55:57,397 - qiskit.passmanager.base_tasks - INFO - Pass: ConsolidateBlocks - 0.30279 (ms)
2025-08-06 10:55:57,397 - qiskit.passmanager.base_tasks - INFO - Pass: Split2QUnitaries - 0.14830 (ms)
2025-08-06 10:55:57,397 - qiskit.passmanager.base_tasks - INFO - Pass: SetLayout - 0.00215 (ms)
2025-08-06 10:55:57,404 - qiskit.passmanager.base_tasks - INFO - Pass: VF2Layout - 6.47187 (ms)
2025-08-06 10:55:57,404 - qiskit.passmanager.base_tasks - INFO - Pass: BarrierBeforeFinalMeasurements - 0.00715 (ms)
2025-08-06 10:55:58,136 - qiskit.passmanager.base_tasks - INFO - Pass: SabreLayout - 732.19299 (ms)
2025-08-06 10:55:58,136 - qiskit.passmanager.base_tasks - INFO - Pass: CheckMap - 0.06294 (ms)
2025-08-06 10:55:58,160 - qiskit.passmanager.base_tasks - INFO - Pass: VF2PostLayout - 23.18192 (ms)
2025-08-06 10:55:58,161 - qiskit.passmanager.base_tasks - INFO - Pass: FilterOpNodes - 1.53327 (ms)
2025-08-06 10:55:58,161 - qiskit.passmanager.base_tasks - INFO - Pass: UnitarySynthesis - 0.00501 (ms)
2025-08-06 10:55:58,162 - qiskit.passmanager.base_tasks - INFO - Pass: HighLevelSynthesis - 0.45085 (ms)
2025-08-06 10:55:58,242 - qiskit.passmanager.base_tasks - INFO - Pass: BasisTranslator - 80.62220 (ms)
2025-08-06 10:55:58,243 - qiskit.passmanager.base_tasks - INFO - Pass: CheckGateDirection - 0.00477 (ms)
2025-08-06 10:55:58,478 - qiskit.passmanager.base_tasks - INFO - Pass: GateDirection - 235.74829 (ms)
2025-08-06 10:56:01,768 - qiskit.passmanager.base_tasks - INFO - Pass: BasisTranslator - 3289.86597 (ms)
2025-08-06 10:56:01,778 - qiskit.passmanager.base_tasks - INFO - Pass: Depth - 8.18706 (ms)
2025-08-06 10:56:01,778 - qiskit.passmanager.base_tasks - INFO - Pass: Size - 0.00310 (ms)
2025-08-06 10:56:01,778 - qiskit.passmanager.base_tasks - INFO - Pass: MinimumPoint - 0.00691 (ms)
2025-08-06 10:56:01,823 - qiskit.passmanager.base_tasks - INFO - Pass: ConsolidateBlocks - 44.75999 (ms)
2025-08-06 10:56:02,349 - qiskit.passmanager.base_tasks - INFO - Pass: UnitarySynthesis - 526.16000 (ms)
2025-08-06 10:56:02,351 - qiskit.passmanager.base_tasks - INFO - Pass: RemoveIdentityEquivalent - 1.85537 (ms)
2025-08-06 10:56:03,621 - qiskit.passmanager.base_tasks - INFO - Pass: Optimize1qGatesDecomposition - 1270.06698 (ms)
2025-08-06 10:56:04,067 - qiskit.passmanager.base_tasks - INFO - Pass: CommutativeCancellation - 445.31298 (ms)
2025-08-06 10:56:04,067 - qiskit.passmanager.base_tasks - INFO - Pass: ContractIdleWiresInControlFlow - 0.00286 (ms)
2025-08-06 10:56:04,071 - qiskit.passmanager.base_tasks - INFO - Pass: GatesInBasis - 4.08006 (ms)
2025-08-06 10:56:04,076 - qiskit.passmanager.base_tasks - INFO - Pass: Depth - 4.69923 (ms)
2025-08-06 10:56:04,076 - qiskit.passmanager.base_tasks - INFO - Pass: Size - 0.00286 (ms)
2025-08-06 10:56:04,825 - qiskit.passmanager.base_tasks - INFO - Pass: MinimumPoint - 749.67504 (ms)
2025-08-06 10:56:04,857 - qiskit.passmanager.base_tasks - INFO - Pass: ConsolidateBlocks - 31.24976 (ms)
2025-08-06 10:56:04,928 - qiskit.passmanager.base_tasks - INFO - Pass: UnitarySynthesis - 71.15006 (ms)
2025-08-06 10:56:04,931 - qiskit.passmanager.base_tasks - INFO - Pass: RemoveIdentityEquivalent - 1.53685 (ms)
2025-08-06 10:56:04,944 - qiskit.passmanager.base_tasks - INFO - Pass: Optimize1qGatesDecomposition - 13.35907 (ms)
2025-08-06 10:56:04,982 - qiskit.passmanager.base_tasks - INFO - Pass: CommutativeCancellation - 37.38904 (ms)
2025-08-06 10:56:04,982 - qiskit.passmanager.base_tasks - INFO - Pass: ContractIdleWiresInControlFlow - 0.00215 (ms)
2025-08-06 10:56:04,986 - qiskit.passmanager.base_tasks - INFO - Pass: GatesInBasis - 3.97587 (ms)
2025-08-06 10:56:04,990 - qiskit.passmanager.base_tasks - INFO - Pass: Depth - 3.81374 (ms)
2025-08-06 10:56:04,990 - qiskit.passmanager.base_tasks - INFO - Pass: Size - 0.00215 (ms)
2025-08-06 10:56:05,651 - qiskit.passmanager.base_tasks - INFO - Pass: MinimumPoint - 660.90298 (ms)
2025-08-06 10:56:05,681 - qiskit.passmanager.base_tasks - INFO - Pass: ConsolidateBlocks - 30.06721 (ms)
2025-08-06 10:56:05,743 - qiskit.passmanager.base_tasks - INFO - Pass: UnitarySynthesis - 61.84888 (ms)
2025-08-06 10:56:05,746 - qiskit.passmanager.base_tasks - INFO - Pass: RemoveIdentityEquivalent - 1.71113 (ms)
2025-08-06 10:56:05,759 - qiskit.passmanager.base_tasks - INFO - Pass: Optimize1qGatesDecomposition - 13.27610 (ms)
2025-08-06 10:56:05,781 - qiskit.passmanager.base_tasks - INFO - Pass: CommutativeCancellation - 21.92283 (ms)
2025-08-06 10:56:05,781 - qiskit.passmanager.base_tasks - INFO - Pass: ContractIdleWiresInControlFlow - 0.00310 (ms)
2025-08-06 10:56:05,785 - qiskit.passmanager.base_tasks - INFO - Pass: GatesInBasis - 3.94988 (ms)
2025-08-06 10:56:05,789 - qiskit.passmanager.base_tasks - INFO - Pass: Depth - 3.84092 (ms)
2025-08-06 10:56:05,789 - qiskit.passmanager.base_tasks - INFO - Pass: Size - 0.00167 (ms)
2025-08-06 10:56:06,645 - qiskit.passmanager.base_tasks - INFO - Pass: MinimumPoint - 846.56000 (ms)
2025-08-06 10:56:06,763 - qiskit.passmanager.base_tasks - INFO - Pass: ConsolidateBlocks - 117.44189 (ms)
2025-08-06 10:56:07,028 - qiskit.passmanager.base_tasks - INFO - Pass: UnitarySynthesis - 264.87708 (ms)
2025-08-06 10:56:07,035 - qiskit.passmanager.base_tasks - INFO - Pass: RemoveIdentityEquivalent - 4.18091 (ms)
2025-08-06 10:56:07,110 - qiskit.passmanager.base_tasks - INFO - Pass: Optimize1qGatesDecomposition - 74.99504 (ms)
2025-08-06 10:56:07,150 - qiskit.passmanager.base_tasks - INFO - Pass: CommutativeCancellation - 39.77394 (ms)
2025-08-06 10:56:07,150 - qiskit.passmanager.base_tasks - INFO - Pass: ContractIdleWiresInControlFlow - 0.01287 (ms)
2025-08-06 10:56:07,201 - qiskit.passmanager.base_tasks - INFO - Pass: GatesInBasis - 50.31514 (ms)
2025-08-06 10:56:07,208 - qiskit.passmanager.base_tasks - INFO - Pass: Depth - 6.92391 (ms)
2025-08-06 10:56:07,208 - qiskit.passmanager.base_tasks - INFO - Pass: Size - 0.00477 (ms)
2025-08-06 10:56:07,208 - qiskit.passmanager.base_tasks - INFO - Pass: MinimumPoint - 0.01168 (ms)
2025-08-06 10:56:07,312 - qiskit.passmanager.base_tasks - INFO - Pass: ConsolidateBlocks - 104.03299 (ms)
2025-08-06 10:56:07,460 - qiskit.passmanager.base_tasks - INFO - Pass: UnitarySynthesis - 147.70031 (ms)
2025-08-06 10:56:07,463 - qiskit.passmanager.base_tasks - INFO - Pass: RemoveIdentityEquivalent - 1.79410 (ms)
2025-08-06 10:56:07,474 - qiskit.passmanager.base_tasks - INFO - Pass: Optimize1qGatesDecomposition - 10.56504 (ms)
2025-08-06 10:56:07,487 - qiskit.passmanager.base_tasks - INFO - Pass: CommutativeCancellation - 13.81874 (ms)
2025-08-06 10:56:07,487 - qiskit.passmanager.base_tasks - INFO - Pass: ContractIdleWiresInControlFlow - 0.00191 (ms)
2025-08-06 10:56:07,492 - qiskit.passmanager.base_tasks - INFO - Pass: GatesInBasis - 4.13489 (ms)
2025-08-06 10:56:07,496 - qiskit.passmanager.base_tasks - INFO - Pass: Depth - 4.16732 (ms)
2025-08-06 10:56:07,496 - qiskit.passmanager.base_tasks - INFO - Pass: Size - 0.00310 (ms)
2025-08-06 10:56:07,496 - qiskit.passmanager.base_tasks - INFO - Pass: MinimumPoint - 0.00525 (ms)
2025-08-06 10:56:07,527 - qiskit.passmanager.base_tasks - INFO - Pass: ConsolidateBlocks - 31.26311 (ms)
2025-08-06 10:56:07,590 - qiskit.passmanager.base_tasks - INFO - Pass: UnitarySynthesis - 62.76393 (ms)
2025-08-06 10:56:07,594 - qiskit.passmanager.base_tasks - INFO - Pass: RemoveIdentityEquivalent - 1.62101 (ms)
2025-08-06 10:56:07,605 - qiskit.passmanager.base_tasks - INFO - Pass: Optimize1qGatesDecomposition - 11.49678 (ms)
2025-08-06 10:56:07,619 - qiskit.passmanager.base_tasks - INFO - Pass: CommutativeCancellation - 13.30590 (ms)
2025-08-06 10:56:07,619 - qiskit.passmanager.base_tasks - INFO - Pass: ContractIdleWiresInControlFlow - 0.00286 (ms)
2025-08-06 10:56:07,623 - qiskit.passmanager.base_tasks - INFO - Pass: GatesInBasis - 4.12893 (ms)
2025-08-06 10:56:07,627 - qiskit.passmanager.base_tasks - INFO - Pass: Depth - 4.17209 (ms)
2025-08-06 10:56:07,627 - qiskit.passmanager.base_tasks - INFO - Pass: Size - 0.00310 (ms)
2025-08-06 10:56:07,627 - qiskit.passmanager.base_tasks - INFO - Pass: MinimumPoint - 0.00501 (ms)
2025-08-06 10:56:07,657 - qiskit.passmanager.base_tasks - INFO - Pass: ConsolidateBlocks - 30.41816 (ms)
2025-08-06 10:56:07,713 - qiskit.passmanager.base_tasks - INFO - Pass: UnitarySynthesis - 55.17793 (ms)
2025-08-06 10:56:07,740 - qiskit.passmanager.base_tasks - INFO - Pass: RemoveIdentityEquivalent - 1.52874 (ms)
2025-08-06 10:56:07,753 - qiskit.passmanager.base_tasks - INFO - Pass: Optimize1qGatesDecomposition - 13.15403 (ms)
2025-08-06 10:56:07,804 - qiskit.passmanager.base_tasks - INFO - Pass: CommutativeCancellation - 14.99486 (ms)
2025-08-06 10:56:07,818 - qiskit.passmanager.base_tasks - INFO - Pass: ContractIdleWiresInControlFlow - 0.00572 (ms)
2025-08-06 10:56:07,822 - qiskit.passmanager.base_tasks - INFO - Pass: GatesInBasis - 4.57001 (ms)
2025-08-06 10:56:07,828 - qiskit.passmanager.base_tasks - INFO - Pass: Depth - 5.53131 (ms)
2025-08-06 10:56:07,840 - qiskit.passmanager.base_tasks - INFO - Pass: Size - 0.01216 (ms)
2025-08-06 10:56:07,849 - qiskit.passmanager.base_tasks - INFO - Pass: MinimumPoint - 0.01311 (ms)
2025-08-06 10:56:07,853 - qiskit.passmanager.base_tasks - INFO - Pass: ContainsInstruction - 0.01502 (ms)
2025-08-06 10:56:07,858 - qiskit.passmanager.base_tasks - INFO - Pass: InstructionDurationCheck - 4.95791 (ms)
