2025-08-06 12:08:17,251 - root - INFO - ++++++++++++++++ Starting at 2025-08-06 12:08:17.251389 +++++++++++++++++
2025-08-06 12:08:17,251 - src.ProcessQaoa - INFO - Using p_level:: 1
2025-08-06 12:08:20,673 - src.ProcessQaoa - INFO - Using Real Hardware
2025-08-06 12:08:26,289 - qiskit.passmanager.base_tasks - INFO - Pass: ContainsInstruction - 0.14091 (ms)
2025-08-06 12:08:26,289 - qiskit.passmanager.base_tasks - INFO - Pass: UnitarySynthesis - 0.00262 (ms)
2025-08-06 12:08:26,382 - qiskit.passmanager.base_tasks - INFO - Pass: HighLevelSynthesis - 93.02926 (ms)
2025-08-06 12:08:26,383 - qiskit.passmanager.base_tasks - INFO - Pass: BasisTranslator - 0.08297 (ms)
2025-08-06 12:08:26,383 - qiskit.passmanager.base_tasks - INFO - Pass: ElidePermutations - 0.00501 (ms)
2025-08-06 12:08:26,383 - qiskit.passmanager.base_tasks - INFO - Pass: RemoveDiagonalGatesBeforeMeasure - 0.19217 (ms)
2025-08-06 12:08:26,383 - qiskit.passmanager.base_tasks - INFO - Pass: RemoveIdentityEquivalent - 0.00787 (ms)
2025-08-06 12:08:26,384 - qiskit.passmanager.base_tasks - INFO - Pass: InverseCancellation - 0.87929 (ms)
2025-08-06 12:08:26,384 - qiskit.passmanager.base_tasks - INFO - Pass: ContractIdleWiresInControlFlow - 0.00215 (ms)
2025-08-06 12:08:26,384 - qiskit.passmanager.base_tasks - INFO - Pass: CommutativeCancellation - 0.38195 (ms)
2025-08-06 12:08:26,384 - qiskit.passmanager.base_tasks - INFO - Pass: ConsolidateBlocks - 0.21696 (ms)
2025-08-06 12:08:26,385 - qiskit.passmanager.base_tasks - INFO - Pass: Split2QUnitaries - 0.03171 (ms)
2025-08-06 12:08:26,385 - qiskit.passmanager.base_tasks - INFO - Pass: SetLayout - 0.00215 (ms)
2025-08-06 12:08:26,389 - qiskit.passmanager.base_tasks - INFO - Pass: VF2Layout - 4.85206 (ms)
2025-08-06 12:08:26,389 - qiskit.passmanager.base_tasks - INFO - Pass: BarrierBeforeFinalMeasurements - 0.00381 (ms)
2025-08-06 12:08:26,808 - qiskit.passmanager.base_tasks - INFO - Pass: SabreLayout - 418.96486 (ms)
2025-08-06 12:08:26,809 - qiskit.passmanager.base_tasks - INFO - Pass: CheckMap - 0.04911 (ms)
2025-08-06 12:08:26,817 - qiskit.passmanager.base_tasks - INFO - Pass: VF2PostLayout - 8.46481 (ms)
2025-08-06 12:08:26,818 - qiskit.passmanager.base_tasks - INFO - Pass: FilterOpNodes - 0.99897 (ms)
2025-08-06 12:08:26,818 - qiskit.passmanager.base_tasks - INFO - Pass: UnitarySynthesis - 0.00525 (ms)
2025-08-06 12:08:26,819 - qiskit.passmanager.base_tasks - INFO - Pass: HighLevelSynthesis - 0.28706 (ms)
2025-08-06 12:08:26,887 - qiskit.passmanager.base_tasks - INFO - Pass: BasisTranslator - 68.88866 (ms)
2025-08-06 12:08:26,888 - qiskit.passmanager.base_tasks - INFO - Pass: CheckGateDirection - 0.00501 (ms)
2025-08-06 12:08:26,989 - qiskit.passmanager.base_tasks - INFO - Pass: GateDirection - 101.37177 (ms)
2025-08-06 12:08:28,181 - qiskit.passmanager.base_tasks - INFO - Pass: BasisTranslator - 1191.90192 (ms)
2025-08-06 12:08:28,187 - qiskit.passmanager.base_tasks - INFO - Pass: Depth - 5.24616 (ms)
2025-08-06 12:08:28,187 - qiskit.passmanager.base_tasks - INFO - Pass: Size - 0.00310 (ms)
2025-08-06 12:08:28,187 - qiskit.passmanager.base_tasks - INFO - Pass: MinimumPoint - 0.00930 (ms)
2025-08-06 12:08:28,216 - qiskit.passmanager.base_tasks - INFO - Pass: ConsolidateBlocks - 28.45287 (ms)
2025-08-06 12:08:28,427 - qiskit.passmanager.base_tasks - INFO - Pass: UnitarySynthesis - 210.67190 (ms)
2025-08-06 12:08:28,428 - qiskit.passmanager.base_tasks - INFO - Pass: RemoveIdentityEquivalent - 1.20807 (ms)
2025-08-06 12:08:28,892 - qiskit.passmanager.base_tasks - INFO - Pass: Optimize1qGatesDecomposition - 463.70816 (ms)
2025-08-06 12:08:29,065 - qiskit.passmanager.base_tasks - INFO - Pass: CommutativeCancellation - 173.57206 (ms)
2025-08-06 12:08:29,065 - qiskit.passmanager.base_tasks - INFO - Pass: ContractIdleWiresInControlFlow - 0.00286 (ms)
2025-08-06 12:08:29,068 - qiskit.passmanager.base_tasks - INFO - Pass: GatesInBasis - 2.54107 (ms)
2025-08-06 12:08:29,071 - qiskit.passmanager.base_tasks - INFO - Pass: Depth - 2.88796 (ms)
2025-08-06 12:08:29,071 - qiskit.passmanager.base_tasks - INFO - Pass: Size - 0.00405 (ms)
2025-08-06 12:08:29,524 - qiskit.passmanager.base_tasks - INFO - Pass: MinimumPoint - 453.01509 (ms)
2025-08-06 12:08:29,544 - qiskit.passmanager.base_tasks - INFO - Pass: ConsolidateBlocks - 19.93704 (ms)
2025-08-06 12:08:29,583 - qiskit.passmanager.base_tasks - INFO - Pass: UnitarySynthesis - 39.22415 (ms)
2025-08-06 12:08:29,585 - qiskit.passmanager.base_tasks - INFO - Pass: RemoveIdentityEquivalent - 0.93794 (ms)
2025-08-06 12:08:29,592 - qiskit.passmanager.base_tasks - INFO - Pass: Optimize1qGatesDecomposition - 7.14803 (ms)
2025-08-06 12:08:29,613 - qiskit.passmanager.base_tasks - INFO - Pass: CommutativeCancellation - 20.92814 (ms)
2025-08-06 12:08:29,613 - qiskit.passmanager.base_tasks - INFO - Pass: ContractIdleWiresInControlFlow - 0.00215 (ms)
2025-08-06 12:08:29,616 - qiskit.passmanager.base_tasks - INFO - Pass: GatesInBasis - 2.51317 (ms)
2025-08-06 12:08:29,618 - qiskit.passmanager.base_tasks - INFO - Pass: Depth - 2.40779 (ms)
2025-08-06 12:08:29,618 - qiskit.passmanager.base_tasks - INFO - Pass: Size - 0.00215 (ms)
2025-08-06 12:08:30,085 - qiskit.passmanager.base_tasks - INFO - Pass: MinimumPoint - 466.60089 (ms)
2025-08-06 12:08:30,105 - qiskit.passmanager.base_tasks - INFO - Pass: ConsolidateBlocks - 19.74916 (ms)
2025-08-06 12:08:30,137 - qiskit.passmanager.base_tasks - INFO - Pass: UnitarySynthesis - 32.68099 (ms)
2025-08-06 12:08:30,139 - qiskit.passmanager.base_tasks - INFO - Pass: RemoveIdentityEquivalent - 0.91290 (ms)
2025-08-06 12:08:30,146 - qiskit.passmanager.base_tasks - INFO - Pass: Optimize1qGatesDecomposition - 7.25198 (ms)
2025-08-06 12:08:30,160 - qiskit.passmanager.base_tasks - INFO - Pass: CommutativeCancellation - 13.10515 (ms)
2025-08-06 12:08:30,160 - qiskit.passmanager.base_tasks - INFO - Pass: ContractIdleWiresInControlFlow - 0.00191 (ms)
2025-08-06 12:08:30,162 - qiskit.passmanager.base_tasks - INFO - Pass: GatesInBasis - 2.50006 (ms)
2025-08-06 12:08:30,165 - qiskit.passmanager.base_tasks - INFO - Pass: Depth - 2.44904 (ms)
2025-08-06 12:08:30,165 - qiskit.passmanager.base_tasks - INFO - Pass: Size - 0.00310 (ms)
2025-08-06 12:08:30,593 - qiskit.passmanager.base_tasks - INFO - Pass: MinimumPoint - 428.18689 (ms)
2025-08-06 12:08:30,612 - qiskit.passmanager.base_tasks - INFO - Pass: ConsolidateBlocks - 19.12880 (ms)
2025-08-06 12:08:30,642 - qiskit.passmanager.base_tasks - INFO - Pass: UnitarySynthesis - 29.91915 (ms)
2025-08-06 12:08:30,644 - qiskit.passmanager.base_tasks - INFO - Pass: RemoveIdentityEquivalent - 0.93699 (ms)
2025-08-06 12:08:30,650 - qiskit.passmanager.base_tasks - INFO - Pass: Optimize1qGatesDecomposition - 6.40106 (ms)
2025-08-06 12:08:30,658 - qiskit.passmanager.base_tasks - INFO - Pass: CommutativeCancellation - 7.81798 (ms)
2025-08-06 12:08:30,658 - qiskit.passmanager.base_tasks - INFO - Pass: ContractIdleWiresInControlFlow - 0.00215 (ms)
2025-08-06 12:08:30,661 - qiskit.passmanager.base_tasks - INFO - Pass: GatesInBasis - 2.51698 (ms)
2025-08-06 12:08:30,663 - qiskit.passmanager.base_tasks - INFO - Pass: Depth - 2.34771 (ms)
2025-08-06 12:08:30,663 - qiskit.passmanager.base_tasks - INFO - Pass: Size - 0.00215 (ms)
2025-08-06 12:08:30,663 - qiskit.passmanager.base_tasks - INFO - Pass: MinimumPoint - 0.00405 (ms)
2025-08-06 12:08:30,681 - qiskit.passmanager.base_tasks - INFO - Pass: ConsolidateBlocks - 18.41998 (ms)
2025-08-06 12:08:30,711 - qiskit.passmanager.base_tasks - INFO - Pass: UnitarySynthesis - 29.82497 (ms)
2025-08-06 12:08:30,713 - qiskit.passmanager.base_tasks - INFO - Pass: RemoveIdentityEquivalent - 0.96989 (ms)
2025-08-06 12:08:30,719 - qiskit.passmanager.base_tasks - INFO - Pass: Optimize1qGatesDecomposition - 6.36387 (ms)
2025-08-06 12:08:30,727 - qiskit.passmanager.base_tasks - INFO - Pass: CommutativeCancellation - 7.52687 (ms)
2025-08-06 12:08:30,727 - qiskit.passmanager.base_tasks - INFO - Pass: ContractIdleWiresInControlFlow - 0.00286 (ms)
2025-08-06 12:08:30,729 - qiskit.passmanager.base_tasks - INFO - Pass: GatesInBasis - 2.51317 (ms)
2025-08-06 12:08:30,732 - qiskit.passmanager.base_tasks - INFO - Pass: Depth - 2.53701 (ms)
2025-08-06 12:08:30,732 - qiskit.passmanager.base_tasks - INFO - Pass: Size - 0.00262 (ms)
2025-08-06 12:08:30,732 - qiskit.passmanager.base_tasks - INFO - Pass: MinimumPoint - 0.00501 (ms)
2025-08-06 12:08:30,751 - qiskit.passmanager.base_tasks - INFO - Pass: ConsolidateBlocks - 18.69392 (ms)
2025-08-06 12:08:30,781 - qiskit.passmanager.base_tasks - INFO - Pass: UnitarySynthesis - 30.03883 (ms)
2025-08-06 12:08:30,782 - qiskit.passmanager.base_tasks - INFO - Pass: RemoveIdentityEquivalent - 0.97990 (ms)
2025-08-06 12:08:30,789 - qiskit.passmanager.base_tasks - INFO - Pass: Optimize1qGatesDecomposition - 6.44493 (ms)
2025-08-06 12:08:30,796 - qiskit.passmanager.base_tasks - INFO - Pass: CommutativeCancellation - 7.41291 (ms)
2025-08-06 12:08:30,796 - qiskit.passmanager.base_tasks - INFO - Pass: ContractIdleWiresInControlFlow - 0.00215 (ms)
2025-08-06 12:08:30,799 - qiskit.passmanager.base_tasks - INFO - Pass: GatesInBasis - 2.55489 (ms)
2025-08-06 12:08:30,802 - qiskit.passmanager.base_tasks - INFO - Pass: Depth - 2.58493 (ms)
2025-08-06 12:08:30,802 - qiskit.passmanager.base_tasks - INFO - Pass: Size - 0.00286 (ms)
2025-08-06 12:08:30,802 - qiskit.passmanager.base_tasks - INFO - Pass: MinimumPoint - 0.00429 (ms)
2025-08-06 12:08:30,821 - qiskit.passmanager.base_tasks - INFO - Pass: ConsolidateBlocks - 19.37890 (ms)
2025-08-06 12:08:30,851 - qiskit.passmanager.base_tasks - INFO - Pass: UnitarySynthesis - 30.04384 (ms)
2025-08-06 12:08:30,853 - qiskit.passmanager.base_tasks - INFO - Pass: RemoveIdentityEquivalent - 1.08981 (ms)
2025-08-06 12:08:30,860 - qiskit.passmanager.base_tasks - INFO - Pass: Optimize1qGatesDecomposition - 6.65021 (ms)
2025-08-06 12:08:30,869 - qiskit.passmanager.base_tasks - INFO - Pass: CommutativeCancellation - 8.75998 (ms)
2025-08-06 12:08:30,869 - qiskit.passmanager.base_tasks - INFO - Pass: ContractIdleWiresInControlFlow - 0.00501 (ms)
2025-08-06 12:08:30,871 - qiskit.passmanager.base_tasks - INFO - Pass: GatesInBasis - 2.52795 (ms)
2025-08-06 12:08:30,874 - qiskit.passmanager.base_tasks - INFO - Pass: Depth - 2.75421 (ms)
2025-08-06 12:08:30,874 - qiskit.passmanager.base_tasks - INFO - Pass: Size - 0.00405 (ms)
2025-08-06 12:08:30,874 - qiskit.passmanager.base_tasks - INFO - Pass: MinimumPoint - 0.00572 (ms)
2025-08-06 12:08:30,876 - qiskit.passmanager.base_tasks - INFO - Pass: ContainsInstruction - 0.00787 (ms)
2025-08-06 12:08:30,879 - qiskit.passmanager.base_tasks - INFO - Pass: InstructionDurationCheck - 2.97332 (ms)
