2025-08-07 21:38:16,707 - root - INFO - ++++++++++++++++ Starting at 2025-08-07 21:38:16.707151 +++++++++++++++++
2025-08-07 21:38:16,707 - src.ProcessQaoa - INFO - Using p_level:: 1
2025-08-07 21:38:18,363 - src.ProcessQaoa - INFO - Using Real Hardware
2025-08-07 21:38:20,534 - qiskit.passmanager.base_tasks - INFO - Pass: ContainsInstruction - 0.01717 (ms)
2025-08-07 21:38:20,534 - qiskit.passmanager.base_tasks - INFO - Pass: UnitarySynthesis - 0.00310 (ms)
2025-08-07 21:38:20,537 - qiskit.passmanager.base_tasks - INFO - Pass: HighLevelSynthesis - 3.04508 (ms)
2025-08-07 21:38:20,537 - qiskit.passmanager.base_tasks - INFO - Pass: BasisTranslator - 0.01502 (ms)
2025-08-07 21:38:20,537 - qiskit.passmanager.base_tasks - INFO - Pass: ElidePermutations - 0.00286 (ms)
2025-08-07 21:38:20,537 - qiskit.passmanager.base_tasks - INFO - Pass: RemoveDiagonalGatesBeforeMeasure - 0.21911 (ms)
2025-08-07 21:38:20,537 - qiskit.passmanager.base_tasks - INFO - Pass: RemoveIdentityEquivalent - 0.00191 (ms)
2025-08-07 21:38:20,537 - qiskit.passmanager.base_tasks - INFO - Pass: InverseCancellation - 0.08488 (ms)
2025-08-07 21:38:20,537 - qiskit.passmanager.base_tasks - INFO - Pass: ContractIdleWiresInControlFlow - 0.00215 (ms)
2025-08-07 21:38:20,537 - qiskit.passmanager.base_tasks - INFO - Pass: CommutativeCancellation - 0.03409 (ms)
2025-08-07 21:38:20,537 - qiskit.passmanager.base_tasks - INFO - Pass: ConsolidateBlocks - 0.02575 (ms)
2025-08-07 21:38:20,538 - qiskit.passmanager.base_tasks - INFO - Pass: Split2QUnitaries - 0.21577 (ms)
2025-08-07 21:38:20,538 - qiskit.passmanager.base_tasks - INFO - Pass: SetLayout - 0.00191 (ms)
2025-08-07 21:38:20,539 - qiskit.passmanager.base_tasks - INFO - Pass: VF2Layout - 1.23477 (ms)
2025-08-07 21:38:20,539 - qiskit.passmanager.base_tasks - INFO - Pass: BarrierBeforeFinalMeasurements - 0.00310 (ms)
2025-08-07 21:38:20,544 - qiskit.passmanager.base_tasks - INFO - Pass: SabreLayout - 5.44882 (ms)
2025-08-07 21:38:20,544 - qiskit.passmanager.base_tasks - INFO - Pass: CheckMap - 0.02098 (ms)
2025-08-07 21:38:20,547 - qiskit.passmanager.base_tasks - INFO - Pass: VF2PostLayout - 2.19083 (ms)
2025-08-07 21:38:20,547 - qiskit.passmanager.base_tasks - INFO - Pass: ApplyLayout - 0.43797 (ms)
2025-08-07 21:38:20,547 - qiskit.passmanager.base_tasks - INFO - Pass: FilterOpNodes - 0.02789 (ms)
2025-08-07 21:38:20,547 - qiskit.passmanager.base_tasks - INFO - Pass: UnitarySynthesis - 0.00310 (ms)
2025-08-07 21:38:20,547 - qiskit.passmanager.base_tasks - INFO - Pass: HighLevelSynthesis - 0.00906 (ms)
2025-08-07 21:38:20,548 - qiskit.passmanager.base_tasks - INFO - Pass: BasisTranslator - 0.81611 (ms)
2025-08-07 21:38:20,548 - qiskit.passmanager.base_tasks - INFO - Pass: CheckGateDirection - 0.00381 (ms)
2025-08-07 21:38:20,548 - qiskit.passmanager.base_tasks - INFO - Pass: GateDirection - 0.28419 (ms)
2025-08-07 21:38:20,550 - qiskit.passmanager.base_tasks - INFO - Pass: BasisTranslator - 1.22905 (ms)
2025-08-07 21:38:20,550 - qiskit.passmanager.base_tasks - INFO - Pass: Depth - 0.05007 (ms)
2025-08-07 21:38:20,550 - qiskit.passmanager.base_tasks - INFO - Pass: Size - 0.00191 (ms)
2025-08-07 21:38:20,550 - qiskit.passmanager.base_tasks - INFO - Pass: MinimumPoint - 0.00405 (ms)
2025-08-07 21:38:20,550 - qiskit.passmanager.base_tasks - INFO - Pass: ConsolidateBlocks - 0.57602 (ms)
2025-08-07 21:38:20,552 - qiskit.passmanager.base_tasks - INFO - Pass: UnitarySynthesis - 1.11175 (ms)
2025-08-07 21:38:20,552 - qiskit.passmanager.base_tasks - INFO - Pass: RemoveIdentityEquivalent - 0.00906 (ms)
2025-08-07 21:38:20,552 - qiskit.passmanager.base_tasks - INFO - Pass: Optimize1qGatesDecomposition - 0.17691 (ms)
2025-08-07 21:38:20,552 - qiskit.passmanager.base_tasks - INFO - Pass: CommutativeCancellation - 0.20027 (ms)
2025-08-07 21:38:20,552 - qiskit.passmanager.base_tasks - INFO - Pass: ContractIdleWiresInControlFlow - 0.00000 (ms)
2025-08-07 21:38:20,552 - qiskit.passmanager.base_tasks - INFO - Pass: GatesInBasis - 0.02098 (ms)
2025-08-07 21:38:20,552 - qiskit.passmanager.base_tasks - INFO - Pass: Depth - 0.02480 (ms)
2025-08-07 21:38:20,552 - qiskit.passmanager.base_tasks - INFO - Pass: Size - 0.00095 (ms)
2025-08-07 21:38:20,579 - qiskit.passmanager.base_tasks - INFO - Pass: MinimumPoint - 27.20881 (ms)
2025-08-07 21:38:20,580 - qiskit.passmanager.base_tasks - INFO - Pass: ConsolidateBlocks - 0.17571 (ms)
2025-08-07 21:38:20,580 - qiskit.passmanager.base_tasks - INFO - Pass: UnitarySynthesis - 0.00405 (ms)
2025-08-07 21:38:20,580 - qiskit.passmanager.base_tasks - INFO - Pass: RemoveIdentityEquivalent - 0.00787 (ms)
2025-08-07 21:38:20,580 - qiskit.passmanager.base_tasks - INFO - Pass: Optimize1qGatesDecomposition - 0.05198 (ms)
2025-08-07 21:38:20,580 - qiskit.passmanager.base_tasks - INFO - Pass: CommutativeCancellation - 0.07176 (ms)
2025-08-07 21:38:20,580 - qiskit.passmanager.base_tasks - INFO - Pass: ContractIdleWiresInControlFlow - 0.00072 (ms)
2025-08-07 21:38:20,580 - qiskit.passmanager.base_tasks - INFO - Pass: GatesInBasis - 0.01812 (ms)
2025-08-07 21:38:20,580 - qiskit.passmanager.base_tasks - INFO - Pass: Depth - 0.02003 (ms)
2025-08-07 21:38:20,580 - qiskit.passmanager.base_tasks - INFO - Pass: Size - 0.00095 (ms)
2025-08-07 21:38:20,580 - qiskit.passmanager.base_tasks - INFO - Pass: MinimumPoint - 0.00310 (ms)
2025-08-07 21:38:20,580 - qiskit.passmanager.base_tasks - INFO - Pass: ContainsInstruction - 0.00286 (ms)
2025-08-07 21:38:20,580 - qiskit.passmanager.base_tasks - INFO - Pass: InstructionDurationCheck - 0.02599 (ms)
