2025-08-04 20:50:27,584 - root - INFO - ++++++++++++++++ Starting at 2025-08-04 20:50:27.584416 +++++++++++++++++
2025-08-04 20:50:27,584 - src.ProcessQaoa - INFO - Using p_level:: 1
2025-08-04 20:50:29,157 - src.ProcessQaoa - INFO - Using Simulator
2025-08-04 20:50:31,127 - qiskit.passmanager.base_tasks - INFO - Pass: ContainsInstruction - 0.16475 (ms)
2025-08-04 20:50:31,127 - qiskit.passmanager.base_tasks - INFO - Pass: UnitarySynthesis - 0.00286 (ms)
2025-08-04 20:50:31,133 - qiskit.passmanager.base_tasks - INFO - Pass: HighLevelSynthesis - 6.03485 (ms)
2025-08-04 20:50:31,133 - qiskit.passmanager.base_tasks - INFO - Pass: BasisTranslator - 0.01693 (ms)
2025-08-04 20:50:31,133 - qiskit.passmanager.base_tasks - INFO - Pass: ElidePermutations - 0.00286 (ms)
2025-08-04 20:50:31,134 - qiskit.passmanager.base_tasks - INFO - Pass: RemoveDiagonalGatesBeforeMeasure - 0.20885 (ms)
2025-08-04 20:50:31,134 - qiskit.passmanager.base_tasks - INFO - Pass: RemoveIdentityEquivalent - 0.00310 (ms)
2025-08-04 20:50:31,134 - qiskit.passmanager.base_tasks - INFO - Pass: InverseCancellation - 0.23603 (ms)
2025-08-04 20:50:31,134 - qiskit.passmanager.base_tasks - INFO - Pass: ContractIdleWiresInControlFlow - 0.00119 (ms)
2025-08-04 20:50:31,134 - qiskit.passmanager.base_tasks - INFO - Pass: CommutativeCancellation - 0.05102 (ms)
2025-08-04 20:50:31,134 - qiskit.passmanager.base_tasks - INFO - Pass: ConsolidateBlocks - 0.03219 (ms)
2025-08-04 20:50:31,134 - qiskit.passmanager.base_tasks - INFO - Pass: Split2QUnitaries - 0.15402 (ms)
2025-08-04 20:50:31,134 - qiskit.passmanager.base_tasks - INFO - Pass: SetLayout - 0.00215 (ms)
2025-08-04 20:50:31,136 - qiskit.passmanager.base_tasks - INFO - Pass: VF2Layout - 1.22905 (ms)
2025-08-04 20:50:31,136 - qiskit.passmanager.base_tasks - INFO - Pass: BarrierBeforeFinalMeasurements - 0.00310 (ms)
2025-08-04 20:50:31,153 - qiskit.passmanager.base_tasks - INFO - Pass: SabreLayout - 17.06076 (ms)
2025-08-04 20:50:31,153 - qiskit.passmanager.base_tasks - INFO - Pass: CheckMap - 0.01884 (ms)
2025-08-04 20:50:31,156 - qiskit.passmanager.base_tasks - INFO - Pass: VF2PostLayout - 2.89702 (ms)
2025-08-04 20:50:31,156 - qiskit.passmanager.base_tasks - INFO - Pass: ApplyLayout - 0.62585 (ms)
2025-08-04 20:50:31,156 - qiskit.passmanager.base_tasks - INFO - Pass: FilterOpNodes - 0.06104 (ms)
2025-08-04 20:50:31,156 - qiskit.passmanager.base_tasks - INFO - Pass: UnitarySynthesis - 0.00191 (ms)
2025-08-04 20:50:31,156 - qiskit.passmanager.base_tasks - INFO - Pass: HighLevelSynthesis - 0.02313 (ms)
2025-08-04 20:50:31,158 - qiskit.passmanager.base_tasks - INFO - Pass: BasisTranslator - 1.28484 (ms)
2025-08-04 20:50:31,158 - qiskit.passmanager.base_tasks - INFO - Pass: CheckGateDirection - 0.00310 (ms)
2025-08-04 20:50:31,160 - qiskit.passmanager.base_tasks - INFO - Pass: GateDirection - 1.71494 (ms)
2025-08-04 20:50:31,164 - qiskit.passmanager.base_tasks - INFO - Pass: BasisTranslator - 4.82297 (ms)
2025-08-04 20:50:31,165 - qiskit.passmanager.base_tasks - INFO - Pass: Depth - 0.33689 (ms)
2025-08-04 20:50:31,165 - qiskit.passmanager.base_tasks - INFO - Pass: Size - 0.00167 (ms)
2025-08-04 20:50:31,165 - qiskit.passmanager.base_tasks - INFO - Pass: MinimumPoint - 0.00405 (ms)
2025-08-04 20:50:31,167 - qiskit.passmanager.base_tasks - INFO - Pass: ConsolidateBlocks - 1.68610 (ms)
2025-08-04 20:50:31,169 - qiskit.passmanager.base_tasks - INFO - Pass: UnitarySynthesis - 2.42186 (ms)
2025-08-04 20:50:31,169 - qiskit.passmanager.base_tasks - INFO - Pass: RemoveIdentityEquivalent - 0.04196 (ms)
2025-08-04 20:50:31,171 - qiskit.passmanager.base_tasks - INFO - Pass: Optimize1qGatesDecomposition - 1.58691 (ms)
2025-08-04 20:50:31,172 - qiskit.passmanager.base_tasks - INFO - Pass: CommutativeCancellation - 1.09124 (ms)
2025-08-04 20:50:31,172 - qiskit.passmanager.base_tasks - INFO - Pass: ContractIdleWiresInControlFlow - 0.00119 (ms)
2025-08-04 20:50:31,172 - qiskit.passmanager.base_tasks - INFO - Pass: GatesInBasis - 0.10800 (ms)
2025-08-04 20:50:31,172 - qiskit.passmanager.base_tasks - INFO - Pass: Depth - 0.10085 (ms)
2025-08-04 20:50:31,172 - qiskit.passmanager.base_tasks - INFO - Pass: Size - 0.00095 (ms)
2025-08-04 20:50:31,188 - qiskit.passmanager.base_tasks - INFO - Pass: MinimumPoint - 15.96808 (ms)
2025-08-04 20:50:31,189 - qiskit.passmanager.base_tasks - INFO - Pass: ConsolidateBlocks - 0.79203 (ms)
2025-08-04 20:50:31,189 - qiskit.passmanager.base_tasks - INFO - Pass: UnitarySynthesis - 0.55504 (ms)
2025-08-04 20:50:31,189 - qiskit.passmanager.base_tasks - INFO - Pass: RemoveIdentityEquivalent - 0.03505 (ms)
2025-08-04 20:50:31,190 - qiskit.passmanager.base_tasks - INFO - Pass: Optimize1qGatesDecomposition - 0.24986 (ms)
2025-08-04 20:50:31,190 - qiskit.passmanager.base_tasks - INFO - Pass: CommutativeCancellation - 0.32711 (ms)
2025-08-04 20:50:31,190 - qiskit.passmanager.base_tasks - INFO - Pass: ContractIdleWiresInControlFlow - 0.00095 (ms)
2025-08-04 20:50:31,190 - qiskit.passmanager.base_tasks - INFO - Pass: GatesInBasis - 0.10490 (ms)
2025-08-04 20:50:31,190 - qiskit.passmanager.base_tasks - INFO - Pass: Depth - 0.09084 (ms)
2025-08-04 20:50:31,190 - qiskit.passmanager.base_tasks - INFO - Pass: Size - 0.00095 (ms)
2025-08-04 20:50:31,205 - qiskit.passmanager.base_tasks - INFO - Pass: MinimumPoint - 15.13004 (ms)
2025-08-04 20:50:31,206 - qiskit.passmanager.base_tasks - INFO - Pass: ConsolidateBlocks - 0.74506 (ms)
2025-08-04 20:50:31,207 - qiskit.passmanager.base_tasks - INFO - Pass: UnitarySynthesis - 0.43702 (ms)
2025-08-04 20:50:31,207 - qiskit.passmanager.base_tasks - INFO - Pass: RemoveIdentityEquivalent - 0.03290 (ms)
2025-08-04 20:50:31,207 - qiskit.passmanager.base_tasks - INFO - Pass: Optimize1qGatesDecomposition - 0.24390 (ms)
2025-08-04 20:50:31,207 - qiskit.passmanager.base_tasks - INFO - Pass: CommutativeCancellation - 0.28706 (ms)
2025-08-04 20:50:31,207 - qiskit.passmanager.base_tasks - INFO - Pass: ContractIdleWiresInControlFlow - 0.00095 (ms)
2025-08-04 20:50:31,207 - qiskit.passmanager.base_tasks - INFO - Pass: GatesInBasis - 0.10490 (ms)
2025-08-04 20:50:31,208 - qiskit.passmanager.base_tasks - INFO - Pass: Depth - 0.08702 (ms)
2025-08-04 20:50:31,208 - qiskit.passmanager.base_tasks - INFO - Pass: Size - 0.00095 (ms)
2025-08-04 20:50:31,222 - qiskit.passmanager.base_tasks - INFO - Pass: MinimumPoint - 14.88733 (ms)
2025-08-04 20:50:31,223 - qiskit.passmanager.base_tasks - INFO - Pass: ConsolidateBlocks - 0.76866 (ms)
2025-08-04 20:50:31,224 - qiskit.passmanager.base_tasks - INFO - Pass: UnitarySynthesis - 0.43797 (ms)
2025-08-04 20:50:31,224 - qiskit.passmanager.base_tasks - INFO - Pass: RemoveIdentityEquivalent - 0.03505 (ms)
2025-08-04 20:50:31,224 - qiskit.passmanager.base_tasks - INFO - Pass: Optimize1qGatesDecomposition - 0.24676 (ms)
2025-08-04 20:50:31,224 - qiskit.passmanager.base_tasks - INFO - Pass: CommutativeCancellation - 0.26584 (ms)
2025-08-04 20:50:31,224 - qiskit.passmanager.base_tasks - INFO - Pass: ContractIdleWiresInControlFlow - 0.00000 (ms)
2025-08-04 20:50:31,224 - qiskit.passmanager.base_tasks - INFO - Pass: GatesInBasis - 0.10490 (ms)
2025-08-04 20:50:31,225 - qiskit.passmanager.base_tasks - INFO - Pass: Depth - 0.08607 (ms)
2025-08-04 20:50:31,225 - qiskit.passmanager.base_tasks - INFO - Pass: Size - 0.00095 (ms)
2025-08-04 20:50:31,225 - qiskit.passmanager.base_tasks - INFO - Pass: MinimumPoint - 0.00215 (ms)
2025-08-04 20:50:31,225 - qiskit.passmanager.base_tasks - INFO - Pass: ContainsInstruction - 0.00310 (ms)
2025-08-04 20:50:31,225 - qiskit.passmanager.base_tasks - INFO - Pass: InstructionDurationCheck - 0.11992 (ms)
2025-08-04 20:50:31,674 - qiskit.passmanager.base_tasks - INFO - Pass: Optimize1qGatesDecomposition - 0.01597 (ms)
2025-08-04 20:50:32,676 - qiskit.passmanager.base_tasks - INFO - Pass: Optimize1qGatesDecomposition - 0.01717 (ms)
2025-08-04 20:50:33,721 - qiskit.passmanager.base_tasks - INFO - Pass: Optimize1qGatesDecomposition - 0.01621 (ms)
2025-08-04 20:50:34,828 - qiskit.passmanager.base_tasks - INFO - Pass: Optimize1qGatesDecomposition - 0.01693 (ms)
2025-08-04 20:50:35,895 - qiskit.passmanager.base_tasks - INFO - Pass: Optimize1qGatesDecomposition - 0.01502 (ms)
2025-08-04 20:50:37,001 - qiskit.passmanager.base_tasks - INFO - Pass: Optimize1qGatesDecomposition - 0.01478 (ms)
2025-08-04 20:50:38,042 - qiskit.passmanager.base_tasks - INFO - Pass: Optimize1qGatesDecomposition - 0.01478 (ms)
2025-08-04 20:50:39,141 - qiskit.passmanager.base_tasks - INFO - Pass: Optimize1qGatesDecomposition - 0.01574 (ms)
2025-08-04 20:50:40,186 - qiskit.passmanager.base_tasks - INFO - Pass: Optimize1qGatesDecomposition - 0.01597 (ms)
2025-08-04 20:50:41,294 - qiskit.passmanager.base_tasks - INFO - Pass: Optimize1qGatesDecomposition - 0.01597 (ms)
2025-08-04 20:50:42,339 - qiskit.passmanager.base_tasks - INFO - Pass: Optimize1qGatesDecomposition - 0.01597 (ms)
2025-08-04 20:50:43,457 - qiskit.passmanager.base_tasks - INFO - Pass: Optimize1qGatesDecomposition - 0.01574 (ms)
2025-08-04 20:50:44,505 - qiskit.passmanager.base_tasks - INFO - Pass: Optimize1qGatesDecomposition - 0.01478 (ms)
2025-08-04 20:50:45,609 - qiskit.passmanager.base_tasks - INFO - Pass: Optimize1qGatesDecomposition - 0.01574 (ms)
2025-08-04 20:50:46,652 - qiskit.passmanager.base_tasks - INFO - Pass: Optimize1qGatesDecomposition - 0.01693 (ms)
2025-08-04 20:50:47,757 - qiskit.passmanager.base_tasks - INFO - Pass: Optimize1qGatesDecomposition - 0.01621 (ms)
2025-08-04 20:50:48,801 - qiskit.passmanager.base_tasks - INFO - Pass: Optimize1qGatesDecomposition - 0.01597 (ms)
2025-08-04 20:50:49,908 - qiskit.passmanager.base_tasks - INFO - Pass: Optimize1qGatesDecomposition - 0.01597 (ms)
2025-08-04 20:50:50,945 - qiskit.passmanager.base_tasks - INFO - Pass: Optimize1qGatesDecomposition - 0.01502 (ms)
2025-08-04 20:50:52,061 - qiskit.passmanager.base_tasks - INFO - Pass: Optimize1qGatesDecomposition - 0.01502 (ms)
2025-08-04 20:50:53,107 - qiskit.passmanager.base_tasks - INFO - Pass: Optimize1qGatesDecomposition - 0.01478 (ms)
2025-08-04 20:50:54,216 - qiskit.passmanager.base_tasks - INFO - Pass: Optimize1qGatesDecomposition - 0.01621 (ms)
2025-08-04 20:50:55,265 - qiskit.passmanager.base_tasks - INFO - Pass: Optimize1qGatesDecomposition - 0.01597 (ms)
2025-08-04 20:50:56,375 - qiskit.passmanager.base_tasks - INFO - Pass: Optimize1qGatesDecomposition - 0.01621 (ms)
2025-08-04 20:50:57,425 - qiskit.passmanager.base_tasks - INFO - Pass: Optimize1qGatesDecomposition - 0.01502 (ms)
2025-08-04 20:50:58,564 - qiskit.passmanager.base_tasks - INFO - Pass: Optimize1qGatesDecomposition - 0.01597 (ms)
2025-08-04 20:50:59,622 - qiskit.passmanager.base_tasks - INFO - Pass: Optimize1qGatesDecomposition - 0.01597 (ms)
2025-08-04 20:51:00,762 - qiskit.passmanager.base_tasks - INFO - Pass: Optimize1qGatesDecomposition - 0.01621 (ms)
2025-08-04 20:51:01,834 - qiskit.passmanager.base_tasks - INFO - Pass: Optimize1qGatesDecomposition - 0.01979 (ms)
2025-08-04 20:51:02,959 - qiskit.passmanager.base_tasks - INFO - Pass: Optimize1qGatesDecomposition - 0.01621 (ms)
2025-08-04 20:51:04,015 - qiskit.passmanager.base_tasks - INFO - Pass: Optimize1qGatesDecomposition - 0.01717 (ms)
